This job is running on host node34
Current directory: /share/home/chem-zhonglh/yanzy/QR/NC_more/1xoz/ANISEMM_R1
Sun Dec 24 02:47:15 CST 2023
 using Gaussian + CNS
 QM energy (a.u.):   -1704.95640408853     
 XREF energy (a.u.):    125.526464950711     
 R(factor) =   0.229234000000000         R(free) =   0.217764000000000     
 External sizes:       19170           1       12780

***********************************************************************
**                                                                   **
**                       ---------------------                       **
**                              DL-FIND                              **
**                       Geometry Optimisation                       **
**                       ---------------------                       **
**                                                                   **
**                 J. Kaestner, J.M. Carr, T.W. Keal,                **
**                W. Thiel, A. Wander and P. Sherwood                **
**                                                                   **
**              J. Phys. Chem. A, 2009, 113 (43), 11856.             **
**                                                                   **
**   Please include this reference in published work using DL-FIND.  **
**                                                                   **
**               Copyright:  STFC Daresbury Laboratory               **
**                           Revision: Unversioned directory         **
**                                                                   **
***********************************************************************


DL-FIND Report:
===============
Optimisation algorithm: L-BFGS
Number of steps in L-BFGS memory ...............        100
 
Trust radius based on energy
Maximum step length ............................  5.000E-02
 
Coordinate system: Cartesian coordinates
 
Number of atoms ................................       6390
Number of input geometries .....................          1
Variables to be optimised ......................        144
No restart information is written
This run has not been restarted.
Maximum number of steps ........................       2000
Maximum number of energy evaluations ...........      10000
 
 Energy calculation finished, energy: -1.579429939E+03
 QM energy (a.u.):   -1704.95640408853     
 XREF energy (a.u.):    125.526464949629     
 R(factor) =   0.229234000000000         R(free) =   0.217764000000000     
Testing convergence  in cycle    1
  Max grad  7.8628E-03 Target: 4.5000E-03 converged?   no component    75
  RMS grad  2.2031E-03 Target: 3.0000E-03 converged?  yes
 Predicted step length 2.0000E-02
 Trust radius          5.0000E-02
 Energy calculation finished, energy: -1.579429939E+03
 QM energy (a.u.):   -1704.95649143534     
 XREF energy (a.u.):    125.526155103252     
 R(factor) =   0.229223000000000         R(free) =   0.217762000000000     
 Rejecting step, energy  0.000E+00 higher
 Energy calculation finished, energy: -1.579430336E+03
 QM energy (a.u.):   -1704.95656455703     
 XREF energy (a.u.):    125.526294398337     
 R(factor) =   0.229228000000000         R(free) =   0.217763000000000     
Testing convergence  in cycle    3
    Energy  3.9719E-04 Target: 1.0000E-05 converged?   no
  Max step  2.9741E-03 Target: 1.8000E-02 converged?  yes component    75
  RMS step  8.3333E-04 Target: 1.2000E-02 converged?  yes
  Max grad  7.2447E-03 Target: 4.5000E-03 converged?   no component    38
  RMS grad  1.8729E-03 Target: 3.0000E-03 converged?  yes
 Predicted step length 5.9570E-03
 Trust radius          2.0000E-02
 Energy calculation finished, energy: -1.579430270E+03
 QM energy (a.u.):   -1704.95673814437     
 XREF energy (a.u.):    125.526328011209     
 R(factor) =   0.229226000000000         R(free) =   0.217763000000000     
 Rejecting step, energy  6.617E-05 higher
 Energy calculation finished, energy: -1.579430410E+03
 QM energy (a.u.):   -1704.95665650395     
 XREF energy (a.u.):    125.526309814862     
 R(factor) =   0.229227000000000         R(free) =   0.217763000000000     
Testing convergence  in cycle    5
    Energy  7.3800E-05 Target: 1.0000E-05 converged?   no
  Max step  1.0762E-03 Target: 1.8000E-02 converged?  yes component    38
  RMS step  2.4821E-04 Target: 1.2000E-02 converged?  yes
  Max grad  3.9207E-03 Target: 4.5000E-03 converged?  yes component    38
  RMS grad  1.2432E-03 Target: 3.0000E-03 converged?  yes
 Predicted step length 7.0638E-02
 Trust radius          5.9570E-03
 Energy calculation finished, energy: -1.579430347E+03
 QM energy (a.u.):   -1704.95679318356     
 XREF energy (a.u.):    125.526320292703     
 R(factor) =   0.229224000000000         R(free) =   0.217763000000000     
 Rejecting step, energy  6.344E-05 higher
 Energy calculation finished, energy: -1.579430473E+03
 QM energy (a.u.):   -1704.95672867580     
 XREF energy (a.u.):    125.526313756614     
 R(factor) =   0.229226000000000         R(free) =   0.217763000000000     
Testing convergence  in cycle    7
    Energy  6.2760E-05 Target: 1.0000E-05 converged?   no
  Max step  1.0135E-03 Target: 1.8000E-02 converged?  yes component    38
  RMS step  2.4821E-04 Target: 1.2000E-02 converged?  yes
  Max grad  3.5449E-03 Target: 4.5000E-03 converged?  yes component    38
  RMS grad  1.1403E-03 Target: 3.0000E-03 converged?  yes
 Predicted step length 4.0966E-02
 Trust radius          5.9570E-03
 Energy calculation finished, energy: -1.579430415E+03
 QM energy (a.u.):   -1704.95687517253     
 XREF energy (a.u.):    125.526356598620     
 R(factor) =   0.229223000000000         R(free) =   0.217763000000000     
 Rejecting step, energy  5.797E-05 higher
 Energy calculation finished, energy: -1.579430519E+03
 QM energy (a.u.):   -1704.95680375152     
 XREF energy (a.u.):    125.526333836061     
 R(factor) =   0.229224000000000         R(free) =   0.217763000000000     
Testing convergence  in cycle    9
    Energy  4.5680E-05 Target: 1.0000E-05 converged?   no
  Max step  9.5308E-04 Target: 1.8000E-02 converged?  yes component    38
  RMS step  2.4821E-04 Target: 1.2000E-02 converged?  yes
  Max grad  3.6782E-03 Target: 4.5000E-03 converged?  yes component    38
  RMS grad  1.0800E-03 Target: 3.0000E-03 converged?  yes
 Predicted step length 7.6398E-02
 Trust radius          5.9570E-03
 Energy calculation finished, energy: -1.579430470E+03
 QM energy (a.u.):   -1704.95691975538     
 XREF energy (a.u.):    125.526354061536     
 R(factor) =   0.229222000000000         R(free) =   0.217763000000000     
 Rejecting step, energy  4.865E-05 higher
 Energy calculation finished, energy: -1.579430566E+03
 QM energy (a.u.):   -1704.95686376146     
 XREF energy (a.u.):    125.526342724176     
 R(factor) =   0.229223000000000         R(free) =   0.217763000000000     
Testing convergence  in cycle   11
    Energy  4.7120E-05 Target: 1.0000E-05 converged?   no
  Max step  1.0273E-03 Target: 1.8000E-02 converged?  yes component    38
  RMS step  2.4821E-04 Target: 1.2000E-02 converged?  yes
  Max grad  2.9868E-03 Target: 4.5000E-03 converged?  yes component   112
  RMS grad  1.0372E-03 Target: 3.0000E-03 converged?  yes
 Predicted step length 4.6217E-02
 Trust radius          5.9570E-03
 Energy calculation finished, energy: -1.579430521E+03
 QM energy (a.u.):   -1704.95698595360     
 XREF energy (a.u.):    125.526383035536     
 R(factor) =   0.229221000000000         R(free) =   0.217763000000000     
 Rejecting step, energy  4.465E-05 higher
 Energy calculation finished, energy: -1.579430603E+03
 QM energy (a.u.):   -1704.95692635021     
 XREF energy (a.u.):    125.526362144657     
 R(factor) =   0.229222000000000         R(free) =   0.217763000000000     
Testing convergence  in cycle   13
    Energy  3.7230E-05 Target: 1.0000E-05 converged?   no
  Max step  9.0918E-04 Target: 1.8000E-02 converged?  yes component    38
  RMS step  2.4821E-04 Target: 1.2000E-02 converged?  yes
  Max grad  2.9275E-03 Target: 4.5000E-03 converged?  yes component   112
  RMS grad  9.8547E-04 Target: 3.0000E-03 converged?  yes
 Predicted step length 6.8540E-02
 Trust radius          5.9570E-03
 Energy calculation finished, energy: -1.579430564E+03
 QM energy (a.u.):   -1704.95701973705     
 XREF energy (a.u.):    125.526390002291     
 R(factor) =   0.229219000000000         R(free) =   0.217764000000000     
 Rejecting step, energy  3.871E-05 higher
 Energy calculation finished, energy: -1.579430630E+03
 QM energy (a.u.):   -1704.95697448430     
 XREF energy (a.u.):    125.526375144583     
 R(factor) =   0.229221000000000         R(free) =   0.217763000000000     
Testing convergence  in cycle   15
    Energy  2.6810E-05 Target: 1.0000E-05 converged?   no
  Max step  1.0013E-03 Target: 1.8000E-02 converged?  yes component    38
  RMS step  2.4821E-04 Target: 1.2000E-02 converged?  yes
  Max grad  2.9312E-03 Target: 4.5000E-03 converged?  yes component    37
  RMS grad  9.6403E-04 Target: 3.0000E-03 converged?  yes
 Predicted step length 6.6048E-02
 Trust radius          5.9570E-03
 Energy calculation finished, energy: -1.579430599E+03
 QM energy (a.u.):   -1704.95707333029     
 XREF energy (a.u.):    125.526409477564     
 R(factor) =   0.229218000000000         R(free) =   0.217764000000000     
 Rejecting step, energy  3.039E-05 higher
 Energy calculation finished, energy: -1.579430664E+03
 QM energy (a.u.):   -1704.95702505895     
 XREF energy (a.u.):    125.526391550877     
 R(factor) =   0.229220000000000         R(free) =   0.217764000000000     
Testing convergence  in cycle   17
    Energy  3.4120E-05 Target: 1.0000E-05 converged?   no
  Max step  8.6862E-04 Target: 1.8000E-02 converged?  yes component   112
  RMS step  2.4821E-04 Target: 1.2000E-02 converged?  yes
  Max grad  2.8191E-03 Target: 4.5000E-03 converged?  yes component   112
  RMS grad  9.1737E-04 Target: 3.0000E-03 converged?  yes
 Predicted step length 6.7826E-02
 Trust radius          5.9570E-03
 Energy calculation finished, energy: -1.579430634E+03
 QM energy (a.u.):   -1704.95711699688     
 XREF energy (a.u.):    125.527299022256     
 R(factor) =   0.229218000000000         R(free) =   0.217764000000000     
 Rejecting step, energy  3.034E-05 higher
 Energy calculation finished, energy: -1.579429818E+03
 QM energy (a.u.):   -1704.95707205324     
 XREF energy (a.u.):    125.526410998991     
 R(factor) =   0.229219000000000         R(free) =   0.217764000000000     
 Rejecting step, energy  8.459E-04 higher
 Energy calculation finished, energy: -1.579430661E+03
 QM energy (a.u.):   -1704.95704881255     
 XREF energy (a.u.):    125.526401038450     
 R(factor) =   0.229219000000000         R(free) =   0.217764000000000     
 Rejecting step, energy  2.800E-06 higher
 Energy calculation finished, energy: -1.579430648E+03
 QM energy (a.u.):   -1704.95703700004     
 XREF energy (a.u.):    125.526396222410     
 R(factor) =   0.229219000000000         R(free) =   0.217764000000000     
 Rejecting step, energy  1.608E-05 higher
 Energy calculation finished, energy: -1.579430641E+03
 QM energy (a.u.):   -1704.95703104584     
 XREF energy (a.u.):    125.526393894310     
 R(factor) =   0.229219000000000         R(free) =   0.217764000000000     
 Rejecting step, energy  2.307E-05 higher
 Energy calculation finished, energy: -1.579430637E+03
 QM energy (a.u.):   -1704.95702805564     
 XREF energy (a.u.):    125.526392731716     
 R(factor) =   0.229219000000000         R(free) =   0.217764000000000     
 Rejecting step, energy  2.670E-05 higher
 Energy calculation finished, energy: -1.579430635E+03
 QM energy (a.u.):   -1704.95702655818     
 XREF energy (a.u.):    125.526392158722     
 R(factor) =   0.229219000000000         R(free) =   0.217764000000000     
 Rejecting step, energy  2.853E-05 higher
 Energy calculation finished, energy: -1.579430634E+03
 QM energy (a.u.):   -1704.95702580817     
 XREF energy (a.u.):    125.526391858263     
 R(factor) =   0.229219000000000         R(free) =   0.217764000000000     
 Rejecting step, energy  2.945E-05 higher
 Energy calculation finished, energy: -1.579430634E+03
 QM energy (a.u.):   -1704.95702543508     
 XREF energy (a.u.):    125.526391696998     
 R(factor) =   0.229220000000000         R(free) =   0.217764000000000     
 Rejecting step, energy  2.990E-05 higher
 Energy calculation finished, energy: -1.579430634E+03
 QM energy (a.u.):   -1704.95702524623     
 XREF energy (a.u.):    125.526391624091     
 R(factor) =   0.229220000000000         R(free) =   0.217764000000000     
 Rejecting step, energy  3.011E-05 higher
 Energy calculation finished, energy: -1.579430634E+03
 QM energy (a.u.):   -1704.95702515274     
 XREF energy (a.u.):    125.526391587487     
 R(factor) =   0.229220000000000         R(free) =   0.217764000000000     
 Rejecting step, energy  3.023E-05 higher
 Energy calculation finished, energy: -1.579430634E+03
 QM energy (a.u.):   -1704.95702510570     
 XREF energy (a.u.):    125.526391568128     
 R(factor) =   0.229220000000000         R(free) =   0.217764000000000     
 Rejecting step, energy  3.028E-05 higher
 Energy calculation finished, energy: -1.579430634E+03
 QM energy (a.u.):   -1704.95702508244     
 XREF energy (a.u.):    125.526391559618     
 R(factor) =   0.229220000000000         R(free) =   0.217764000000000     
 Rejecting step, energy  3.031E-05 higher
 Energy calculation finished, energy: -1.579430634E+03
 QM energy (a.u.):   -1704.95702507113     
 XREF energy (a.u.):    125.526391555631     
 R(factor) =   0.229220000000000         R(free) =   0.217764000000000     
 Rejecting step, energy  3.033E-05 higher
 Energy calculation finished, energy: -1.579430634E+03
 QM energy (a.u.):   -1704.95702506562     
 XREF energy (a.u.):    125.526391552806     
 R(factor) =   0.229220000000000         R(free) =   0.217764000000000     
 Rejecting step, energy  3.033E-05 higher
 Energy calculation finished, energy: -1.579430634E+03
 QM energy (a.u.):   -1704.95702506256     
 XREF energy (a.u.):    125.526391551234     
 R(factor) =   0.229220000000000         R(free) =   0.217764000000000     
 Rejecting step, energy  3.034E-05 higher
 Step too small, restarting optimiser.
Testing convergence  in cycle   33
    Energy  3.0340E-05 Target: 1.0000E-05 converged?   no
  Max step  2.7514E-08 Target: 1.8000E-02 converged?  yes component   112
  RMS step  7.5747E-09 Target: 1.2000E-02 converged?  yes
  Max grad  2.8743E-03 Target: 4.5000E-03 converged?  yes component   112
  RMS grad  9.5143E-04 Target: 3.0000E-03 converged?  yes
 Predicted step length 2.0000E-02
 Trust radius          5.0000E-02
 Energy calculation finished, energy: -1.579430634E+03
 QM energy (a.u.):   -1704.95700227709     
 XREF energy (a.u.):    125.527095077059     
 R(factor) =   0.229210000000000         R(free) =   0.217763000000000     
 Rejecting step, energy  0.000E+00 higher
 Energy calculation finished, energy: -1.579429907E+03
 QM energy (a.u.):   -1704.95707198143     
 XREF energy (a.u.):    125.527196823411     
 R(factor) =   0.229215000000000         R(free) =   0.217763000000000     
 Rejecting step, energy  7.263E-04 higher
 Energy calculation finished, energy: -1.579429875E+03
 QM energy (a.u.):   -1704.95706309486     
 XREF energy (a.u.):    125.527255595822     
 R(factor) =   0.229217000000000         R(free) =   0.217763000000000     
 Rejecting step, energy  7.584E-04 higher
 Energy calculation finished, energy: -1.579429807E+03
 QM energy (a.u.):   -1704.95704761754     
 XREF energy (a.u.):    125.527286727327     
 R(factor) =   0.229218000000000         R(free) =   0.217764000000000     
 Rejecting step, energy  8.260E-04 higher
 Energy calculation finished, energy: -1.579429761E+03
 QM energy (a.u.):   -1704.95703725634     
 XREF energy (a.u.):    125.526388720972     
 R(factor) =   0.229219000000000         R(free) =   0.217764000000000     
 Rejecting step, energy  8.726E-04 higher
 Energy calculation finished, energy: -1.579430649E+03
 QM energy (a.u.):   -1704.95703138680     
 XREF energy (a.u.):    125.526390094294     
 R(factor) =   0.229219000000000         R(free) =   0.217764000000000     
Testing convergence  in cycle   39
    Energy  1.5030E-05 Target: 1.0000E-05 converged?   no
  Max step  1.5734E-04 Target: 1.8000E-02 converged?  yes component   112
  RMS step  5.2083E-05 Target: 1.2000E-02 converged?  yes
  Max grad  2.8592E-03 Target: 4.5000E-03 converged?  yes component   112
  RMS grad  8.8557E-04 Target: 3.0000E-03 converged?  yes
 Predicted step length 1.3731E-02
 Trust radius          1.2500E-03
 Energy calculation finished, energy: -1.579430641E+03
 QM energy (a.u.):   -1704.95704765105     
 XREF energy (a.u.):    125.526392362455     
 R(factor) =   0.229219000000000         R(free) =   0.217764000000000     
 Rejecting step, energy  7.250E-06 higher
 Energy calculation finished, energy: -1.579430655E+03
 QM energy (a.u.):   -1704.95703959528     
 XREF energy (a.u.):    125.526391154521     
 R(factor) =   0.229219000000000         R(free) =   0.217764000000000     
Testing convergence  in cycle   41
    Energy  6.7500E-06 Target: 1.0000E-05 converged?  yes
  Max step  1.7621E-04 Target: 1.8000E-02 converged?  yes component   112
  RMS step  5.2083E-05 Target: 1.2000E-02 converged?  yes
  Max grad  2.8467E-03 Target: 4.5000E-03 converged?  yes component   112
  RMS grad  8.8009E-04 Target: 3.0000E-03 converged?  yes
Convergence reached

 Optimisation converged
 ----------------------
 Final converged energy:   -1579.430655290000


DL-FIND Report:
===============
Optimisation algorithm: L-BFGS
Number of steps in L-BFGS memory ...............        100
 
Trust radius based on energy
Maximum step length ............................  5.000E-02
 
Coordinate system: Cartesian coordinates
 
Number of atoms ................................       6390
Number of input geometries .....................          1
Variables to be optimised ......................        144
No restart information is written
This run has not been restarted.
Number of energy evaluations on this processor .         41
Number of steps ................................         41
Number of accepted steps / line searches .......         12
 

Timing report
=============
Module                                      CPU time            Wall clock time
Total .................................     6.502 (100.00%)  2891.651 (100.00%) seconds
Energy and Gradient ...................     0.460 (  7.07%)     0.621 (  0.02%) seconds
Step direction ........................     0.255 (  3.92%)     0.500 (  0.02%) seconds
Coordinate transformation .............     0.030 (  0.46%)     0.030 (  0.00%) seconds
Checkpoint file I/O ...................     0.000 (  0.00%)     0.000 (  0.00%) seconds
XYZ-file I/O ..........................     0.000 (  0.00%)     0.000 (  0.00%) seconds
Maximum memory usage ........................... 1.2391E+04 kB
Sun Dec 24 03:36:29 CST 2023
