This job is running on host node28
Current directory: /share/home/chem-zhonglh/yanzy/QR/NC_more/2p7z/QRs/MlatomMM_R1
Tue Jan  9 12:56:25 CST 2024
 using Gaussian + CNS
 QM energy (a.u.):   -1215.26984542649     
 XREF energy (a.u.):    81.3524459892987     
 R(factor) =   0.228040000000000         R(free) =   0.214115000000000     
 External sizes:       11043           1        7362

***********************************************************************
**                                                                   **
**                       ---------------------                       **
**                              DL-FIND                              **
**                       Geometry Optimisation                       **
**                       ---------------------                       **
**                                                                   **
**                 J. Kaestner, J.M. Carr, T.W. Keal,                **
**                W. Thiel, A. Wander and P. Sherwood                **
**                                                                   **
**              J. Phys. Chem. A, 2009, 113 (43), 11856.             **
**                                                                   **
**   Please include this reference in published work using DL-FIND.  **
**                                                                   **
**               Copyright:  STFC Daresbury Laboratory               **
**                           Revision: Unversioned directory         **
**                                                                   **
***********************************************************************


DL-FIND Report:
===============
Optimisation algorithm: L-BFGS
Number of steps in L-BFGS memory ...............        100
 
Trust radius based on energy
Maximum step length ............................  5.000E-02
 
Coordinate system: Cartesian coordinates
 
Number of atoms ................................       3681
Number of input geometries .....................          1
Variables to be optimised ......................        177
No restart information is written
This run has not been restarted.
Maximum number of steps ........................       2000
Maximum number of energy evaluations ...........      10000
 
 Energy calculation finished, energy: -1.133917399E+03
 QM energy (a.u.):   -1215.26984542649     
 XREF energy (a.u.):    81.3524459893784     
 R(factor) =   0.228040000000000         R(free) =   0.214115000000000     
Testing convergence  in cycle    1
  Max grad  2.1976E-02 Target: 4.5000E-03 converged?   no component    66
  RMS grad  4.5838E-03 Target: 3.0000E-03 converged?   no
 Predicted step length 2.0000E-02
 Trust radius          5.0000E-02
 Energy calculation finished, energy: -1.133917399E+03
 QM energy (a.u.):   -1215.27133116682     
 XREF energy (a.u.):    81.3521313389801     
 R(factor) =   0.228034000000000         R(free) =   0.214107000000000     
 Rejecting step, energy  0.000E+00 higher
 Energy calculation finished, energy: -1.133919200E+03
 QM energy (a.u.):   -1215.27073914117     
 XREF energy (a.u.):    81.3523712385922     
 R(factor) =   0.228037000000000         R(free) =   0.214111000000000     
Testing convergence  in cycle    3
    Energy  1.8004E-03 Target: 1.0000E-05 converged?   no
  Max step  3.6036E-03 Target: 1.8000E-02 converged?  yes component    66
  RMS step  7.5165E-04 Target: 1.2000E-02 converged?  yes
  Max grad  1.1877E-02 Target: 4.5000E-03 converged?   no component    66
  RMS grad  2.4312E-03 Target: 3.0000E-03 converged?  yes
 Predicted step length 1.4159E-02
 Trust radius          2.0000E-02
 Energy calculation finished, energy: -1.133918368E+03
 QM energy (a.u.):   -1215.27151316331     
 XREF energy (a.u.):    81.3520648708356     
 R(factor) =   0.228031000000000         R(free) =   0.214106000000000     
 Rejecting step, energy  8.319E-04 higher
 Energy calculation finished, energy: -1.133919448E+03
 QM energy (a.u.):   -1215.27117419876     
 XREF energy (a.u.):    81.3522727045078     
 R(factor) =   0.228034000000000         R(free) =   0.214109000000000     
Testing convergence  in cycle    5
    Energy  2.4846E-04 Target: 1.0000E-05 converged?   no
  Max step  2.5576E-03 Target: 1.8000E-02 converged?  yes component    66
  RMS step  5.3215E-04 Target: 1.2000E-02 converged?  yes
  Max grad  1.0273E-02 Target: 4.5000E-03 converged?   no component    66
  RMS grad  2.3918E-03 Target: 3.0000E-03 converged?  yes
 Predicted step length 1.5850E-01
 Trust radius          1.4159E-02
 Energy calculation finished, energy: -1.133918901E+03
 QM energy (a.u.):   -1215.27179733288     
 XREF energy (a.u.):    81.3519428827026     
 R(factor) =   0.228029000000000         R(free) =   0.214104000000000     
 Rejecting step, energy  5.468E-04 higher
 Energy calculation finished, energy: -1.133919854E+03
 QM energy (a.u.):   -1215.27151810619     
 XREF energy (a.u.):    81.3520693723697     
 R(factor) =   0.228031000000000         R(free) =   0.214106000000000     
Testing convergence  in cycle    7
    Energy  4.0616E-04 Target: 1.0000E-05 converged?   no
  Max step  2.4568E-03 Target: 1.8000E-02 converged?  yes component    66
  RMS step  5.3215E-04 Target: 1.2000E-02 converged?  yes
  Max grad  7.2689E-03 Target: 4.5000E-03 converged?   no component    66
  RMS grad  1.8341E-03 Target: 3.0000E-03 converged?  yes
 Predicted step length 3.1771E-02
 Trust radius          1.4159E-02
 Energy calculation finished, energy: -1.133919449E+03
 QM energy (a.u.):   -1215.27197917920     
 XREF energy (a.u.):    81.3518008273074     
 R(factor) =   0.228026000000000         R(free) =   0.214102000000000     
 Rejecting step, energy  4.057E-04 higher
 Energy calculation finished, energy: -1.133920178E+03
 QM energy (a.u.):   -1215.27177576419     
 XREF energy (a.u.):    81.3519360785210     
 R(factor) =   0.228029000000000         R(free) =   0.214104000000000     
Testing convergence  in cycle    9
    Energy  3.2390E-04 Target: 1.0000E-05 converged?   no
  Max step  1.9736E-03 Target: 1.8000E-02 converged?  yes component    66
  RMS step  5.3215E-04 Target: 1.2000E-02 converged?  yes
  Max grad  5.5913E-03 Target: 4.5000E-03 converged?   no component    66
  RMS grad  1.5783E-03 Target: 3.0000E-03 converged?  yes
 Predicted step length 5.9396E-02
 Trust radius          1.4159E-02
 Energy calculation finished, energy: -1.133919840E+03
 QM energy (a.u.):   -1215.27212501470     
 XREF energy (a.u.):    81.3516276073507     
 R(factor) =   0.228023000000000         R(free) =   0.214100000000000     
 Rejecting step, energy  3.387E-04 higher
 Energy calculation finished, energy: -1.133920497E+03
 QM energy (a.u.):   -1215.27196373320     
 XREF energy (a.u.):    81.3517809472172     
 R(factor) =   0.228026000000000         R(free) =   0.214102000000000     
Testing convergence  in cycle   11
    Energy  3.1906E-04 Target: 1.0000E-05 converged?   no
  Max step  1.4360E-03 Target: 1.8000E-02 converged?  yes component    54
  RMS step  5.3215E-04 Target: 1.2000E-02 converged?  yes
  Max grad  4.7810E-03 Target: 4.5000E-03 converged?   no component    66
  RMS grad  1.4046E-03 Target: 3.0000E-03 converged?  yes
 Predicted step length 9.6936E-02
 Trust radius          1.4159E-02
 Energy calculation finished, energy: -1.133920183E+03
 QM energy (a.u.):   -1215.27226062642     
 XREF energy (a.u.):    81.3515408961826     
 R(factor) =   0.228021000000000         R(free) =   0.214099000000000     
 Rejecting step, energy  3.146E-04 higher
 Energy calculation finished, energy: -1.133920720E+03
 QM energy (a.u.):   -1215.27212545953     
 XREF energy (a.u.):    81.3516593255665     
 R(factor) =   0.228024000000000         R(free) =   0.214101000000000     
Testing convergence  in cycle   13
    Energy  2.2232E-04 Target: 1.0000E-05 converged?   no
  Max step  1.4393E-03 Target: 1.8000E-02 converged?  yes component   135
  RMS step  5.3215E-04 Target: 1.2000E-02 converged?  yes
  Max grad  4.6104E-03 Target: 4.5000E-03 converged?   no component    24
  RMS grad  1.2789E-03 Target: 3.0000E-03 converged?  yes
 Predicted step length 9.1535E-02
 Trust radius          1.4159E-02
 Energy calculation finished, energy: -1.133920466E+03
 QM energy (a.u.):   -1215.27235193137     
 XREF energy (a.u.):    81.3514397635250     
 R(factor) =   0.228018000000000         R(free) =   0.214098000000000     
 Rejecting step, energy  2.536E-04 higher
 Energy calculation finished, energy: -1.133920912E+03
 QM energy (a.u.):   -1215.27224510245     
 XREF energy (a.u.):    81.3515046893775     
 R(factor) =   0.228021000000000         R(free) =   0.214099000000000     
Testing convergence  in cycle   15
    Energy  1.9244E-04 Target: 1.0000E-05 converged?   no
  Max step  1.4987E-03 Target: 1.8000E-02 converged?  yes component   135
  RMS step  5.3215E-04 Target: 1.2000E-02 converged?  yes
  Max grad  3.0419E-03 Target: 4.5000E-03 converged?  yes component   135
  RMS grad  1.1154E-03 Target: 3.0000E-03 converged?  yes
 Predicted step length 9.5518E-02
 Trust radius          1.4159E-02
 Energy calculation finished, energy: -1.133920740E+03
 QM energy (a.u.):   -1215.27246079133     
 XREF energy (a.u.):    81.3513259079370     
 R(factor) =   0.228016000000000         R(free) =   0.214096000000000     
 Rejecting step, energy  1.718E-04 higher
 Energy calculation finished, energy: -1.133921135E+03
 QM energy (a.u.):   -1215.27236743597     
 XREF energy (a.u.):    81.3514300879964     
 R(factor) =   0.228018000000000         R(free) =   0.214098000000000     
Testing convergence  in cycle   17
    Energy  2.2271E-04 Target: 1.0000E-05 converged?   no
  Max step  1.5449E-03 Target: 1.8000E-02 converged?  yes component   135
  RMS step  5.3215E-04 Target: 1.2000E-02 converged?  yes
  Max grad  2.9907E-03 Target: 4.5000E-03 converged?  yes component    54
  RMS grad  1.0478E-03 Target: 3.0000E-03 converged?  yes
 Predicted step length 1.0440E-01
 Trust radius          1.4159E-02
 Energy calculation finished, energy: -1.133920937E+03
 QM energy (a.u.):   -1215.27252916639     
 XREF energy (a.u.):    81.3511471616322     
 R(factor) =   0.228014000000000         R(free) =   0.214095000000000     
 Rejecting step, energy  1.975E-04 higher
 Energy calculation finished, energy: -1.133921382E+03
 QM energy (a.u.):   -1215.27245526909     
 XREF energy (a.u.):    81.3513131776633     
 R(factor) =   0.228016000000000         R(free) =   0.214096000000000     
Testing convergence  in cycle   19
    Energy  2.4712E-04 Target: 1.0000E-05 converged?   no
  Max step  1.5846E-03 Target: 1.8000E-02 converged?  yes component   135
  RMS step  5.3215E-04 Target: 1.2000E-02 converged?  yes
  Max grad  2.8760E-03 Target: 4.5000E-03 converged?  yes component   135
  RMS grad  9.7885E-04 Target: 3.0000E-03 converged?  yes
 Predicted step length 1.3434E-01
 Trust radius          1.4159E-02
 Energy calculation finished, energy: -1.133921142E+03
 QM energy (a.u.):   -1215.27262286222     
 XREF energy (a.u.):    81.3510798666868     
 R(factor) =   0.228012000000000         R(free) =   0.214094000000000     
 Rejecting step, energy  2.399E-04 higher
 Energy calculation finished, energy: -1.133921543E+03
 QM energy (a.u.):   -1215.27254643928     
 XREF energy (a.u.):    81.3499220450313     
 R(factor) =   0.228166000000000         R(free) =   0.214083000000000     
Testing convergence  in cycle   21
    Energy  1.6100E-04 Target: 1.0000E-05 converged?   no
  Max step  1.6274E-03 Target: 1.8000E-02 converged?  yes component   135
  RMS step  5.3215E-04 Target: 1.2000E-02 converged?  yes
  Max grad  2.7615E-03 Target: 4.5000E-03 converged?  yes component   135
  RMS grad  9.5572E-04 Target: 3.0000E-03 converged?  yes
 Predicted step length 1.5682E-01
 Trust radius          1.4159E-02
 Energy calculation finished, energy: -1.133922624E+03
 QM energy (a.u.):   -1215.27267272280     
 XREF energy (a.u.):    81.3495806185634     
 R(factor) =   0.228162000000000         R(free) =   0.214081000000000     
Testing convergence  in cycle   22
    Energy  1.0814E-03 Target: 1.0000E-05 converged?   no
  Max step  3.2678E-03 Target: 1.8000E-02 converged?  yes component   135
  RMS step  1.0643E-03 Target: 1.2000E-02 converged?  yes
  Max grad  2.8619E-03 Target: 4.5000E-03 converged?  yes component   135
  RMS grad  9.8776E-04 Target: 3.0000E-03 converged?  yes
 Predicted step length 2.7668E-01
 Trust radius          1.4159E-02
 Energy calculation finished, energy: -1.133923092E+03
 QM energy (a.u.):   -1215.27277594345     
 XREF energy (a.u.):    81.3494073094382     
 R(factor) =   0.228159000000000         R(free) =   0.214079000000000     
Testing convergence  in cycle   23
    Energy  4.6771E-04 Target: 1.0000E-05 converged?   no
  Max step  3.2752E-03 Target: 1.8000E-02 converged?  yes component   135
  RMS step  1.0643E-03 Target: 1.2000E-02 converged?  yes
  Max grad  2.7157E-03 Target: 4.5000E-03 converged?  yes component   135
  RMS grad  9.1988E-04 Target: 3.0000E-03 converged?  yes
 Predicted step length 1.3876E-01
 Trust radius          2.8319E-02
 Energy calculation finished, energy: -1.133923369E+03
 QM energy (a.u.):   -1215.27294439266     
 XREF energy (a.u.):    81.3489559993828     
 R(factor) =   0.228152000000000         R(free) =   0.214076000000000     
Testing convergence  in cycle   24
    Energy  2.7653E-04 Target: 1.0000E-05 converged?   no
  Max step  6.8365E-03 Target: 1.8000E-02 converged?  yes component   171
  RMS step  2.1286E-03 Target: 1.2000E-02 converged?  yes
  Max grad  2.7144E-03 Target: 4.5000E-03 converged?  yes component   171
  RMS grad  9.4513E-04 Target: 3.0000E-03 converged?  yes
 Predicted step length 3.1794E-01
 Trust radius          5.0000E-02
 Energy calculation finished, energy: -1.133923988E+03
 QM energy (a.u.):   -1215.27308073556     
 XREF energy (a.u.):    81.3489400088082     
 R(factor) =   0.228221000000000         R(free) =   0.214079000000000     
Testing convergence  in cycle   25
    Energy  6.1976E-04 Target: 1.0000E-05 converged?   no
  Max step  1.2459E-02 Target: 1.8000E-02 converged?  yes component   171
  RMS step  3.7582E-03 Target: 1.2000E-02 converged?  yes
  Max grad  3.5811E-03 Target: 4.5000E-03 converged?  yes component    63
  RMS grad  1.0543E-03 Target: 3.0000E-03 converged?  yes
 Predicted step length 2.9749E-01
 Trust radius          5.0000E-02
 Energy calculation finished, energy: -1.133924141E+03
 QM energy (a.u.):   -1215.27301821059     
 XREF energy (a.u.):    81.3481161672889     
 R(factor) =   0.228208000000000         R(free) =   0.214073000000000     
Testing convergence  in cycle   26
    Energy  1.5234E-04 Target: 1.0000E-05 converged?   no
  Max step  1.3099E-02 Target: 1.8000E-02 converged?  yes component   171
  RMS step  3.7582E-03 Target: 1.2000E-02 converged?  yes
  Max grad  5.0559E-03 Target: 4.5000E-03 converged?   no component    66
  RMS grad  1.3954E-03 Target: 3.0000E-03 converged?  yes
 Predicted step length 1.7837E-01
 Trust radius          5.0000E-02
 Energy calculation finished, energy: -1.133924902E+03
 QM energy (a.u.):   -1215.27279687633     
 XREF energy (a.u.):    81.3466298019119     
 R(factor) =   0.228247000000000         R(free) =   0.214070000000000     
Testing convergence  in cycle   27
    Energy  7.6131E-04 Target: 1.0000E-05 converged?   no
  Max step  1.3551E-02 Target: 1.8000E-02 converged?  yes component   171
  RMS step  3.7582E-03 Target: 1.2000E-02 converged?  yes
  Max grad  6.3777E-03 Target: 4.5000E-03 converged?   no component    24
  RMS grad  1.8699E-03 Target: 3.0000E-03 converged?  yes
 Predicted step length 1.8295E-01
 Trust radius          5.0000E-02
 Energy calculation finished, energy: -1.133926167E+03
 QM energy (a.u.):   -1215.27247489694     
 XREF energy (a.u.):    81.3458775921652     
 R(factor) =   0.228237000000000         R(free) =   0.214066000000000     
Testing convergence  in cycle   28
    Energy  1.2650E-03 Target: 1.0000E-05 converged?   no
  Max step  1.3791E-02 Target: 1.8000E-02 converged?  yes component   171
  RMS step  3.7582E-03 Target: 1.2000E-02 converged?  yes
  Max grad  8.4978E-03 Target: 4.5000E-03 converged?   no component    24
  RMS grad  2.3947E-03 Target: 3.0000E-03 converged?  yes
 Predicted step length 1.6775E-01
 Trust radius          5.0000E-02
 Energy calculation finished, energy: -1.133926597E+03
 QM energy (a.u.):   -1215.27220811355     
 XREF energy (a.u.):    81.3452282408729     
 R(factor) =   0.228226000000000         R(free) =   0.214065000000000     
Testing convergence  in cycle   29
    Energy  4.3023E-04 Target: 1.0000E-05 converged?   no
  Max step  1.3975E-02 Target: 1.8000E-02 converged?  yes component   171
  RMS step  3.7582E-03 Target: 1.2000E-02 converged?  yes
  Max grad  1.0367E-02 Target: 4.5000E-03 converged?   no component    80
  RMS grad  2.8277E-03 Target: 3.0000E-03 converged?  yes
 Predicted step length 1.3534E-01
 Trust radius          5.0000E-02
 Energy calculation finished, energy: -1.133926980E+03
 QM energy (a.u.):   -1215.27202559027     
 XREF energy (a.u.):    81.3440833196816     
 R(factor) =   0.228213000000000         R(free) =   0.214062000000000     
Testing convergence  in cycle   30
    Energy  3.8257E-04 Target: 1.0000E-05 converged?   no
  Max step  1.4387E-02 Target: 1.8000E-02 converged?  yes component   171
  RMS step  3.7582E-03 Target: 1.2000E-02 converged?  yes
  Max grad  1.3727E-02 Target: 4.5000E-03 converged?   no component    80
  RMS grad  2.9723E-03 Target: 3.0000E-03 converged?  yes
 Predicted step length 1.1990E-01
 Trust radius          5.0000E-02
 Energy calculation finished, energy: -1.133927942E+03
 QM energy (a.u.):   -1215.27199116935     
 XREF energy (a.u.):    81.3423651023145     
 R(factor) =   0.228342000000000         R(free) =   0.214053000000000     
Testing convergence  in cycle   31
    Energy  9.6240E-04 Target: 1.0000E-05 converged?   no
  Max step  1.5019E-02 Target: 1.8000E-02 converged?  yes component   171
  RMS step  3.7582E-03 Target: 1.2000E-02 converged?  yes
  Max grad  1.4906E-02 Target: 4.5000E-03 converged?   no component    80
  RMS grad  2.8554E-03 Target: 3.0000E-03 converged?  yes
 Predicted step length 1.0892E-01
 Trust radius          5.0000E-02
 Energy calculation finished, energy: -1.133929626E+03
 QM energy (a.u.):   -1215.27207973017     
 XREF energy (a.u.):    81.3429946407936     
 R(factor) =   0.228327000000000         R(free) =   0.214068000000000     
Testing convergence  in cycle   32
    Energy  1.6838E-03 Target: 1.0000E-05 converged?   no
  Max step  1.5733E-02 Target: 1.8000E-02 converged?  yes component   171
  RMS step  3.7582E-03 Target: 1.2000E-02 converged?  yes
  Max grad  1.2810E-02 Target: 4.5000E-03 converged?   no component    80
  RMS grad  2.6001E-03 Target: 3.0000E-03 converged?  yes
 Predicted step length 9.0394E-02
 Trust radius          5.0000E-02
 Energy calculation finished, energy: -1.133929085E+03
 QM energy (a.u.):   -1215.27218837437     
 XREF energy (a.u.):    81.3429504203964     
 R(factor) =   0.228321000000000         R(free) =   0.214087000000000     
 Rejecting step, energy  5.410E-04 higher
 Energy calculation finished, energy: -1.133929238E+03
 QM energy (a.u.):   -1215.27223148426     
 XREF energy (a.u.):    81.3431393071985     
 R(factor) =   0.228323000000000         R(free) =   0.214087000000000     
 Rejecting step, energy  3.881E-04 higher
 Energy calculation finished, energy: -1.133929092E+03
 QM energy (a.u.):   -1215.27217616583     
 XREF energy (a.u.):    81.3432357586257     
 R(factor) =   0.228323000000000         R(free) =   0.214086000000000     
 Rejecting step, energy  5.339E-04 higher
 Energy calculation finished, energy: -1.133928940E+03
 QM energy (a.u.):   -1215.27213499642     
 XREF energy (a.u.):    81.3432824754367     
 R(factor) =   0.228324000000000         R(free) =   0.214086000000000     
 Rejecting step, energy  6.857E-04 higher
 Energy calculation finished, energy: -1.133928853E+03
 QM energy (a.u.):   -1215.27209958871     
 XREF energy (a.u.):    81.3429700396553     
 R(factor) =   0.228327000000000         R(free) =   0.214068000000000     
 Rejecting step, energy  7.736E-04 higher
 Energy calculation finished, energy: -1.133929130E+03
 QM energy (a.u.):   -1215.27208962211     
 XREF energy (a.u.):    81.3429828222821     
 R(factor) =   0.228328000000000         R(free) =   0.214068000000000     
 Rejecting step, energy  4.965E-04 higher
 Energy calculation finished, energy: -1.133929107E+03
 QM energy (a.u.):   -1215.27208466761     
 XREF energy (a.u.):    81.3429892039423     
 R(factor) =   0.228328000000000         R(free) =   0.214068000000000     
 Rejecting step, energy  5.193E-04 higher
 Energy calculation finished, energy: -1.133929095E+03
 QM energy (a.u.):   -1215.27207456618     
 XREF energy (a.u.):    81.3429914456584     
 R(factor) =   0.228327000000000         R(free) =   0.214068000000000     
 Rejecting step, energy  5.306E-04 higher
 Energy calculation finished, energy: -1.133929083E+03
 QM energy (a.u.):   -1215.27207714691     
 XREF energy (a.u.):    81.3429930433886     
 R(factor) =   0.228327000000000         R(free) =   0.214068000000000     
 Rejecting step, energy  5.429E-04 higher
 Energy calculation finished, energy: -1.133929084E+03
 QM energy (a.u.):   -1215.27207843749     
 XREF energy (a.u.):    81.3429938424927     
 R(factor) =   0.228327000000000         R(free) =   0.214068000000000     
 Rejecting step, energy  5.420E-04 higher
 Energy calculation finished, energy: -1.133929085E+03
 QM energy (a.u.):   -1215.27207908323     
 XREF energy (a.u.):    81.3429942415977     
 R(factor) =   0.228327000000000         R(free) =   0.214068000000000     
 Rejecting step, energy  5.415E-04 higher
 Energy calculation finished, energy: -1.133929085E+03
 QM energy (a.u.):   -1215.27207940593     
 XREF energy (a.u.):    81.3429944418451     
 R(factor) =   0.228327000000000         R(free) =   0.214068000000000     
 Rejecting step, energy  5.412E-04 higher
 Energy calculation finished, energy: -1.133929085E+03
 QM energy (a.u.):   -1215.27207956787     
 XREF energy (a.u.):    81.3429945413560     
 R(factor) =   0.228327000000000         R(free) =   0.214068000000000     
 Rejecting step, energy  5.411E-04 higher
 Energy calculation finished, energy: -1.133929085E+03
 QM energy (a.u.):   -1215.27207964853     
 XREF energy (a.u.):    81.3429945912772     
 R(factor) =   0.228327000000000         R(free) =   0.214068000000000     
 Rejecting step, energy  5.410E-04 higher
 Energy calculation finished, energy: -1.133929085E+03
 QM energy (a.u.):   -1215.27207968868     
 XREF energy (a.u.):    81.3429946163398     
 R(factor) =   0.228327000000000         R(free) =   0.214068000000000     
 Rejecting step, energy  5.410E-04 higher
 Energy calculation finished, energy: -1.133929085E+03
 QM energy (a.u.):   -1215.27207970841     
 XREF energy (a.u.):    81.3429946294312     
 R(factor) =   0.228327000000000         R(free) =   0.214068000000000     
 Rejecting step, energy  5.410E-04 higher
 Energy calculation finished, energy: -1.133929085E+03
 QM energy (a.u.):   -1215.27207971868     
 XREF energy (a.u.):    81.3429946348702     
 R(factor) =   0.228327000000000         R(free) =   0.214068000000000     
 Rejecting step, energy  5.410E-04 higher
 Energy calculation finished, energy: -1.133929085E+03
 QM energy (a.u.):   -1215.27207972321     
 XREF energy (a.u.):    81.3429946386566     
 R(factor) =   0.228327000000000         R(free) =   0.214068000000000     
 Rejecting step, energy  5.410E-04 higher
 Energy calculation finished, energy: -1.133929085E+03
 QM energy (a.u.):   -1215.27207972674     
 XREF energy (a.u.):    81.3429946399936     
 R(factor) =   0.228327000000000         R(free) =   0.214068000000000     
 Rejecting step, energy  5.410E-04 higher
 Step too small, restarting optimiser.
Testing convergence  in cycle   51
    Energy  5.4099E-04 Target: 1.0000E-05 converged?   no
  Max step  3.1033E-08 Target: 1.8000E-02 converged?  yes component   171
  RMS step  7.1683E-09 Target: 1.2000E-02 converged?  yes
  Max grad  9.2902E-03 Target: 4.5000E-03 converged?   no component    44
  RMS grad  2.4397E-03 Target: 3.0000E-03 converged?  yes
 Predicted step length 2.0000E-02
 Trust radius          5.0000E-02
 Energy calculation finished, energy: -1.133929085E+03
 QM energy (a.u.):   -1215.27276679991     
 XREF energy (a.u.):    81.3434329394335     
 R(factor) =   0.228330000000000         R(free) =   0.214085000000000     
Testing convergence  in cycle   52
    Energy  9.9999E-09 Target: 1.0000E-05 converged?  yes
  Max step  5.7245E-03 Target: 1.8000E-02 converged?  yes component    44
  RMS step  1.5033E-03 Target: 1.2000E-02 converged?  yes
  Max grad  9.2902E-03 Target: 4.5000E-03 converged?   no component    44
  RMS grad  2.4397E-03 Target: 3.0000E-03 converged?  yes
 Predicted step length 4.8342E+04
 Trust radius          5.0000E-02
 Energy calculation finished, energy: -1.133929334E+03
 QM energy (a.u.):   -1215.26939740521     
 XREF energy (a.u.):    81.3436656960688     
 R(factor) =   0.228346000000000         R(free) =   0.214084000000000     
Testing convergence  in cycle   53
    Energy  2.4877E-04 Target: 1.0000E-05 converged?   no
  Max step  1.3737E-02 Target: 1.8000E-02 converged?  yes component    44
  RMS step  3.7582E-03 Target: 1.2000E-02 converged?  yes
  Max grad  4.9126E-03 Target: 4.5000E-03 converged?   no component    54
  RMS grad  1.4362E-03 Target: 3.0000E-03 converged?  yes
 Predicted step length 1.1155E+01
 Trust radius          5.0000E-02
 Energy calculation finished, energy: -1.133925732E+03
 QM energy (a.u.):   -1215.26655402894     
 XREF energy (a.u.):    81.3438934857154     
 R(factor) =   0.228338000000000         R(free) =   0.214090000000000     
 Rejecting step, energy  3.602E-03 higher
 Energy calculation finished, energy: -1.133922661E+03
 QM energy (a.u.):   -1215.26891853059     
 XREF energy (a.u.):    81.3437021486345     
 R(factor) =   0.228342000000000         R(free) =   0.214087000000000     
 Rejecting step, energy  6.673E-03 higher
 Energy calculation finished, energy: -1.133925216E+03
 QM energy (a.u.):   -1215.26939577959     
 XREF energy (a.u.):    81.3437258064396     
 R(factor) =   0.228344000000000         R(free) =   0.214085000000000     
 Rejecting step, energy  4.117E-03 higher
 Energy calculation finished, energy: -1.133925670E+03
 QM energy (a.u.):   -1215.26946370049     
 XREF energy (a.u.):    81.3436908375532     
 R(factor) =   0.228345000000000         R(free) =   0.214085000000000     
 Rejecting step, energy  3.664E-03 higher
 Energy calculation finished, energy: -1.133925773E+03
 QM energy (a.u.):   -1215.26944352025     
 XREF energy (a.u.):    81.3436764047476     
 R(factor) =   0.228346000000000         R(free) =   0.214084000000000     
 Rejecting step, energy  3.561E-03 higher
 Energy calculation finished, energy: -1.133925767E+03
 QM energy (a.u.):   -1215.26942751972     
 XREF energy (a.u.):    81.3436677633189     
 R(factor) =   0.228346000000000         R(free) =   0.214084000000000     
 Rejecting step, energy  3.567E-03 higher
 Energy calculation finished, energy: -1.133925760E+03
 QM energy (a.u.):   -1215.26941231834     
 XREF energy (a.u.):    81.3436699632158     
 R(factor) =   0.228346000000000         R(free) =   0.214084000000000     
 Rejecting step, energy  3.574E-03 higher
 Energy calculation finished, energy: -1.133925742E+03
 QM energy (a.u.):   -1215.26940482527     
 XREF energy (a.u.):    81.3436678268686     
 R(factor) =   0.228346000000000         R(free) =   0.214084000000000     
 Rejecting step, energy  3.592E-03 higher
 Energy calculation finished, energy: -1.133925737E+03
 QM energy (a.u.):   -1215.26940110689     
 XREF energy (a.u.):    81.3436667627085     
 R(factor) =   0.228346000000000         R(free) =   0.214084000000000     
 Rejecting step, energy  3.597E-03 higher
 Energy calculation finished, energy: -1.133925734E+03
 QM energy (a.u.):   -1215.26940688365     
 XREF energy (a.u.):    81.3436662323623     
 R(factor) =   0.228346000000000         R(free) =   0.214084000000000     
 Rejecting step, energy  3.600E-03 higher
 Energy calculation finished, energy: -1.133925741E+03
 QM energy (a.u.):   -1215.26940977091     
 XREF energy (a.u.):    81.3436659670849     
 R(factor) =   0.228346000000000         R(free) =   0.214084000000000     
 Rejecting step, energy  3.593E-03 higher
 Energy calculation finished, energy: -1.133925744E+03
 QM energy (a.u.):   -1215.26941121795     
 XREF energy (a.u.):    81.3436658345784     
 R(factor) =   0.228346000000000         R(free) =   0.214084000000000     
 Rejecting step, energy  3.590E-03 higher
 Energy calculation finished, energy: -1.133925745E+03
 QM energy (a.u.):   -1215.26941194097     
 XREF energy (a.u.):    81.3436657624440     
 R(factor) =   0.228346000000000         R(free) =   0.214084000000000     
 Rejecting step, energy  3.588E-03 higher
 Energy calculation finished, energy: -1.133925746E+03
 QM energy (a.u.):   -1215.26941230262     
 XREF energy (a.u.):    81.3436657289337     
 R(factor) =   0.228346000000000         R(free) =   0.214084000000000     
 Rejecting step, energy  3.588E-03 higher
 Energy calculation finished, energy: -1.133925747E+03
 QM energy (a.u.):   -1215.26939722408     
 XREF energy (a.u.):    81.3436657124399     
 R(factor) =   0.228346000000000         R(free) =   0.214084000000000     
 Rejecting step, energy  3.587E-03 higher
 Energy calculation finished, energy: -1.133925732E+03
 QM energy (a.u.):   -1215.26939731500     
 XREF energy (a.u.):    81.3436657041962     
 R(factor) =   0.228346000000000         R(free) =   0.214084000000000     
 Rejecting step, energy  3.602E-03 higher
 Energy calculation finished, energy: -1.133925732E+03
 QM energy (a.u.):   -1215.26939735873     
 XREF energy (a.u.):    81.3436656993022     
 R(factor) =   0.228346000000000         R(free) =   0.214084000000000     
 Rejecting step, energy  3.602E-03 higher
 Energy calculation finished, energy: -1.133925732E+03
 QM energy (a.u.):   -1215.26939738175     
 XREF energy (a.u.):    81.3436656978696     
 R(factor) =   0.228346000000000         R(free) =   0.214084000000000     
 Rejecting step, energy  3.602E-03 higher
 Energy calculation finished, energy: -1.133925732E+03
 QM energy (a.u.):   -1215.26939739272     
 XREF energy (a.u.):    81.3436656972545     
 R(factor) =   0.228346000000000         R(free) =   0.214084000000000     
 Rejecting step, energy  3.602E-03 higher
 Step too small, restarting optimiser.
Testing convergence  in cycle   72
    Energy  3.6022E-03 Target: 1.0000E-05 converged?   no
  Max step  2.6545E-08 Target: 1.8000E-02 converged?  yes component    80
  RMS step  7.1683E-09 Target: 1.2000E-02 converged?  yes
  Max grad  3.4741E-02 Target: 4.5000E-03 converged?   no component    44
  RMS grad  7.5861E-03 Target: 3.0000E-03 converged?   no
 Predicted step length 2.0000E-02
 Trust radius          5.0000E-02
 Energy calculation finished, energy: -1.133925732E+03
 QM energy (a.u.):   -1215.27242696591     
 XREF energy (a.u.):    81.3436111504965     
 R(factor) =   0.228340000000000         R(free) =   0.214086000000000     
Testing convergence  in cycle   73
    Energy  2.0000E-08 Target: 1.0000E-05 converged?  yes
  Max step  6.8843E-03 Target: 1.8000E-02 converged?  yes component    44
  RMS step  1.5033E-03 Target: 1.2000E-02 converged?  yes
  Max grad  3.4740E-02 Target: 4.5000E-03 converged?   no component    44
  RMS grad  7.5861E-03 Target: 3.0000E-03 converged?   no
 Predicted step length 6.8461E+04
 Trust radius          5.0000E-02
 Energy calculation finished, energy: -1.133928816E+03
 QM energy (a.u.):   -1215.27261024527     
 XREF energy (a.u.):    81.3436464430963     
 R(factor) =   0.228326000000000         R(free) =   0.214093000000000     
Testing convergence  in cycle   74
    Energy  3.0841E-03 Target: 1.0000E-05 converged?   no
  Max step  1.7867E-02 Target: 1.8000E-02 converged?  yes component    44
  RMS step  3.7582E-03 Target: 1.2000E-02 converged?  yes
  Max grad  1.8563E-02 Target: 4.5000E-03 converged?   no component    44
  RMS grad  4.2635E-03 Target: 3.0000E-03 converged?   no
 Predicted step length 7.5649E+00
 Trust radius          5.0000E-02
 Energy calculation finished, energy: -1.133928964E+03
 QM energy (a.u.):   -1215.26756196487     
 XREF energy (a.u.):    81.3437779250538     
 R(factor) =   0.228330000000000         R(free) =   0.214072000000000     
Testing convergence  in cycle   75
    Energy  1.4798E-04 Target: 1.0000E-05 converged?   no
  Max step  1.3848E-02 Target: 1.8000E-02 converged?  yes component    80
  RMS step  3.7582E-03 Target: 1.2000E-02 converged?  yes
  Max grad  2.1966E-02 Target: 4.5000E-03 converged?   no component    44
  RMS grad  4.6456E-03 Target: 3.0000E-03 converged?   no
 Predicted step length 2.2766E-01
 Trust radius          5.0000E-02
 Energy calculation finished, energy: -1.133923784E+03
 QM energy (a.u.):   -1215.27230357356     
 XREF energy (a.u.):    81.3436532008706     
 R(factor) =   0.228326000000000         R(free) =   0.214094000000000     
 Rejecting step, energy  5.180E-03 higher
 Energy calculation finished, energy: -1.133928650E+03
 QM energy (a.u.):   -1215.27112098715     
 XREF energy (a.u.):    81.3435676568204     
 R(factor) =   0.228330000000000         R(free) =   0.214093000000000     
 Rejecting step, energy  3.134E-04 higher
 Energy calculation finished, energy: -1.133927553E+03
 QM energy (a.u.):   -1215.26964011237     
 XREF energy (a.u.):    81.3437706772451     
 R(factor) =   0.228328000000000         R(free) =   0.214072000000000     
 Rejecting step, energy  1.410E-03 higher
 Energy calculation finished, energy: -1.133925869E+03
 QM energy (a.u.):   -1215.26867947398     
 XREF energy (a.u.):    81.3437777163046     
 R(factor) =   0.228329000000000         R(free) =   0.214072000000000     
 Rejecting step, energy  3.094E-03 higher
 Energy calculation finished, energy: -1.133924902E+03
 QM energy (a.u.):   -1215.26814032335     
 XREF energy (a.u.):    81.3438196213771     
 R(factor) =   0.228330000000000         R(free) =   0.214072000000000     
 Rejecting step, energy  4.062E-03 higher
 Energy calculation finished, energy: -1.133924321E+03
 QM energy (a.u.):   -1215.26785032132     
 XREF energy (a.u.):    81.3437799152389     
 R(factor) =   0.228330000000000         R(free) =   0.214072000000000     
 Rejecting step, energy  4.643E-03 higher
 Energy calculation finished, energy: -1.133924070E+03
 QM energy (a.u.):   -1215.26770593811     
 XREF energy (a.u.):    81.3437793959985     
 R(factor) =   0.228330000000000         R(free) =   0.214072000000000     
 Rejecting step, energy  4.893E-03 higher
 Energy calculation finished, energy: -1.133923927E+03
 QM energy (a.u.):   -1215.26764152964     
 XREF energy (a.u.):    81.3437789027243     
 R(factor) =   0.228330000000000         R(free) =   0.214072000000000     
 Rejecting step, energy  5.037E-03 higher
 Energy calculation finished, energy: -1.133923863E+03
 QM energy (a.u.):   -1215.26760936254     
 XREF energy (a.u.):    81.3437783853165     
 R(factor) =   0.228330000000000         R(free) =   0.214072000000000     
 Rejecting step, energy  5.101E-03 higher
 Energy calculation finished, energy: -1.133923831E+03
 QM energy (a.u.):   -1215.26758566067     
 XREF energy (a.u.):    81.3437781196343     
 R(factor) =   0.228330000000000         R(free) =   0.214072000000000     
 Rejecting step, energy  5.133E-03 higher
 Energy calculation finished, energy: -1.133923808E+03
 QM energy (a.u.):   -1215.26757381325     
 XREF energy (a.u.):    81.3437780550232     
 R(factor) =   0.228330000000000         R(free) =   0.214072000000000     
 Rejecting step, energy  5.156E-03 higher
 Energy calculation finished, energy: -1.133923796E+03
 QM energy (a.u.):   -1215.26757551714     
 XREF energy (a.u.):    81.3437779901811     
 R(factor) =   0.228330000000000         R(free) =   0.214072000000000     
 Rejecting step, energy  5.168E-03 higher
 Energy calculation finished, energy: -1.133923798E+03
 QM energy (a.u.):   -1215.26756111125     
 XREF energy (a.u.):    81.3437779575681     
 R(factor) =   0.228330000000000         R(free) =   0.214072000000000     
 Rejecting step, energy  5.166E-03 higher
 Energy calculation finished, energy: -1.133923783E+03
 QM energy (a.u.):   -1215.26756153802     
 XREF energy (a.u.):    81.3437779412639     
 R(factor) =   0.228330000000000         R(free) =   0.214072000000000     
 Rejecting step, energy  5.181E-03 higher
 Energy calculation finished, energy: -1.133923784E+03
 QM energy (a.u.):   -1215.26756175133     
 XREF energy (a.u.):    81.3437779333533     
 R(factor) =   0.228330000000000         R(free) =   0.214072000000000     
 Rejecting step, energy  5.180E-03 higher
 Energy calculation finished, energy: -1.133923784E+03
 QM energy (a.u.):   -1215.26756185777     
 XREF energy (a.u.):    81.3437779290585     
 R(factor) =   0.228330000000000         R(free) =   0.214072000000000     
 Rejecting step, energy  5.180E-03 higher
 Energy calculation finished, energy: -1.133923784E+03
 QM energy (a.u.):   -1215.26756191133     
 XREF energy (a.u.):    81.3437779274681     
 R(factor) =   0.228330000000000         R(free) =   0.214072000000000     
 Rejecting step, energy  5.180E-03 higher
 Energy calculation finished, energy: -1.133923784E+03
 QM energy (a.u.):   -1215.26756193815     
 XREF energy (a.u.):    81.3437779264354     
 R(factor) =   0.228330000000000         R(free) =   0.214072000000000     
 Rejecting step, energy  5.180E-03 higher
 Energy calculation finished, energy: -1.133923784E+03
 QM energy (a.u.):   -1215.26756195107     
 XREF energy (a.u.):    81.3437779258426     
 R(factor) =   0.228330000000000         R(free) =   0.214072000000000     
 Rejecting step, energy  5.180E-03 higher
 Step too small, restarting optimiser.
Testing convergence  in cycle   94
    Energy  5.1798E-03 Target: 1.0000E-05 converged?   no
  Max step  2.6046E-08 Target: 1.8000E-02 converged?  yes component    67
  RMS step  7.1683E-09 Target: 1.2000E-02 converged?  yes
  Max grad  4.2042E-02 Target: 4.5000E-03 converged?   no component    44
  RMS grad  9.2007E-03 Target: 3.0000E-03 converged?   no
 Predicted step length 2.0000E-02
 Trust radius          5.0000E-02
 Energy calculation finished, energy: -1.133923784E+03
 QM energy (a.u.):   -1215.27128713791     
 XREF energy (a.u.):    81.3438378964226     
 R(factor) =   0.228330000000000         R(free) =   0.214071000000000     
Testing convergence  in cycle   95
    Energy  2.0000E-08 Target: 1.0000E-05 converged?  yes
  Max step  6.8693E-03 Target: 1.8000E-02 converged?  yes component    44
  RMS step  1.5033E-03 Target: 1.2000E-02 converged?  yes
  Max grad  4.2042E-02 Target: 4.5000E-03 converged?   no component    44
  RMS grad  9.2007E-03 Target: 3.0000E-03 converged?   no
 Predicted step length 1.0497E+04
 Trust radius          5.0000E-02
 Energy calculation finished, energy: -1.133927449E+03
 QM energy (a.u.):   -1215.27298812357     
 XREF energy (a.u.):    81.3436911370485     
 R(factor) =   0.228336000000000         R(free) =   0.214087000000000     
Testing convergence  in cycle   96
    Energy  3.6652E-03 Target: 1.0000E-05 converged?   no
  Max step  1.9250E-02 Target: 1.8000E-02 converged?   no component    44
  RMS step  3.7582E-03 Target: 1.2000E-02 converged?  yes
  Max grad  2.7026E-02 Target: 4.5000E-03 converged?   no component    44
  RMS grad  5.9626E-03 Target: 3.0000E-03 converged?   no
 Predicted step length 7.6487E+00
 Trust radius          5.0000E-02
 Energy calculation finished, energy: -1.133929297E+03
 QM energy (a.u.):   -1215.27164252006     
 XREF energy (a.u.):    81.3438002533002     
 R(factor) =   0.228324000000000         R(free) =   0.214094000000000     
Testing convergence  in cycle   97
    Energy  1.8478E-03 Target: 1.0000E-05 converged?   no
  Max step  1.3752E-02 Target: 1.8000E-02 converged?  yes component    61
  RMS step  3.7582E-03 Target: 1.2000E-02 converged?  yes
  Max grad  1.6278E-02 Target: 4.5000E-03 converged?   no component    41
  RMS grad  3.9841E-03 Target: 3.0000E-03 converged?   no
 Predicted step length 4.0353E-02
 Trust radius          5.0000E-02
 Energy calculation finished, energy: -1.133927842E+03
 QM energy (a.u.):   -1215.26536046547     
 XREF energy (a.u.):    81.3438710550784     
 R(factor) =   0.228318000000000         R(free) =   0.214100000000000     
 Rejecting step, energy  1.455E-03 higher
 Energy calculation finished, energy: -1.133921489E+03
 QM energy (a.u.):   -1215.26928667754     
 XREF energy (a.u.):    81.3438172699574     
 R(factor) =   0.228321000000000         R(free) =   0.214097000000000     
 Rejecting step, energy  7.808E-03 higher
 Energy calculation finished, energy: -1.133925469E+03
 QM energy (a.u.):   -1215.27066790389     
 XREF energy (a.u.):    81.3437381786372     
 R(factor) =   0.228323000000000         R(free) =   0.214096000000000     
 Rejecting step, energy  3.828E-03 higher
 Energy calculation finished, energy: -1.133926930E+03
 QM energy (a.u.):   -1215.27120595768     
 XREF energy (a.u.):    81.3438509316195     
 R(factor) =   0.228323000000000         R(free) =   0.214095000000000     
 Rejecting step, energy  2.367E-03 higher
 Energy calculation finished, energy: -1.133927355E+03
 QM energy (a.u.):   -1215.27143691457     
 XREF energy (a.u.):    81.3438007506366     
 R(factor) =   0.228324000000000         R(free) =   0.214095000000000     
 Rejecting step, energy  1.942E-03 higher
 Energy calculation finished, energy: -1.133927636E+03
 QM energy (a.u.):   -1215.27153906909     
 XREF energy (a.u.):    81.3438538171447     
 R(factor) =   0.228324000000000         R(free) =   0.214094000000000     
 Rejecting step, energy  1.661E-03 higher
 Energy calculation finished, energy: -1.133927685E+03
 QM energy (a.u.):   -1215.27159826221     
 XREF energy (a.u.):    81.3437992027145     
 R(factor) =   0.228324000000000         R(free) =   0.214094000000000     
 Rejecting step, energy  1.612E-03 higher
 Energy calculation finished, energy: -1.133927799E+03
 QM energy (a.u.):   -1215.27161272184     
 XREF energy (a.u.):    81.3437968057926     
 R(factor) =   0.228324000000000         R(free) =   0.214094000000000     
 Rejecting step, energy  1.498E-03 higher
 Energy calculation finished, energy: -1.133927816E+03
 QM energy (a.u.):   -1215.27162761025     
 XREF energy (a.u.):    81.3438010961950     
 R(factor) =   0.228324000000000         R(free) =   0.214094000000000     
 Rejecting step, energy  1.481E-03 higher
 Energy calculation finished, energy: -1.133927827E+03
 QM energy (a.u.):   -1215.27164269056     
 XREF energy (a.u.):    81.3438005885178     
 R(factor) =   0.228324000000000         R(free) =   0.214094000000000     
 Rejecting step, energy  1.470E-03 higher
 Energy calculation finished, energy: -1.133927842E+03
 QM energy (a.u.):   -1215.27164260570     
 XREF energy (a.u.):    81.3438004024439     
 R(factor) =   0.228324000000000         R(free) =   0.214094000000000     
 Rejecting step, energy  1.455E-03 higher
 Energy calculation finished, energy: -1.133927842E+03
 QM energy (a.u.):   -1215.27164256225     
 XREF energy (a.u.):    81.3438003240610     
 R(factor) =   0.228324000000000         R(free) =   0.214094000000000     
 Rejecting step, energy  1.455E-03 higher
 Energy calculation finished, energy: -1.133927842E+03
 QM energy (a.u.):   -1215.27164254072     
 XREF energy (a.u.):    81.3438002877380     
 R(factor) =   0.228324000000000         R(free) =   0.214094000000000     
 Rejecting step, energy  1.455E-03 higher
 Energy calculation finished, energy: -1.133927842E+03
 QM energy (a.u.):   -1215.27164253105     
 XREF energy (a.u.):    81.3438002704283     
 R(factor) =   0.228324000000000         R(free) =   0.214094000000000     
 Rejecting step, energy  1.455E-03 higher
 Energy calculation finished, energy: -1.133927842E+03
 QM energy (a.u.):   -1215.27164252532     
 XREF energy (a.u.):    81.3438002617639     
 R(factor) =   0.228324000000000         R(free) =   0.214094000000000     
 Rejecting step, energy  1.455E-03 higher
 Energy calculation finished, energy: -1.133927842E+03
 QM energy (a.u.):   -1215.27164252261     
 XREF energy (a.u.):    81.3438002578420     
 R(factor) =   0.228324000000000         R(free) =   0.214094000000000     
 Rejecting step, energy  1.455E-03 higher
 Energy calculation finished, energy: -1.133927842E+03
 QM energy (a.u.):   -1215.27164252140     
 XREF energy (a.u.):    81.3438002556062     
 R(factor) =   0.228324000000000         R(free) =   0.214094000000000     
 Rejecting step, energy  1.455E-03 higher
 Energy calculation finished, energy: -1.133927842E+03
 QM energy (a.u.):   -1215.27164252077     
 XREF energy (a.u.):    81.3438002541640     
 R(factor) =   0.228324000000000         R(free) =   0.214094000000000     
 Rejecting step, energy  1.455E-03 higher
 Energy calculation finished, energy: -1.133927842E+03
 QM energy (a.u.):   -1215.27164252084     
 XREF energy (a.u.):    81.3438002542755     
 R(factor) =   0.228324000000000         R(free) =   0.214094000000000     
 Rejecting step, energy  1.455E-03 higher
 Step too small, restarting optimiser.
Testing convergence  in cycle  116
    Energy  1.4547E-03 Target: 1.0000E-05 converged?   no
  Max step  2.1776E-08 Target: 1.8000E-02 converged?  yes component    41
  RMS step  5.7852E-09 Target: 1.2000E-02 converged?  yes
  Max grad  2.3985E-02 Target: 4.5000E-03 converged?   no component    61
  RMS grad  6.0040E-03 Target: 3.0000E-03 converged?   no
 Predicted step length 2.0000E-02
 Trust radius          5.0000E-02
 Energy calculation finished, energy: -1.133927842E+03
 QM energy (a.u.):   -1215.27368853173     
 XREF energy (a.u.):    81.3435899259012     
 R(factor) =   0.228330000000000         R(free) =   0.214091000000000     
 Rejecting step, energy  0.000E+00 higher
 Energy calculation finished, energy: -1.133930099E+03
 QM energy (a.u.):   -1215.27288405964     
 XREF energy (a.u.):    81.3436920499279     
 R(factor) =   0.228327000000000         R(free) =   0.214093000000000     
Testing convergence  in cycle  118
    Energy  2.2563E-03 Target: 1.0000E-05 converged?   no
  Max step  3.0028E-03 Target: 1.8000E-02 converged?  yes component    61
  RMS step  7.5165E-04 Target: 1.2000E-02 converged?  yes
  Max grad  1.0353E-02 Target: 4.5000E-03 converged?   no component    61
  RMS grad  2.5337E-03 Target: 3.0000E-03 converged?  yes
 Predicted step length 7.8402E-03
 Trust radius          2.0000E-02
 Energy calculation finished, energy: -1.133929192E+03
 QM energy (a.u.):   -1215.27356697859     
 XREF energy (a.u.):    81.3436463879688     
 R(factor) =   0.228329000000000         R(free) =   0.214092000000000     
 Rejecting step, energy  9.066E-04 higher
 Energy calculation finished, energy: -1.133929921E+03
 QM energy (a.u.):   -1215.27324903311     
 XREF energy (a.u.):    81.3437678338658     
 R(factor) =   0.228328000000000         R(free) =   0.214092000000000     
 Rejecting step, energy  1.780E-04 higher
 Energy calculation finished, energy: -1.133929481E+03
 QM energy (a.u.):   -1215.27308005872     
 XREF energy (a.u.):    81.3437699817315     
 R(factor) =   0.228327000000000         R(free) =   0.214092000000000     
 Rejecting step, energy  6.174E-04 higher
 Energy calculation finished, energy: -1.133929310E+03
 QM energy (a.u.):   -1215.27298162107     
 XREF energy (a.u.):    81.3437740373404     
 R(factor) =   0.228327000000000         R(free) =   0.214093000000000     
 Rejecting step, energy  7.885E-04 higher
 Energy calculation finished, energy: -1.133929208E+03
 QM energy (a.u.):   -1215.27294036011     
 XREF energy (a.u.):    81.3436904412289     
 R(factor) =   0.228327000000000         R(free) =   0.214093000000000     
 Rejecting step, energy  8.910E-04 higher
 Energy calculation finished, energy: -1.133929250E+03
 QM energy (a.u.):   -1215.27291218188     
 XREF energy (a.u.):    81.3436901719993     
 R(factor) =   0.228327000000000         R(free) =   0.214093000000000     
 Rejecting step, energy  8.487E-04 higher
 Energy calculation finished, energy: -1.133929222E+03
 QM energy (a.u.):   -1215.27289811366     
 XREF energy (a.u.):    81.3436911107270     
 R(factor) =   0.228327000000000         R(free) =   0.214093000000000     
 Rejecting step, energy  8.766E-04 higher
 Energy calculation finished, energy: -1.133929207E+03
 QM energy (a.u.):   -1215.27289871311     
 XREF energy (a.u.):    81.3436915860413     
 R(factor) =   0.228327000000000         R(free) =   0.214093000000000     
 Rejecting step, energy  8.916E-04 higher
 Energy calculation finished, energy: -1.133929207E+03
 QM energy (a.u.):   -1215.27288375515     
 XREF energy (a.u.):    81.3436918212554     
 R(factor) =   0.228327000000000         R(free) =   0.214093000000000     
 Rejecting step, energy  8.915E-04 higher
 Energy calculation finished, energy: -1.133929192E+03
 QM energy (a.u.):   -1215.27288390607     
 XREF energy (a.u.):    81.3436919384235     
 R(factor) =   0.228327000000000         R(free) =   0.214093000000000     
 Rejecting step, energy  9.067E-04 higher
 Energy calculation finished, energy: -1.133929192E+03
 QM energy (a.u.):   -1215.27288398245     
 XREF energy (a.u.):    81.3436919918888     
 R(factor) =   0.228327000000000         R(free) =   0.214093000000000     
 Rejecting step, energy  9.066E-04 higher
 Energy calculation finished, energy: -1.133929192E+03
 QM energy (a.u.):   -1215.27288401986     
 XREF energy (a.u.):    81.3436920200717     
 R(factor) =   0.228327000000000         R(free) =   0.214093000000000     
 Rejecting step, energy  9.066E-04 higher
 Energy calculation finished, energy: -1.133929192E+03
 QM energy (a.u.):   -1215.27288403851     
 XREF energy (a.u.):    81.3436920358197     
 R(factor) =   0.228327000000000         R(free) =   0.214093000000000     
 Rejecting step, energy  9.066E-04 higher
 Energy calculation finished, energy: -1.133929192E+03
 QM energy (a.u.):   -1215.27288404754     
 XREF energy (a.u.):    81.3436920428347     
 R(factor) =   0.228327000000000         R(free) =   0.214093000000000     
 Rejecting step, energy  9.066E-04 higher
 Energy calculation finished, energy: -1.133929192E+03
 QM energy (a.u.):   -1215.27288405146     
 XREF energy (a.u.):    81.3436920462944     
 R(factor) =   0.228327000000000         R(free) =   0.214093000000000     
 Rejecting step, energy  9.066E-04 higher
 Energy calculation finished, energy: -1.133929192E+03
 QM energy (a.u.):   -1215.27288405503     
 XREF energy (a.u.):    81.3436920472633     
 R(factor) =   0.228327000000000         R(free) =   0.214093000000000     
 Rejecting step, energy  9.066E-04 higher
 Energy calculation finished, energy: -1.133929192E+03
 QM energy (a.u.):   -1215.27288405570     
 XREF energy (a.u.):    81.3436920489765     
 R(factor) =   0.228327000000000         R(free) =   0.214093000000000     
 Rejecting step, energy  9.066E-04 higher
 Step too small, restarting optimiser.
Testing convergence  in cycle  135
    Energy  9.0660E-04 Target: 1.0000E-05 converged?   no
  Max step  1.8234E-08 Target: 1.8000E-02 converged?  yes component    61
  RMS step  4.4961E-09 Target: 1.2000E-02 converged?  yes
  Max grad  1.7208E-02 Target: 4.5000E-03 converged?   no component    61
  RMS grad  4.2520E-03 Target: 3.0000E-03 converged?   no
 Predicted step length 2.0000E-02
 Trust radius          5.0000E-02
 Energy calculation finished, energy: -1.133929192E+03
 QM energy (a.u.):   -1215.27408269247     
 XREF energy (a.u.):    81.3435245410417     
 R(factor) =   0.228333000000000         R(free) =   0.214090000000000     
 Rejecting step, energy  0.000E+00 higher
 Energy calculation finished, energy: -1.133930558E+03
 QM energy (a.u.):   -1215.27369466875     
 XREF energy (a.u.):    81.3435968477656     
 R(factor) =   0.228330000000000         R(free) =   0.214091000000000     
Testing convergence  in cycle  137
    Energy  1.3661E-03 Target: 1.0000E-05 converged?   no
  Max step  3.0418E-03 Target: 1.8000E-02 converged?  yes component    61
  RMS step  7.5165E-04 Target: 1.2000E-02 converged?  yes
  Max grad  3.3610E-03 Target: 4.5000E-03 converged?  yes component    61
  RMS grad  1.0662E-03 Target: 3.0000E-03 converged?  yes
 Predicted step length 3.6982E-03
 Trust radius          2.0000E-02
 Energy calculation finished, energy: -1.133930098E+03
 QM energy (a.u.):   -1215.27389001966     
 XREF energy (a.u.):    81.3436027457689     
 R(factor) =   0.228330000000000         R(free) =   0.214091000000000     
 Rejecting step, energy  4.603E-04 higher
 Energy calculation finished, energy: -1.133930287E+03
 QM energy (a.u.):   -1215.27379156020     
 XREF energy (a.u.):    81.3435997218520     
 R(factor) =   0.228330000000000         R(free) =   0.214091000000000     
 Rejecting step, energy  2.709E-04 higher
 Energy calculation finished, energy: -1.133930192E+03
 QM energy (a.u.):   -1215.27374291737     
 XREF energy (a.u.):    81.3435982756416     
 R(factor) =   0.228330000000000         R(free) =   0.214091000000000     
 Rejecting step, energy  3.663E-04 higher
 Energy calculation finished, energy: -1.133930145E+03
 QM energy (a.u.):   -1215.27372637451     
 XREF energy (a.u.):    81.3435975834714     
 R(factor) =   0.228330000000000         R(free) =   0.214091000000000     
 Rejecting step, energy  4.135E-04 higher
 Energy calculation finished, energy: -1.133930129E+03
 QM energy (a.u.):   -1215.27371050914     
 XREF energy (a.u.):    81.3435972140791     
 R(factor) =   0.228330000000000         R(free) =   0.214091000000000     
 Rejecting step, energy  4.294E-04 higher
 Energy calculation finished, energy: -1.133930113E+03
 QM energy (a.u.):   -1215.27371021512     
 XREF energy (a.u.):    81.3435970232324     
 R(factor) =   0.228330000000000         R(free) =   0.214091000000000     
 Rejecting step, energy  4.449E-04 higher
 Energy calculation finished, energy: -1.133930113E+03
 QM energy (a.u.):   -1215.27371007159     
 XREF energy (a.u.):    81.3435969362520     
 R(factor) =   0.228330000000000         R(free) =   0.214091000000000     
 Rejecting step, energy  4.450E-04 higher
 Energy calculation finished, energy: -1.133930113E+03
 QM energy (a.u.):   -1215.27369473956     
 XREF energy (a.u.):    81.3435968915418     
 R(factor) =   0.228330000000000         R(free) =   0.214091000000000     
 Rejecting step, energy  4.450E-04 higher
 Energy calculation finished, energy: -1.133930098E+03
 QM energy (a.u.):   -1215.27369470452     
 XREF energy (a.u.):    81.3435968691884     
 R(factor) =   0.228330000000000         R(free) =   0.214091000000000     
 Rejecting step, energy  4.603E-04 higher
 Energy calculation finished, energy: -1.133930098E+03
 QM energy (a.u.):   -1215.27369468698     
 XREF energy (a.u.):    81.3435968589638     
 R(factor) =   0.228330000000000         R(free) =   0.214091000000000     
 Rejecting step, energy  4.603E-04 higher
 Energy calculation finished, energy: -1.133930098E+03
 QM energy (a.u.):   -1215.27369467687     
 XREF energy (a.u.):    81.3435968527567     
 R(factor) =   0.228330000000000         R(free) =   0.214091000000000     
 Rejecting step, energy  4.603E-04 higher
 Energy calculation finished, energy: -1.133930098E+03
 QM energy (a.u.):   -1215.27369467341     
 XREF energy (a.u.):    81.3435968507520     
 R(factor) =   0.228330000000000         R(free) =   0.214091000000000     
 Rejecting step, energy  4.603E-04 higher
 Energy calculation finished, energy: -1.133930098E+03
 QM energy (a.u.):   -1215.27369467114     
 XREF energy (a.u.):    81.3435968487026     
 R(factor) =   0.228330000000000         R(free) =   0.214091000000000     
 Rejecting step, energy  4.603E-04 higher
 Energy calculation finished, energy: -1.133930098E+03
 QM energy (a.u.):   -1215.27369466987     
 XREF energy (a.u.):    81.3435968477050     
 R(factor) =   0.228330000000000         R(free) =   0.214091000000000     
 Rejecting step, energy  4.603E-04 higher
 Energy calculation finished, energy: -1.133930098E+03
 QM energy (a.u.):   -1215.27369466943     
 XREF energy (a.u.):    81.3435968478405     
 R(factor) =   0.228330000000000         R(free) =   0.214091000000000     
 Rejecting step, energy  4.603E-04 higher
 Energy calculation finished, energy: -1.133930098E+03
 QM energy (a.u.):   -1215.27369466974     
 XREF energy (a.u.):    81.3435968476349     
 R(factor) =   0.228330000000000         R(free) =   0.214091000000000     
 Rejecting step, energy  4.603E-04 higher
 Step too small, restarting optimiser.
Testing convergence  in cycle  153
    Energy  4.6033E-04 Target: 1.0000E-05 converged?   no
  Max step  1.3587E-08 Target: 1.8000E-02 converged?  yes component    61
  RMS step  4.2415E-09 Target: 1.2000E-02 converged?  yes
  Max grad  1.0329E-02 Target: 4.5000E-03 converged?   no component    61
  RMS grad  2.5486E-03 Target: 3.0000E-03 converged?  yes
 Predicted step length 2.0000E-02
 Trust radius          5.0000E-02
 Energy calculation finished, energy: -1.133930098E+03
 QM energy (a.u.):   -1215.27411471526     
 XREF energy (a.u.):    81.3436700302746     
 R(factor) =   0.228335000000000         R(free) =   0.214089000000000     
 Rejecting step, energy  0.000E+00 higher
 Energy calculation finished, energy: -1.133930445E+03
 QM energy (a.u.):   -1215.27410427798     
 XREF energy (a.u.):    81.3435408280917     
 R(factor) =   0.228332000000000         R(free) =   0.214090000000000     
Testing convergence  in cycle  155
    Energy  3.4686E-04 Target: 1.0000E-05 converged?   no
  Max step  3.0463E-03 Target: 1.8000E-02 converged?  yes component    61
  RMS step  7.5165E-04 Target: 1.2000E-02 converged?  yes
  Max grad  5.1248E-03 Target: 4.5000E-03 converged?   no component    24
  RMS grad  1.2813E-03 Target: 3.0000E-03 converged?  yes
 Predicted step length 2.7186E-03
 Trust radius          2.0000E-02
 Energy calculation finished, energy: -1.133930563E+03
 QM energy (a.u.):   -1215.27411527158     
 XREF energy (a.u.):    81.3435796715171     
 R(factor) =   0.228332000000000         R(free) =   0.214091000000000     
Testing convergence  in cycle  156
    Energy  1.1877E-04 Target: 1.0000E-05 converged?   no
  Max step  8.0217E-04 Target: 1.8000E-02 converged?  yes component    24
  RMS step  2.0434E-04 Target: 1.2000E-02 converged?  yes
  Max grad  3.4688E-03 Target: 4.5000E-03 converged?  yes component    61
  RMS grad  1.0833E-03 Target: 3.0000E-03 converged?  yes
 Predicted step length 4.6929E-03
 Trust radius          4.0000E-02
 Energy calculation finished, energy: -1.133930536E+03
 QM energy (a.u.):   -1215.27423345905     
 XREF energy (a.u.):    81.3437601999765     
 R(factor) =   0.228332000000000         R(free) =   0.214091000000000     
 Rejecting step, energy  2.785E-05 higher
 Energy calculation finished, energy: -1.133930473E+03
 QM energy (a.u.):   -1215.27417418020     
 XREF energy (a.u.):    81.3436032321954     
 R(factor) =   0.228332000000000         R(free) =   0.214091000000000     
 Rejecting step, energy  9.019E-05 higher
 Energy calculation finished, energy: -1.133930571E+03
 QM energy (a.u.):   -1215.27415230846     
 XREF energy (a.u.):    81.3435914960684     
 R(factor) =   0.228332000000000         R(free) =   0.214091000000000     
Testing convergence  in cycle  159
    Energy  7.5000E-06 Target: 1.0000E-05 converged?  yes
  Max step  3.4110E-04 Target: 1.8000E-02 converged?  yes component    90
  RMS step  8.8185E-05 Target: 1.2000E-02 converged?  yes
  Max grad  4.6875E-03 Target: 4.5000E-03 converged?   no component    27
  RMS grad  1.3378E-03 Target: 3.0000E-03 converged?  yes
 Predicted step length 2.9213E-02
 Trust radius          2.3465E-03
 Energy calculation finished, energy: -1.133930561E+03
 QM energy (a.u.):   -1215.27421394882     
 XREF energy (a.u.):    81.3436088889751     
 R(factor) =   0.228332000000000         R(free) =   0.214091000000000     
 Rejecting step, energy  1.014E-05 higher
 Energy calculation finished, energy: -1.133930605E+03
 QM energy (a.u.):   -1215.27417545382     
 XREF energy (a.u.):    81.3436003123360     
 R(factor) =   0.228332000000000         R(free) =   0.214091000000000     
Testing convergence  in cycle  161
    Energy  3.4110E-05 Target: 1.0000E-05 converged?   no
  Max step  3.4540E-04 Target: 1.8000E-02 converged?  yes component    90
  RMS step  8.8185E-05 Target: 1.2000E-02 converged?  yes
  Max grad  4.5614E-03 Target: 4.5000E-03 converged?   no component    27
  RMS grad  1.2860E-03 Target: 3.0000E-03 converged?  yes
 Predicted step length 6.3053E-02
 Trust radius          2.3465E-03
 Energy calculation finished, energy: -1.133930575E+03
 QM energy (a.u.):   -1215.27423737061     
 XREF energy (a.u.):    81.3437430286109     
 R(factor) =   0.228332000000000         R(free) =   0.214091000000000     
 Rejecting step, energy  2.992E-05 higher
 Energy calculation finished, energy: -1.133930494E+03
 QM energy (a.u.):   -1215.27421403213     
 XREF energy (a.u.):    81.3436068776333     
 R(factor) =   0.228332000000000         R(free) =   0.214091000000000     
 Rejecting step, energy  1.107E-04 higher
 Energy calculation finished, energy: -1.133930607E+03
 QM energy (a.u.):   -1215.27419474233     
 XREF energy (a.u.):    81.3436035755785     
 R(factor) =   0.228332000000000         R(free) =   0.214091000000000     
Testing convergence  in cycle  164
    Energy  2.0900E-06 Target: 1.0000E-05 converged?  yes
  Max step  1.8419E-04 Target: 1.8000E-02 converged?  yes component    90
  RMS step  4.4093E-05 Target: 1.2000E-02 converged?  yes
  Max grad  4.4909E-03 Target: 4.5000E-03 converged?  yes component    27
  RMS grad  1.2942E-03 Target: 3.0000E-03 converged?  yes
Convergence reached

 Optimisation converged
 ----------------------
 Final converged energy:   -1133.930607150000


DL-FIND Report:
===============
Optimisation algorithm: L-BFGS
Number of steps in L-BFGS memory ...............        100
 
Trust radius based on energy
Maximum step length ............................  5.000E-02
 
Coordinate system: Cartesian coordinates
 
Number of atoms ................................       3681
Number of input geometries .....................          1
Variables to be optimised ......................        177
No restart information is written
This run has not been restarted.
Number of energy evaluations on this processor .        164
Number of steps ................................        164
Number of accepted steps / line searches .......         43
 

Timing report
=============
Module                                      CPU time            Wall clock time
Total .................................    18.897 (100.00%)  7628.849 (100.00%) seconds
Energy and Gradient ...................     1.235 (  6.54%)     1.607 (  0.02%) seconds
Step direction ........................     1.461 (  7.73%)     3.087 (  0.04%) seconds
Coordinate transformation .............     0.076 (  0.40%)     0.077 (  0.00%) seconds
Checkpoint file I/O ...................     0.000 (  0.00%)     0.000 (  0.00%) seconds
XYZ-file I/O ..........................     0.000 (  0.00%)     0.000 (  0.00%) seconds
Maximum memory usage ........................... 7.2907E+03 kB
Tue Jan  9 15:04:44 CST 2024
