This job is running on host node34
Current directory: /share/home/chem-zhonglh/yanzy/QR/NC_more/1xoz/SEMM_R1
Sun Dec 24 01:24:08 CST 2023
 using Gaussian + CNS
 QM energy (a.u.):   -80.1273393893950     
 XREF energy (a.u.):    125.526464950711     
 R(factor) =   0.229234000000000         R(free) =   0.217764000000000     
 External sizes:       19170           1       12780

***********************************************************************
**                                                                   **
**                       ---------------------                       **
**                              DL-FIND                              **
**                       Geometry Optimisation                       **
**                       ---------------------                       **
**                                                                   **
**                 J. Kaestner, J.M. Carr, T.W. Keal,                **
**                W. Thiel, A. Wander and P. Sherwood                **
**                                                                   **
**              J. Phys. Chem. A, 2009, 113 (43), 11856.             **
**                                                                   **
**   Please include this reference in published work using DL-FIND.  **
**                                                                   **
**               Copyright:  STFC Daresbury Laboratory               **
**                           Revision: Unversioned directory         **
**                                                                   **
***********************************************************************


DL-FIND Report:
===============
Optimisation algorithm: L-BFGS
Number of steps in L-BFGS memory ...............        100
 
Trust radius based on energy
Maximum step length ............................  5.000E-02
 
Coordinate system: Cartesian coordinates
 
Number of atoms ................................       6390
Number of input geometries .....................          1
Variables to be optimised ......................        144
No restart information is written
This run has not been restarted.
Maximum number of steps ........................       2000
Maximum number of energy evaluations ...........      10000
 
 Energy calculation finished, energy:  4.539912556E+01
 QM energy (a.u.):   -80.1273393893950     
 XREF energy (a.u.):    125.526464949629     
 R(factor) =   0.229234000000000         R(free) =   0.217764000000000     
Testing convergence  in cycle    1
  Max grad  1.1825E-02 Target: 4.5000E-03 converged?   no component    52
  RMS grad  3.6975E-03 Target: 3.0000E-03 converged?   no
 Predicted step length 2.0000E-02
 Trust radius          5.0000E-02
 Energy calculation finished, energy:  4.539912556E+01
 QM energy (a.u.):   -80.1286666138520     
 XREF energy (a.u.):    125.526277196508     
 R(factor) =   0.229221000000000         R(free) =   0.217768000000000     
 Rejecting step, energy  0.000E+00 higher
 Energy calculation finished, energy:  4.539761058E+01
 QM energy (a.u.):   -80.1281136671320     
 XREF energy (a.u.):    125.526383143380     
 R(factor) =   0.229217000000000         R(free) =   0.217767000000000     
Testing convergence  in cycle    3
    Energy  1.5150E-03 Target: 1.0000E-05 converged?   no
  Max step  2.6650E-03 Target: 1.8000E-02 converged?  yes component    52
  RMS step  8.3333E-04 Target: 1.2000E-02 converged?  yes
  Max grad  6.7243E-03 Target: 4.5000E-03 converged?   no component    52
  RMS grad  1.9076E-03 Target: 3.0000E-03 converged?  yes
 Predicted step length 1.3006E-02
 Trust radius          2.0000E-02
 Energy calculation finished, energy:  4.539826948E+01
 QM energy (a.u.):   -80.1288179102350     
 XREF energy (a.u.):    125.526374781245     
 R(factor) =   0.229221000000000         R(free) =   0.217768000000000     
 Rejecting step, energy  6.589E-04 higher
 Energy calculation finished, energy:  4.539755687E+01
 QM energy (a.u.):   -80.1284909094000     
 XREF energy (a.u.):    125.526375726372     
 R(factor) =   0.229219000000000         R(free) =   0.217767000000000     
Testing convergence  in cycle    5
    Energy  5.3710E-05 Target: 1.0000E-05 converged?   no
  Max step  1.9194E-03 Target: 1.8000E-02 converged?  yes component    52
  RMS step  5.4190E-04 Target: 1.2000E-02 converged?  yes
  Max grad  5.6402E-03 Target: 4.5000E-03 converged?   no component    52
  RMS grad  1.9499E-03 Target: 3.0000E-03 converged?  yes
 Predicted step length 1.8651E-01
 Trust radius          1.3006E-02
 Energy calculation finished, energy:  4.539788482E+01
 QM energy (a.u.):   -80.1291164342440     
 XREF energy (a.u.):    125.527435173192     
 R(factor) =   0.229223000000000         R(free) =   0.217769000000000     
 Rejecting step, energy  3.279E-04 higher
 Energy calculation finished, energy:  4.539831874E+01
 QM energy (a.u.):   -80.1288298107220     
 XREF energy (a.u.):    125.526360939266     
 R(factor) =   0.229221000000000         R(free) =   0.217768000000000     
 Rejecting step, energy  7.619E-04 higher
 Energy calculation finished, energy:  4.539753113E+01
 QM energy (a.u.):   -80.1286668844890     
 XREF energy (a.u.):    125.526367649327     
 R(factor) =   0.229220000000000         R(free) =   0.217768000000000     
Testing convergence  in cycle    8
    Energy  2.5740E-05 Target: 1.0000E-05 converged?   no
  Max step  9.4629E-04 Target: 1.8000E-02 converged?  yes component    52
  RMS step  2.7095E-04 Target: 1.2000E-02 converged?  yes
  Max grad  5.6825E-03 Target: 4.5000E-03 converged?   no component    52
  RMS grad  1.8969E-03 Target: 3.0000E-03 converged?  yes
 Predicted step length 5.7435E-01
 Trust radius          3.2514E-03
 Energy calculation finished, energy:  4.539770076E+01
 QM energy (a.u.):   -80.1288287069830     
 XREF energy (a.u.):    125.526362507943     
 R(factor) =   0.229221000000000         R(free) =   0.217768000000000     
 Rejecting step, energy  1.696E-04 higher
 Energy calculation finished, energy:  4.539753380E+01
 QM energy (a.u.):   -80.1287494273780     
 XREF energy (a.u.):    125.526365083480     
 R(factor) =   0.229221000000000         R(free) =   0.217768000000000     
 Rejecting step, energy  2.670E-06 higher
 Energy calculation finished, energy:  4.539761566E+01
 QM energy (a.u.):   -80.1287085636680     
 XREF energy (a.u.):    125.526366310193     
 R(factor) =   0.229220000000000         R(free) =   0.217768000000000     
 Rejecting step, energy  8.453E-05 higher
 Energy calculation finished, energy:  4.539765775E+01
 QM energy (a.u.):   -80.1286878258180     
 XREF energy (a.u.):    125.526366961884     
 R(factor) =   0.229220000000000         R(free) =   0.217768000000000     
 Rejecting step, energy  1.266E-04 higher
 Energy calculation finished, energy:  4.539767914E+01
 QM energy (a.u.):   -80.1286773807240     
 XREF energy (a.u.):    125.526367298805     
 R(factor) =   0.229220000000000         R(free) =   0.217768000000000     
 Rejecting step, energy  1.480E-04 higher
 Energy calculation finished, energy:  4.539768992E+01
 QM energy (a.u.):   -80.1286721392650     
 XREF energy (a.u.):    125.526367475132     
 R(factor) =   0.229220000000000         R(free) =   0.217768000000000     
 Rejecting step, energy  1.588E-04 higher
 Energy calculation finished, energy:  4.539769534E+01
 QM energy (a.u.):   -80.1286695127770     
 XREF energy (a.u.):    125.526367562839     
 R(factor) =   0.229220000000000         R(free) =   0.217768000000000     
 Rejecting step, energy  1.642E-04 higher
 Energy calculation finished, energy:  4.539769805E+01
 QM energy (a.u.):   -80.1286681991220     
 XREF energy (a.u.):    125.526367606480     
 R(factor) =   0.229220000000000         R(free) =   0.217768000000000     
 Rejecting step, energy  1.669E-04 higher
 Energy calculation finished, energy:  4.539769941E+01
 QM energy (a.u.):   -80.1286675415460     
 XREF energy (a.u.):    125.526367628147     
 R(factor) =   0.229220000000000         R(free) =   0.217768000000000     
 Rejecting step, energy  1.683E-04 higher
 Energy calculation finished, energy:  4.539770009E+01
 QM energy (a.u.):   -80.1286672128370     
 XREF energy (a.u.):    125.526367638113     
 R(factor) =   0.229220000000000         R(free) =   0.217768000000000     
 Rejecting step, energy  1.690E-04 higher
 Energy calculation finished, energy:  4.539770043E+01
 QM energy (a.u.):   -80.1286670490380     
 XREF energy (a.u.):    125.526367643568     
 R(factor) =   0.229220000000000         R(free) =   0.217768000000000     
 Rejecting step, energy  1.693E-04 higher
 Energy calculation finished, energy:  4.539770059E+01
 QM energy (a.u.):   -80.1286669671340     
 XREF energy (a.u.):    125.526367646649     
 R(factor) =   0.229220000000000         R(free) =   0.217768000000000     
 Rejecting step, energy  1.695E-04 higher
 Energy calculation finished, energy:  4.539770068E+01
 QM energy (a.u.):   -80.1286669256450     
 XREF energy (a.u.):    125.526367648398     
 R(factor) =   0.229220000000000         R(free) =   0.217768000000000     
 Rejecting step, energy  1.696E-04 higher
 Energy calculation finished, energy:  4.539770072E+01
 QM energy (a.u.):   -80.1286669046790     
 XREF energy (a.u.):    125.526367648578     
 R(factor) =   0.229220000000000         R(free) =   0.217768000000000     
 Rejecting step, energy  1.696E-04 higher
 Energy calculation finished, energy:  4.539770074E+01
 QM energy (a.u.):   -80.1286668949100     
 XREF energy (a.u.):    125.526367649402     
 R(factor) =   0.229220000000000         R(free) =   0.217768000000000     
 Rejecting step, energy  1.696E-04 higher
 Step too small, restarting optimiser.
Testing convergence  in cycle   23
    Energy  1.6961E-04 Target: 1.0000E-05 converged?   no
  Max step  2.8921E-08 Target: 1.8000E-02 converged?  yes component    52
  RMS step  8.2687E-09 Target: 1.2000E-02 converged?  yes
  Max grad  6.5678E-03 Target: 4.5000E-03 converged?   no component    52
  RMS grad  2.0953E-03 Target: 3.0000E-03 converged?  yes
 Predicted step length 2.0000E-02
 Trust radius          5.0000E-02
 Energy calculation finished, energy:  4.539770075E+01
 QM energy (a.u.):   -80.1294276124850     
 XREF energy (a.u.):    125.526247600905     
 R(factor) =   0.229225000000000         R(free) =   0.217771000000000     
 Rejecting step, energy  1.000E-08 higher
 Energy calculation finished, energy:  4.539681999E+01
 QM energy (a.u.):   -80.1291299100040     
 XREF energy (a.u.):    125.526295831153     
 R(factor) =   0.229223000000000         R(free) =   0.217769000000000     
Testing convergence  in cycle   25
    Energy  8.8075E-04 Target: 1.0000E-05 converged?   no
  Max step  2.6121E-03 Target: 1.8000E-02 converged?  yes component    52
  RMS step  8.3333E-04 Target: 1.2000E-02 converged?  yes
  Max grad  3.8453E-03 Target: 4.5000E-03 converged?  yes component    48
  RMS grad  1.2996E-03 Target: 3.0000E-03 converged?  yes
 Predicted step length 9.9721E-03
 Trust radius          2.0000E-02
 Energy calculation finished, energy:  4.539716592E+01
 QM energy (a.u.):   -80.1294502139060     
 XREF energy (a.u.):    125.527414580202     
 R(factor) =   0.229224000000000         R(free) =   0.217771000000000     
 Rejecting step, energy  3.459E-04 higher
 Energy calculation finished, energy:  4.539796437E+01
 QM energy (a.u.):   -80.1292993240970     
 XREF energy (a.u.):    125.527413036143     
 R(factor) =   0.229223000000000         R(free) =   0.217770000000000     
 Rejecting step, energy  1.144E-03 higher
 Energy calculation finished, energy:  4.539811371E+01
 QM energy (a.u.):   -80.1292169304790     
 XREF energy (a.u.):    125.527412733898     
 R(factor) =   0.229223000000000         R(free) =   0.217770000000000     
 Rejecting step, energy  1.294E-03 higher
 Energy calculation finished, energy:  4.539819580E+01
 QM energy (a.u.):   -80.1291739988660     
 XREF energy (a.u.):    125.526302148305     
 R(factor) =   0.229223000000000         R(free) =   0.217769000000000     
 Rejecting step, energy  1.376E-03 higher
 Energy calculation finished, energy:  4.539712815E+01
 QM energy (a.u.):   -80.1291520987210     
 XREF energy (a.u.):    125.526298955511     
 R(factor) =   0.229223000000000         R(free) =   0.217769000000000     
 Rejecting step, energy  3.082E-04 higher
 Energy calculation finished, energy:  4.539714686E+01
 QM energy (a.u.):   -80.1291410404270     
 XREF energy (a.u.):    125.526297361349     
 R(factor) =   0.229223000000000         R(free) =   0.217769000000000     
 Rejecting step, energy  3.269E-04 higher
 Energy calculation finished, energy:  4.539715632E+01
 QM energy (a.u.):   -80.1291354833970     
 XREF energy (a.u.):    125.526296604393     
 R(factor) =   0.229223000000000         R(free) =   0.217769000000000     
 Rejecting step, energy  3.363E-04 higher
 Energy calculation finished, energy:  4.539716112E+01
 QM energy (a.u.):   -80.1291326991010     
 XREF energy (a.u.):    125.526296212530     
 R(factor) =   0.229223000000000         R(free) =   0.217769000000000     
 Rejecting step, energy  3.411E-04 higher
 Energy calculation finished, energy:  4.539716351E+01
 QM energy (a.u.):   -80.1291313043580     
 XREF energy (a.u.):    125.526296021532     
 R(factor) =   0.229223000000000         R(free) =   0.217769000000000     
 Rejecting step, energy  3.435E-04 higher
 Energy calculation finished, energy:  4.539716472E+01
 QM energy (a.u.):   -80.1291306072020     
 XREF energy (a.u.):    125.526295925789     
 R(factor) =   0.229223000000000         R(free) =   0.217769000000000     
 Rejecting step, energy  3.447E-04 higher
 Energy calculation finished, energy:  4.539716532E+01
 QM energy (a.u.):   -80.1291302589400     
 XREF energy (a.u.):    125.526295877871     
 R(factor) =   0.229223000000000         R(free) =   0.217769000000000     
 Rejecting step, energy  3.453E-04 higher
 Energy calculation finished, energy:  4.539716562E+01
 QM energy (a.u.):   -80.1291300834060     
 XREF energy (a.u.):    125.526295854400     
 R(factor) =   0.229223000000000         R(free) =   0.217769000000000     
 Rejecting step, energy  3.456E-04 higher
 Energy calculation finished, energy:  4.539716577E+01
 QM energy (a.u.):   -80.1291299967690     
 XREF energy (a.u.):    125.526295842236     
 R(factor) =   0.229223000000000         R(free) =   0.217769000000000     
 Rejecting step, energy  3.458E-04 higher
 Energy calculation finished, energy:  4.539716585E+01
 QM energy (a.u.):   -80.1291299532830     
 XREF energy (a.u.):    125.526295836496     
 R(factor) =   0.229223000000000         R(free) =   0.217769000000000     
 Rejecting step, energy  3.459E-04 higher
 Energy calculation finished, energy:  4.539716588E+01
 QM energy (a.u.):   -80.1291299317410     
 XREF energy (a.u.):    125.526295833886     
 R(factor) =   0.229223000000000         R(free) =   0.217769000000000     
 Rejecting step, energy  3.459E-04 higher
 Energy calculation finished, energy:  4.539716590E+01
 QM energy (a.u.):   -80.1291299203500     
 XREF energy (a.u.):    125.526295831910     
 R(factor) =   0.229223000000000         R(free) =   0.217769000000000     
 Rejecting step, energy  3.459E-04 higher
 Energy calculation finished, energy:  4.539716591E+01
 QM energy (a.u.):   -80.1291299153260     
 XREF energy (a.u.):    125.526295831404     
 R(factor) =   0.229223000000000         R(free) =   0.217769000000000     
 Rejecting step, energy  3.459E-04 higher
 Step too small, restarting optimiser.
Testing convergence  in cycle   42
    Energy  3.4592E-04 Target: 1.0000E-05 converged?   no
  Max step  1.7231E-08 Target: 1.8000E-02 converged?  yes component   144
  RMS step  6.3401E-09 Target: 1.2000E-02 converged?  yes
  Max grad  4.2147E-03 Target: 4.5000E-03 converged?  yes component    52
  RMS grad  1.4273E-03 Target: 3.0000E-03 converged?  yes
 Predicted step length 2.0000E-02
 Trust radius          5.0000E-02
 Energy calculation finished, energy:  4.539716592E+01
 QM energy (a.u.):   -80.1297372740250     
 XREF energy (a.u.):    125.527420116449     
 R(factor) =   0.229226000000000         R(free) =   0.217772000000000     
 Rejecting step, energy  1.000E-08 higher
 Energy calculation finished, energy:  4.539768284E+01
 QM energy (a.u.):   -80.1294752749390     
 XREF energy (a.u.):    125.527411385907     
 R(factor) =   0.229224000000000         R(free) =   0.217771000000000     
 Rejecting step, energy  5.169E-04 higher
 Energy calculation finished, energy:  4.539793611E+01
 QM energy (a.u.):   -80.1293129913890     
 XREF energy (a.u.):    125.527410989201     
 R(factor) =   0.229224000000000         R(free) =   0.217770000000000     
 Rejecting step, energy  7.702E-04 higher
 Energy calculation finished, energy:  4.539809800E+01
 QM energy (a.u.):   -80.1292240488030     
 XREF energy (a.u.):    125.526298802151     
 R(factor) =   0.229223000000000         R(free) =   0.217770000000000     
 Rejecting step, energy  9.321E-04 higher
 Energy calculation finished, energy:  4.539707475E+01
 QM energy (a.u.):   -80.1291776287690     
 XREF energy (a.u.):    125.526297181125     
 R(factor) =   0.229223000000000         R(free) =   0.217770000000000     
Testing convergence  in cycle   47
    Energy  9.1160E-05 Target: 1.0000E-05 converged?   no
  Max step  3.0760E-04 Target: 1.8000E-02 converged?  yes component    52
  RMS step  1.0417E-04 Target: 1.2000E-02 converged?  yes
  Max grad  3.6788E-03 Target: 4.5000E-03 converged?  yes component    52
  RMS grad  1.3270E-03 Target: 3.0000E-03 converged?  yes
 Predicted step length 2.5153E-02
 Trust radius          2.5000E-03
 Energy calculation finished, energy:  4.539711955E+01
 QM energy (a.u.):   -80.1292606655950     
 XREF energy (a.u.):    125.527408398086     
 R(factor) =   0.229223000000000         R(free) =   0.217770000000000     
 Rejecting step, energy  4.480E-05 higher
 Energy calculation finished, energy:  4.539814773E+01
 QM energy (a.u.):   -80.1292195022230     
 XREF energy (a.u.):    125.526301041456     
 R(factor) =   0.229223000000000         R(free) =   0.217770000000000     
 Rejecting step, energy  1.073E-03 higher
 Energy calculation finished, energy:  4.539708154E+01
 QM energy (a.u.):   -80.1291986546880     
 XREF energy (a.u.):    125.526299050512     
 R(factor) =   0.229223000000000         R(free) =   0.217770000000000     
 Rejecting step, energy  6.790E-06 higher
 Energy calculation finished, energy:  4.539710040E+01
 QM energy (a.u.):   -80.1291881645280     
 XREF energy (a.u.):    125.526298125982     
 R(factor) =   0.229223000000000         R(free) =   0.217770000000000     
 Rejecting step, energy  2.565E-05 higher
 Energy calculation finished, energy:  4.539710996E+01
 QM energy (a.u.):   -80.1291829023290     
 XREF energy (a.u.):    125.526297640838     
 R(factor) =   0.229223000000000         R(free) =   0.217770000000000     
 Rejecting step, energy  3.521E-05 higher
 Energy calculation finished, energy:  4.539711474E+01
 QM energy (a.u.):   -80.1291802672660     
 XREF energy (a.u.):    125.526297407369     
 R(factor) =   0.229223000000000         R(free) =   0.217770000000000     
 Rejecting step, energy  3.999E-05 higher
 Energy calculation finished, energy:  4.539711714E+01
 QM energy (a.u.):   -80.1291789482700     
 XREF energy (a.u.):    125.526297302926     
 R(factor) =   0.229223000000000         R(free) =   0.217770000000000     
 Rejecting step, energy  4.239E-05 higher
 Energy calculation finished, energy:  4.539711835E+01
 QM energy (a.u.):   -80.1291782894540     
 XREF energy (a.u.):    125.526297239893     
 R(factor) =   0.229223000000000         R(free) =   0.217770000000000     
 Rejecting step, energy  4.360E-05 higher
 Energy calculation finished, energy:  4.539711895E+01
 QM energy (a.u.):   -80.1291779590440     
 XREF energy (a.u.):    125.526297210625     
 R(factor) =   0.229223000000000         R(free) =   0.217770000000000     
 Rejecting step, energy  4.420E-05 higher
 Energy calculation finished, energy:  4.539711925E+01
 QM energy (a.u.):   -80.1291777937220     
 XREF energy (a.u.):    125.526297195927     
 R(factor) =   0.229223000000000         R(free) =   0.217770000000000     
 Rejecting step, energy  4.450E-05 higher
 Energy calculation finished, energy:  4.539711940E+01
 QM energy (a.u.):   -80.1291777112450     
 XREF energy (a.u.):    125.526297188827     
 R(factor) =   0.229223000000000         R(free) =   0.217770000000000     
 Rejecting step, energy  4.465E-05 higher
 Energy calculation finished, energy:  4.539711948E+01
 QM energy (a.u.):   -80.1291776706480     
 XREF energy (a.u.):    125.526297185619     
 R(factor) =   0.229223000000000         R(free) =   0.217770000000000     
 Rejecting step, energy  4.473E-05 higher
 Energy calculation finished, energy:  4.539711951E+01
 QM energy (a.u.):   -80.1291776498730     
 XREF energy (a.u.):    125.526297182711     
 R(factor) =   0.229223000000000         R(free) =   0.217770000000000     
 Rejecting step, energy  4.476E-05 higher
 Energy calculation finished, energy:  4.539711953E+01
 QM energy (a.u.):   -80.1291776397760     
 XREF energy (a.u.):    125.526297182713     
 R(factor) =   0.229223000000000         R(free) =   0.217770000000000     
 Rejecting step, energy  4.478E-05 higher
 Energy calculation finished, energy:  4.539711954E+01
 QM energy (a.u.):   -80.1291776341820     
 XREF energy (a.u.):    125.526297181741     
 R(factor) =   0.229223000000000         R(free) =   0.217770000000000     
 Rejecting step, energy  4.479E-05 higher
 Step too small, restarting optimiser.
Testing convergence  in cycle   62
    Energy  4.4790E-05 Target: 1.0000E-05 converged?   no
  Max step  1.7674E-08 Target: 1.8000E-02 converged?  yes component   121
  RMS step  6.3578E-09 Target: 1.2000E-02 converged?  yes
  Max grad  3.9466E-03 Target: 4.5000E-03 converged?  yes component    52
  RMS grad  1.3763E-03 Target: 3.0000E-03 converged?  yes
 Predicted step length 2.0000E-02
 Trust radius          5.0000E-02
 Energy calculation finished, energy:  4.539711955E+01
 QM energy (a.u.):   -80.1297710293110     
 XREF energy (a.u.):    125.527418986536     
 R(factor) =   0.229226000000000         R(free) =   0.217773000000000     
 Rejecting step, energy  1.000E-08 higher
 Energy calculation finished, energy:  4.539764796E+01
 QM energy (a.u.):   -80.1295134003620     
 XREF energy (a.u.):    125.527410599335     
 R(factor) =   0.229225000000000         R(free) =   0.217771000000000     
 Rejecting step, energy  5.284E-04 higher
 Energy calculation finished, energy:  4.539789720E+01
 QM energy (a.u.):   -80.1293552647050     
 XREF energy (a.u.):    125.527410211767     
 R(factor) =   0.229224000000000         R(free) =   0.217770000000000     
 Rejecting step, energy  7.777E-04 higher
 Energy calculation finished, energy:  4.539805495E+01
 QM energy (a.u.):   -80.1292688823730     
 XREF energy (a.u.):    125.527410944635     
 R(factor) =   0.229223000000000         R(free) =   0.217770000000000     
 Rejecting step, energy  9.354E-04 higher
 Energy calculation finished, energy:  4.539814206E+01
 QM energy (a.u.):   -80.1292238652320     
 XREF energy (a.u.):    125.526299032729     
 R(factor) =   0.229223000000000         R(free) =   0.217770000000000     
 Rejecting step, energy  1.023E-03 higher
 Energy calculation finished, energy:  4.539707517E+01
 QM energy (a.u.):   -80.1292009002290     
 XREF energy (a.u.):    125.526298079852     
 R(factor) =   0.229223000000000         R(free) =   0.217770000000000     
Testing convergence  in cycle   68
    Energy  4.4370E-05 Target: 1.0000E-05 converged?   no
  Max step  1.4935E-04 Target: 1.8000E-02 converged?  yes component    52
  RMS step  5.2083E-05 Target: 1.2000E-02 converged?  yes
  Max grad  3.6897E-03 Target: 4.5000E-03 converged?  yes component    52
  RMS grad  1.3283E-03 Target: 3.0000E-03 converged?  yes
 Predicted step length 2.6456E-02
 Trust radius          1.2500E-03
 Energy calculation finished, energy:  4.539709718E+01
 QM energy (a.u.):   -80.1292418551080     
 XREF energy (a.u.):    125.527409585008     
 R(factor) =   0.229223000000000         R(free) =   0.217770000000000     
 Rejecting step, energy  2.201E-05 higher
 Energy calculation finished, energy:  4.539816773E+01
 QM energy (a.u.):   -80.1292214624480     
 XREF energy (a.u.):    125.526300068745     
 R(factor) =   0.229223000000000         R(free) =   0.217770000000000     
 Rejecting step, energy  1.093E-03 higher
 Energy calculation finished, energy:  4.539707861E+01
 QM energy (a.u.):   -80.1292112025730     
 XREF energy (a.u.):    125.526299072560     
 R(factor) =   0.229223000000000         R(free) =   0.217770000000000     
 Rejecting step, energy  3.440E-06 higher
 Energy calculation finished, energy:  4.539708787E+01
 QM energy (a.u.):   -80.1292060568570     
 XREF energy (a.u.):    125.526298572954     
 R(factor) =   0.229223000000000         R(free) =   0.217770000000000     
 Rejecting step, energy  1.270E-05 higher
 Energy calculation finished, energy:  4.539709252E+01
 QM energy (a.u.):   -80.1292034800580     
 XREF energy (a.u.):    125.526298326781     
 R(factor) =   0.229223000000000         R(free) =   0.217770000000000     
 Rejecting step, energy  1.735E-05 higher
 Energy calculation finished, energy:  4.539709485E+01
 QM energy (a.u.):   -80.1292021901260     
 XREF energy (a.u.):    125.526298203694     
 R(factor) =   0.229223000000000         R(free) =   0.217770000000000     
 Rejecting step, energy  1.968E-05 higher
 Energy calculation finished, energy:  4.539709601E+01
 QM energy (a.u.):   -80.1292015455980     
 XREF energy (a.u.):    125.526298140975     
 R(factor) =   0.229223000000000         R(free) =   0.217770000000000     
 Rejecting step, energy  2.084E-05 higher
 Energy calculation finished, energy:  4.539709660E+01
 QM energy (a.u.):   -80.1292012233130     
 XREF energy (a.u.):    125.526298110985     
 R(factor) =   0.229223000000000         R(free) =   0.217770000000000     
 Rejecting step, energy  2.143E-05 higher
 Energy calculation finished, energy:  4.539709689E+01
 QM energy (a.u.):   -80.1292010617940     
 XREF energy (a.u.):    125.526298095582     
 R(factor) =   0.229223000000000         R(free) =   0.217770000000000     
 Rejecting step, energy  2.172E-05 higher
 Energy calculation finished, energy:  4.539709703E+01
 QM energy (a.u.):   -80.1292009806280     
 XREF energy (a.u.):    125.526298087332     
 R(factor) =   0.229223000000000         R(free) =   0.217770000000000     
 Rejecting step, energy  2.186E-05 higher
 Energy calculation finished, energy:  4.539709711E+01
 QM energy (a.u.):   -80.1292009406120     
 XREF energy (a.u.):    125.526298083591     
 R(factor) =   0.229223000000000         R(free) =   0.217770000000000     
 Rejecting step, energy  2.194E-05 higher
 Energy calculation finished, energy:  4.539709714E+01
 QM energy (a.u.):   -80.1292009205860     
 XREF energy (a.u.):    125.526298082158     
 R(factor) =   0.229223000000000         R(free) =   0.217770000000000     
 Rejecting step, energy  2.197E-05 higher
 Energy calculation finished, energy:  4.539709716E+01
 QM energy (a.u.):   -80.1292009111800     
 XREF energy (a.u.):    125.526298080832     
 R(factor) =   0.229223000000000         R(free) =   0.217770000000000     
 Rejecting step, energy  2.199E-05 higher
 Energy calculation finished, energy:  4.539709717E+01
 QM energy (a.u.):   -80.1292009058400     
 XREF energy (a.u.):    125.526298080988     
 R(factor) =   0.229223000000000         R(free) =   0.217770000000000     
 Rejecting step, energy  2.200E-05 higher
 Step too small, restarting optimiser.
Testing convergence  in cycle   82
    Energy  2.2000E-05 Target: 1.0000E-05 converged?   no
  Max step  1.7913E-08 Target: 1.8000E-02 converged?  yes component   121
  RMS step  6.3578E-09 Target: 1.2000E-02 converged?  yes
  Max grad  3.8182E-03 Target: 4.5000E-03 converged?  yes component    52
  RMS grad  1.3521E-03 Target: 3.0000E-03 converged?  yes
 Predicted step length 2.0000E-02
 Trust radius          5.0000E-02
 Energy calculation finished, energy:  4.539709718E+01
 QM energy (a.u.):   -80.1297875005120     
 XREF energy (a.u.):    125.527417998190     
 R(factor) =   0.229226000000000         R(free) =   0.217773000000000     
 Rejecting step, energy  1.000E-08 higher
 Energy calculation finished, energy:  4.539763050E+01
 QM energy (a.u.):   -80.1295320590590     
 XREF energy (a.u.):    125.527410093920     
 R(factor) =   0.229225000000000         R(free) =   0.217771000000000     
 Rejecting step, energy  5.333E-04 higher
 Energy calculation finished, energy:  4.539787803E+01
 QM energy (a.u.):   -80.1293759263420     
 XREF energy (a.u.):    125.527409737937     
 R(factor) =   0.229224000000000         R(free) =   0.217770000000000     
 Rejecting step, energy  7.809E-04 higher
 Energy calculation finished, energy:  4.539803381E+01
 QM energy (a.u.):   -80.1292907734920     
 XREF energy (a.u.):    125.527410590718     
 R(factor) =   0.229223000000000         R(free) =   0.217770000000000     
 Rejecting step, energy  9.366E-04 higher
 Energy calculation finished, energy:  4.539811982E+01
 QM energy (a.u.):   -80.1292464278890     
 XREF energy (a.u.):    125.527411115034     
 R(factor) =   0.229223000000000         R(free) =   0.217770000000000     
 Rejecting step, energy  1.023E-03 higher
 Energy calculation finished, energy:  4.539816469E+01
 QM energy (a.u.):   -80.1292238129860     
 XREF energy (a.u.):    125.526299088252     
 R(factor) =   0.229223000000000         R(free) =   0.217770000000000     
 Rejecting step, energy  1.068E-03 higher
 Energy calculation finished, energy:  4.539707528E+01
 QM energy (a.u.):   -80.1292123950330     
 XREF energy (a.u.):    125.526298610126     
 R(factor) =   0.229223000000000         R(free) =   0.217770000000000     
Testing convergence  in cycle   89
    Energy  2.1890E-05 Target: 1.0000E-05 converged?   no
  Max step  7.3538E-05 Target: 1.8000E-02 converged?  yes component    52
  RMS step  2.6042E-05 Target: 1.2000E-02 converged?  yes
  Max grad  3.6925E-03 Target: 4.5000E-03 converged?  yes component    52
  RMS grad  1.3287E-03 Target: 3.0000E-03 converged?  yes
 Predicted step length 2.7102E-02
 Trust radius          6.2500E-04
 Energy calculation finished, energy:  4.539708622E+01
 QM energy (a.u.):   -80.1292327325030     
 XREF energy (a.u.):    125.527410404590     
 R(factor) =   0.229223000000000         R(free) =   0.217770000000000     
 Rejecting step, energy  1.094E-05 higher
 Energy calculation finished, energy:  4.539817767E+01
 QM energy (a.u.):   -80.1292225841740     
 XREF energy (a.u.):    125.526299572237     
 R(factor) =   0.229223000000000         R(free) =   0.217770000000000     
 Rejecting step, energy  1.102E-03 higher
 Energy calculation finished, energy:  4.539707699E+01
 QM energy (a.u.):   -80.1292174949350     
 XREF energy (a.u.):    125.526299110223     
 R(factor) =   0.229223000000000         R(free) =   0.217770000000000     
 Rejecting step, energy  1.710E-06 higher
 Energy calculation finished, energy:  4.539708162E+01
 QM energy (a.u.):   -80.1292149458760     
 XREF energy (a.u.):    125.526298855562     
 R(factor) =   0.229223000000000         R(free) =   0.217770000000000     
 Rejecting step, energy  6.340E-06 higher
 Energy calculation finished, energy:  4.539708391E+01
 QM energy (a.u.):   -80.1292136708800     
 XREF energy (a.u.):    125.526298736837     
 R(factor) =   0.229223000000000         R(free) =   0.217770000000000     
 Rejecting step, energy  8.630E-06 higher
 Energy calculation finished, energy:  4.539708507E+01
 QM energy (a.u.):   -80.1292130324310     
 XREF energy (a.u.):    125.526298673805     
 R(factor) =   0.229223000000000         R(free) =   0.217770000000000     
 Rejecting step, energy  9.790E-06 higher
 Energy calculation finished, energy:  4.539708564E+01
 QM energy (a.u.):   -80.1292127129980     
 XREF energy (a.u.):    125.526298642419     
 R(factor) =   0.229223000000000         R(free) =   0.217770000000000     
 Rejecting step, energy  1.036E-05 higher
 Energy calculation finished, energy:  4.539708593E+01
 QM energy (a.u.):   -80.1292125543610     
 XREF energy (a.u.):    125.526298626968     
 R(factor) =   0.229223000000000         R(free) =   0.217770000000000     
 Rejecting step, energy  1.065E-05 higher
 Energy calculation finished, energy:  4.539708607E+01
 QM energy (a.u.):   -80.1292124743980     
 XREF energy (a.u.):    125.526298619057     
 R(factor) =   0.229223000000000         R(free) =   0.217770000000000     
 Rejecting step, energy  1.079E-05 higher
 Energy calculation finished, energy:  4.539708614E+01
 QM energy (a.u.):   -80.1292124350610     
 XREF energy (a.u.):    125.526298613879     
 R(factor) =   0.229223000000000         R(free) =   0.217770000000000     
 Rejecting step, energy  1.086E-05 higher
 Energy calculation finished, energy:  4.539708618E+01
 QM energy (a.u.):   -80.1292124158440     
 XREF energy (a.u.):    125.526298611465     
 R(factor) =   0.229223000000000         R(free) =   0.217770000000000     
 Rejecting step, energy  1.090E-05 higher
 Energy calculation finished, energy:  4.539708620E+01
 QM energy (a.u.):   -80.1292124045410     
 XREF energy (a.u.):    125.526298611035     
 R(factor) =   0.229223000000000         R(free) =   0.217770000000000     
 Rejecting step, energy  1.092E-05 higher
 Energy calculation finished, energy:  4.539708621E+01
 QM energy (a.u.):   -80.1292124001430     
 XREF energy (a.u.):    125.526298609857     
 R(factor) =   0.229223000000000         R(free) =   0.217770000000000     
 Rejecting step, energy  1.093E-05 higher
 Step too small, restarting optimiser.
Testing convergence  in cycle  102
    Energy  1.0930E-05 Target: 1.0000E-05 converged?   no
  Max step  1.8029E-08 Target: 1.8000E-02 converged?  yes component   121
  RMS step  6.3578E-09 Target: 1.2000E-02 converged?  yes
  Max grad  3.7554E-03 Target: 4.5000E-03 converged?  yes component    52
  RMS grad  1.3403E-03 Target: 3.0000E-03 converged?  yes
 Predicted step length 2.0000E-02
 Trust radius          5.0000E-02
 Energy calculation finished, energy:  4.539708621E+01
 QM energy (a.u.):   -80.1297956408150     
 XREF energy (a.u.):    125.527417527044     
 R(factor) =   0.229226000000000         R(free) =   0.217773000000000     
 Rejecting step, energy  0.000E+00 higher
 Energy calculation finished, energy:  4.539762189E+01
 QM energy (a.u.):   -80.1295412901450     
 XREF energy (a.u.):    125.527409795800     
 R(factor) =   0.229225000000000         R(free) =   0.217771000000000     
 Rejecting step, energy  5.357E-04 higher
 Energy calculation finished, energy:  4.539786851E+01
 QM energy (a.u.):   -80.1293861433130     
 XREF energy (a.u.):    125.527409562866     
 R(factor) =   0.229224000000000         R(free) =   0.217770000000000     
 Rejecting step, energy  7.823E-04 higher
 Energy calculation finished, energy:  4.539802342E+01
 QM energy (a.u.):   -80.1293015930120     
 XREF energy (a.u.):    125.527410397087     
 R(factor) =   0.229223000000000         R(free) =   0.217770000000000     
 Rejecting step, energy  9.372E-04 higher
 Energy calculation finished, energy:  4.539810880E+01
 QM energy (a.u.):   -80.1292575748850     
 XREF energy (a.u.):    125.527410890618     
 R(factor) =   0.229223000000000         R(free) =   0.217770000000000     
 Rejecting step, energy  1.023E-03 higher
 Energy calculation finished, energy:  4.539815332E+01
 QM energy (a.u.):   -80.1292351308460     
 XREF energy (a.u.):    125.527411280147     
 R(factor) =   0.229223000000000         R(free) =   0.217770000000000     
 Rejecting step, energy  1.067E-03 higher
 Energy calculation finished, energy:  4.539817615E+01
 QM energy (a.u.):   -80.1292238006300     
 XREF energy (a.u.):    125.526299102178     
 R(factor) =   0.229223000000000         R(free) =   0.217770000000000     
 Rejecting step, energy  1.090E-03 higher
 Energy calculation finished, energy:  4.539707530E+01
 QM energy (a.u.):   -80.1292181078060     
 XREF energy (a.u.):    125.526298855033     
 R(factor) =   0.229223000000000         R(free) =   0.217770000000000     
Testing convergence  in cycle  110
    Energy  1.0910E-05 Target: 1.0000E-05 converged?   no
  Max step  3.6482E-05 Target: 1.8000E-02 converged?  yes component    52
  RMS step  1.3021E-05 Target: 1.2000E-02 converged?  yes
  Max grad  3.6932E-03 Target: 4.5000E-03 converged?  yes component    52
  RMS grad  1.3287E-03 Target: 3.0000E-03 converged?  yes
 Predicted step length 2.7429E-02
 Trust radius          1.5625E-04
 Energy calculation finished, energy:  4.539708075E+01
 QM energy (a.u.):   -80.1292231799210     
 XREF energy (a.u.):    125.526299361340     
 R(factor) =   0.229223000000000         R(free) =   0.217770000000000     
 Rejecting step, energy  5.450E-06 higher
 Energy calculation finished, energy:  4.539707618E+01
 QM energy (a.u.):   -80.1292206453090     
 XREF energy (a.u.):    125.526299102998     
 R(factor) =   0.229223000000000         R(free) =   0.217770000000000     
 Rejecting step, energy  8.800E-07 higher
 Energy calculation finished, energy:  4.539707846E+01
 QM energy (a.u.):   -80.1292193772640     
 XREF energy (a.u.):    125.526298983635     
 R(factor) =   0.229223000000000         R(free) =   0.217770000000000     
 Rejecting step, energy  3.160E-06 higher
 Energy calculation finished, energy:  4.539707961E+01
 QM energy (a.u.):   -80.1292187417300     
 XREF energy (a.u.):    125.526298919494     
 R(factor) =   0.229223000000000         R(free) =   0.217770000000000     
 Rejecting step, energy  4.310E-06 higher
 Energy calculation finished, energy:  4.539708018E+01
 QM energy (a.u.):   -80.1292184254110     
 XREF energy (a.u.):    125.526298887877     
 R(factor) =   0.229223000000000         R(free) =   0.217770000000000     
 Rejecting step, energy  4.880E-06 higher
 Energy calculation finished, energy:  4.539708046E+01
 QM energy (a.u.):   -80.1292182667120     
 XREF energy (a.u.):    125.526298871519     
 R(factor) =   0.229223000000000         R(free) =   0.217770000000000     
 Rejecting step, energy  5.160E-06 higher
 Energy calculation finished, energy:  4.539708060E+01
 QM energy (a.u.):   -80.1292181874970     
 XREF energy (a.u.):    125.526298863167     
 R(factor) =   0.229223000000000         R(free) =   0.217770000000000     
 Rejecting step, energy  5.300E-06 higher
 Energy calculation finished, energy:  4.539708068E+01
 QM energy (a.u.):   -80.1292181474590     
 XREF energy (a.u.):    125.526298860174     
 R(factor) =   0.229223000000000         R(free) =   0.217770000000000     
 Rejecting step, energy  5.380E-06 higher
 Energy calculation finished, energy:  4.539708071E+01
 QM energy (a.u.):   -80.1292181274920     
 XREF energy (a.u.):    125.526298857251     
 R(factor) =   0.229223000000000         R(free) =   0.217770000000000     
 Rejecting step, energy  5.410E-06 higher
 Energy calculation finished, energy:  4.539708073E+01
 QM energy (a.u.):   -80.1292181181770     
 XREF energy (a.u.):    125.526298855831     
 R(factor) =   0.229223000000000         R(free) =   0.217770000000000     
 Rejecting step, energy  5.430E-06 higher
 Energy calculation finished, energy:  4.539708074E+01
 QM energy (a.u.):   -80.1292181132310     
 XREF energy (a.u.):    125.526298855583     
 R(factor) =   0.229223000000000         R(free) =   0.217770000000000     
 Rejecting step, energy  5.440E-06 higher
 Step too small, restarting optimiser.
Testing convergence  in cycle  121
    Energy  5.4400E-06 Target: 1.0000E-05 converged?  yes
  Max step  1.8087E-08 Target: 1.8000E-02 converged?  yes component   121
  RMS step  6.3578E-09 Target: 1.2000E-02 converged?  yes
  Max grad  3.7242E-03 Target: 4.5000E-03 converged?  yes component    52
  RMS grad  1.3345E-03 Target: 3.0000E-03 converged?  yes
Convergence reached

 Optimisation converged
 ----------------------
 Final converged energy:      45.397080740000


DL-FIND Report:
===============
Optimisation algorithm: L-BFGS
Number of steps in L-BFGS memory ...............        100
 
Trust radius based on energy
Maximum step length ............................  5.000E-02
 
Coordinate system: Cartesian coordinates
 
Number of atoms ................................       6390
Number of input geometries .....................          1
Variables to be optimised ......................        144
No restart information is written
This run has not been restarted.
Number of energy evaluations on this processor .        121
Number of steps ................................        121
Number of accepted steps / line searches .......         15
 

Timing report
=============
Module                                      CPU time            Wall clock time
Total .................................    20.539 (100.00%)  4932.064 (100.00%) seconds
Energy and Gradient ...................     1.672 (  8.14%)     2.254 (  0.05%) seconds
Step direction ........................     0.208 (  1.01%)     0.376 (  0.01%) seconds
Coordinate transformation .............     0.104 (  0.51%)     0.102 (  0.00%) seconds
Checkpoint file I/O ...................     0.000 (  0.00%)     0.000 (  0.00%) seconds
XYZ-file I/O ..........................     0.000 (  0.00%)     0.000 (  0.00%) seconds
Maximum memory usage ........................... 1.2391E+04 kB
Sun Dec 24 02:47:10 CST 2023
