This job is running on host node35
Current directory: /home/chem-zhonglh/yanzy/QR_APP/5HLS/QRs/ANIONIOMSEMM_R1
Wed Nov  9 07:13:23 CST 2022
 using Gaussian + CNS
 QM energy (a.u.):   -1855.02467002345     
 XREF energy (a.u.):    71.0490126716164     
 R(factor) =   0.251586000000000         R(free) =   0.240322000000000     
 External sizes:        7857           1        5238

***********************************************************************
**                                                                   **
**                       ---------------------                       **
**                              DL-FIND                              **
**                       Geometry Optimisation                       **
**                       ---------------------                       **
**                                                                   **
**                 J. Kaestner, J.M. Carr, T.W. Keal,                **
**                W. Thiel, A. Wander and P. Sherwood                **
**                                                                   **
**              J. Phys. Chem. A, 2009, 113 (43), 11856.             **
**                                                                   **
**   Please include this reference in published work using DL-FIND.  **
**                                                                   **
**               Copyright:  STFC Daresbury Laboratory               **
**                           Revision: Unversioned directory         **
**                                                                   **
***********************************************************************


DL-FIND Report:
===============
Optimisation algorithm: L-BFGS
Number of steps in L-BFGS memory ...............        100
 
Trust radius based on energy
Maximum step length ............................  3.000E-02
 
Coordinate system: Cartesian coordinates
 
Number of atoms ................................       2619
Number of input geometries .....................          1
Variables to be optimised ......................        126
No restart information is written
This run has not been restarted.
Maximum number of steps ........................       5000
Maximum number of energy evaluations ...........      10000
 
 Energy calculation finished, energy: -1.783975657E+03
 QM energy (a.u.):   -1855.02467002345     
 XREF energy (a.u.):    71.0165076991273     
 R(factor) =   0.251165000000000         R(free) =   0.240024000000000     
Testing convergence  in cycle    1
  Max grad  3.7485E-02 Target: 4.5000E-03 converged?   no component    57
  RMS grad  1.3396E-02 Target: 3.0000E-03 converged?   no
 Predicted step length 2.0000E-02
 Trust radius          3.0000E-02
 Energy calculation finished, energy: -1.784008162E+03
 QM energy (a.u.):   -1855.02737422209     
 XREF energy (a.u.):    70.9956755292511     
 R(factor) =   0.251626000000000         R(free) =   0.239452000000000     
Testing convergence  in cycle    2
    Energy  3.2505E-02 Target: 1.0000E-05 converged?   no
  Max step  4.9860E-03 Target: 1.8000E-02 converged?  yes component    57
  RMS step  1.7817E-03 Target: 1.2000E-02 converged?  yes
  Max grad  3.7852E-02 Target: 4.5000E-03 converged?   no component    57
  RMS grad  1.3371E-02 Target: 3.0000E-03 converged?   no
 Predicted step length 1.9856E+01
 Trust radius          3.0000E-02
 Energy calculation finished, energy: -1.784031699E+03
 QM energy (a.u.):   -1855.02938031545     
 XREF energy (a.u.):    70.9720267320671     
 R(factor) =   0.251163000000000         R(free) =   0.239131000000000     
Testing convergence  in cycle    3
    Energy  2.3536E-02 Target: 1.0000E-05 converged?   no
  Max step  7.7683E-03 Target: 1.8000E-02 converged?  yes component    57
  RMS step  2.6726E-03 Target: 1.2000E-02 converged?  yes
  Max grad  3.3552E-02 Target: 4.5000E-03 converged?   no component    90
  RMS grad  1.0617E-02 Target: 3.0000E-03 converged?   no
 Predicted step length 1.4907E-01
 Trust radius          3.0000E-02
 Energy calculation finished, energy: -1.784057354E+03
 QM energy (a.u.):   -1855.02986886076     
 XREF energy (a.u.):    70.9562009518369     
 R(factor) =   0.252430000000000         R(free) =   0.238584000000000     
Testing convergence  in cycle    4
    Energy  2.5655E-02 Target: 1.0000E-05 converged?   no
  Max step  9.7813E-03 Target: 1.8000E-02 converged?  yes component    90
  RMS step  2.6726E-03 Target: 1.2000E-02 converged?  yes
  Max grad  2.8901E-02 Target: 4.5000E-03 converged?   no component    90
  RMS grad  7.3375E-03 Target: 3.0000E-03 converged?   no
 Predicted step length 1.1621E-01
 Trust radius          3.0000E-02
 Energy calculation finished, energy: -1.784073668E+03
 QM energy (a.u.):   -1855.02993607077     
 XREF energy (a.u.):    70.9387062542853     
 R(factor) =   0.252941000000000         R(free) =   0.238155000000000     
Testing convergence  in cycle    5
    Energy  1.6314E-02 Target: 1.0000E-05 converged?   no
  Max step  1.0826E-02 Target: 1.8000E-02 converged?  yes component    90
  RMS step  2.6726E-03 Target: 1.2000E-02 converged?  yes
  Max grad  2.5222E-02 Target: 4.5000E-03 converged?   no component    90
  RMS grad  5.8479E-03 Target: 3.0000E-03 converged?   no
 Predicted step length 1.3945E-01
 Trust radius          3.0000E-02
 Energy calculation finished, energy: -1.784091230E+03
 QM energy (a.u.):   -1855.02991254050     
 XREF energy (a.u.):    70.9225535235873     
 R(factor) =   0.253496000000000         R(free) =   0.237744000000000     
Testing convergence  in cycle    6
    Energy  1.7562E-02 Target: 1.0000E-05 converged?   no
  Max step  1.1533E-02 Target: 1.8000E-02 converged?  yes component    90
  RMS step  2.6726E-03 Target: 1.2000E-02 converged?  yes
  Max grad  2.2258E-02 Target: 4.5000E-03 converged?   no component    90
  RMS grad  5.2740E-03 Target: 3.0000E-03 converged?   no
 Predicted step length 1.8642E-01
 Trust radius          3.0000E-02
 Energy calculation finished, energy: -1.784107359E+03
 QM energy (a.u.):   -1855.02996873570     
 XREF energy (a.u.):    70.9088008724352     
 R(factor) =   0.254080000000000         R(free) =   0.237350000000000     
Testing convergence  in cycle    7
    Energy  1.6129E-02 Target: 1.0000E-05 converged?   no
  Max step  1.2163E-02 Target: 1.8000E-02 converged?  yes component    90
  RMS step  2.6726E-03 Target: 1.2000E-02 converged?  yes
  Max grad  1.9728E-02 Target: 4.5000E-03 converged?   no component    90
  RMS grad  4.9885E-03 Target: 3.0000E-03 converged?   no
 Predicted step length 2.7796E-01
 Trust radius          3.0000E-02
 Energy calculation finished, energy: -1.784121168E+03
 QM energy (a.u.):   -1855.03002703693     
 XREF energy (a.u.):    70.8949055427926     
 R(factor) =   0.254671000000000         R(free) =   0.236956000000000     
Testing convergence  in cycle    8
    Energy  1.3809E-02 Target: 1.0000E-05 converged?   no
  Max step  1.2302E-02 Target: 1.8000E-02 converged?  yes component    90
  RMS step  2.6726E-03 Target: 1.2000E-02 converged?  yes
  Max grad  1.7240E-02 Target: 4.5000E-03 converged?   no component    90
  RMS grad  4.6612E-03 Target: 3.0000E-03 converged?   no
 Predicted step length 2.9633E-01
 Trust radius          3.0000E-02
 Energy calculation finished, energy: -1.784135121E+03
 QM energy (a.u.):   -1855.03016639054     
 XREF energy (a.u.):    70.8825484147706     
 R(factor) =   0.255275000000000         R(free) =   0.236610000000000     
Testing convergence  in cycle    9
    Energy  1.3954E-02 Target: 1.0000E-05 converged?   no
  Max step  1.2346E-02 Target: 1.8000E-02 converged?  yes component    90
  RMS step  2.6726E-03 Target: 1.2000E-02 converged?  yes
  Max grad  1.4547E-02 Target: 4.5000E-03 converged?   no component    90
  RMS grad  4.4305E-03 Target: 3.0000E-03 converged?   no
 Predicted step length 3.6993E-01
 Trust radius          3.0000E-02
 Energy calculation finished, energy: -1.784147618E+03
 QM energy (a.u.):   -1855.03015182349     
 XREF energy (a.u.):    70.8502886299502     
 R(factor) =   0.257419000000000         R(free) =   0.235269000000000     
Testing convergence  in cycle   10
    Energy  1.2496E-02 Target: 1.0000E-05 converged?   no
  Max step  1.1937E-02 Target: 1.8000E-02 converged?  yes component    90
  RMS step  2.6726E-03 Target: 1.2000E-02 converged?  yes
  Max grad  1.1392E-02 Target: 4.5000E-03 converged?   no component    90
  RMS grad  4.2759E-03 Target: 3.0000E-03 converged?   no
 Predicted step length 2.4254E-01
 Trust radius          3.0000E-02
 Energy calculation finished, energy: -1.784179863E+03
 QM energy (a.u.):   -1855.03012022618     
 XREF energy (a.u.):    70.8368658754438     
 R(factor) =   0.258958000000000         R(free) =   0.234414000000000     
Testing convergence  in cycle   11
    Energy  3.2245E-02 Target: 1.0000E-05 converged?   no
  Max step  1.1141E-02 Target: 1.8000E-02 converged?  yes component    90
  RMS step  2.6726E-03 Target: 1.2000E-02 converged?  yes
  Max grad  1.2626E-02 Target: 4.5000E-03 converged?   no component    73
  RMS grad  4.3522E-03 Target: 3.0000E-03 converged?   no
 Predicted step length 3.2282E-01
 Trust radius          3.0000E-02
 Energy calculation finished, energy: -1.784193254E+03
 QM energy (a.u.):   -1855.03007067069     
 XREF energy (a.u.):    70.8329101193732     
 R(factor) =   0.259514000000000         R(free) =   0.234117000000000     
Testing convergence  in cycle   12
    Energy  1.3391E-02 Target: 1.0000E-05 converged?   no
  Max step  1.0560E-02 Target: 1.8000E-02 converged?  yes component    90
  RMS step  2.6726E-03 Target: 1.2000E-02 converged?  yes
  Max grad  1.3025E-02 Target: 4.5000E-03 converged?   no component    73
  RMS grad  4.1387E-03 Target: 3.0000E-03 converged?   no
 Predicted step length 2.3539E-01
 Trust radius          3.0000E-02
 Energy calculation finished, energy: -1.784197161E+03
 QM energy (a.u.):   -1855.03025311552     
 XREF energy (a.u.):    70.8315006607229     
 R(factor) =   0.260018000000000         R(free) =   0.233960000000000     
Testing convergence  in cycle   13
    Energy  3.9062E-03 Target: 1.0000E-05 converged?   no
  Max step  1.0287E-02 Target: 1.8000E-02 converged?  yes component    90
  RMS step  2.6726E-03 Target: 1.2000E-02 converged?  yes
  Max grad  1.0973E-02 Target: 4.5000E-03 converged?   no component    73
  RMS grad  3.8002E-03 Target: 3.0000E-03 converged?   no
 Predicted step length 2.6410E-01
 Trust radius          3.0000E-02
 Energy calculation finished, energy: -1.784198752E+03
 QM energy (a.u.):   -1855.03049333074     
 XREF energy (a.u.):    70.8306182707292     
 R(factor) =   0.260517000000000         R(free) =   0.233918000000000     
Testing convergence  in cycle   14
    Energy  1.5919E-03 Target: 1.0000E-05 converged?   no
  Max step  1.0060E-02 Target: 1.8000E-02 converged?  yes component    90
  RMS step  2.6726E-03 Target: 1.2000E-02 converged?  yes
  Max grad  8.3008E-03 Target: 4.5000E-03 converged?   no component    73
  RMS grad  3.2829E-03 Target: 3.0000E-03 converged?   no
 Predicted step length 1.9139E-01
 Trust radius          3.0000E-02
 Energy calculation finished, energy: -1.784199875E+03
 QM energy (a.u.):   -1855.03056970627     
 XREF energy (a.u.):    70.8304035109616     
 R(factor) =   0.260786000000000         R(free) =   0.233708000000000     
Testing convergence  in cycle   15
    Energy  1.1226E-03 Target: 1.0000E-05 converged?   no
  Max step  9.4916E-03 Target: 1.8000E-02 converged?  yes component    90
  RMS step  2.6726E-03 Target: 1.2000E-02 converged?  yes
  Max grad  7.0267E-03 Target: 4.5000E-03 converged?   no component    33
  RMS grad  2.6331E-03 Target: 3.0000E-03 converged?  yes
 Predicted step length 1.7572E-01
 Trust radius          3.0000E-02
 Energy calculation finished, energy: -1.784200166E+03
 QM energy (a.u.):   -1855.03044458478     
 XREF energy (a.u.):    70.8310560836740     
 R(factor) =   0.261145000000000         R(free) =   0.233578000000000     
Testing convergence  in cycle   16
    Energy  2.9114E-04 Target: 1.0000E-05 converged?   no
  Max step  9.2342E-03 Target: 1.8000E-02 converged?  yes component   119
  RMS step  2.6726E-03 Target: 1.2000E-02 converged?  yes
  Max grad  4.9742E-03 Target: 4.5000E-03 converged?   no component    33
  RMS grad  2.1550E-03 Target: 3.0000E-03 converged?  yes
 Predicted step length 1.5517E-01
 Trust radius          3.0000E-02
 Energy calculation finished, energy: -1.784199388E+03
 QM energy (a.u.):   -1855.03030213824     
 XREF energy (a.u.):    70.8321541556659     
 R(factor) =   0.261466000000000         R(free) =   0.233489000000000     
 Rejecting step, energy  7.777E-04 higher
 Energy calculation finished, energy: -1.784198148E+03
 QM energy (a.u.):   -1855.03039481457     
 XREF energy (a.u.):    70.8342140847686     
 R(factor) =   0.261728000000000         R(free) =   0.233419000000000     
 Rejecting step, energy  2.018E-03 higher
 Energy calculation finished, energy: -1.784196181E+03
 QM energy (a.u.):   -1855.03042505767     
 XREF energy (a.u.):    70.8353682453944     
 R(factor) =   0.261889000000000         R(free) =   0.233361000000000     
 Rejecting step, energy  3.985E-03 higher
 Energy calculation finished, energy: -1.784195057E+03
 QM energy (a.u.):   -1855.03043616119     
 XREF energy (a.u.):    70.8382098949772     
 R(factor) =   0.262155000000000         R(free) =   0.233319000000000     
 Rejecting step, energy  5.109E-03 higher
 Energy calculation finished, energy: -1.784192226E+03
 QM energy (a.u.):   -1855.03044070820     
 XREF energy (a.u.):    70.8382309609948     
 R(factor) =   0.262153000000000         R(free) =   0.233320000000000     
 Rejecting step, energy  7.940E-03 higher
 Energy calculation finished, energy: -1.784192210E+03
 QM energy (a.u.):   -1855.03044272984     
 XREF energy (a.u.):    70.8382403951260     
 R(factor) =   0.262151000000000         R(free) =   0.233320000000000     
 Rejecting step, energy  7.956E-03 higher
 Energy calculation finished, energy: -1.784192202E+03
 QM energy (a.u.):   -1855.03044367733     
 XREF energy (a.u.):    70.8382456122753     
 R(factor) =   0.262151000000000         R(free) =   0.233320000000000     
 Rejecting step, energy  7.964E-03 higher
 Energy calculation finished, energy: -1.784192198E+03
 QM energy (a.u.):   -1855.03044413733     
 XREF energy (a.u.):    70.8382475889642     
 R(factor) =   0.262151000000000         R(free) =   0.233320000000000     
 Rejecting step, energy  7.968E-03 higher
 Energy calculation finished, energy: -1.784192197E+03
 QM energy (a.u.):   -1855.03044436219     
 XREF energy (a.u.):    70.8382487816738     
 R(factor) =   0.262151000000000         R(free) =   0.233320000000000     
 Rejecting step, energy  7.970E-03 higher
 Energy calculation finished, energy: -1.784192196E+03
 QM energy (a.u.):   -1855.03044447389     
 XREF energy (a.u.):    70.8382493786310     
 R(factor) =   0.262151000000000         R(free) =   0.233320000000000     
 Rejecting step, energy  7.971E-03 higher
 Energy calculation finished, energy: -1.784192195E+03
 QM energy (a.u.):   -1855.03044453023     
 XREF energy (a.u.):    70.8382496756276     
 R(factor) =   0.262151000000000         R(free) =   0.233320000000000     
 Rejecting step, energy  7.971E-03 higher
 Energy calculation finished, energy: -1.784192195E+03
 QM energy (a.u.):   -1855.03044455647     
 XREF energy (a.u.):    70.8382498263633     
 R(factor) =   0.262151000000000         R(free) =   0.233320000000000     
 Rejecting step, energy  7.971E-03 higher
 Energy calculation finished, energy: -1.784192195E+03
 QM energy (a.u.):   -1855.03044457169     
 XREF energy (a.u.):    70.8382499018044     
 R(factor) =   0.262151000000000         R(free) =   0.233320000000000     
 Rejecting step, energy  7.971E-03 higher
 Energy calculation finished, energy: -1.784192195E+03
 QM energy (a.u.):   -1855.03044457832     
 XREF energy (a.u.):    70.8382499374677     
 R(factor) =   0.262151000000000         R(free) =   0.233320000000000     
 Rejecting step, energy  7.972E-03 higher
 Energy calculation finished, energy: -1.784192195E+03
 QM energy (a.u.):   -1855.03044458186     
 XREF energy (a.u.):    70.8382499560124     
 R(factor) =   0.262151000000000         R(free) =   0.233320000000000     
 Rejecting step, energy  7.972E-03 higher
 Energy calculation finished, energy: -1.784192195E+03
 QM energy (a.u.):   -1855.03044458314     
 XREF energy (a.u.):    70.8382499675628     
 R(factor) =   0.262151000000000         R(free) =   0.233320000000000     
 Rejecting step, energy  7.972E-03 higher
 Energy calculation finished, energy: -1.784192195E+03
 QM energy (a.u.):   -1855.03044458440     
 XREF energy (a.u.):    70.8382499703644     
 R(factor) =   0.262151000000000         R(free) =   0.233320000000000     
 Rejecting step, energy  7.972E-03 higher
 Energy calculation finished, energy: -1.784192195E+03
 QM energy (a.u.):   -1855.03044458406     
 XREF energy (a.u.):    70.8382499740743     
 R(factor) =   0.262151000000000         R(free) =   0.233320000000000     
 Rejecting step, energy  7.972E-03 higher
 Energy calculation finished, energy: -1.784192195E+03
 QM energy (a.u.):   -1855.03044458516     
 XREF energy (a.u.):    70.8382499748886     
 R(factor) =   0.262151000000000         R(free) =   0.233320000000000     
 Rejecting step, energy  7.972E-03 higher
 Step too small, restarting optimiser.
Testing convergence  in cycle   35
    Energy  7.9716E-03 Target: 1.0000E-05 converged?   no
  Max step  1.7180E-08 Target: 1.8000E-02 converged?  yes component   119
  RMS step  5.0976E-09 Target: 1.2000E-02 converged?  yes
  Max grad  5.3463E-03 Target: 4.5000E-03 converged?   no component    39
  RMS grad  2.0361E-03 Target: 3.0000E-03 converged?  yes
 Predicted step length 2.0000E-02
 Trust radius          3.0000E-02
 Energy calculation finished, energy: -1.784192195E+03
 QM energy (a.u.):   -1855.03147820653     
 XREF energy (a.u.):    70.8387992307245     
 R(factor) =   0.262149000000000         R(free) =   0.233328000000000     
 Rejecting step, energy  0.000E+00 higher
 Energy calculation finished, energy: -1.784192679E+03
 QM energy (a.u.):   -1855.03105081745     
 XREF energy (a.u.):    70.8388025823307     
 R(factor) =   0.262157000000000         R(free) =   0.233326000000000     
Testing convergence  in cycle   37
    Energy  4.8437E-04 Target: 1.0000E-05 converged?   no
  Max step  2.3392E-03 Target: 1.8000E-02 converged?  yes component    39
  RMS step  8.9087E-04 Target: 1.2000E-02 converged?  yes
  Max grad  5.6832E-03 Target: 4.5000E-03 converged?   no component   112
  RMS grad  1.8196E-03 Target: 3.0000E-03 converged?  yes
 Predicted step length 9.3060E-03
 Trust radius          2.0000E-02
 Energy calculation finished, energy: -1.784192248E+03
 QM energy (a.u.):   -1855.03136326617     
 XREF energy (a.u.):    70.8389275517200     
 R(factor) =   0.262155000000000         R(free) =   0.233327000000000     
 Rejecting step, energy  4.307E-04 higher
 Energy calculation finished, energy: -1.784192436E+03
 QM energy (a.u.):   -1855.03121113712     
 XREF energy (a.u.):    70.8388448214288     
 R(factor) =   0.262156000000000         R(free) =   0.233327000000000     
 Rejecting step, energy  2.433E-04 higher
 Energy calculation finished, energy: -1.784192366E+03
 QM energy (a.u.):   -1855.03113200057     
 XREF energy (a.u.):    70.8388248744598     
 R(factor) =   0.262157000000000         R(free) =   0.233327000000000     
 Rejecting step, energy  3.127E-04 higher
 Energy calculation finished, energy: -1.784192307E+03
 QM energy (a.u.):   -1855.03109166544     
 XREF energy (a.u.):    70.8388138404359     
 R(factor) =   0.262157000000000         R(free) =   0.233327000000000     
 Rejecting step, energy  3.718E-04 higher
 Energy calculation finished, energy: -1.784192278E+03
 QM energy (a.u.):   -1855.03107130594     
 XREF energy (a.u.):    70.8388080151853     
 R(factor) =   0.262157000000000         R(free) =   0.233327000000000     
 Rejecting step, energy  4.012E-04 higher
 Energy calculation finished, energy: -1.784192263E+03
 QM energy (a.u.):   -1855.03106107826     
 XREF energy (a.u.):    70.8388053006520     
 R(factor) =   0.262157000000000         R(free) =   0.233326000000000     
 Rejecting step, energy  4.157E-04 higher
 Energy calculation finished, energy: -1.784192256E+03
 QM energy (a.u.):   -1855.03105595089     
 XREF energy (a.u.):    70.8388039406619     
 R(factor) =   0.262157000000000         R(free) =   0.233326000000000     
 Rejecting step, energy  4.232E-04 higher
 Energy calculation finished, energy: -1.784192252E+03
 QM energy (a.u.):   -1855.03105338652     
 XREF energy (a.u.):    70.8388032624692     
 R(factor) =   0.262157000000000         R(free) =   0.233326000000000     
 Rejecting step, energy  4.270E-04 higher
 Energy calculation finished, energy: -1.784192250E+03
 QM energy (a.u.):   -1855.03105210142     
 XREF energy (a.u.):    70.8388029232677     
 R(factor) =   0.262157000000000         R(free) =   0.233326000000000     
 Rejecting step, energy  4.289E-04 higher
 Energy calculation finished, energy: -1.784192249E+03
 QM energy (a.u.):   -1855.03105145998     
 XREF energy (a.u.):    70.8388027531028     
 R(factor) =   0.262157000000000         R(free) =   0.233326000000000     
 Rejecting step, energy  4.298E-04 higher
 Energy calculation finished, energy: -1.784192249E+03
 QM energy (a.u.):   -1855.03105113818     
 XREF energy (a.u.):    70.8388026672697     
 R(factor) =   0.262157000000000         R(free) =   0.233326000000000     
 Rejecting step, energy  4.303E-04 higher
 Energy calculation finished, energy: -1.784192248E+03
 QM energy (a.u.):   -1855.03105097747     
 XREF energy (a.u.):    70.8388026255381     
 R(factor) =   0.262157000000000         R(free) =   0.233326000000000     
 Rejecting step, energy  4.305E-04 higher
 Energy calculation finished, energy: -1.784192248E+03
 QM energy (a.u.):   -1855.03105089766     
 XREF energy (a.u.):    70.8388026051081     
 R(factor) =   0.262157000000000         R(free) =   0.233326000000000     
 Rejecting step, energy  4.306E-04 higher
 Energy calculation finished, energy: -1.784192248E+03
 QM energy (a.u.):   -1855.03105085763     
 XREF energy (a.u.):    70.8388025921186     
 R(factor) =   0.262157000000000         R(free) =   0.233326000000000     
 Rejecting step, energy  4.307E-04 higher
 Energy calculation finished, energy: -1.784192248E+03
 QM energy (a.u.):   -1855.03105083657     
 XREF energy (a.u.):    70.8388025894430     
 R(factor) =   0.262157000000000         R(free) =   0.233326000000000     
 Rejecting step, energy  4.307E-04 higher
 Energy calculation finished, energy: -1.784192248E+03
 QM energy (a.u.):   -1855.03105082737     
 XREF energy (a.u.):    70.8388025850876     
 R(factor) =   0.262157000000000         R(free) =   0.233326000000000     
 Rejecting step, energy  4.307E-04 higher
 Energy calculation finished, energy: -1.784192248E+03
 QM energy (a.u.):   -1855.03105082313     
 XREF energy (a.u.):    70.8388025831291     
 R(factor) =   0.262157000000000         R(free) =   0.233326000000000     
 Rejecting step, energy  4.307E-04 higher
 Step too small, restarting optimiser.
Testing convergence  in cycle   54
    Energy  4.3074E-04 Target: 1.0000E-05 converged?   no
  Max step  1.9863E-08 Target: 1.8000E-02 converged?  yes component    59
  RMS step  6.3251E-09 Target: 1.2000E-02 converged?  yes
  Max grad  4.5872E-03 Target: 4.5000E-03 converged?   no component    59
  RMS grad  1.4612E-03 Target: 3.0000E-03 converged?  yes
 Predicted step length 2.0000E-02
 Trust radius          3.0000E-02
 Energy calculation finished, energy: -1.784192248E+03
 QM energy (a.u.):   -1855.03168659463     
 XREF energy (a.u.):    70.8384676331582     
 R(factor) =   0.262138000000000         R(free) =   0.233323000000000     
 Rejecting step, energy  0.000E+00 higher
 Energy calculation finished, energy: -1.784193219E+03
 QM energy (a.u.):   -1855.03138773792     
 XREF energy (a.u.):    70.8383229039447     
 R(factor) =   0.262140000000000         R(free) =   0.233322000000000     
Testing convergence  in cycle   56
    Energy  9.7072E-04 Target: 1.0000E-05 converged?   no
  Max step  2.7967E-03 Target: 1.8000E-02 converged?  yes component    59
  RMS step  8.9087E-04 Target: 1.2000E-02 converged?  yes
  Max grad  4.4441E-03 Target: 4.5000E-03 converged?  yes component    59
  RMS grad  1.3429E-03 Target: 3.0000E-03 converged?  yes
 Predicted step length 5.6317E-02
 Trust radius          2.0000E-02
 Energy calculation finished, energy: -1.784193065E+03
 QM energy (a.u.):   -1855.03182723898     
 XREF energy (a.u.):    70.8382760672821     
 R(factor) =   0.262138000000000         R(free) =   0.233321000000000     
 Rejecting step, energy  1.541E-04 higher
 Energy calculation finished, energy: -1.784193551E+03
 QM energy (a.u.):   -1855.03161460837     
 XREF energy (a.u.):    70.8383347638404     
 R(factor) =   0.262139000000000         R(free) =   0.233322000000000     
Testing convergence  in cycle   58
    Energy  3.3221E-04 Target: 1.0000E-05 converged?   no
  Max step  3.0128E-03 Target: 1.8000E-02 converged?  yes component    59
  RMS step  8.9087E-04 Target: 1.2000E-02 converged?  yes
  Max grad  4.3308E-03 Target: 4.5000E-03 converged?  yes component    59
  RMS grad  1.2210E-03 Target: 3.0000E-03 converged?  yes
 Predicted step length 2.6443E-01
 Trust radius          2.0000E-02
 Energy calculation finished, energy: -1.784193280E+03
 QM energy (a.u.):   -1855.03204988721     
 XREF energy (a.u.):    70.8383028167737     
 R(factor) =   0.262135000000000         R(free) =   0.233321000000000     
 Rejecting step, energy  2.713E-04 higher
 Energy calculation finished, energy: -1.784193747E+03
 QM energy (a.u.):   -1855.03183857856     
 XREF energy (a.u.):    70.8382906094279     
 R(factor) =   0.262137000000000         R(free) =   0.233321000000000     
Testing convergence  in cycle   60
    Energy  1.9590E-04 Target: 1.0000E-05 converged?   no
  Max step  3.0348E-03 Target: 1.8000E-02 converged?  yes component    59
  RMS step  8.9087E-04 Target: 1.2000E-02 converged?  yes
  Max grad  4.2427E-03 Target: 4.5000E-03 converged?  yes component    59
  RMS grad  1.2007E-03 Target: 3.0000E-03 converged?  yes
 Predicted step length 1.6750E-01
 Trust radius          2.0000E-02
 Energy calculation finished, energy: -1.784193548E+03
 QM energy (a.u.):   -1855.03220288370     
 XREF energy (a.u.):    70.8382221601899     
 R(factor) =   0.262135000000000         R(free) =   0.233320000000000     
 Rejecting step, energy  1.991E-04 higher
 Energy calculation finished, energy: -1.784193981E+03
 QM energy (a.u.):   -1855.03202536543     
 XREF energy (a.u.):    70.8382477667991     
 R(factor) =   0.262136000000000         R(free) =   0.233320000000000     
Testing convergence  in cycle   62
    Energy  2.3365E-04 Target: 1.0000E-05 converged?   no
  Max step  3.1271E-03 Target: 1.8000E-02 converged?  yes component    59
  RMS step  8.9087E-04 Target: 1.2000E-02 converged?  yes
  Max grad  4.1528E-03 Target: 4.5000E-03 converged?  yes component    59
  RMS grad  1.1791E-03 Target: 3.0000E-03 converged?  yes
 Predicted step length 3.0199E-01
 Trust radius          2.0000E-02
 Energy calculation finished, energy: -1.784193778E+03
 QM energy (a.u.):   -1855.03231652850     
 XREF energy (a.u.):    70.8380584894289     
 R(factor) =   0.262134000000000         R(free) =   0.233316000000000     
 Rejecting step, energy  2.031E-04 higher
 Energy calculation finished, energy: -1.784194258E+03
 QM energy (a.u.):   -1855.03217564994     
 XREF energy (a.u.):    70.8381581710714     
 R(factor) =   0.262135000000000         R(free) =   0.233318000000000     
Testing convergence  in cycle   64
    Energy  2.7732E-04 Target: 1.0000E-05 converged?   no
  Max step  3.2086E-03 Target: 1.8000E-02 converged?  yes component    59
  RMS step  8.9087E-04 Target: 1.2000E-02 converged?  yes
  Max grad  4.0564E-03 Target: 4.5000E-03 converged?  yes component    59
  RMS grad  1.1690E-03 Target: 3.0000E-03 converged?  yes
 Predicted step length 2.7858E-01
 Trust radius          2.0000E-02
 Energy calculation finished, energy: -1.784194017E+03
 QM energy (a.u.):   -1855.03247147967     
 XREF energy (a.u.):    70.8379663823252     
 R(factor) =   0.262133000000000         R(free) =   0.233316000000000     
 Rejecting step, energy  2.406E-04 higher
 Energy calculation finished, energy: -1.784194505E+03
 QM energy (a.u.):   -1855.03232693414     
 XREF energy (a.u.):    70.8380835401433     
 R(factor) =   0.262134000000000         R(free) =   0.233317000000000     
Testing convergence  in cycle   66
    Energy  2.4706E-04 Target: 1.0000E-05 converged?   no
  Max step  3.2143E-03 Target: 1.8000E-02 converged?  yes component    59
  RMS step  8.9087E-04 Target: 1.2000E-02 converged?  yes
  Max grad  3.9775E-03 Target: 4.5000E-03 converged?  yes component    59
  RMS grad  1.1311E-03 Target: 3.0000E-03 converged?  yes
 Predicted step length 2.8748E-01
 Trust radius          2.0000E-02
 Energy calculation finished, energy: -1.784194243E+03
 QM energy (a.u.):   -1855.03259238486     
 XREF energy (a.u.):    70.8378573822821     
 R(factor) =   0.262134000000000         R(free) =   0.233313000000000     
 Rejecting step, energy  2.617E-04 higher
 Energy calculation finished, energy: -1.784194735E+03
 QM energy (a.u.):   -1855.03246292263     
 XREF energy (a.u.):    70.8379261662930     
 R(factor) =   0.262134000000000         R(free) =   0.233315000000000     
Testing convergence  in cycle   68
    Energy  2.2990E-04 Target: 1.0000E-05 converged?   no
  Max step  3.2622E-03 Target: 1.8000E-02 converged?  yes component    59
  RMS step  8.9087E-04 Target: 1.2000E-02 converged?  yes
  Max grad  3.8777E-03 Target: 4.5000E-03 converged?  yes component    59
  RMS grad  1.1394E-03 Target: 3.0000E-03 converged?  yes
 Predicted step length 3.0767E-01
 Trust radius          2.0000E-02
 Energy calculation finished, energy: -1.784194537E+03
 QM energy (a.u.):   -1855.03267162367     
 XREF energy (a.u.):    70.8317638905480     
 R(factor) =   0.260978000000000         R(free) =   0.233319000000000     
 Rejecting step, energy  1.982E-04 higher
 Energy calculation finished, energy: -1.784200908E+03
 QM energy (a.u.):   -1855.03257041485     
 XREF energy (a.u.):    70.8378252660465     
 R(factor) =   0.262133000000000         R(free) =   0.233313000000000     
Testing convergence  in cycle   70
    Energy  6.1727E-03 Target: 1.0000E-05 converged?   no
  Max step  3.2874E-03 Target: 1.8000E-02 converged?  yes component    59
  RMS step  8.9087E-04 Target: 1.2000E-02 converged?  yes
  Max grad  3.8161E-03 Target: 4.5000E-03 converged?  yes component    59
  RMS grad  1.1207E-03 Target: 3.0000E-03 converged?  yes
 Predicted step length 3.4412E-01
 Trust radius          2.0000E-02
 Energy calculation finished, energy: -1.784194745E+03
 QM energy (a.u.):   -1855.03278584520     
 XREF energy (a.u.):    70.8317136354721     
 R(factor) =   0.260980000000000         R(free) =   0.233317000000000     
 Rejecting step, energy  6.163E-03 higher
 Energy calculation finished, energy: -1.784201072E+03
 QM energy (a.u.):   -1855.03268074706     
 XREF energy (a.u.):    70.8317887385672     
 R(factor) =   0.260979000000000         R(free) =   0.233319000000000     
Testing convergence  in cycle   72
    Energy  1.6448E-04 Target: 1.0000E-05 converged?   no
  Max step  3.3111E-03 Target: 1.8000E-02 converged?  yes component    59
  RMS step  8.9087E-04 Target: 1.2000E-02 converged?  yes
  Max grad  3.7177E-03 Target: 4.5000E-03 converged?  yes component    59
  RMS grad  1.1048E-03 Target: 3.0000E-03 converged?  yes
 Predicted step length 3.1688E-01
 Trust radius          2.0000E-02
 Energy calculation finished, energy: -1.784200892E+03
 QM energy (a.u.):   -1855.03285643867     
 XREF energy (a.u.):    70.8315894472430     
 R(factor) =   0.260978000000000         R(free) =   0.233314000000000     
 Rejecting step, energy  1.802E-04 higher
 Energy calculation finished, energy: -1.784201267E+03
 QM energy (a.u.):   -1855.03277115320     
 XREF energy (a.u.):    70.8316863916146     
 R(factor) =   0.260979000000000         R(free) =   0.233316000000000     
Testing convergence  in cycle   74
    Energy  1.9478E-04 Target: 1.0000E-05 converged?   no
  Max step  3.3401E-03 Target: 1.8000E-02 converged?  yes component    59
  RMS step  8.9087E-04 Target: 1.2000E-02 converged?  yes
  Max grad  3.6385E-03 Target: 4.5000E-03 converged?  yes component    59
  RMS grad  1.0967E-03 Target: 3.0000E-03 converged?  yes
 Predicted step length 3.3168E-01
 Trust radius          2.0000E-02
 Energy calculation finished, energy: -1.784201085E+03
 QM energy (a.u.):   -1855.03294898090     
 XREF energy (a.u.):    70.8315278699912     
 R(factor) =   0.260981000000000         R(free) =   0.233311000000000     
 Rejecting step, energy  1.822E-04 higher
 Energy calculation finished, energy: -1.784201421E+03
 QM energy (a.u.):   -1855.03286265816     
 XREF energy (a.u.):    70.8316038908405     
 R(factor) =   0.260980000000000         R(free) =   0.233314000000000     
Testing convergence  in cycle   76
    Energy  1.5412E-04 Target: 1.0000E-05 converged?   no
  Max step  3.3633E-03 Target: 1.8000E-02 converged?  yes component    59
  RMS step  8.9087E-04 Target: 1.2000E-02 converged?  yes
  Max grad  3.6512E-03 Target: 4.5000E-03 converged?  yes component   112
  RMS grad  1.0820E-03 Target: 3.0000E-03 converged?  yes
 Predicted step length 3.6440E-01
 Trust radius          2.0000E-02
 Energy calculation finished, energy: -1.784201259E+03
 QM energy (a.u.):   -1855.03302798019     
 XREF energy (a.u.):    70.8314313950774     
 R(factor) =   0.260981000000000         R(free) =   0.233309000000000     
 Rejecting step, energy  1.623E-04 higher
 Energy calculation finished, energy: -1.784201597E+03
 QM energy (a.u.):   -1855.03294758627     
 XREF energy (a.u.):    70.8315198741007     
 R(factor) =   0.260980000000000         R(free) =   0.233311000000000     
Testing convergence  in cycle   78
    Energy  1.7548E-04 Target: 1.0000E-05 converged?   no
  Max step  3.3870E-03 Target: 1.8000E-02 converged?  yes component    59
  RMS step  8.9087E-04 Target: 1.2000E-02 converged?  yes
  Max grad  3.5351E-03 Target: 4.5000E-03 converged?  yes component   112
  RMS grad  1.0632E-03 Target: 3.0000E-03 converged?  yes
 Predicted step length 3.4380E-01
 Trust radius          2.0000E-02
 Energy calculation finished, energy: -1.784201428E+03
 QM energy (a.u.):   -1855.03308492660     
 XREF energy (a.u.):    70.8313296714386     
 R(factor) =   0.260982000000000         R(free) =   0.233306000000000     
 Rejecting step, energy  1.689E-04 higher
 Energy calculation finished, energy: -1.784201755E+03
 QM energy (a.u.):   -1855.03301838700     
 XREF energy (a.u.):    70.8314224797865     
 R(factor) =   0.260981000000000         R(free) =   0.233309000000000     
Testing convergence  in cycle   80
    Energy  1.5867E-04 Target: 1.0000E-05 converged?   no
  Max step  3.4054E-03 Target: 1.8000E-02 converged?  yes component    59
  RMS step  8.9087E-04 Target: 1.2000E-02 converged?  yes
  Max grad  3.7178E-03 Target: 4.5000E-03 converged?  yes component   112
  RMS grad  1.0484E-03 Target: 3.0000E-03 converged?  yes
 Predicted step length 3.3582E-01
 Trust radius          2.0000E-02
 Energy calculation finished, energy: -1.784201596E+03
 QM energy (a.u.):   -1855.03317602613     
 XREF energy (a.u.):    70.8312163503274     
 R(factor) =   0.260982000000000         R(free) =   0.233304000000000     
 Rejecting step, energy  1.594E-04 higher
 Energy calculation finished, energy: -1.784201960E+03
 QM energy (a.u.):   -1855.03309935709     
 XREF energy (a.u.):    70.8313388473919     
 R(factor) =   0.260982000000000         R(free) =   0.233306000000000     
Testing convergence  in cycle   82
    Energy  2.0442E-04 Target: 1.0000E-05 converged?   no
  Max step  3.4309E-03 Target: 1.8000E-02 converged?  yes component    59
  RMS step  8.9087E-04 Target: 1.2000E-02 converged?  yes
  Max grad  3.6771E-03 Target: 4.5000E-03 converged?  yes component   112
  RMS grad  1.0318E-03 Target: 3.0000E-03 converged?  yes
 Predicted step length 3.7403E-01
 Trust radius          2.0000E-02
 Energy calculation finished, energy: -1.784201761E+03
 QM energy (a.u.):   -1855.03319765041     
 XREF energy (a.u.):    70.8310895695729     
 R(factor) =   0.260983000000000         R(free) =   0.233300000000000     
 Rejecting step, energy  1.992E-04 higher
 Energy calculation finished, energy: -1.784202108E+03
 QM energy (a.u.):   -1855.03315064314     
 XREF energy (a.u.):    70.8311929993832     
 R(factor) =   0.260982000000000         R(free) =   0.233303000000000     
Testing convergence  in cycle   84
    Energy  1.4840E-04 Target: 1.0000E-05 converged?   no
  Max step  3.4503E-03 Target: 1.8000E-02 converged?  yes component    59
  RMS step  8.9087E-04 Target: 1.2000E-02 converged?  yes
  Max grad  3.5318E-03 Target: 4.5000E-03 converged?  yes component   112
  RMS grad  1.0179E-03 Target: 3.0000E-03 converged?  yes
 Predicted step length 3.5655E-01
 Trust radius          2.0000E-02
 Energy calculation finished, energy: -1.784201958E+03
 QM energy (a.u.):   -1855.03327654190     
 XREF energy (a.u.):    70.8310158050260     
 R(factor) =   0.260984000000000         R(free) =   0.233298000000000     
 Rejecting step, energy  1.504E-04 higher
 Energy calculation finished, energy: -1.784202261E+03
 QM energy (a.u.):   -1855.03321550336     
 XREF energy (a.u.):    70.8311017706096     
 R(factor) =   0.260983000000000         R(free) =   0.233301000000000     
Testing convergence  in cycle   86
    Energy  1.5266E-04 Target: 1.0000E-05 converged?   no
  Max step  3.4675E-03 Target: 1.8000E-02 converged?  yes component    59
  RMS step  8.9087E-04 Target: 1.2000E-02 converged?  yes
  Max grad  3.6781E-03 Target: 4.5000E-03 converged?  yes component   112
  RMS grad  9.9447E-04 Target: 3.0000E-03 converged?  yes
 Predicted step length 3.4961E-01
 Trust radius          2.0000E-02
 Energy calculation finished, energy: -1.784202114E+03
 QM energy (a.u.):   -1855.03331227144     
 XREF energy (a.u.):    70.8309020626507     
 R(factor) =   0.260985000000000         R(free) =   0.233295000000000     
 Rejecting step, energy  1.470E-04 higher
 Energy calculation finished, energy: -1.784202410E+03
 QM energy (a.u.):   -1855.03326580321     
 XREF energy (a.u.):    70.8310013805533     
 R(factor) =   0.260984000000000         R(free) =   0.233297000000000     
Testing convergence  in cycle   88
    Energy  1.4947E-04 Target: 1.0000E-05 converged?   no
  Max step  3.4890E-03 Target: 1.8000E-02 converged?  yes component    59
  RMS step  8.9087E-04 Target: 1.2000E-02 converged?  yes
  Max grad  3.4777E-03 Target: 4.5000E-03 converged?  yes component   112
  RMS grad  9.8031E-04 Target: 3.0000E-03 converged?  yes
 Predicted step length 3.6112E-01
 Trust radius          2.0000E-02
 Energy calculation finished, energy: -1.784202264E+03
 QM energy (a.u.):   -1855.03335290345     
 XREF energy (a.u.):    70.8308074371240     
 R(factor) =   0.260986000000000         R(free) =   0.233292000000000     
 Rejecting step, energy  1.458E-04 higher
 Energy calculation finished, energy: -1.784202545E+03
 QM energy (a.u.):   -1855.03331134003     
 XREF energy (a.u.):    70.8309039346542     
 R(factor) =   0.260985000000000         R(free) =   0.233295000000000     
Testing convergence  in cycle   90
    Energy  1.3526E-04 Target: 1.0000E-05 converged?   no
  Max step  3.5048E-03 Target: 1.8000E-02 converged?  yes component    59
  RMS step  8.9087E-04 Target: 1.2000E-02 converged?  yes
  Max grad  3.4842E-03 Target: 4.5000E-03 converged?  yes component   112
  RMS grad  9.6490E-04 Target: 3.0000E-03 converged?  yes
 Predicted step length 3.6240E-01
 Trust radius          2.0000E-02
 Energy calculation finished, energy: -1.784202407E+03
 QM energy (a.u.):   -1855.03340525295     
 XREF energy (a.u.):    70.8307281778127     
 R(factor) =   0.260988000000000         R(free) =   0.233289000000000     
 Rejecting step, energy  1.381E-04 higher
 Energy calculation finished, energy: -1.784202677E+03
 QM energy (a.u.):   -1855.03336010495     
 XREF energy (a.u.):    70.8308140261501     
 R(factor) =   0.260986000000000         R(free) =   0.233292000000000     
Testing convergence  in cycle   92
    Energy  1.3161E-04 Target: 1.0000E-05 converged?   no
  Max step  3.5227E-03 Target: 1.8000E-02 converged?  yes component    59
  RMS step  8.9087E-04 Target: 1.2000E-02 converged?  yes
  Max grad  3.4639E-03 Target: 4.5000E-03 converged?  yes component   112
  RMS grad  9.3946E-04 Target: 3.0000E-03 converged?  yes
 Predicted step length 3.5239E-01
 Trust radius          2.0000E-02
 Energy calculation finished, energy: -1.784202546E+03
 QM energy (a.u.):   -1855.03342831308     
 XREF energy (a.u.):    70.8311633928791     
 R(factor) =   0.261003000000000         R(free) =   0.233291000000000     
 Rejecting step, energy  1.310E-04 higher
 Energy calculation finished, energy: -1.784202265E+03
 QM energy (a.u.):   -1855.03339594843     
 XREF energy (a.u.):    70.8307064801659     
 R(factor) =   0.260987000000000         R(free) =   0.233289000000000     
 Rejecting step, energy  4.122E-04 higher
 Energy calculation finished, energy: -1.784202689E+03
 QM energy (a.u.):   -1855.03337846111     
 XREF energy (a.u.):    70.8307662084641     
 R(factor) =   0.260987000000000         R(free) =   0.233290000000000     
Testing convergence  in cycle   95
    Energy  1.2390E-05 Target: 1.0000E-05 converged?   no
  Max step  1.7684E-03 Target: 1.8000E-02 converged?  yes component    59
  RMS step  4.4544E-04 Target: 1.2000E-02 converged?  yes
  Max grad  3.4036E-03 Target: 4.5000E-03 converged?  yes component   112
  RMS grad  9.3683E-04 Target: 3.0000E-03 converged?  yes
 Predicted step length 3.0910E+00
 Trust radius          5.0000E-03
 Energy calculation finished, energy: -1.784202612E+03
 QM energy (a.u.):   -1855.03339735334     
 XREF energy (a.u.):    70.8307090405644     
 R(factor) =   0.260987000000000         R(free) =   0.233289000000000     
 Rejecting step, energy  7.722E-05 higher
 Energy calculation finished, energy: -1.784202688E+03
 QM energy (a.u.):   -1855.03338800880     
 XREF energy (a.u.):    70.8307379684535     
 R(factor) =   0.260987000000000         R(free) =   0.233289000000000     
 Rejecting step, energy  1.160E-06 higher
 Energy calculation finished, energy: -1.784202650E+03
 QM energy (a.u.):   -1855.03338326038     
 XREF energy (a.u.):    70.8307520920652     
 R(factor) =   0.260987000000000         R(free) =   0.233290000000000     
 Rejecting step, energy  3.943E-05 higher
 Energy calculation finished, energy: -1.784202631E+03
 QM energy (a.u.):   -1855.03338086811     
 XREF energy (a.u.):    70.8307591582350     
 R(factor) =   0.260987000000000         R(free) =   0.233290000000000     
 Rejecting step, energy  5.830E-05 higher
 Energy calculation finished, energy: -1.784202622E+03
 QM energy (a.u.):   -1855.03337966489     
 XREF energy (a.u.):    70.8307626754979     
 R(factor) =   0.260987000000000         R(free) =   0.233290000000000     
 Rejecting step, energy  6.776E-05 higher
 Energy calculation finished, energy: -1.784202617E+03
 QM energy (a.u.):   -1855.03337906344     
 XREF energy (a.u.):    70.8307644445738     
 R(factor) =   0.260987000000000         R(free) =   0.233290000000000     
 Rejecting step, energy  7.248E-05 higher
 Energy calculation finished, energy: -1.784202615E+03
 QM energy (a.u.):   -1855.03337876293     
 XREF energy (a.u.):    70.8307653239891     
 R(factor) =   0.260987000000000         R(free) =   0.233290000000000     
 Rejecting step, energy  7.485E-05 higher
 Energy calculation finished, energy: -1.784202613E+03
 QM energy (a.u.):   -1855.03337861141     
 XREF energy (a.u.):    70.8307657663732     
 R(factor) =   0.260987000000000         R(free) =   0.233290000000000     
 Rejecting step, energy  7.603E-05 higher
 Energy calculation finished, energy: -1.784202613E+03
 QM energy (a.u.):   -1855.03337853730     
 XREF energy (a.u.):    70.8307659875637     
 R(factor) =   0.260987000000000         R(free) =   0.233290000000000     
 Rejecting step, energy  7.662E-05 higher
 Energy calculation finished, energy: -1.784202613E+03
 QM energy (a.u.):   -1855.03337849973     
 XREF energy (a.u.):    70.8307660977119     
 R(factor) =   0.260987000000000         R(free) =   0.233290000000000     
 Rejecting step, energy  7.692E-05 higher
 Energy calculation finished, energy: -1.784202612E+03
 QM energy (a.u.):   -1855.03337848068     
 XREF energy (a.u.):    70.8307661538736     
 R(factor) =   0.260987000000000         R(free) =   0.233290000000000     
 Rejecting step, energy  7.707E-05 higher
 Energy calculation finished, energy: -1.784202612E+03
 QM energy (a.u.):   -1855.03337847087     
 XREF energy (a.u.):    70.8307661805665     
 R(factor) =   0.260987000000000         R(free) =   0.233290000000000     
 Rejecting step, energy  7.714E-05 higher
 Energy calculation finished, energy: -1.784202612E+03
 QM energy (a.u.):   -1855.03337846645     
 XREF energy (a.u.):    70.8307661942428     
 R(factor) =   0.260987000000000         R(free) =   0.233290000000000     
 Rejecting step, energy  7.718E-05 higher
 Energy calculation finished, energy: -1.784202612E+03
 QM energy (a.u.):   -1855.03337846335     
 XREF energy (a.u.):    70.8307662027255     
 R(factor) =   0.260987000000000         R(free) =   0.233290000000000     
 Rejecting step, energy  7.720E-05 higher
 Energy calculation finished, energy: -1.784202612E+03
 QM energy (a.u.):   -1855.03337846241     
 XREF energy (a.u.):    70.8307662054602     
 R(factor) =   0.260987000000000         R(free) =   0.233290000000000     
 Rejecting step, energy  7.721E-05 higher
 Energy calculation finished, energy: -1.784202612E+03
 QM energy (a.u.):   -1855.03337846277     
 XREF energy (a.u.):    70.8307662072928     
 R(factor) =   0.260987000000000         R(free) =   0.233290000000000     
 Rejecting step, energy  7.721E-05 higher
 Step too small, restarting optimiser.
Testing convergence  in cycle  111
    Energy  7.7210E-05 Target: 1.0000E-05 converged?   no
  Max step  2.6988E-08 Target: 1.8000E-02 converged?  yes component    59
  RMS step  6.7968E-09 Target: 1.2000E-02 converged?  yes
  Max grad  3.4470E-03 Target: 4.5000E-03 converged?  yes component   112
  RMS grad  9.4511E-04 Target: 3.0000E-03 converged?  yes
 Predicted step length 2.0000E-02
 Trust radius          3.0000E-02
 Energy calculation finished, energy: -1.784202612E+03
 QM energy (a.u.):   -1855.03289919309     
 XREF energy (a.u.):    70.8300841987208     
 R(factor) =   0.260993000000000         R(free) =   0.233280000000000     
 Rejecting step, energy  0.000E+00 higher
 Energy calculation finished, energy: -1.784202815E+03
 QM energy (a.u.):   -1855.03320489511     
 XREF energy (a.u.):    70.8303977142015     
 R(factor) =   0.260990000000000         R(free) =   0.233285000000000     
Testing convergence  in cycle  113
    Energy  2.0273E-04 Target: 1.0000E-05 converged?   no
  Max step  3.2492E-03 Target: 1.8000E-02 converged?  yes component   112
  RMS step  8.9087E-04 Target: 1.2000E-02 converged?  yes
  Max grad  1.3300E-02 Target: 4.5000E-03 converged?   no component   112
  RMS grad  1.9735E-03 Target: 3.0000E-03 converged?  yes
 Predicted step length 4.1016E-03
 Trust radius          2.0000E-02
 Energy calculation finished, energy: -1.784202807E+03
 QM energy (a.u.):   -1855.03324228573     
 XREF energy (a.u.):    70.8303749362945     
 R(factor) =   0.260990000000000         R(free) =   0.233283000000000     
 Rejecting step, energy  7.810E-06 higher
 Energy calculation finished, energy: -1.784202867E+03
 QM energy (a.u.):   -1855.03322587765     
 XREF energy (a.u.):    70.8303972557777     
 R(factor) =   0.260990000000000         R(free) =   0.233284000000000     
Testing convergence  in cycle  115
    Energy  5.2360E-05 Target: 1.0000E-05 converged?   no
  Max step  6.4314E-04 Target: 1.8000E-02 converged?  yes component    59
  RMS step  1.8270E-04 Target: 1.2000E-02 converged?  yes
  Max grad  2.9495E-03 Target: 4.5000E-03 converged?  yes component    59
  RMS grad  7.7677E-04 Target: 3.0000E-03 converged?  yes
 Predicted step length 2.5666E-02
 Trust radius          4.1016E-03
 Energy calculation finished, energy: -1.784202829E+03
 QM energy (a.u.):   -1855.03320903844     
 XREF energy (a.u.):    70.8303076024158     
 R(factor) =   0.260991000000000         R(free) =   0.233281000000000     
 Rejecting step, energy  3.873E-05 higher
 Energy calculation finished, energy: -1.784202901E+03
 QM energy (a.u.):   -1855.03321786404     
 XREF energy (a.u.):    70.8303110723678     
 R(factor) =   0.260990000000000         R(free) =   0.233282000000000     
Testing convergence  in cycle  117
    Energy  3.4090E-05 Target: 1.0000E-05 converged?   no
  Max step  6.9541E-04 Target: 1.8000E-02 converged?  yes component    59
  RMS step  1.8270E-04 Target: 1.2000E-02 converged?  yes
  Max grad  2.9399E-03 Target: 4.5000E-03 converged?  yes component    59
  RMS grad  8.3011E-04 Target: 3.0000E-03 converged?  yes
 Predicted step length 2.0831E-01
 Trust radius          4.1016E-03
 Energy calculation finished, energy: -1.784202907E+03
 QM energy (a.u.):   -1855.03320371461     
 XREF energy (a.u.):    70.8302663262299     
 R(factor) =   0.260991000000000         R(free) =   0.233280000000000     
Testing convergence  in cycle  118
    Energy  5.3500E-06 Target: 1.0000E-05 converged?  yes
  Max step  1.3968E-03 Target: 1.8000E-02 converged?  yes component    59
  RMS step  3.6540E-04 Target: 1.2000E-02 converged?  yes
  Max grad  3.0113E-03 Target: 4.5000E-03 converged?  yes component   112
  RMS grad  8.5356E-04 Target: 3.0000E-03 converged?  yes
Convergence reached

 Optimisation converged
 ----------------------
 Final converged energy:   -1784.202906790000


DL-FIND Report:
===============
Optimisation algorithm: L-BFGS
Number of steps in L-BFGS memory ...............        100
 
Trust radius based on energy
Maximum step length ............................  3.000E-02
 
Coordinate system: Cartesian coordinates
 
Number of atoms ................................       2619
Number of input geometries .....................          1
Variables to be optimised ......................        126
No restart information is written
This run has not been restarted.
Number of energy evaluations on this processor .        118
Number of steps ................................        118
Number of accepted steps / line searches .......         44
 

Timing report
=============
Module                                      CPU time            Wall clock time
Total .................................    12.758 (100.00%)  6381.756 (100.00%) seconds
Energy and Gradient ...................     0.689 (  5.40%)     1.375 (  0.02%) seconds
Step direction ........................     1.752 ( 13.73%)     5.815 (  0.09%) seconds
Coordinate transformation .............     0.043 (  0.34%)     0.042 (  0.00%) seconds
Checkpoint file I/O ...................     0.000 (  0.00%)     0.000 (  0.00%) seconds
XYZ-file I/O ..........................     0.000 (  0.00%)     0.000 (  0.00%) seconds
Maximum memory usage ........................... 5.1879E+03 kB
Wed Nov  9 09:01:00 CST 2022
