This job is running on host node39
Current directory: /share/home/chem-zhonglh/yanzy/QR/NC_more/1pf7/QRs/DFTSEMM_R1
Thu Jan 11 19:39:25 CST 2024
 using Gaussian + CNS
 QM energy (a.u.):   -1322.13343420353     
 XREF energy (a.u.):    91.2560511654036     
 R(factor) =   0.192896000000000         R(free) =   0.198261000000000     
 External sizes:       14175           1        9450

***********************************************************************
**                                                                   **
**                       ---------------------                       **
**                              DL-FIND                              **
**                       Geometry Optimisation                       **
**                       ---------------------                       **
**                                                                   **
**                 J. Kaestner, J.M. Carr, T.W. Keal,                **
**                W. Thiel, A. Wander and P. Sherwood                **
**                                                                   **
**              J. Phys. Chem. A, 2009, 113 (43), 11856.             **
**                                                                   **
**   Please include this reference in published work using DL-FIND.  **
**                                                                   **
**               Copyright:  STFC Daresbury Laboratory               **
**                           Revision: Unversioned directory         **
**                                                                   **
***********************************************************************


DL-FIND Report:
===============
Optimisation algorithm: L-BFGS
Number of steps in L-BFGS memory ...............        100
 
Trust radius based on energy
Maximum step length ............................  2.000E-02
 
Coordinate system: Cartesian coordinates
 
Number of atoms ................................       4725
Number of input geometries .....................          1
Variables to be optimised ......................        102
No restart information is written
This run has not been restarted.
Maximum number of steps ........................       2000
Maximum number of energy evaluations ...........      10000
 
 Energy calculation finished, energy: -1.230877383E+03
 QM energy (a.u.):   -1322.13343420353     
 XREF energy (a.u.):    91.2560511655152     
 R(factor) =   0.192896000000000         R(free) =   0.198261000000000     
Testing convergence  in cycle    1
  Max grad  1.1240E-02 Target: 4.5000E-03 converged?   no component    48
  RMS grad  3.3258E-03 Target: 3.0000E-03 converged?   no
 Predicted step length 2.0000E-02
 Trust radius          2.0000E-02
 Energy calculation finished, energy: -1.230877383E+03
 QM energy (a.u.):   -1322.13351889861     
 XREF energy (a.u.):    91.2554530059196     
 R(factor) =   0.192898000000000         R(free) =   0.198258000000000     
 Rejecting step, energy  0.000E+00 higher
 Energy calculation finished, energy: -1.230878066E+03
 QM energy (a.u.):   -1322.13368038048     
 XREF energy (a.u.):    91.2557394395197     
 R(factor) =   0.192897000000000         R(free) =   0.198260000000000     
Testing convergence  in cycle    3
    Energy  6.8285E-04 Target: 1.0000E-05 converged?   no
  Max step  3.3464E-03 Target: 1.8000E-02 converged?  yes component    48
  RMS step  9.9015E-04 Target: 1.2000E-02 converged?  yes
  Max grad  1.1460E-02 Target: 4.5000E-03 converged?   no component    45
  RMS grad  2.1742E-03 Target: 3.0000E-03 converged?  yes
 Predicted step length 3.0496E-03
 Trust radius          2.0000E-02
 Energy calculation finished, energy: -1.230877941E+03
 QM energy (a.u.):   -1322.13371472517     
 XREF energy (a.u.):    91.2557562209898     
 R(factor) =   0.192897000000000         R(free) =   0.198260000000000     
 Rejecting step, energy  1.250E-04 higher
 Energy calculation finished, energy: -1.230877958E+03
 QM energy (a.u.):   -1322.13370203194     
 XREF energy (a.u.):    91.2557483927049     
 R(factor) =   0.192897000000000         R(free) =   0.198260000000000     
 Rejecting step, energy  1.074E-04 higher
 Energy calculation finished, energy: -1.230877954E+03
 QM energy (a.u.):   -1322.13369232273     
 XREF energy (a.u.):    91.2557450785148     
 R(factor) =   0.192897000000000         R(free) =   0.198260000000000     
 Rejecting step, energy  1.123E-04 higher
 Energy calculation finished, energy: -1.230877947E+03
 QM energy (a.u.):   -1322.13368662849     
 XREF energy (a.u.):    91.2557409120023     
 R(factor) =   0.192897000000000         R(free) =   0.198260000000000     
 Rejecting step, energy  1.187E-04 higher
 Energy calculation finished, energy: -1.230877946E+03
 QM energy (a.u.):   -1322.13368357522     
 XREF energy (a.u.):    91.2557403258290     
 R(factor) =   0.192897000000000         R(free) =   0.198260000000000     
 Rejecting step, energy  1.202E-04 higher
 Energy calculation finished, energy: -1.230877943E+03
 QM energy (a.u.):   -1322.13368199536     
 XREF energy (a.u.):    91.2557397329689     
 R(factor) =   0.192897000000000         R(free) =   0.198260000000000     
 Rejecting step, energy  1.226E-04 higher
 Energy calculation finished, energy: -1.230877942E+03
 QM energy (a.u.):   -1322.13368119253     
 XREF energy (a.u.):    91.2557395860627     
 R(factor) =   0.192897000000000         R(free) =   0.198260000000000     
 Rejecting step, energy  1.236E-04 higher
 Energy calculation finished, energy: -1.230877942E+03
 QM energy (a.u.):   -1322.13368078706     
 XREF energy (a.u.):    91.2557395130534     
 R(factor) =   0.192897000000000         R(free) =   0.198260000000000     
 Rejecting step, energy  1.243E-04 higher
 Energy calculation finished, energy: -1.230877941E+03
 QM energy (a.u.):   -1322.13368058333     
 XREF energy (a.u.):    91.2557394759033     
 R(factor) =   0.192897000000000         R(free) =   0.198260000000000     
 Rejecting step, energy  1.246E-04 higher
 Energy calculation finished, energy: -1.230877941E+03
 QM energy (a.u.):   -1322.13368048191     
 XREF energy (a.u.):    91.2557394577824     
 R(factor) =   0.192897000000000         R(free) =   0.198260000000000     
 Rejecting step, energy  1.248E-04 higher
 Energy calculation finished, energy: -1.230877941E+03
 QM energy (a.u.):   -1322.13368043084     
 XREF energy (a.u.):    91.2557394481204     
 R(factor) =   0.192897000000000         R(free) =   0.198260000000000     
 Rejecting step, energy  1.249E-04 higher
 Energy calculation finished, energy: -1.230877941E+03
 QM energy (a.u.):   -1322.13368040563     
 XREF energy (a.u.):    91.2557394441380     
 R(factor) =   0.192897000000000         R(free) =   0.198260000000000     
 Rejecting step, energy  1.249E-04 higher
 Energy calculation finished, energy: -1.230877941E+03
 QM energy (a.u.):   -1322.13368039297     
 XREF energy (a.u.):    91.2557394414751     
 R(factor) =   0.192897000000000         R(free) =   0.198260000000000     
 Rejecting step, energy  1.249E-04 higher
 Energy calculation finished, energy: -1.230877941E+03
 QM energy (a.u.):   -1322.13368038636     
 XREF energy (a.u.):    91.2557394402894     
 R(factor) =   0.192897000000000         R(free) =   0.198260000000000     
 Rejecting step, energy  1.249E-04 higher
 Energy calculation finished, energy: -1.230877941E+03
 QM energy (a.u.):   -1322.13368038316     
 XREF energy (a.u.):    91.2557394401636     
 R(factor) =   0.192897000000000         R(free) =   0.198260000000000     
 Rejecting step, energy  1.249E-04 higher
 Step too small, restarting optimiser.
Testing convergence  in cycle   18
    Energy  1.2494E-04 Target: 1.0000E-05 converged?   no
  Max step  4.7167E-08 Target: 1.8000E-02 converged?  yes component    45
  RMS step  9.2149E-09 Target: 1.2000E-02 converged?  yes
  Max grad  6.1271E-03 Target: 4.5000E-03 converged?   no component    22
  RMS grad  1.5091E-03 Target: 3.0000E-03 converged?  yes
 Predicted step length 2.0000E-02
 Trust radius          2.0000E-02
 Energy calculation finished, energy: -1.230877941E+03
 QM energy (a.u.):   -1322.13367724391     
 XREF energy (a.u.):    91.2552090407768     
 R(factor) =   0.192901000000000         R(free) =   0.198256000000000     
 Rejecting step, energy  1.000E-08 higher
 Energy calculation finished, energy: -1.230878468E+03
 QM energy (a.u.):   -1322.13375777680     
 XREF energy (a.u.):    91.2554777005307     
 R(factor) =   0.192899000000000         R(free) =   0.198258000000000     
Testing convergence  in cycle   20
    Energy  5.2725E-04 Target: 1.0000E-05 converged?   no
  Max step  4.0202E-03 Target: 1.8000E-02 converged?  yes component    22
  RMS step  9.9015E-04 Target: 1.2000E-02 converged?  yes
  Max grad  5.1298E-03 Target: 4.5000E-03 converged?   no component    23
  RMS grad  1.6332E-03 Target: 3.0000E-03 converged?  yes
 Predicted step length 5.5004E-03
 Trust radius          2.0000E-02
 Energy calculation finished, energy: -1.230878280E+03
 QM energy (a.u.):   -1322.13383148167     
 XREF energy (a.u.):    91.2554373539251     
 R(factor) =   0.192899000000000         R(free) =   0.198258000000000     
 Rejecting step, energy  1.881E-04 higher
 Energy calculation finished, energy: -1.230878394E+03
 QM energy (a.u.):   -1322.13379722596     
 XREF energy (a.u.):    91.2554576605622     
 R(factor) =   0.192899000000000         R(free) =   0.198258000000000     
 Rejecting step, energy  7.407E-05 higher
 Energy calculation finished, energy: -1.230878340E+03
 QM energy (a.u.):   -1322.13377815819     
 XREF energy (a.u.):    91.2554683748521     
 R(factor) =   0.192899000000000         R(free) =   0.198258000000000     
 Rejecting step, energy  1.286E-04 higher
 Energy calculation finished, energy: -1.230878310E+03
 QM energy (a.u.):   -1322.13376811586     
 XREF energy (a.u.):    91.2554732030970     
 R(factor) =   0.192899000000000         R(free) =   0.198258000000000     
 Rejecting step, energy  1.584E-04 higher
 Energy calculation finished, energy: -1.230878295E+03
 QM energy (a.u.):   -1322.13376299788     
 XREF energy (a.u.):    91.2554753006303     
 R(factor) =   0.192899000000000         R(free) =   0.198258000000000     
 Rejecting step, energy  1.733E-04 higher
 Energy calculation finished, energy: -1.230878288E+03
 QM energy (a.u.):   -1322.13376038450     
 XREF energy (a.u.):    91.2554765029382     
 R(factor) =   0.192899000000000         R(free) =   0.198258000000000     
 Rejecting step, energy  1.805E-04 higher
 Energy calculation finished, energy: -1.230878284E+03
 QM energy (a.u.):   -1322.13375909279     
 XREF energy (a.u.):    91.2554771010062     
 R(factor) =   0.192899000000000         R(free) =   0.198258000000000     
 Rejecting step, energy  1.843E-04 higher
 Energy calculation finished, energy: -1.230878282E+03
 QM energy (a.u.):   -1322.13375843600     
 XREF energy (a.u.):    91.2554774002848     
 R(factor) =   0.192899000000000         R(free) =   0.198258000000000     
 Rejecting step, energy  1.862E-04 higher
 Energy calculation finished, energy: -1.230878281E+03
 QM energy (a.u.):   -1322.13375811093     
 XREF energy (a.u.):    91.2554775510619     
 R(factor) =   0.192899000000000         R(free) =   0.198258000000000     
 Rejecting step, energy  1.872E-04 higher
 Energy calculation finished, energy: -1.230878281E+03
 QM energy (a.u.):   -1322.13375794439     
 XREF energy (a.u.):    91.2554776256648     
 R(factor) =   0.192899000000000         R(free) =   0.198258000000000     
 Rejecting step, energy  1.876E-04 higher
 Energy calculation finished, energy: -1.230878280E+03
 QM energy (a.u.):   -1322.13375787393     
 XREF energy (a.u.):    91.2554776628229     
 R(factor) =   0.192899000000000         R(free) =   0.198258000000000     
 Rejecting step, energy  1.879E-04 higher
 Energy calculation finished, energy: -1.230878280E+03
 QM energy (a.u.):   -1322.13375781844     
 XREF energy (a.u.):    91.2554776815971     
 R(factor) =   0.192899000000000         R(free) =   0.198258000000000     
 Rejecting step, energy  1.880E-04 higher
 Energy calculation finished, energy: -1.230878280E+03
 QM energy (a.u.):   -1322.13375780050     
 XREF energy (a.u.):    91.2554776910902     
 R(factor) =   0.192899000000000         R(free) =   0.198258000000000     
 Rejecting step, energy  1.881E-04 higher
 Energy calculation finished, energy: -1.230878280E+03
 QM energy (a.u.):   -1322.13375779963     
 XREF energy (a.u.):    91.2554776959809     
 R(factor) =   0.192899000000000         R(free) =   0.198258000000000     
 Rejecting step, energy  1.881E-04 higher
 Energy calculation finished, energy: -1.230878280E+03
 QM energy (a.u.):   -1322.13375777437     
 XREF energy (a.u.):    91.2554776980176     
 R(factor) =   0.192899000000000         R(free) =   0.198258000000000     
 Rejecting step, energy  1.881E-04 higher
 Energy calculation finished, energy: -1.230878280E+03
 QM energy (a.u.):   -1322.13375779249     
 XREF energy (a.u.):    91.2554776992909     
 R(factor) =   0.192899000000000         R(free) =   0.198258000000000     
 Rejecting step, energy  1.881E-04 higher
 Step too small, restarting optimiser.
Testing convergence  in cycle   36
    Energy  1.8812E-04 Target: 1.0000E-05 converged?   no
  Max step  2.1575E-08 Target: 1.8000E-02 converged?  yes component    62
  RMS step  8.3102E-09 Target: 1.2000E-02 converged?  yes
  Max grad  2.7549E-03 Target: 4.5000E-03 converged?  yes component    62
  RMS grad  1.0491E-03 Target: 3.0000E-03 converged?  yes
 Predicted step length 2.0000E-02
 Trust radius          2.0000E-02
 Energy calculation finished, energy: -1.230878280E+03
 QM energy (a.u.):   -1322.13393283727     
 XREF energy (a.u.):    91.2553061205935     
 R(factor) =   0.192898000000000         R(free) =   0.198258000000000     
Testing convergence  in cycle   37
    Energy  1.0000E-08 Target: 1.0000E-05 converged?  yes
  Max step  5.2001E-03 Target: 1.8000E-02 converged?  yes component    62
  RMS step  1.9803E-03 Target: 1.2000E-02 converged?  yes
  Max grad  2.7547E-03 Target: 4.5000E-03 converged?  yes component    62
  RMS grad  1.0491E-03 Target: 3.0000E-03 converged?  yes
Convergence reached

 Optimisation converged
 ----------------------
 Final converged energy:   -1230.878280090000


DL-FIND Report:
===============
Optimisation algorithm: L-BFGS
Number of steps in L-BFGS memory ...............        100
 
Trust radius based on energy
Maximum step length ............................  2.000E-02
 
Coordinate system: Cartesian coordinates
 
Number of atoms ................................       4725
Number of input geometries .....................          1
Variables to be optimised ......................        102
No restart information is written
This run has not been restarted.
Number of energy evaluations on this processor .         37
Number of steps ................................         37
Number of accepted steps / line searches .......          6
 

Timing report
=============
Module                                      CPU time            Wall clock time
Total .................................     5.532 (100.00%)  3321.599 (100.00%) seconds
Energy and Gradient ...................     0.427 (  7.73%)     0.737 (  0.02%) seconds
Step direction ........................     0.050 (  0.90%)     0.062 (  0.00%) seconds
Coordinate transformation .............     0.025 (  0.46%)     0.025 (  0.00%) seconds
Checkpoint file I/O ...................     0.000 (  0.00%)     0.000 (  0.00%) seconds
XYZ-file I/O ..........................     0.000 (  0.00%)     0.000 (  0.00%) seconds
Maximum memory usage ........................... 9.1554E+03 kB
Thu Jan 11 20:36:09 CST 2024
