This job is running on host node101
Current directory: /share/home/yanz/QR_App/ChemHPC/NC_more/1xoz/QRs/ANIMM_R1
Tue Dec 19 19:22:36 CST 2023
 using Gaussian + CNS
 QM energy (a.u.):   -1312.80304412529     
 XREF energy (a.u.):    127.789598343230     
 R(factor) =   0.239906000000000         R(free) =   0.230600000000000     
 External sizes:       19170           1       12780

***********************************************************************
**                                                                   **
**                       ---------------------                       **
**                              DL-FIND                              **
**                       Geometry Optimisation                       **
**                       ---------------------                       **
**                                                                   **
**                 J. Kaestner, J.M. Carr, T.W. Keal,                **
**                W. Thiel, A. Wander and P. Sherwood                **
**                                                                   **
**              J. Phys. Chem. A, 2009, 113 (43), 11856.             **
**                                                                   **
**   Please include this reference in published work using DL-FIND.  **
**                                                                   **
**               Copyright:  STFC Daresbury Laboratory               **
**                           Revision: Unversioned directory         **
**                                                                   **
***********************************************************************


DL-FIND Report:
===============
Optimisation algorithm: L-BFGS
Number of steps in L-BFGS memory ...............        100
 
Trust radius based on energy
Maximum step length ............................  5.000E-02
 
Coordinate system: Cartesian coordinates
 
Number of atoms ................................       6390
Number of input geometries .....................          1
Variables to be optimised ......................        144
No restart information is written
This run has not been restarted.
Maximum number of steps ........................       2000
Maximum number of energy evaluations ...........      10000
 
 Energy calculation finished, energy: -1.185013446E+03
 QM energy (a.u.):   -1312.80304412529     
 XREF energy (a.u.):    127.511904957161     
 R(factor) =   0.238122000000000         R(free) =   0.229027000000000     
Testing convergence  in cycle    1
  Max grad  6.4675E-02 Target: 4.5000E-03 converged?   no component    18
  RMS grad  1.5908E-02 Target: 3.0000E-03 converged?   no
 Predicted step length 2.0000E-02
 Trust radius          5.0000E-02
 Energy calculation finished, energy: -1.185291139E+03
 QM energy (a.u.):   -1312.80930595156     
 XREF energy (a.u.):    127.295415619599     
 R(factor) =   0.236811000000000         R(free) =   0.227961000000000     
Testing convergence  in cycle    2
    Energy  2.7769E-01 Target: 1.0000E-05 converged?   no
  Max step  6.7759E-03 Target: 1.8000E-02 converged?  yes component    18
  RMS step  1.6667E-03 Target: 1.2000E-02 converged?  yes
  Max grad  6.4426E-02 Target: 4.5000E-03 converged?   no component    18
  RMS grad  1.5933E-02 Target: 3.0000E-03 converged?   no
 Predicted step length 2.8005E+01
 Trust radius          5.0000E-02
 Energy calculation finished, energy: -1.185513890E+03
 QM energy (a.u.):   -1312.81974558452     
 XREF energy (a.u.):    127.131625797495     
 R(factor) =   0.235961000000000         R(free) =   0.226976000000000     
Testing convergence  in cycle    3
    Energy  2.2275E-01 Target: 1.0000E-05 converged?   no
  Max step  1.7145E-02 Target: 1.8000E-02 converged?  yes component    18
  RMS step  4.1667E-03 Target: 1.2000E-02 converged?  yes
  Max grad  5.0384E-02 Target: 4.5000E-03 converged?   no component    18
  RMS grad  1.3272E-02 Target: 3.0000E-03 converged?   no
 Predicted step length 3.3018E-01
 Trust radius          5.0000E-02
 Energy calculation finished, energy: -1.185688120E+03
 QM energy (a.u.):   -1312.82549224526     
 XREF energy (a.u.):    126.981915847794     
 R(factor) =   0.235122000000000         R(free) =   0.226213000000000     
Testing convergence  in cycle    4
    Energy  1.7423E-01 Target: 1.0000E-05 converged?   no
  Max step  1.6771E-02 Target: 1.8000E-02 converged?  yes component    52
  RMS step  4.1667E-03 Target: 1.2000E-02 converged?  yes
  Max grad  3.0066E-02 Target: 4.5000E-03 converged?   no component    52
  RMS grad  8.3800E-03 Target: 3.0000E-03 converged?   no
 Predicted step length 1.6001E-01
 Trust radius          5.0000E-02
 Energy calculation finished, energy: -1.185843576E+03
 QM energy (a.u.):   -1312.82858608958     
 XREF energy (a.u.):    126.950366006694     
 R(factor) =   0.234991000000000         R(free) =   0.226027000000000     
Testing convergence  in cycle    5
    Energy  1.5546E-01 Target: 1.0000E-05 converged?   no
  Max step  1.6920E-02 Target: 1.8000E-02 converged?  yes component    52
  RMS step  4.1667E-03 Target: 1.2000E-02 converged?  yes
  Max grad  2.3236E-02 Target: 4.5000E-03 converged?   no component    48
  RMS grad  6.6318E-03 Target: 3.0000E-03 converged?   no
 Predicted step length 1.2581E-01
 Trust radius          5.0000E-02
 Energy calculation finished, energy: -1.185878220E+03
 QM energy (a.u.):   -1312.82965831355     
 XREF energy (a.u.):    126.829907259338     
 R(factor) =   0.234410000000000         R(free) =   0.225265000000000     
Testing convergence  in cycle    6
    Energy  3.4644E-02 Target: 1.0000E-05 converged?   no
  Max step  1.4446E-02 Target: 1.8000E-02 converged?  yes component    52
  RMS step  4.1667E-03 Target: 1.2000E-02 converged?  yes
  Max grad  2.2145E-02 Target: 4.5000E-03 converged?   no component   139
  RMS grad  5.9297E-03 Target: 3.0000E-03 converged?   no
 Predicted step length 1.0984E-01
 Trust radius          5.0000E-02
 Energy calculation finished, energy: -1.185999751E+03
 QM energy (a.u.):   -1312.83088097546     
 XREF energy (a.u.):    126.712587648377     
 R(factor) =   0.233885000000000         R(free) =   0.224715000000000     
Testing convergence  in cycle    7
    Energy  1.2153E-01 Target: 1.0000E-05 converged?   no
  Max step  1.5916E-02 Target: 1.8000E-02 converged?  yes component    31
  RMS step  4.1667E-03 Target: 1.2000E-02 converged?  yes
  Max grad  2.4128E-02 Target: 4.5000E-03 converged?   no component   139
  RMS grad  6.6808E-03 Target: 3.0000E-03 converged?   no
 Predicted step length 1.7297E-01
 Trust radius          5.0000E-02
 Energy calculation finished, energy: -1.186118293E+03
 QM energy (a.u.):   -1312.83147692354     
 XREF energy (a.u.):    126.685712100145     
 R(factor) =   0.233776000000000         R(free) =   0.224520000000000     
Testing convergence  in cycle    8
    Energy  1.1854E-01 Target: 1.0000E-05 converged?   no
  Max step  1.6215E-02 Target: 1.8000E-02 converged?  yes component    31
  RMS step  4.1667E-03 Target: 1.2000E-02 converged?  yes
  Max grad  2.2659E-02 Target: 4.5000E-03 converged?   no component    52
  RMS grad  6.3154E-03 Target: 3.0000E-03 converged?   no
 Predicted step length 1.0963E-01
 Trust radius          5.0000E-02
 Energy calculation finished, energy: -1.186145765E+03
 QM energy (a.u.):   -1312.83213794634     
 XREF energy (a.u.):    126.597488689702     
 R(factor) =   0.233399000000000         R(free) =   0.223869000000000     
Testing convergence  in cycle    9
    Energy  2.7471E-02 Target: 1.0000E-05 converged?   no
  Max step  1.7097E-02 Target: 1.8000E-02 converged?  yes component    37
  RMS step  4.1667E-03 Target: 1.2000E-02 converged?  yes
  Max grad  1.9472E-02 Target: 4.5000E-03 converged?   no component    52
  RMS grad  5.6607E-03 Target: 3.0000E-03 converged?   no
 Predicted step length 1.4977E-01
 Trust radius          5.0000E-02
 Energy calculation finished, energy: -1.186234649E+03
 QM energy (a.u.):   -1312.83250898495     
 XREF energy (a.u.):    126.567102300975     
 R(factor) =   0.233222000000000         R(free) =   0.223754000000000     
Testing convergence  in cycle   10
    Energy  8.8884E-02 Target: 1.0000E-05 converged?   no
  Max step  1.7355E-02 Target: 1.8000E-02 converged?  yes component    37
  RMS step  4.1667E-03 Target: 1.2000E-02 converged?  yes
  Max grad  2.0183E-02 Target: 4.5000E-03 converged?   no component    47
  RMS grad  5.2109E-03 Target: 3.0000E-03 converged?   no
 Predicted step length 1.0657E-01
 Trust radius          5.0000E-02
 Energy calculation finished, energy: -1.186265407E+03
 QM energy (a.u.):   -1312.83319312320     
 XREF energy (a.u.):    126.470945358230     
 R(factor) =   0.232787000000000         R(free) =   0.223323000000000     
Testing convergence  in cycle   11
    Energy  3.0757E-02 Target: 1.0000E-05 converged?   no
  Max step  1.6070E-02 Target: 1.8000E-02 converged?  yes component    37
  RMS step  4.1667E-03 Target: 1.2000E-02 converged?  yes
  Max grad  2.7340E-02 Target: 4.5000E-03 converged?   no component    47
  RMS grad  5.5718E-03 Target: 3.0000E-03 converged?   no
 Predicted step length 1.4232E-01
 Trust radius          5.0000E-02
 Energy calculation finished, energy: -1.186362248E+03
 QM energy (a.u.):   -1312.83365931794     
 XREF energy (a.u.):    126.448035157855     
 R(factor) =   0.232660000000000         R(free) =   0.223140000000000     
Testing convergence  in cycle   12
    Energy  9.6841E-02 Target: 1.0000E-05 converged?   no
  Max step  1.2916E-02 Target: 1.8000E-02 converged?  yes component    37
  RMS step  4.1667E-03 Target: 1.2000E-02 converged?  yes
  Max grad  2.1411E-02 Target: 4.5000E-03 converged?   no component    47
  RMS grad  5.3820E-03 Target: 3.0000E-03 converged?   no
 Predicted step length 1.0603E-01
 Trust radius          5.0000E-02
 Energy calculation finished, energy: -1.186385624E+03
 QM energy (a.u.):   -1312.83399240159     
 XREF energy (a.u.):    126.380485466262     
 R(factor) =   0.232393000000000         R(free) =   0.222595000000000     
Testing convergence  in cycle   13
    Energy  2.3376E-02 Target: 1.0000E-05 converged?   no
  Max step  1.4542E-02 Target: 1.8000E-02 converged?  yes component   141
  RMS step  4.1667E-03 Target: 1.2000E-02 converged?  yes
  Max grad  2.0703E-02 Target: 4.5000E-03 converged?   no component   139
  RMS grad  5.1091E-03 Target: 3.0000E-03 converged?   no
 Predicted step length 1.1928E-01
 Trust radius          5.0000E-02
 Energy calculation finished, energy: -1.186453507E+03
 QM energy (a.u.):   -1312.83363693920     
 XREF energy (a.u.):    126.357625015038     
 R(factor) =   0.232240000000000         R(free) =   0.222485000000000     
Testing convergence  in cycle   14
    Energy  6.7883E-02 Target: 1.0000E-05 converged?   no
  Max step  1.5019E-02 Target: 1.8000E-02 converged?  yes component   141
  RMS step  4.1667E-03 Target: 1.2000E-02 converged?  yes
  Max grad  2.0068E-02 Target: 4.5000E-03 converged?   no component   139
  RMS grad  5.1337E-03 Target: 3.0000E-03 converged?   no
 Predicted step length 7.7797E-02
 Trust radius          5.0000E-02
 Energy calculation finished, energy: -1.186476012E+03
 QM energy (a.u.):   -1312.83311431633     
 XREF energy (a.u.):    126.330043990969     
 R(factor) =   0.232156000000000         R(free) =   0.222389000000000     
Testing convergence  in cycle   15
    Energy  2.2505E-02 Target: 1.0000E-05 converged?   no
  Max step  1.6645E-02 Target: 1.8000E-02 converged?  yes component   139
  RMS step  4.1667E-03 Target: 1.2000E-02 converged?  yes
  Max grad  1.7611E-02 Target: 4.5000E-03 converged?   no component    42
  RMS grad  5.8119E-03 Target: 3.0000E-03 converged?   no
 Predicted step length 9.9210E-02
 Trust radius          5.0000E-02
 Energy calculation finished, energy: -1.186503070E+03
 QM energy (a.u.):   -1312.83285151089     
 XREF energy (a.u.):    126.021275430775     
 R(factor) =   0.231125000000000         R(free) =   0.220854000000000     
Testing convergence  in cycle   16
    Energy  2.7058E-02 Target: 1.0000E-05 converged?   no
  Max step  1.8410E-02 Target: 1.8000E-02 converged?   no component   139
  RMS step  4.1667E-03 Target: 1.2000E-02 converged?  yes
  Max grad  2.5335E-02 Target: 4.5000E-03 converged?   no component    18
  RMS grad  6.7981E-03 Target: 3.0000E-03 converged?   no
 Predicted step length 9.7375E-02
 Trust radius          5.0000E-02
 Energy calculation finished, energy: -1.186811576E+03
 QM energy (a.u.):   -1312.83317912077     
 XREF energy (a.u.):    126.001335653108     
 R(factor) =   0.230972000000000         R(free) =   0.220589000000000     
Testing convergence  in cycle   17
    Energy  3.0851E-01 Target: 1.0000E-05 converged?   no
  Max step  1.6346E-02 Target: 1.8000E-02 converged?  yes component    32
  RMS step  4.1667E-03 Target: 1.2000E-02 converged?  yes
  Max grad  2.6013E-02 Target: 4.5000E-03 converged?   no component    36
  RMS grad  7.4920E-03 Target: 3.0000E-03 converged?   no
 Predicted step length 1.0760E-01
 Trust radius          5.0000E-02
 Energy calculation finished, energy: -1.186831843E+03
 QM energy (a.u.):   -1312.83331267565     
 XREF energy (a.u.):    125.993137104931     
 R(factor) =   0.230941000000000         R(free) =   0.220461000000000     
Testing convergence  in cycle   18
    Energy  2.0267E-02 Target: 1.0000E-05 converged?   no
  Max step  1.4924E-02 Target: 1.8000E-02 converged?  yes component    32
  RMS step  4.1667E-03 Target: 1.2000E-02 converged?  yes
  Max grad  2.7057E-02 Target: 4.5000E-03 converged?   no component    39
  RMS grad  7.1056E-03 Target: 3.0000E-03 converged?   no
 Predicted step length 8.1350E-02
 Trust radius          5.0000E-02
 Energy calculation finished, energy: -1.186840176E+03
 QM energy (a.u.):   -1312.83329296031     
 XREF energy (a.u.):    125.938216541351     
 R(factor) =   0.230731000000000         R(free) =   0.220108000000000     
Testing convergence  in cycle   19
    Energy  8.3321E-03 Target: 1.0000E-05 converged?   no
  Max step  1.3080E-02 Target: 1.8000E-02 converged?  yes component    42
  RMS step  4.1667E-03 Target: 1.2000E-02 converged?  yes
  Max grad  2.3321E-02 Target: 4.5000E-03 converged?   no component   139
  RMS grad  6.5818E-03 Target: 3.0000E-03 converged?   no
 Predicted step length 1.0828E-01
 Trust radius          5.0000E-02
 Energy calculation finished, energy: -1.186895076E+03
 QM energy (a.u.):   -1312.83326614648     
 XREF energy (a.u.):    125.930020836043     
 R(factor) =   0.230666000000000         R(free) =   0.220064000000000     
Testing convergence  in cycle   20
    Energy  5.4901E-02 Target: 1.0000E-05 converged?   no
  Max step  1.4686E-02 Target: 1.8000E-02 converged?  yes component    47
  RMS step  4.1667E-03 Target: 1.2000E-02 converged?  yes
  Max grad  2.0984E-02 Target: 4.5000E-03 converged?   no component    36
  RMS grad  7.2148E-03 Target: 3.0000E-03 converged?   no
 Predicted step length 1.0860E-01
 Trust radius          5.0000E-02
 Energy calculation finished, energy: -1.186903245E+03
 QM energy (a.u.):   -1312.83330896091     
 XREF energy (a.u.):    125.872356489514     
 R(factor) =   0.230467000000000         R(free) =   0.219755000000000     
Testing convergence  in cycle   21
    Energy  8.1689E-03 Target: 1.0000E-05 converged?   no
  Max step  1.7455E-02 Target: 1.8000E-02 converged?  yes component   139
  RMS step  4.1667E-03 Target: 1.2000E-02 converged?  yes
  Max grad  2.5848E-02 Target: 4.5000E-03 converged?   no component    36
  RMS grad  7.4110E-03 Target: 3.0000E-03 converged?   no
 Predicted step length 1.0830E-01
 Trust radius          5.0000E-02
 Energy calculation finished, energy: -1.186960952E+03
 QM energy (a.u.):   -1312.83414049933     
 XREF energy (a.u.):    125.830496351181     
 R(factor) =   0.230323000000000         R(free) =   0.219641000000000     
Testing convergence  in cycle   22
    Energy  5.7707E-02 Target: 1.0000E-05 converged?   no
  Max step  1.6058E-02 Target: 1.8000E-02 converged?  yes component    32
  RMS step  4.1667E-03 Target: 1.2000E-02 converged?  yes
  Max grad  2.2224E-02 Target: 4.5000E-03 converged?   no component    18
  RMS grad  7.0477E-03 Target: 3.0000E-03 converged?   no
 Predicted step length 1.4318E-01
 Trust radius          5.0000E-02
 Energy calculation finished, energy: -1.187003644E+03
 QM energy (a.u.):   -1312.83514393330     
 XREF energy (a.u.):    125.816243599118     
 R(factor) =   0.230202000000000         R(free) =   0.219494000000000     
Testing convergence  in cycle   23
    Energy  4.2692E-02 Target: 1.0000E-05 converged?   no
  Max step  1.5101E-02 Target: 1.8000E-02 converged?  yes component    32
  RMS step  4.1667E-03 Target: 1.2000E-02 converged?  yes
  Max grad  2.0778E-02 Target: 4.5000E-03 converged?   no component    18
  RMS grad  6.1703E-03 Target: 3.0000E-03 converged?   no
 Predicted step length 1.0387E-01
 Trust radius          5.0000E-02
 Energy calculation finished, energy: -1.187018900E+03
 QM energy (a.u.):   -1312.83588157450     
 XREF energy (a.u.):    125.809143760510     
 R(factor) =   0.230161000000000         R(free) =   0.219429000000000     
Testing convergence  in cycle   24
    Energy  1.5256E-02 Target: 1.0000E-05 converged?   no
  Max step  1.0970E-02 Target: 1.8000E-02 converged?  yes component    37
  RMS step  4.1667E-03 Target: 1.2000E-02 converged?  yes
  Max grad  1.4179E-02 Target: 4.5000E-03 converged?   no component    55
  RMS grad  5.0827E-03 Target: 3.0000E-03 converged?   no
 Predicted step length 1.0134E-01
 Trust radius          5.0000E-02
 Energy calculation finished, energy: -1.187026738E+03
 QM energy (a.u.):   -1312.83601377508     
 XREF energy (a.u.):    125.762566216175     
 R(factor) =   0.229990000000000         R(free) =   0.219224000000000     
Testing convergence  in cycle   25
    Energy  7.8375E-03 Target: 1.0000E-05 converged?   no
  Max step  1.3594E-02 Target: 1.8000E-02 converged?  yes component   141
  RMS step  4.1667E-03 Target: 1.2000E-02 converged?  yes
  Max grad  1.5174E-02 Target: 4.5000E-03 converged?   no component   139
  RMS grad  4.4309E-03 Target: 3.0000E-03 converged?   no
 Predicted step length 8.8015E-02
 Trust radius          5.0000E-02
 Energy calculation finished, energy: -1.187073448E+03
 QM energy (a.u.):   -1312.83542165879     
 XREF energy (a.u.):    125.759727505128     
 R(factor) =   0.229945000000000         R(free) =   0.219133000000000     
Testing convergence  in cycle   26
    Energy  4.6710E-02 Target: 1.0000E-05 converged?   no
  Max step  1.3318E-02 Target: 1.8000E-02 converged?  yes component   141
  RMS step  4.1667E-03 Target: 1.2000E-02 converged?  yes
  Max grad  1.3903E-02 Target: 4.5000E-03 converged?   no component   139
  RMS grad  4.5982E-03 Target: 3.0000E-03 converged?   no
 Predicted step length 7.7185E-02
 Trust radius          5.0000E-02
 Energy calculation finished, energy: -1.187075694E+03
 QM energy (a.u.):   -1312.83478467315     
 XREF energy (a.u.):    125.725413858247     
 R(factor) =   0.229872000000000         R(free) =   0.219011000000000     
Testing convergence  in cycle   27
    Energy  2.2466E-03 Target: 1.0000E-05 converged?   no
  Max step  1.6336E-02 Target: 1.8000E-02 converged?  yes component   139
  RMS step  4.1667E-03 Target: 1.2000E-02 converged?  yes
  Max grad  1.5136E-02 Target: 4.5000E-03 converged?   no component    36
  RMS grad  5.5900E-03 Target: 3.0000E-03 converged?   no
 Predicted step length 9.1469E-02
 Trust radius          5.0000E-02
 Energy calculation finished, energy: -1.187109371E+03
 QM energy (a.u.):   -1312.83441063889     
 XREF energy (a.u.):    125.715017323481     
 R(factor) =   0.229827000000000         R(free) =   0.218875000000000     
Testing convergence  in cycle   28
    Energy  3.3677E-02 Target: 1.0000E-05 converged?   no
  Max step  1.5898E-02 Target: 1.8000E-02 converged?  yes component    32
  RMS step  4.1667E-03 Target: 1.2000E-02 converged?  yes
  Max grad  3.1219E-02 Target: 4.5000E-03 converged?   no component    39
  RMS grad  6.7895E-03 Target: 3.0000E-03 converged?   no
 Predicted step length 8.5584E-02
 Trust radius          5.0000E-02
 Energy calculation finished, energy: -1.187119393E+03
 QM energy (a.u.):   -1312.83450888716     
 XREF energy (a.u.):    125.681494823974     
 R(factor) =   0.229742000000000         R(free) =   0.218648000000000     
Testing convergence  in cycle   29
    Energy  1.0023E-02 Target: 1.0000E-05 converged?   no
  Max step  1.5836E-02 Target: 1.8000E-02 converged?  yes component    37
  RMS step  4.1667E-03 Target: 1.2000E-02 converged?  yes
  Max grad  3.6567E-02 Target: 4.5000E-03 converged?   no component    39
  RMS grad  7.4593E-03 Target: 3.0000E-03 converged?   no
 Predicted step length 9.4235E-02
 Trust radius          5.0000E-02
 Energy calculation finished, energy: -1.187153014E+03
 QM energy (a.u.):   -1312.83432368929     
 XREF energy (a.u.):    125.678125681550     
 R(factor) =   0.229725000000000         R(free) =   0.218621000000000     
Testing convergence  in cycle   30
    Energy  3.3621E-02 Target: 1.0000E-05 converged?   no
  Max step  1.3819E-02 Target: 1.8000E-02 converged?  yes component    37
  RMS step  4.1667E-03 Target: 1.2000E-02 converged?  yes
  Max grad  2.4276E-02 Target: 4.5000E-03 converged?   no component    47
  RMS grad  7.1166E-03 Target: 3.0000E-03 converged?   no
 Predicted step length 7.6758E-02
 Trust radius          5.0000E-02
 Energy calculation finished, energy: -1.187156198E+03
 QM energy (a.u.):   -1312.83381645228     
 XREF energy (a.u.):    125.666611656737     
 R(factor) =   0.229723000000000         R(free) =   0.218584000000000     
Testing convergence  in cycle   31
    Energy  3.1839E-03 Target: 1.0000E-05 converged?   no
  Max step  1.5325E-02 Target: 1.8000E-02 converged?  yes component    47
  RMS step  4.1667E-03 Target: 1.2000E-02 converged?  yes
  Max grad  2.1262E-02 Target: 4.5000E-03 converged?   no component    47
  RMS grad  7.2035E-03 Target: 3.0000E-03 converged?   no
 Predicted step length 9.7249E-02
 Trust radius          5.0000E-02
 Energy calculation finished, energy: -1.187167205E+03
 QM energy (a.u.):   -1312.83342680205     
 XREF energy (a.u.):    125.632745741291     
 R(factor) =   0.229620000000000         R(free) =   0.218498000000000     
Testing convergence  in cycle   32
    Energy  1.1007E-02 Target: 1.0000E-05 converged?   no
  Max step  1.5972E-02 Target: 1.8000E-02 converged?  yes component    31
  RMS step  4.1667E-03 Target: 1.2000E-02 converged?  yes
  Max grad  2.7294E-02 Target: 4.5000E-03 converged?   no component    36
  RMS grad  7.9416E-03 Target: 3.0000E-03 converged?   no
 Predicted step length 1.0243E-01
 Trust radius          5.0000E-02
 Energy calculation finished, energy: -1.187200681E+03
 QM energy (a.u.):   -1312.83390065358     
 XREF energy (a.u.):    125.631775356928     
 R(factor) =   0.229561000000000         R(free) =   0.218403000000000     
Testing convergence  in cycle   33
    Energy  3.3476E-02 Target: 1.0000E-05 converged?   no
  Max step  1.6361E-02 Target: 1.8000E-02 converged?  yes component   139
  RMS step  4.1667E-03 Target: 1.2000E-02 converged?  yes
  Max grad  3.4622E-02 Target: 4.5000E-03 converged?   no component    39
  RMS grad  8.4171E-03 Target: 3.0000E-03 converged?   no
 Predicted step length 1.1141E-01
 Trust radius          5.0000E-02
 Energy calculation finished, energy: -1.187202125E+03
 QM energy (a.u.):   -1312.83495896296     
 XREF energy (a.u.):    125.630886328315     
 R(factor) =   0.229514000000000         R(free) =   0.218396000000000     
Testing convergence  in cycle   34
    Energy  1.4442E-03 Target: 1.0000E-05 converged?   no
  Max step  1.5590E-02 Target: 1.8000E-02 converged?  yes component    37
  RMS step  4.1667E-03 Target: 1.2000E-02 converged?  yes
  Max grad  3.5763E-02 Target: 4.5000E-03 converged?   no component    39
  RMS grad  7.9906E-03 Target: 3.0000E-03 converged?   no
 Predicted step length 9.9739E-02
 Trust radius          5.0000E-02
 Energy calculation finished, energy: -1.187204073E+03
 QM energy (a.u.):   -1312.83580970238     
 XREF energy (a.u.):    125.620881232708     
 R(factor) =   0.229478000000000         R(free) =   0.218358000000000     
Testing convergence  in cycle   35
    Energy  1.9473E-03 Target: 1.0000E-05 converged?   no
  Max step  1.3704E-02 Target: 1.8000E-02 converged?  yes component    37
  RMS step  4.1667E-03 Target: 1.2000E-02 converged?  yes
  Max grad  2.8953E-02 Target: 4.5000E-03 converged?   no component    39
  RMS grad  6.8437E-03 Target: 3.0000E-03 converged?   no
 Predicted step length 8.3289E-02
 Trust radius          5.0000E-02
 Energy calculation finished, energy: -1.187214928E+03
 QM energy (a.u.):   -1312.83573651847     
 XREF energy (a.u.):    125.592054032124     
 R(factor) =   0.229420000000000         R(free) =   0.218287000000000     
Testing convergence  in cycle   36
    Energy  1.0856E-02 Target: 1.0000E-05 converged?   no
  Max step  1.2563E-02 Target: 1.8000E-02 converged?  yes component    42
  RMS step  4.1667E-03 Target: 1.2000E-02 converged?  yes
  Max grad  1.8732E-02 Target: 4.5000E-03 converged?   no component    47
  RMS grad  5.6749E-03 Target: 3.0000E-03 converged?   no
 Predicted step length 7.8083E-02
 Trust radius          5.0000E-02
 Energy calculation finished, energy: -1.187243682E+03
 QM energy (a.u.):   -1312.83472146873     
 XREF energy (a.u.):    125.591198255308     
 R(factor) =   0.229380000000000         R(free) =   0.218173000000000     
Testing convergence  in cycle   37
    Energy  2.8754E-02 Target: 1.0000E-05 converged?   no
  Max step  1.4106E-02 Target: 1.8000E-02 converged?  yes component    47
  RMS step  4.1667E-03 Target: 1.2000E-02 converged?  yes
  Max grad  1.5431E-02 Target: 4.5000E-03 converged?   no component   139
  RMS grad  5.7433E-03 Target: 3.0000E-03 converged?   no
 Predicted step length 7.9090E-02
 Trust radius          5.0000E-02
 Energy calculation finished, energy: -1.187243523E+03
 QM energy (a.u.):   -1312.83401959552     
 XREF energy (a.u.):    125.590281956966     
 R(factor) =   0.229387000000000         R(free) =   0.218144000000000     
 Rejecting step, energy  1.593E-04 higher
 Energy calculation finished, energy: -1.187243738E+03
 QM energy (a.u.):   -1312.83469482544     
 XREF energy (a.u.):    125.581980705616     
 R(factor) =   0.229355000000000         R(free) =   0.218114000000000     
Testing convergence  in cycle   39
    Energy  5.5150E-05 Target: 1.0000E-05 converged?   no
  Max step  8.1506E-03 Target: 1.8000E-02 converged?  yes component   139
  RMS step  2.0833E-03 Target: 1.2000E-02 converged?  yes
  Max grad  3.9847E-02 Target: 4.5000E-03 converged?   no component    39
  RMS grad  8.0572E-03 Target: 3.0000E-03 converged?   no
 Predicted step length 3.7254E-02
 Trust radius          5.0000E-02
 Energy calculation finished, energy: -1.187252714E+03
 QM energy (a.u.):   -1312.83758640192     
 XREF energy (a.u.):    125.581368268140     
 R(factor) =   0.229361000000000         R(free) =   0.218092000000000     
Testing convergence  in cycle   40
    Energy  8.9765E-03 Target: 1.0000E-05 converged?   no
  Max step  1.1083E-02 Target: 1.8000E-02 converged?  yes component    37
  RMS step  3.1045E-03 Target: 1.2000E-02 converged?  yes
  Max grad  3.5761E-02 Target: 4.5000E-03 converged?   no component    39
  RMS grad  7.4110E-03 Target: 3.0000E-03 converged?   no
 Predicted step length 1.4837E-01
 Trust radius          5.0000E-02
 Energy calculation finished, energy: -1.187256218E+03
 QM energy (a.u.):   -1312.83621149641     
 XREF energy (a.u.):    125.573002457124     
 R(factor) =   0.229362000000000         R(free) =   0.218047000000000     
Testing convergence  in cycle   41
    Energy  3.5040E-03 Target: 1.0000E-05 converged?   no
  Max step  1.6555E-02 Target: 1.8000E-02 converged?  yes component    32
  RMS step  4.1667E-03 Target: 1.2000E-02 converged?  yes
  Max grad  1.8010E-02 Target: 4.5000E-03 converged?   no component    39
  RMS grad  4.0184E-03 Target: 3.0000E-03 converged?   no
 Predicted step length 3.3936E-02
 Trust radius          5.0000E-02
 Energy calculation finished, energy: -1.187263209E+03
 QM energy (a.u.):   -1312.83851151972     
 XREF energy (a.u.):    125.573368644701     
 R(factor) =   0.229345000000000         R(free) =   0.218037000000000     
Testing convergence  in cycle   42
    Energy  6.9909E-03 Target: 1.0000E-05 converged?   no
  Max step  9.5251E-03 Target: 1.8000E-02 converged?  yes component    31
  RMS step  2.8280E-03 Target: 1.2000E-02 converged?  yes
  Max grad  1.7432E-02 Target: 4.5000E-03 converged?   no component    39
  RMS grad  5.5012E-03 Target: 3.0000E-03 converged?   no
 Predicted step length 8.2866E-02
 Trust radius          5.0000E-02
 Energy calculation finished, energy: -1.187265143E+03
 QM energy (a.u.):   -1312.83721773795     
 XREF energy (a.u.):    125.564912273090     
 R(factor) =   0.229331000000000         R(free) =   0.217992000000000     
Testing convergence  in cycle   43
    Energy  1.9338E-03 Target: 1.0000E-05 converged?   no
  Max step  1.6248E-02 Target: 1.8000E-02 converged?  yes component    37
  RMS step  4.1667E-03 Target: 1.2000E-02 converged?  yes
  Max grad  8.8070E-03 Target: 4.5000E-03 converged?   no component    39
  RMS grad  2.6432E-03 Target: 3.0000E-03 converged?  yes
 Predicted step length 4.6437E-03
 Trust radius          5.0000E-02
 Energy calculation finished, energy: -1.187272305E+03
 QM energy (a.u.):   -1312.83711436140     
 XREF energy (a.u.):    125.564654333951     
 R(factor) =   0.229328000000000         R(free) =   0.217976000000000     
Testing convergence  in cycle   44
    Energy  7.1626E-03 Target: 1.0000E-05 converged?   no
  Max step  1.2964E-03 Target: 1.8000E-02 converged?  yes component    71
  RMS step  3.8698E-04 Target: 1.2000E-02 converged?  yes
  Max grad  1.7434E-02 Target: 4.5000E-03 converged?   no component     9
  RMS grad  5.3010E-03 Target: 3.0000E-03 converged?   no
 Predicted step length 8.0393E-01
 Trust radius          5.0000E-02
 Energy calculation finished, energy: -1.187272460E+03
 QM energy (a.u.):   -1312.83284649948     
 XREF energy (a.u.):    125.555475218915     
 R(factor) =   0.229328000000000         R(free) =   0.217938000000000     
Testing convergence  in cycle   45
    Energy  1.5457E-04 Target: 1.0000E-05 converged?   no
  Max step  1.2827E-02 Target: 1.8000E-02 converged?  yes component    71
  RMS step  4.1667E-03 Target: 1.2000E-02 converged?  yes
  Max grad  1.6871E-02 Target: 4.5000E-03 converged?   no component     9
  RMS grad  5.1997E-03 Target: 3.0000E-03 converged?   no
 Predicted step length 3.1873E-02
 Trust radius          5.0000E-02
 Energy calculation finished, energy: -1.187277371E+03
 QM energy (a.u.):   -1312.83208016372     
 XREF energy (a.u.):    125.555990248395     
 R(factor) =   0.229343000000000         R(free) =   0.217917000000000     
Testing convergence  in cycle   46
    Energy  4.9112E-03 Target: 1.0000E-05 converged?   no
  Max step  7.9218E-03 Target: 1.8000E-02 converged?  yes component    37
  RMS step  2.6561E-03 Target: 1.2000E-02 converged?  yes
  Max grad  3.1090E-02 Target: 4.5000E-03 converged?   no component    71
  RMS grad  8.7671E-03 Target: 3.0000E-03 converged?   no
 Predicted step length 1.3601E+03
 Trust radius          5.0000E-02
 Energy calculation finished, energy: -1.187276090E+03
 QM energy (a.u.):   -1312.82789717653     
 XREF energy (a.u.):    125.547321184319     
 R(factor) =   0.229339000000000         R(free) =   0.217878000000000     
 Rejecting step, energy  1.281E-03 higher
 Energy calculation finished, energy: -1.187280576E+03
 QM energy (a.u.):   -1312.83043554888     
 XREF energy (a.u.):    125.548063840638     
 R(factor) =   0.229324000000000         R(free) =   0.217869000000000     
Testing convergence  in cycle   48
    Energy  3.2047E-03 Target: 1.0000E-05 converged?   no
  Max step  6.2131E-03 Target: 1.8000E-02 converged?  yes component    37
  RMS step  2.0833E-03 Target: 1.2000E-02 converged?  yes
  Max grad  4.3888E-02 Target: 4.5000E-03 converged?   no component    22
  RMS grad  1.0904E-02 Target: 3.0000E-03 converged?   no
 Predicted step length 1.8578E-02
 Trust radius          2.5000E-02
 Energy calculation finished, energy: -1.187282372E+03
 QM energy (a.u.):   -1312.83174142640     
 XREF energy (a.u.):    125.540450763605     
 R(factor) =   0.229303000000000         R(free) =   0.217838000000000     
Testing convergence  in cycle   49
    Energy  1.7957E-03 Target: 1.0000E-05 converged?   no
  Max step  4.3442E-03 Target: 1.8000E-02 converged?  yes component    37
  RMS step  1.5482E-03 Target: 1.2000E-02 converged?  yes
  Max grad  3.2353E-02 Target: 4.5000E-03 converged?   no component    22
  RMS grad  9.3188E-03 Target: 3.0000E-03 converged?   no
 Predicted step length 2.5338E-02
 Trust radius          5.0000E-02
 Energy calculation finished, energy: -1.187291291E+03
 QM energy (a.u.):   -1312.83249023921     
 XREF energy (a.u.):    125.540132276109     
 R(factor) =   0.229293000000000         R(free) =   0.217835000000000     
Testing convergence  in cycle   50
    Energy  8.9189E-03 Target: 1.0000E-05 converged?   no
  Max step  6.3931E-03 Target: 1.8000E-02 converged?  yes component    23
  RMS step  2.1115E-03 Target: 1.2000E-02 converged?  yes
  Max grad  2.6814E-02 Target: 4.5000E-03 converged?   no component    71
  RMS grad  8.5967E-03 Target: 3.0000E-03 converged?   no
 Predicted step length 1.9494E-02
 Trust radius          5.0000E-02
 Energy calculation finished, energy: -1.187292358E+03
 QM energy (a.u.):   -1312.83178113559     
 XREF energy (a.u.):    125.532757690425     
 R(factor) =   0.229268000000000         R(free) =   0.217806000000000     
Testing convergence  in cycle   51
    Energy  1.0673E-03 Target: 1.0000E-05 converged?   no
  Max step  5.9757E-03 Target: 1.8000E-02 converged?  yes component    22
  RMS step  1.6245E-03 Target: 1.2000E-02 converged?  yes
  Max grad  3.2183E-02 Target: 4.5000E-03 converged?   no component    71
  RMS grad  8.8484E-03 Target: 3.0000E-03 converged?   no
 Predicted step length 1.0183E-02
 Trust radius          5.0000E-02
 Energy calculation finished, energy: -1.187299023E+03
 QM energy (a.u.):   -1312.83209539092     
 XREF energy (a.u.):    125.533263689612     
 R(factor) =   0.229281000000000         R(free) =   0.217799000000000     
Testing convergence  in cycle   52
    Energy  6.6655E-03 Target: 1.0000E-05 converged?   no
  Max step  2.2999E-03 Target: 1.8000E-02 converged?  yes component    23
  RMS step  8.4860E-04 Target: 1.2000E-02 converged?  yes
  Max grad  3.7513E-02 Target: 4.5000E-03 converged?   no component    71
  RMS grad  1.0461E-02 Target: 3.0000E-03 converged?   no
 Predicted step length 1.5238E-02
 Trust radius          5.0000E-02
 Energy calculation finished, energy: -1.187298832E+03
 QM energy (a.u.):   -1312.83246999620     
 XREF energy (a.u.):    125.526726289031     
 R(factor) =   0.229271000000000         R(free) =   0.217759000000000     
 Rejecting step, energy  1.918E-04 higher
 Energy calculation finished, energy: -1.187305744E+03
 QM energy (a.u.):   -1312.83233278146     
 XREF energy (a.u.):    125.526858058236     
 R(factor) =   0.229269000000000         R(free) =   0.217760000000000     
Testing convergence  in cycle   54
    Energy  6.7203E-03 Target: 1.0000E-05 converged?   no
  Max step  1.4548E-03 Target: 1.8000E-02 converged?  yes component    37
  RMS step  6.3490E-04 Target: 1.2000E-02 converged?  yes
  Max grad  3.2365E-02 Target: 4.5000E-03 converged?   no component    71
  RMS grad  8.9544E-03 Target: 3.0000E-03 converged?   no
 Predicted step length 5.9500E-03
 Trust radius          1.5238E-02
 Energy calculation finished, energy: -1.187305475E+03
 QM energy (a.u.):   -1312.83220966628     
 XREF energy (a.u.):    125.526676419631     
 R(factor) =   0.229272000000000         R(free) =   0.217758000000000     
 Rejecting step, energy  2.690E-04 higher
 Energy calculation finished, energy: -1.187305533E+03
 QM energy (a.u.):   -1312.83228058400     
 XREF energy (a.u.):    125.526768103527     
 R(factor) =   0.229270000000000         R(free) =   0.217759000000000     
 Rejecting step, energy  2.105E-04 higher
 Energy calculation finished, energy: -1.187305512E+03
 QM energy (a.u.):   -1312.83230902414     
 XREF energy (a.u.):    125.526813321019     
 R(factor) =   0.229269000000000         R(free) =   0.217759000000000     
 Rejecting step, energy  2.312E-04 higher
 Energy calculation finished, energy: -1.187305496E+03
 QM energy (a.u.):   -1312.83232148758     
 XREF energy (a.u.):    125.526835717446     
 R(factor) =   0.229269000000000         R(free) =   0.217760000000000     
 Rejecting step, energy  2.480E-04 higher
 Energy calculation finished, energy: -1.187305486E+03
 QM energy (a.u.):   -1312.83232727993     
 XREF energy (a.u.):    125.526846895058     
 R(factor) =   0.229269000000000         R(free) =   0.217760000000000     
 Rejecting step, energy  2.579E-04 higher
 Energy calculation finished, energy: -1.187305480E+03
 QM energy (a.u.):   -1312.83233006776     
 XREF energy (a.u.):    125.526852479311     
 R(factor) =   0.229269000000000         R(free) =   0.217760000000000     
 Rejecting step, energy  2.633E-04 higher
 Energy calculation finished, energy: -1.187305478E+03
 QM energy (a.u.):   -1312.83233143462     
 XREF energy (a.u.):    125.526855268249     
 R(factor) =   0.229269000000000         R(free) =   0.217760000000000     
 Rejecting step, energy  2.661E-04 higher
 Energy calculation finished, energy: -1.187305476E+03
 QM energy (a.u.):   -1312.83233210988     
 XREF energy (a.u.):    125.526856663784     
 R(factor) =   0.229269000000000         R(free) =   0.217760000000000     
 Rejecting step, energy  2.675E-04 higher
 Energy calculation finished, energy: -1.187305475E+03
 QM energy (a.u.):   -1312.83233244528     
 XREF energy (a.u.):    125.526857360690     
 R(factor) =   0.229269000000000         R(free) =   0.217760000000000     
 Rejecting step, energy  2.683E-04 higher
 Energy calculation finished, energy: -1.187305475E+03
 QM energy (a.u.):   -1312.83233261458     
 XREF energy (a.u.):    125.526857709157     
 R(factor) =   0.229269000000000         R(free) =   0.217760000000000     
 Rejecting step, energy  2.686E-04 higher
 Energy calculation finished, energy: -1.187305475E+03
 QM energy (a.u.):   -1312.83233269784     
 XREF energy (a.u.):    125.526857884423     
 R(factor) =   0.229269000000000         R(free) =   0.217760000000000     
 Rejecting step, energy  2.688E-04 higher
 Energy calculation finished, energy: -1.187305475E+03
 QM energy (a.u.):   -1312.83233274029     
 XREF energy (a.u.):    125.526857971015     
 R(factor) =   0.229269000000000         R(free) =   0.217760000000000     
 Rejecting step, energy  2.689E-04 higher
 Energy calculation finished, energy: -1.187305475E+03
 QM energy (a.u.):   -1312.83233275926     
 XREF energy (a.u.):    125.526858013965     
 R(factor) =   0.229269000000000         R(free) =   0.217760000000000     
 Rejecting step, energy  2.689E-04 higher
 Energy calculation finished, energy: -1.187305475E+03
 QM energy (a.u.):   -1312.83233277215     
 XREF energy (a.u.):    125.526858036569     
 R(factor) =   0.229269000000000         R(free) =   0.217760000000000     
 Rejecting step, energy  2.690E-04 higher
 Energy calculation finished, energy: -1.187305475E+03
 QM energy (a.u.):   -1312.83233277616     
 XREF energy (a.u.):    125.526858047039     
 R(factor) =   0.229269000000000         R(free) =   0.217760000000000     
 Rejecting step, energy  2.690E-04 higher
 Energy calculation finished, energy: -1.187305475E+03
 QM energy (a.u.):   -1312.83233277914     
 XREF energy (a.u.):    125.526858052947     
 R(factor) =   0.229269000000000         R(free) =   0.217760000000000     
 Rejecting step, energy  2.690E-04 higher
 Step too small, restarting optimiser.
Testing convergence  in cycle   70
    Energy  2.6898E-04 Target: 1.0000E-05 converged?   no
  Max step  2.0746E-08 Target: 1.8000E-02 converged?  yes component    22
  RMS step  7.5658E-09 Target: 1.2000E-02 converged?  yes
  Max grad  3.3930E-02 Target: 4.5000E-03 converged?   no component    71
  RMS grad  9.3236E-03 Target: 3.0000E-03 converged?   no
 Predicted step length 2.0000E-02
 Trust radius          5.0000E-02
 Energy calculation finished, energy: -1.187305475E+03
 QM energy (a.u.):   -1312.83568238780     
 XREF energy (a.u.):    125.526543780913     
 R(factor) =   0.229260000000000         R(free) =   0.217759000000000     
 Rejecting step, energy  0.000E+00 higher
 Energy calculation finished, energy: -1.187309139E+03
 QM energy (a.u.):   -1312.83422607974     
 XREF energy (a.u.):    125.526709245694     
 R(factor) =   0.229264000000000         R(free) =   0.217759000000000     
Testing convergence  in cycle   72
    Energy  3.6639E-03 Target: 1.0000E-05 converged?   no
  Max step  3.0327E-03 Target: 1.8000E-02 converged?  yes component    71
  RMS step  8.3333E-04 Target: 1.2000E-02 converged?  yes
  Max grad  1.5402E-02 Target: 4.5000E-03 converged?   no component    71
  RMS grad  5.3889E-03 Target: 3.0000E-03 converged?   no
 Predicted step length 1.6168E-02
 Trust radius          2.0000E-02
 Energy calculation finished, energy: -1.187307517E+03
 QM energy (a.u.):   -1312.83636446513     
 XREF energy (a.u.):    125.526423735099     
 R(factor) =   0.229253000000000         R(free) =   0.217760000000000     
 Rejecting step, energy  1.622E-03 higher
 Energy calculation finished, energy: -1.187309941E+03
 QM energy (a.u.):   -1312.83539566482     
 XREF energy (a.u.):    125.526563646629     
 R(factor) =   0.229259000000000         R(free) =   0.217759000000000     
Testing convergence  in cycle   74
    Energy  8.0212E-04 Target: 1.0000E-05 converged?   no
  Max step  1.9958E-03 Target: 1.8000E-02 converged?  yes component   139
  RMS step  6.7366E-04 Target: 1.2000E-02 converged?  yes
  Max grad  1.5671E-02 Target: 4.5000E-03 converged?   no component    71
  RMS grad  4.7486E-03 Target: 3.0000E-03 converged?   no
 Predicted step length 7.5214E-02
 Trust radius          1.6168E-02
 Energy calculation finished, energy: -1.187308832E+03
 QM energy (a.u.):   -1312.83707614816     
 XREF energy (a.u.):    125.526357689381     
 R(factor) =   0.229252000000000         R(free) =   0.217760000000000     
 Rejecting step, energy  1.109E-03 higher
 Energy calculation finished, energy: -1.187310718E+03
 QM energy (a.u.):   -1312.83634764240     
 XREF energy (a.u.):    125.526418396669     
 R(factor) =   0.229255000000000         R(free) =   0.217760000000000     
Testing convergence  in cycle   76
    Energy  7.7773E-04 Target: 1.0000E-05 converged?   no
  Max step  2.3027E-03 Target: 1.8000E-02 converged?  yes component    71
  RMS step  6.7366E-04 Target: 1.2000E-02 converged?  yes
  Max grad  1.0660E-02 Target: 4.5000E-03 converged?   no component   139
  RMS grad  3.5501E-03 Target: 3.0000E-03 converged?   no
 Predicted step length 2.7607E-02
 Trust radius          1.6168E-02
 Energy calculation finished, energy: -1.187309929E+03
 QM energy (a.u.):   -1312.83767156305     
 XREF energy (a.u.):    125.526355024571     
 R(factor) =   0.229245000000000         R(free) =   0.217761000000000     
 Rejecting step, energy  7.892E-04 higher
 Energy calculation finished, energy: -1.187311317E+03
 QM energy (a.u.):   -1312.83709365691     
 XREF energy (a.u.):    125.526348704795     
 R(factor) =   0.229250000000000         R(free) =   0.217760000000000     
Testing convergence  in cycle   78
    Energy  5.9808E-04 Target: 1.0000E-05 converged?   no
  Max step  2.0011E-03 Target: 1.8000E-02 converged?  yes component   139
  RMS step  6.7366E-04 Target: 1.2000E-02 converged?  yes
  Max grad  7.6996E-03 Target: 4.5000E-03 converged?   no component   139
  RMS grad  2.5594E-03 Target: 3.0000E-03 converged?  yes
 Predicted step length 3.1315E-02
 Trust radius          1.6168E-02
 Energy calculation finished, energy: -1.187310745E+03
 QM energy (a.u.):   -1312.83808251959     
 XREF energy (a.u.):    125.526369202978     
 R(factor) =   0.229241000000000         R(free) =   0.217762000000000     
 Rejecting step, energy  5.716E-04 higher
 Energy calculation finished, energy: -1.187311713E+03
 QM energy (a.u.):   -1312.83765656556     
 XREF energy (a.u.):    125.526328122992     
 R(factor) =   0.229246000000000         R(free) =   0.217761000000000     
Testing convergence  in cycle   80
    Energy  3.9678E-04 Target: 1.0000E-05 converged?   no
  Max step  1.9907E-03 Target: 1.8000E-02 converged?  yes component   139
  RMS step  6.7366E-04 Target: 1.2000E-02 converged?  yes
  Max grad  5.8227E-03 Target: 4.5000E-03 converged?   no component   139
  RMS grad  1.9771E-03 Target: 3.0000E-03 converged?  yes
 Predicted step length 2.5816E-02
 Trust radius          1.6168E-02
 Energy calculation finished, energy: -1.187311328E+03
 QM energy (a.u.):   -1312.83837118174     
 XREF energy (a.u.):    125.526440998033     
 R(factor) =   0.229237000000000         R(free) =   0.217763000000000     
 Rejecting step, energy  3.849E-04 higher
 Energy calculation finished, energy: -1.187311930E+03
 QM energy (a.u.):   -1312.83806972303     
 XREF energy (a.u.):    125.526362226836     
 R(factor) =   0.229241000000000         R(free) =   0.217762000000000     
Testing convergence  in cycle   82
    Energy  2.1686E-04 Target: 1.0000E-05 converged?   no
  Max step  2.0895E-03 Target: 1.8000E-02 converged?  yes component    32
  RMS step  6.7366E-04 Target: 1.2000E-02 converged?  yes
  Max grad  4.2339E-03 Target: 4.5000E-03 converged?  yes component   139
  RMS grad  1.3355E-03 Target: 3.0000E-03 converged?  yes
 Predicted step length 2.2379E-02
 Trust radius          1.6168E-02
 Energy calculation finished, energy: -1.187311708E+03
 QM energy (a.u.):   -1312.83859874108     
 XREF energy (a.u.):    125.526510914402     
 R(factor) =   0.229232000000000         R(free) =   0.217764000000000     
 Rejecting step, energy  2.227E-04 higher
 Energy calculation finished, energy: -1.187312088E+03
 QM energy (a.u.):   -1312.83837655994     
 XREF energy (a.u.):    125.526415104770     
 R(factor) =   0.229236000000000         R(free) =   0.217763000000000     
Testing convergence  in cycle   84
    Energy  1.5765E-04 Target: 1.0000E-05 converged?   no
  Max step  2.2335E-03 Target: 1.8000E-02 converged?  yes component    32
  RMS step  6.7366E-04 Target: 1.2000E-02 converged?  yes
  Max grad  3.8914E-03 Target: 4.5000E-03 converged?  yes component    39
  RMS grad  1.0688E-03 Target: 3.0000E-03 converged?  yes
 Predicted step length 2.0543E-02
 Trust radius          1.6168E-02
 Energy calculation finished, energy: -1.187311961E+03
 QM energy (a.u.):   -1312.83875863153     
 XREF energy (a.u.):    125.527465100919     
 R(factor) =   0.229231000000000         R(free) =   0.217766000000000     
 Rejecting step, energy  1.264E-04 higher
 Energy calculation finished, energy: -1.187311294E+03
 QM energy (a.u.):   -1312.83859890254     
 XREF energy (a.u.):    125.526484728363     
 R(factor) =   0.229234000000000         R(free) =   0.217764000000000     
 Rejecting step, energy  7.943E-04 higher
 Energy calculation finished, energy: -1.187312114E+03
 QM energy (a.u.):   -1312.83849557112     
 XREF energy (a.u.):    125.526446608332     
 R(factor) =   0.229235000000000         R(free) =   0.217764000000000     
Testing convergence  in cycle   87
    Energy  2.6340E-05 Target: 1.0000E-05 converged?   no
  Max step  1.1583E-03 Target: 1.8000E-02 converged?  yes component    32
  RMS step  3.3683E-04 Target: 1.2000E-02 converged?  yes
  Max grad  3.0424E-03 Target: 4.5000E-03 converged?  yes component    32
  RMS grad  9.8227E-04 Target: 3.0000E-03 converged?  yes
 Predicted step length 9.0831E+00
 Trust radius          4.0419E-03
 Energy calculation finished, energy: -1.187312049E+03
 QM energy (a.u.):   -1312.83859929293     
 XREF energy (a.u.):    125.526485069161     
 R(factor) =   0.229234000000000         R(free) =   0.217764000000000     
 Rejecting step, energy  6.521E-05 higher
 Energy calculation finished, energy: -1.187312114E+03
 QM energy (a.u.):   -1312.83854938641     
 XREF energy (a.u.):    125.526464950711     
 R(factor) =   0.229234000000000         R(free) =   0.217764000000000     
Testing convergence  in cycle   89
    Energy  5.0000E-08 Target: 1.0000E-05 converged?  yes
  Max step  5.7915E-04 Target: 1.8000E-02 converged?  yes component    32
  RMS step  1.6841E-04 Target: 1.2000E-02 converged?  yes
  Max grad  3.0406E-03 Target: 4.5000E-03 converged?  yes component    32
  RMS grad  9.8142E-04 Target: 3.0000E-03 converged?  yes
Convergence reached

 Optimisation converged
 ----------------------
 Final converged energy:   -1187.312114220000


DL-FIND Report:
===============
Optimisation algorithm: L-BFGS
Number of steps in L-BFGS memory ...............        100
 
Trust radius based on energy
Maximum step length ............................  5.000E-02
 
Coordinate system: Cartesian coordinates
 
Number of atoms ................................       6390
Number of input geometries .....................          1
Variables to be optimised ......................        144
No restart information is written
This run has not been restarted.
Number of energy evaluations on this processor .         89
Number of steps ................................         89
Number of accepted steps / line searches .......         61
 

Timing report
=============
Module                                      CPU time            Wall clock time
Total .................................    33.230 (100.00%)  4686.274 (100.00%) seconds
Energy and Gradient ...................     1.233 (  3.71%)     3.020 (  0.06%) seconds
Step direction ........................     8.818 ( 26.54%)     9.258 (  0.20%) seconds
Coordinate transformation .............     0.069 (  0.21%)     0.068 (  0.00%) seconds
Checkpoint file I/O ...................     0.000 (  0.00%)     0.000 (  0.00%) seconds
XYZ-file I/O ..........................     0.000 (  0.00%)     0.000 (  0.00%) seconds
Maximum memory usage ........................... 1.2391E+04 kB
Tue Dec 19 20:41:41 CST 2023
