This job is running on host node32
Current directory: /share/home/chem-zhonglh/yanzy/QR/NC_more/1pf7/QRs/SEMM_R1
Tue Jan  9 12:02:21 CST 2024
 using Gaussian + CNS
 QM energy (a.u.):   -66.3402972843430     
 XREF energy (a.u.):    91.2560590802897     
 R(factor) =   0.192845000000000         R(free) =   0.198223000000000     
 External sizes:       14175           1        9450

***********************************************************************
**                                                                   **
**                       ---------------------                       **
**                              DL-FIND                              **
**                       Geometry Optimisation                       **
**                       ---------------------                       **
**                                                                   **
**                 J. Kaestner, J.M. Carr, T.W. Keal,                **
**                W. Thiel, A. Wander and P. Sherwood                **
**                                                                   **
**              J. Phys. Chem. A, 2009, 113 (43), 11856.             **
**                                                                   **
**   Please include this reference in published work using DL-FIND.  **
**                                                                   **
**               Copyright:  STFC Daresbury Laboratory               **
**                           Revision: Unversioned directory         **
**                                                                   **
***********************************************************************


DL-FIND Report:
===============
Optimisation algorithm: L-BFGS
Number of steps in L-BFGS memory ...............        100
 
Trust radius based on energy
Maximum step length ............................  5.000E-02
 
Coordinate system: Cartesian coordinates
 
Number of atoms ................................       4725
Number of input geometries .....................          1
Variables to be optimised ......................        102
No restart information is written
This run has not been restarted.
Maximum number of steps ........................       2000
Maximum number of energy evaluations ...........      10000
 
 Energy calculation finished, energy:  2.491576180E+01
 QM energy (a.u.):   -66.3402972843430     
 XREF energy (a.u.):    91.2560590800490     
 R(factor) =   0.192845000000000         R(free) =   0.198223000000000     
Testing convergence  in cycle    1
  Max grad  1.7739E-02 Target: 4.5000E-03 converged?   no component    23
  RMS grad  6.3952E-03 Target: 3.0000E-03 converged?   no
 Predicted step length 2.0000E-02
 Trust radius          5.0000E-02
 Energy calculation finished, energy:  2.491576180E+01
 QM energy (a.u.):   -66.3424055279690     
 XREF energy (a.u.):    91.2564336322617     
 R(factor) =   0.192852000000000         R(free) =   0.198226000000000     
 Rejecting step, energy  0.000E+00 higher
 Energy calculation finished, energy:  2.491402810E+01
 QM energy (a.u.):   -66.3414719223010     
 XREF energy (a.u.):    91.2562448267095     
 R(factor) =   0.192848000000000         R(free) =   0.198225000000000     
Testing convergence  in cycle    3
    Energy  1.7337E-03 Target: 1.0000E-05 converged?   no
  Max step  2.7465E-03 Target: 1.8000E-02 converged?  yes component    23
  RMS step  9.9015E-04 Target: 1.2000E-02 converged?  yes
  Max grad  1.1781E-02 Target: 4.5000E-03 converged?   no component    23
  RMS grad  4.0834E-03 Target: 3.0000E-03 converged?   no
 Predicted step length 2.3299E-02
 Trust radius          2.0000E-02
 Energy calculation finished, energy:  2.491477290E+01
 QM energy (a.u.):   -66.3431446781510     
 XREF energy (a.u.):    91.2565975229080     
 R(factor) =   0.192856000000000         R(free) =   0.198228000000000     
 Rejecting step, energy  7.448E-04 higher
 Energy calculation finished, energy:  2.491345284E+01
 QM energy (a.u.):   -66.3423809583870     
 XREF energy (a.u.):    91.2564197691532     
 R(factor) =   0.192852000000000         R(free) =   0.198226000000000     
Testing convergence  in cycle    5
    Energy  5.7526E-04 Target: 1.0000E-05 converged?   no
  Max step  2.8156E-03 Target: 1.8000E-02 converged?  yes component    23
  RMS step  9.9015E-04 Target: 1.2000E-02 converged?  yes
  Max grad  9.8552E-03 Target: 4.5000E-03 converged?   no component    36
  RMS grad  3.5912E-03 Target: 3.0000E-03 converged?   no
 Predicted step length 8.0213E-02
 Trust radius          2.0000E-02
 Energy calculation finished, energy:  2.491403881E+01
 QM energy (a.u.):   -66.3438438863680     
 XREF energy (a.u.):    91.2567916416273     
 R(factor) =   0.192861000000000         R(free) =   0.198229000000000     
 Rejecting step, energy  5.860E-04 higher
 Energy calculation finished, energy:  2.491294776E+01
 QM energy (a.u.):   -66.3431856580400     
 XREF energy (a.u.):    91.2565993536260     
 R(factor) =   0.192856000000000         R(free) =   0.198227000000000     
Testing convergence  in cycle    7
    Energy  5.0508E-04 Target: 1.0000E-05 converged?   no
  Max step  2.7532E-03 Target: 1.8000E-02 converged?  yes component    36
  RMS step  9.9015E-04 Target: 1.2000E-02 converged?  yes
  Max grad  7.9473E-03 Target: 4.5000E-03 converged?   no component    36
  RMS grad  2.7666E-03 Target: 3.0000E-03 converged?  yes
 Predicted step length 4.4797E-02
 Trust radius          2.0000E-02
 Energy calculation finished, energy:  2.491341370E+01
 QM energy (a.u.):   -66.3443412173680     
 XREF energy (a.u.):    91.2566882101611     
 R(factor) =   0.192857000000000         R(free) =   0.198232000000000     
 Rejecting step, energy  4.659E-04 higher
 Energy calculation finished, energy:  2.491234699E+01
 QM energy (a.u.):   -66.3438197426330     
 XREF energy (a.u.):    91.2567549947552     
 R(factor) =   0.192860000000000         R(free) =   0.198229000000000     
Testing convergence  in cycle    9
    Energy  6.0077E-04 Target: 1.0000E-05 converged?   no
  Max step  2.8269E-03 Target: 1.8000E-02 converged?  yes component    36
  RMS step  9.9015E-04 Target: 1.2000E-02 converged?  yes
  Max grad  5.9273E-03 Target: 4.5000E-03 converged?   no component    64
  RMS grad  2.2228E-03 Target: 3.0000E-03 converged?  yes
 Predicted step length 5.7224E-02
 Trust radius          2.0000E-02
 Energy calculation finished, energy:  2.491293525E+01
 QM energy (a.u.):   -66.3447687821660     
 XREF energy (a.u.):    91.2568075562013     
 R(factor) =   0.192862000000000         R(free) =   0.198232000000000     
 Rejecting step, energy  5.883E-04 higher
 Energy calculation finished, energy:  2.491203877E+01
 QM energy (a.u.):   -66.3443380035830     
 XREF energy (a.u.):    91.2566692133427     
 R(factor) =   0.192858000000000         R(free) =   0.198231000000000     
Testing convergence  in cycle   11
    Energy  3.0822E-04 Target: 1.0000E-05 converged?   no
  Max step  2.6972E-03 Target: 1.8000E-02 converged?  yes component    64
  RMS step  9.9015E-04 Target: 1.2000E-02 converged?  yes
  Max grad  5.5904E-03 Target: 4.5000E-03 converged?   no component    51
  RMS grad  1.9341E-03 Target: 3.0000E-03 converged?  yes
 Predicted step length 6.0200E-02
 Trust radius          2.0000E-02
 Energy calculation finished, energy:  2.491233121E+01
 QM energy (a.u.):   -66.3451088948840     
 XREF energy (a.u.):    91.2569027180677     
 R(factor) =   0.192864000000000         R(free) =   0.198234000000000     
 Rejecting step, energy  2.924E-04 higher
 Energy calculation finished, energy:  2.491179382E+01
 QM energy (a.u.):   -66.3447592048370     
 XREF energy (a.u.):    91.2567780111704     
 R(factor) =   0.192861000000000         R(free) =   0.198232000000000     
Testing convergence  in cycle   13
    Energy  2.4495E-04 Target: 1.0000E-05 converged?   no
  Max step  2.8283E-03 Target: 1.8000E-02 converged?  yes component    64
  RMS step  9.9015E-04 Target: 1.2000E-02 converged?  yes
  Max grad  4.7388E-03 Target: 4.5000E-03 converged?   no component    64
  RMS grad  1.5903E-03 Target: 3.0000E-03 converged?  yes
 Predicted step length 5.8957E-02
 Trust radius          2.0000E-02
 Energy calculation finished, energy:  2.491201881E+01
 QM energy (a.u.):   -66.3453815356030     
 XREF energy (a.u.):    91.2569584751685     
 R(factor) =   0.192868000000000         R(free) =   0.198234000000000     
 Rejecting step, energy  2.250E-04 higher
 Energy calculation finished, energy:  2.491157694E+01
 QM energy (a.u.):   -66.3450974997820     
 XREF energy (a.u.):    91.2568667996251     
 R(factor) =   0.192864000000000         R(free) =   0.198233000000000     
Testing convergence  in cycle   15
    Energy  2.1688E-04 Target: 1.0000E-05 converged?   no
  Max step  2.9312E-03 Target: 1.8000E-02 converged?  yes component    64
  RMS step  9.9015E-04 Target: 1.2000E-02 converged?  yes
  Max grad  4.1757E-03 Target: 4.5000E-03 converged?  yes component    64
  RMS grad  1.4473E-03 Target: 3.0000E-03 converged?  yes
 Predicted step length 6.9913E-02
 Trust radius          2.0000E-02
 Energy calculation finished, energy:  2.491176930E+01
 QM energy (a.u.):   -66.3456416242250     
 XREF energy (a.u.):    91.2570423389033     
 R(factor) =   0.192870000000000         R(free) =   0.198235000000000     
 Rejecting step, energy  1.924E-04 higher
 Energy calculation finished, energy:  2.491140071E+01
 QM energy (a.u.):   -66.3453913588670     
 XREF energy (a.u.):    91.2569568230901     
 R(factor) =   0.192867000000000         R(free) =   0.198234000000000     
Testing convergence  in cycle   17
    Energy  1.7623E-04 Target: 1.0000E-05 converged?   no
  Max step  2.9797E-03 Target: 1.8000E-02 converged?  yes component    64
  RMS step  9.9015E-04 Target: 1.2000E-02 converged?  yes
  Max grad  4.2165E-03 Target: 4.5000E-03 converged?  yes component    50
  RMS grad  1.3558E-03 Target: 3.0000E-03 converged?  yes
 Predicted step length 7.6857E-02
 Trust radius          2.0000E-02
 Energy calculation finished, energy:  2.491156546E+01
 QM energy (a.u.):   -66.3458020664920     
 XREF energy (a.u.):    91.2570105006764     
 R(factor) =   0.192872000000000         R(free) =   0.198235000000000     
 Rejecting step, energy  1.647E-04 higher
 Energy calculation finished, energy:  2.491120843E+01
 QM energy (a.u.):   -66.3456144918950     
 XREF energy (a.u.):    91.2569813683456     
 R(factor) =   0.192870000000000         R(free) =   0.198235000000000     
Testing convergence  in cycle   19
    Energy  1.9228E-04 Target: 1.0000E-05 converged?   no
  Max step  3.0319E-03 Target: 1.8000E-02 converged?  yes component    64
  RMS step  9.9015E-04 Target: 1.2000E-02 converged?  yes
  Max grad  3.2592E-03 Target: 4.5000E-03 converged?  yes component    64
  RMS grad  1.2793E-03 Target: 3.0000E-03 converged?  yes
 Predicted step length 8.0929E-02
 Trust radius          2.0000E-02
 Energy calculation finished, energy:  2.491136688E+01
 QM energy (a.u.):   -66.3460104811940     
 XREF energy (a.u.):    91.2570764355090     
 R(factor) =   0.192875000000000         R(free) =   0.198236000000000     
 Rejecting step, energy  1.585E-04 higher
 Energy calculation finished, energy:  2.491106595E+01
 QM energy (a.u.):   -66.3458269201620     
 XREF energy (a.u.):    91.2570256214929     
 R(factor) =   0.192873000000000         R(free) =   0.198235000000000     
Testing convergence  in cycle   21
    Energy  1.4248E-04 Target: 1.0000E-05 converged?   no
  Max step  3.0404E-03 Target: 1.8000E-02 converged?  yes component    64
  RMS step  9.9015E-04 Target: 1.2000E-02 converged?  yes
  Max grad  3.2003E-03 Target: 4.5000E-03 converged?  yes component    45
  RMS grad  1.2397E-03 Target: 3.0000E-03 converged?  yes
 Predicted step length 8.5434E-02
 Trust radius          2.0000E-02
 Energy calculation finished, energy:  2.491119870E+01
 QM energy (a.u.):   -66.3461256935400     
 XREF energy (a.u.):    91.2570264247404     
 R(factor) =   0.192877000000000         R(free) =   0.198236000000000     
 Rejecting step, energy  1.327E-04 higher
 Energy calculation finished, energy:  2.491090073E+01
 QM energy (a.u.):   -66.3459881656780     
 XREF energy (a.u.):    91.2570238705713     
 R(factor) =   0.192875000000000         R(free) =   0.198236000000000     
Testing convergence  in cycle   23
    Energy  1.6522E-04 Target: 1.0000E-05 converged?   no
  Max step  3.0375E-03 Target: 1.8000E-02 converged?  yes component    64
  RMS step  9.9015E-04 Target: 1.2000E-02 converged?  yes
  Max grad  2.8597E-03 Target: 4.5000E-03 converged?  yes component    45
  RMS grad  1.2176E-03 Target: 3.0000E-03 converged?  yes
 Predicted step length 9.6541E-02
 Trust radius          2.0000E-02
 Energy calculation finished, energy:  2.491103570E+01
 QM energy (a.u.):   -66.3462693615380     
 XREF energy (a.u.):    91.2570349664143     
 R(factor) =   0.192879000000000         R(free) =   0.198236000000000     
 Rejecting step, energy  1.350E-04 higher
 Energy calculation finished, energy:  2.491076560E+01
 QM energy (a.u.):   -66.3461392823340     
 XREF energy (a.u.):    91.2570329367716     
 R(factor) =   0.192877000000000         R(free) =   0.198236000000000     
Testing convergence  in cycle   25
    Energy  1.3513E-04 Target: 1.0000E-05 converged?   no
  Max step  3.0497E-03 Target: 1.8000E-02 converged?  yes component    64
  RMS step  9.9015E-04 Target: 1.2000E-02 converged?  yes
  Max grad  2.9779E-03 Target: 4.5000E-03 converged?  yes component    23
  RMS grad  1.2065E-03 Target: 3.0000E-03 converged?  yes
 Predicted step length 1.0654E-01
 Trust radius          2.0000E-02
 Energy calculation finished, energy:  2.491089365E+01
 QM energy (a.u.):   -66.3463787487660     
 XREF energy (a.u.):    91.2569688226604     
 R(factor) =   0.192881000000000         R(free) =   0.198237000000000     
 Rejecting step, energy  1.280E-04 higher
 Energy calculation finished, energy:  2.491059007E+01
 QM energy (a.u.):   -66.3462680015600     
 XREF energy (a.u.):    91.2570008447253     
 R(factor) =   0.192879000000000         R(free) =   0.198236000000000     
Testing convergence  in cycle   27
    Energy  1.7553E-04 Target: 1.0000E-05 converged?   no
  Max step  3.0172E-03 Target: 1.8000E-02 converged?  yes component    64
  RMS step  9.9015E-04 Target: 1.2000E-02 converged?  yes
  Max grad  3.1111E-03 Target: 4.5000E-03 converged?  yes component    23
  RMS grad  1.1727E-03 Target: 3.0000E-03 converged?  yes
 Predicted step length 1.0552E-01
 Trust radius          2.0000E-02
 Energy calculation finished, energy:  2.491073284E+01
 QM energy (a.u.):   -66.3464677812280     
 XREF energy (a.u.):    91.2569249034621     
 R(factor) =   0.192883000000000         R(free) =   0.198237000000000     
 Rejecting step, energy  1.428E-04 higher
 Energy calculation finished, energy:  2.491045712E+01
 QM energy (a.u.):   -66.3463755247200     
 XREF energy (a.u.):    91.2569626045071     
 R(factor) =   0.192881000000000         R(free) =   0.198236000000000     
Testing convergence  in cycle   29
    Energy  1.3295E-04 Target: 1.0000E-05 converged?   no
  Max step  3.0048E-03 Target: 1.8000E-02 converged?  yes component    64
  RMS step  9.9015E-04 Target: 1.2000E-02 converged?  yes
  Max grad  3.1361E-03 Target: 4.5000E-03 converged?  yes component    23
  RMS grad  1.1527E-03 Target: 3.0000E-03 converged?  yes
 Predicted step length 1.0897E-01
 Trust radius          2.0000E-02
 Energy calculation finished, energy:  2.491058708E+01
 QM energy (a.u.):   -66.3465704106110     
 XREF energy (a.u.):    91.2568593202245     
 R(factor) =   0.192885000000000         R(free) =   0.198237000000000     
 Rejecting step, energy  1.300E-04 higher
 Energy calculation finished, energy:  2.491028891E+01
 QM energy (a.u.):   -66.3464797173960     
 XREF energy (a.u.):    91.2569075230365     
 R(factor) =   0.192883000000000         R(free) =   0.198237000000000     
Testing convergence  in cycle   31
    Energy  1.6821E-04 Target: 1.0000E-05 converged?   no
  Max step  2.9926E-03 Target: 1.8000E-02 converged?  yes component    64
  RMS step  9.9015E-04 Target: 1.2000E-02 converged?  yes
  Max grad  3.5009E-03 Target: 4.5000E-03 converged?  yes component    23
  RMS grad  1.1298E-03 Target: 3.0000E-03 converged?  yes
 Predicted step length 1.2640E-01
 Trust radius          2.0000E-02
 Energy calculation finished, energy:  2.491042781E+01
 QM energy (a.u.):   -66.3466142833260     
 XREF energy (a.u.):    91.2567644856331     
 R(factor) =   0.192886000000000         R(free) =   0.198237000000000     
 Rejecting step, energy  1.389E-04 higher
 Energy calculation finished, energy:  2.491015020E+01
 QM energy (a.u.):   -66.3465533950000     
 XREF energy (a.u.):    91.2568407640484     
 R(factor) =   0.192885000000000         R(free) =   0.198237000000000     
Testing convergence  in cycle   33
    Energy  1.3871E-04 Target: 1.0000E-05 converged?   no
  Max step  2.9176E-03 Target: 1.8000E-02 converged?  yes component    64
  RMS step  9.9015E-04 Target: 1.2000E-02 converged?  yes
  Max grad  3.1712E-03 Target: 4.5000E-03 converged?  yes component    23
  RMS grad  1.1153E-03 Target: 3.0000E-03 converged?  yes
 Predicted step length 1.3467E-01
 Trust radius          2.0000E-02
 Energy calculation finished, energy:  2.491028737E+01
 QM energy (a.u.):   -66.3467050502120     
 XREF energy (a.u.):    91.2566965448212     
 R(factor) =   0.192888000000000         R(free) =   0.198237000000000     
 Rejecting step, energy  1.372E-04 higher
 Energy calculation finished, energy:  2.490999149E+01
 QM energy (a.u.):   -66.3466347172770     
 XREF energy (a.u.):    91.2567654618566     
 R(factor) =   0.192886000000000         R(free) =   0.198237000000000     
Testing convergence  in cycle   35
    Energy  1.5871E-04 Target: 1.0000E-05 converged?   no
  Max step  2.9345E-03 Target: 1.8000E-02 converged?  yes component    64
  RMS step  9.9015E-04 Target: 1.2000E-02 converged?  yes
  Max grad  3.2807E-03 Target: 4.5000E-03 converged?  yes component    23
  RMS grad  1.0796E-03 Target: 3.0000E-03 converged?  yes
 Predicted step length 1.3316E-01
 Trust radius          2.0000E-02
 Energy calculation finished, energy:  2.491013074E+01
 QM energy (a.u.):   -66.3467488315050     
 XREF energy (a.u.):    91.2565779849387     
 R(factor) =   0.192889000000000         R(free) =   0.198237000000000     
 Rejecting step, energy  1.393E-04 higher
 Energy calculation finished, energy:  2.490982915E+01
 QM energy (a.u.):   -66.3466966808640     
 XREF energy (a.u.):    91.2566758430041     
 R(factor) =   0.192888000000000         R(free) =   0.198237000000000     
Testing convergence  in cycle   37
    Energy  1.6234E-04 Target: 1.0000E-05 converged?   no
  Max step  2.8954E-03 Target: 1.8000E-02 converged?  yes component    64
  RMS step  9.9015E-04 Target: 1.2000E-02 converged?  yes
  Max grad  3.3165E-03 Target: 4.5000E-03 converged?  yes component    23
  RMS grad  1.0536E-03 Target: 3.0000E-03 converged?  yes
 Predicted step length 1.3550E-01
 Trust radius          2.0000E-02
 Energy calculation finished, energy:  2.490997916E+01
 QM energy (a.u.):   -66.3468087055770     
 XREF energy (a.u.):    91.2564801837602     
 R(factor) =   0.192890000000000         R(free) =   0.198237000000000     
 Rejecting step, energy  1.500E-04 higher
 Energy calculation finished, energy:  2.490967148E+01
 QM energy (a.u.):   -66.3467571551070     
 XREF energy (a.u.):    91.2565805662771     
 R(factor) =   0.192889000000000         R(free) =   0.198237000000000     
Testing convergence  in cycle   39
    Energy  1.5767E-04 Target: 1.0000E-05 converged?   no
  Max step  2.8301E-03 Target: 1.8000E-02 converged?  yes component    64
  RMS step  9.9015E-04 Target: 1.2000E-02 converged?  yes
  Max grad  3.1300E-03 Target: 4.5000E-03 converged?  yes component    65
  RMS grad  1.0254E-03 Target: 3.0000E-03 converged?  yes
 Predicted step length 1.5368E-01
 Trust radius          2.0000E-02
 Energy calculation finished, energy:  2.490982341E+01
 QM energy (a.u.):   -66.3468563656670     
 XREF energy (a.u.):    91.2563454380088     
 R(factor) =   0.192892000000000         R(free) =   0.198236000000000     
 Rejecting step, energy  1.519E-04 higher
 Energy calculation finished, energy:  2.490948907E+01
 QM energy (a.u.):   -66.3468108035600     
 XREF energy (a.u.):    91.2564580730772     
 R(factor) =   0.192890000000000         R(free) =   0.198237000000000     
Testing convergence  in cycle   41
    Energy  1.8241E-04 Target: 1.0000E-05 converged?   no
  Max step  2.8740E-03 Target: 1.8000E-02 converged?  yes component    64
  RMS step  9.9015E-04 Target: 1.2000E-02 converged?  yes
  Max grad  3.5805E-03 Target: 4.5000E-03 converged?  yes component    65
  RMS grad  1.0084E-03 Target: 3.0000E-03 converged?  yes
 Predicted step length 1.6579E-01
 Trust radius          2.0000E-02
 Energy calculation finished, energy:  2.490964727E+01
 QM energy (a.u.):   -66.3468982024060     
 XREF energy (a.u.):    91.2562491123805     
 R(factor) =   0.192892000000000         R(free) =   0.198236000000000     
 Rejecting step, energy  1.582E-04 higher
 Energy calculation finished, energy:  2.490935091E+01
 QM energy (a.u.):   -66.3468581373590     
 XREF energy (a.u.):    91.2563529284403     
 R(factor) =   0.192891000000000         R(free) =   0.198236000000000     
Testing convergence  in cycle   43
    Energy  1.3816E-04 Target: 1.0000E-05 converged?   no
  Max step  2.7288E-03 Target: 1.8000E-02 converged?  yes component    64
  RMS step  9.9015E-04 Target: 1.2000E-02 converged?  yes
  Max grad  3.1365E-03 Target: 4.5000E-03 converged?  yes component    65
  RMS grad  9.7831E-04 Target: 3.0000E-03 converged?  yes
 Predicted step length 1.7515E-01
 Trust radius          2.0000E-02
 Energy calculation finished, energy:  2.490949479E+01
 QM energy (a.u.):   -66.3469417473930     
 XREF energy (a.u.):    91.2570119452135     
 R(factor) =   0.192920000000000         R(free) =   0.198254000000000     
 Rejecting step, energy  1.439E-04 higher
 Energy calculation finished, energy:  2.491007020E+01
 QM energy (a.u.):   -66.3469032676400     
 XREF energy (a.u.):    91.2562305649628     
 R(factor) =   0.192892000000000         R(free) =   0.198236000000000     
 Rejecting step, energy  7.193E-04 higher
 Energy calculation finished, energy:  2.490932730E+01
 QM energy (a.u.):   -66.3468815342190     
 XREF energy (a.u.):    91.2562912684726     
 R(factor) =   0.192892000000000         R(free) =   0.198236000000000     
Testing convergence  in cycle   46
    Energy  2.3610E-05 Target: 1.0000E-05 converged?   no
  Max step  1.4051E-03 Target: 1.8000E-02 converged?  yes component    64
  RMS step  4.9507E-04 Target: 1.2000E-02 converged?  yes
  Max grad  3.4808E-03 Target: 4.5000E-03 converged?  yes component    65
  RMS grad  9.7313E-04 Target: 3.0000E-03 converged?  yes
 Predicted step length 2.3308E+00
 Trust radius          5.0000E-03
 Energy calculation finished, energy:  2.490940973E+01
 QM energy (a.u.):   -66.3469029957300     
 XREF energy (a.u.):    91.2562320249196     
 R(factor) =   0.192892000000000         R(free) =   0.198236000000000     
 Rejecting step, energy  8.243E-05 higher
 Energy calculation finished, energy:  2.490932903E+01
 QM energy (a.u.):   -66.3468924631720     
 XREF energy (a.u.):    91.2562615481055     
 R(factor) =   0.192892000000000         R(free) =   0.198236000000000     
 Rejecting step, energy  1.730E-06 higher
 Energy calculation finished, energy:  2.490936908E+01
 QM energy (a.u.):   -66.3468870481390     
 XREF energy (a.u.):    91.2562764238944     
 R(factor) =   0.192892000000000         R(free) =   0.198236000000000     
 Rejecting step, energy  4.178E-05 higher
 Energy calculation finished, energy:  2.490938938E+01
 QM energy (a.u.):   -66.3468843034200     
 XREF energy (a.u.):    91.2562838415286     
 R(factor) =   0.192892000000000         R(free) =   0.198236000000000     
 Rejecting step, energy  6.208E-05 higher
 Energy calculation finished, energy:  2.490939954E+01
 QM energy (a.u.):   -66.3468829215850     
 XREF energy (a.u.):    91.2562875496716     
 R(factor) =   0.192892000000000         R(free) =   0.198236000000000     
 Rejecting step, energy  7.224E-05 higher
 Energy calculation finished, energy:  2.490940463E+01
 QM energy (a.u.):   -66.3468822291720     
 XREF energy (a.u.):    91.2562894162186     
 R(factor) =   0.192892000000000         R(free) =   0.198236000000000     
 Rejecting step, energy  7.733E-05 higher
 Energy calculation finished, energy:  2.490940719E+01
 QM energy (a.u.):   -66.3468818814660     
 XREF energy (a.u.):    91.2562903424523     
 R(factor) =   0.192892000000000         R(free) =   0.198236000000000     
 Rejecting step, energy  7.989E-05 higher
 Energy calculation finished, energy:  2.490940846E+01
 QM energy (a.u.):   -66.3468817079030     
 XREF energy (a.u.):    91.2562908054927     
 R(factor) =   0.192892000000000         R(free) =   0.198236000000000     
 Rejecting step, energy  8.116E-05 higher
 Energy calculation finished, energy:  2.490940910E+01
 QM energy (a.u.):   -66.3468816210380     
 XREF energy (a.u.):    91.2562910369380     
 R(factor) =   0.192892000000000         R(free) =   0.198236000000000     
 Rejecting step, energy  8.180E-05 higher
 Energy calculation finished, energy:  2.490940942E+01
 QM energy (a.u.):   -66.3468815773590     
 XREF energy (a.u.):    91.2562911526750     
 R(factor) =   0.192892000000000         R(free) =   0.198236000000000     
 Rejecting step, energy  8.212E-05 higher
 Energy calculation finished, energy:  2.490940958E+01
 QM energy (a.u.):   -66.3468815560960     
 XREF energy (a.u.):    91.2562912106487     
 R(factor) =   0.192892000000000         R(free) =   0.198236000000000     
 Rejecting step, energy  8.228E-05 higher
 Energy calculation finished, energy:  2.490940965E+01
 QM energy (a.u.):   -66.3468815447860     
 XREF energy (a.u.):    91.2562912392172     
 R(factor) =   0.192892000000000         R(free) =   0.198236000000000     
 Rejecting step, energy  8.235E-05 higher
 Energy calculation finished, energy:  2.490940969E+01
 QM energy (a.u.):   -66.3468815396520     
 XREF energy (a.u.):    91.2562912538178     
 R(factor) =   0.192892000000000         R(free) =   0.198236000000000     
 Rejecting step, energy  8.239E-05 higher
 Energy calculation finished, energy:  2.490940971E+01
 QM energy (a.u.):   -66.3468815363540     
 XREF energy (a.u.):    91.2562912612998     
 R(factor) =   0.192892000000000         R(free) =   0.198236000000000     
 Rejecting step, energy  8.241E-05 higher
 Energy calculation finished, energy:  2.490940972E+01
 QM energy (a.u.):   -66.3468815354120     
 XREF energy (a.u.):    91.2562912645714     
 R(factor) =   0.192892000000000         R(free) =   0.198236000000000     
 Rejecting step, energy  8.242E-05 higher
 Energy calculation finished, energy:  2.490940973E+01
 QM energy (a.u.):   -66.3468815349900     
 XREF energy (a.u.):    91.2562912667467     
 R(factor) =   0.192892000000000         R(free) =   0.198236000000000     
 Rejecting step, energy  8.243E-05 higher
 Step too small, restarting optimiser.
Testing convergence  in cycle   62
    Energy  8.2430E-05 Target: 1.0000E-05 converged?   no
  Max step  2.1251E-08 Target: 1.8000E-02 converged?  yes component    64
  RMS step  7.5542E-09 Target: 1.2000E-02 converged?  yes
  Max grad  3.3573E-03 Target: 4.5000E-03 converged?  yes component    65
  RMS grad  9.8207E-04 Target: 3.0000E-03 converged?  yes
 Predicted step length 2.0000E-02
 Trust radius          5.0000E-02
 Energy calculation finished, energy:  2.490940973E+01
 QM energy (a.u.):   -66.3467544466280     
 XREF energy (a.u.):    91.2566004026102     
 R(factor) =   0.192914000000000         R(free) =   0.198251000000000     
 Rejecting step, energy  0.000E+00 higher
 Energy calculation finished, energy:  2.490984596E+01
 QM energy (a.u.):   -66.3468787554790     
 XREF energy (a.u.):    91.2568862577644     
 R(factor) =   0.192916000000000         R(free) =   0.198253000000000     
 Rejecting step, energy  4.362E-04 higher
 Energy calculation finished, energy:  2.491000750E+01
 QM energy (a.u.):   -66.3468953975060     
 XREF energy (a.u.):    91.2570368805399     
 R(factor) =   0.192917000000000         R(free) =   0.198254000000000     
 Rejecting step, energy  5.978E-04 higher
 Energy calculation finished, energy:  2.491014148E+01
 QM energy (a.u.):   -66.3468922865400     
 XREF energy (a.u.):    91.2562170876448     
 R(factor) =   0.192891000000000         R(free) =   0.198236000000000     
 Rejecting step, energy  7.317E-04 higher
 Energy calculation finished, energy:  2.490932480E+01
 QM energy (a.u.):   -66.3468878664250     
 XREF energy (a.u.):    91.2562541619402     
 R(factor) =   0.192891000000000         R(free) =   0.198236000000000     
Testing convergence  in cycle   67
    Energy  8.4930E-05 Target: 1.0000E-05 converged?   no
  Max step  4.2311E-04 Target: 1.8000E-02 converged?  yes component    65
  RMS step  1.2377E-04 Target: 1.2000E-02 converged?  yes
  Max grad  3.1116E-03 Target: 4.5000E-03 converged?  yes component    65
  RMS grad  8.3822E-04 Target: 3.0000E-03 converged?  yes
 Predicted step length 1.1027E-02
 Trust radius          2.5000E-03
 Energy calculation finished, energy:  2.490936630E+01
 QM energy (a.u.):   -66.3469023937010     
 XREF energy (a.u.):    91.2561880283009     
 R(factor) =   0.192891000000000         R(free) =   0.198236000000000     
 Rejecting step, energy  4.150E-05 higher
 Energy calculation finished, energy:  2.490928563E+01
 QM energy (a.u.):   -66.3468955210830     
 XREF energy (a.u.):    91.2562205745001     
 R(factor) =   0.192891000000000         R(free) =   0.198236000000000     
Testing convergence  in cycle   69
    Energy  3.9170E-05 Target: 1.0000E-05 converged?   no
  Max step  4.7025E-04 Target: 1.8000E-02 converged?  yes component    65
  RMS step  1.2377E-04 Target: 1.2000E-02 converged?  yes
  Max grad  3.0299E-03 Target: 4.5000E-03 converged?  yes component    65
  RMS grad  8.2348E-04 Target: 3.0000E-03 converged?  yes
 Predicted step length 8.8013E-02
 Trust radius          2.5000E-03
 Energy calculation finished, energy:  2.490932505E+01
 QM energy (a.u.):   -66.3469063518430     
 XREF energy (a.u.):    91.2570470733073     
 R(factor) =   0.192918000000000         R(free) =   0.198254000000000     
 Rejecting step, energy  3.942E-05 higher
 Energy calculation finished, energy:  2.491014072E+01
 QM energy (a.u.):   -66.3469013090460     
 XREF energy (a.u.):    91.2561872469543     
 R(factor) =   0.192891000000000         R(free) =   0.198236000000000     
 Rejecting step, energy  8.551E-04 higher
 Energy calculation finished, energy:  2.490928594E+01
 QM energy (a.u.):   -66.3468985081490     
 XREF energy (a.u.):    91.2562034460215     
 R(factor) =   0.192891000000000         R(free) =   0.198236000000000     
 Rejecting step, energy  3.100E-07 higher
 Energy calculation finished, energy:  2.490930494E+01
 QM energy (a.u.):   -66.3468970376790     
 XREF energy (a.u.):    91.2562120100218     
 R(factor) =   0.192891000000000         R(free) =   0.198236000000000     
 Rejecting step, energy  1.931E-05 higher
 Energy calculation finished, energy:  2.490931497E+01
 QM energy (a.u.):   -66.3468962854670     
 XREF energy (a.u.):    91.2562162919876     
 R(factor) =   0.192891000000000         R(free) =   0.198236000000000     
 Rejecting step, energy  2.934E-05 higher
 Energy calculation finished, energy:  2.490932001E+01
 QM energy (a.u.):   -66.3468959045750     
 XREF energy (a.u.):    91.2562184333259     
 R(factor) =   0.192891000000000         R(free) =   0.198236000000000     
 Rejecting step, energy  3.438E-05 higher
 Energy calculation finished, energy:  2.490932253E+01
 QM energy (a.u.):   -66.3468957132270     
 XREF energy (a.u.):    91.2562195041457     
 R(factor) =   0.192891000000000         R(free) =   0.198236000000000     
 Rejecting step, energy  3.690E-05 higher
 Energy calculation finished, energy:  2.490932379E+01
 QM energy (a.u.):   -66.3468956169700     
 XREF energy (a.u.):    91.2562200392281     
 R(factor) =   0.192891000000000         R(free) =   0.198236000000000     
 Rejecting step, energy  3.816E-05 higher
 Energy calculation finished, energy:  2.490932442E+01
 QM energy (a.u.):   -66.3468955692430     
 XREF energy (a.u.):    91.2562203063223     
 R(factor) =   0.192891000000000         R(free) =   0.198236000000000     
 Rejecting step, energy  3.879E-05 higher
 Energy calculation finished, energy:  2.490932474E+01
 QM energy (a.u.):   -66.3468955446360     
 XREF energy (a.u.):    91.2562204403203     
 R(factor) =   0.192891000000000         R(free) =   0.198236000000000     
 Rejecting step, energy  3.911E-05 higher
 Energy calculation finished, energy:  2.490932490E+01
 QM energy (a.u.):   -66.3468955335820     
 XREF energy (a.u.):    91.2562205073377     
 R(factor) =   0.192891000000000         R(free) =   0.198236000000000     
 Rejecting step, energy  3.927E-05 higher
 Energy calculation finished, energy:  2.490932497E+01
 QM energy (a.u.):   -66.3468955268790     
 XREF energy (a.u.):    91.2562205412591     
 R(factor) =   0.192891000000000         R(free) =   0.198236000000000     
 Rejecting step, energy  3.934E-05 higher
 Energy calculation finished, energy:  2.490932501E+01
 QM energy (a.u.):   -66.3468955235800     
 XREF energy (a.u.):    91.2562205578756     
 R(factor) =   0.192891000000000         R(free) =   0.198236000000000     
 Rejecting step, energy  3.938E-05 higher
 Energy calculation finished, energy:  2.490932503E+01
 QM energy (a.u.):   -66.3468955225990     
 XREF energy (a.u.):    91.2562205657943     
 R(factor) =   0.192891000000000         R(free) =   0.198236000000000     
 Rejecting step, energy  3.940E-05 higher
 Energy calculation finished, energy:  2.490932504E+01
 QM energy (a.u.):   -66.3468955219110     
 XREF energy (a.u.):    91.2562205701607     
 R(factor) =   0.192891000000000         R(free) =   0.198236000000000     
 Rejecting step, energy  3.941E-05 higher
 Step too small, restarting optimiser.
Testing convergence  in cycle   84
    Energy  3.9410E-05 Target: 1.0000E-05 converged?   no
  Max step  2.8526E-08 Target: 1.8000E-02 converged?  yes component    65
  RMS step  7.5542E-09 Target: 1.2000E-02 converged?  yes
  Max grad  3.1321E-03 Target: 4.5000E-03 converged?  yes component    65
  RMS grad  8.6266E-04 Target: 3.0000E-03 converged?  yes
 Predicted step length 2.0000E-02
 Trust radius          5.0000E-02
 Energy calculation finished, energy:  2.490932505E+01
 QM energy (a.u.):   -66.3468106341700     
 XREF energy (a.u.):    91.2565413370787     
 R(factor) =   0.192914000000000         R(free) =   0.198251000000000     
 Rejecting step, energy  1.000E-08 higher
 Energy calculation finished, energy:  2.490973070E+01
 QM energy (a.u.):   -66.3468956758930     
 XREF energy (a.u.):    91.2568216474357     
 R(factor) =   0.192916000000000         R(free) =   0.198253000000000     
 Rejecting step, energy  4.057E-04 higher
 Energy calculation finished, energy:  2.490992597E+01
 QM energy (a.u.):   -66.3469062835590     
 XREF energy (a.u.):    91.2569697340657     
 R(factor) =   0.192917000000000         R(free) =   0.198253000000000     
 Rejecting step, energy  6.009E-04 higher
 Energy calculation finished, energy:  2.491006345E+01
 QM energy (a.u.):   -66.3469035782180     
 XREF energy (a.u.):    91.2570421495944     
 R(factor) =   0.192918000000000         R(free) =   0.198254000000000     
 Rejecting step, energy  7.384E-04 higher
 Energy calculation finished, energy:  2.491013857E+01
 QM energy (a.u.):   -66.3469002191800     
 XREF energy (a.u.):    91.2561844052069     
 R(factor) =   0.192891000000000         R(free) =   0.198236000000000     
 Rejecting step, energy  8.135E-04 higher
 Energy calculation finished, energy:  2.490928419E+01
 QM energy (a.u.):   -66.3468980376210     
 XREF energy (a.u.):    91.2562024451290     
 R(factor) =   0.192891000000000         R(free) =   0.198236000000000     
Testing convergence  in cycle   90
    Energy  4.0850E-05 Target: 1.0000E-05 converged?   no
  Max step  2.2469E-04 Target: 1.8000E-02 converged?  yes component    65
  RMS step  6.1884E-05 Target: 1.2000E-02 converged?  yes
  Max grad  3.0185E-03 Target: 4.5000E-03 converged?  yes component    65
  RMS grad  8.0890E-04 Target: 3.0000E-03 converged?  yes
 Predicted step length 1.5500E-02
 Trust radius          1.2500E-03
 Energy calculation finished, energy:  2.490930441E+01
 QM energy (a.u.):   -66.3469050304070     
 XREF energy (a.u.):    91.2561717887769     
 R(factor) =   0.192891000000000         R(free) =   0.198236000000000     
 Rejecting step, energy  2.022E-05 higher
 Energy calculation finished, energy:  2.490926676E+01
 QM energy (a.u.):   -66.3469016013400     
 XREF energy (a.u.):    91.2561874354472     
 R(factor) =   0.192891000000000         R(free) =   0.198236000000000     
Testing convergence  in cycle   92
    Energy  1.7430E-05 Target: 1.0000E-05 converged?   no
  Max step  2.3660E-04 Target: 1.8000E-02 converged?  yes component    65
  RMS step  6.1884E-05 Target: 1.2000E-02 converged?  yes
  Max grad  2.9846E-03 Target: 4.5000E-03 converged?  yes component    65
  RMS grad  8.0456E-04 Target: 3.0000E-03 converged?  yes
 Predicted step length 1.2524E-01
 Trust radius          6.2500E-04
 Energy calculation finished, energy:  2.490928583E+01
 QM energy (a.u.):   -66.3469045759150     
 XREF energy (a.u.):    91.2561715270946     
 R(factor) =   0.192891000000000         R(free) =   0.198236000000000     
 Rejecting step, energy  1.907E-05 higher
 Energy calculation finished, energy:  2.490926695E+01
 QM energy (a.u.):   -66.3469031049890     
 XREF energy (a.u.):    91.2561792940529     
 R(factor) =   0.192891000000000         R(free) =   0.198236000000000     
 Rejecting step, energy  1.900E-07 higher
 Energy calculation finished, energy:  2.490927619E+01
 QM energy (a.u.):   -66.3469023567710     
 XREF energy (a.u.):    91.2561833632887     
 R(factor) =   0.192891000000000         R(free) =   0.198236000000000     
 Rejecting step, energy  9.430E-06 higher
 Energy calculation finished, energy:  2.490928101E+01
 QM energy (a.u.):   -66.3469019808840     
 XREF energy (a.u.):    91.2561853983768     
 R(factor) =   0.192891000000000         R(free) =   0.198236000000000     
 Rejecting step, energy  1.425E-05 higher
 Energy calculation finished, energy:  2.490928342E+01
 QM energy (a.u.):   -66.3469017908430     
 XREF energy (a.u.):    91.2561864152626     
 R(factor) =   0.192891000000000         R(free) =   0.198236000000000     
 Rejecting step, energy  1.666E-05 higher
 Energy calculation finished, energy:  2.490928462E+01
 QM energy (a.u.):   -66.3469016961150     
 XREF energy (a.u.):    91.2561869247517     
 R(factor) =   0.192891000000000         R(free) =   0.198236000000000     
 Rejecting step, energy  1.786E-05 higher
 Energy calculation finished, energy:  2.490928523E+01
 QM energy (a.u.):   -66.3469016489160     
 XREF energy (a.u.):    91.2561871789075     
 R(factor) =   0.192891000000000         R(free) =   0.198236000000000     
 Rejecting step, energy  1.847E-05 higher
 Energy calculation finished, energy:  2.490928553E+01
 QM energy (a.u.):   -66.3469016249770     
 XREF energy (a.u.):    91.2561873057965     
 R(factor) =   0.192891000000000         R(free) =   0.198236000000000     
 Rejecting step, energy  1.877E-05 higher
 Energy calculation finished, energy:  2.490928568E+01
 QM energy (a.u.):   -66.3469016134340     
 XREF energy (a.u.):    91.2561873712601     
 R(factor) =   0.192891000000000         R(free) =   0.198236000000000     
 Rejecting step, energy  1.892E-05 higher
 Energy calculation finished, energy:  2.490928576E+01
 QM energy (a.u.):   -66.3469016073340     
 XREF energy (a.u.):    91.2561874033138     
 R(factor) =   0.192891000000000         R(free) =   0.198236000000000     
 Rejecting step, energy  1.900E-05 higher
 Energy calculation finished, energy:  2.490928580E+01
 QM energy (a.u.):   -66.3469016045550     
 XREF energy (a.u.):    91.2561874195447     
 R(factor) =   0.192891000000000         R(free) =   0.198236000000000     
 Rejecting step, energy  1.904E-05 higher
 Energy calculation finished, energy:  2.490928581E+01
 QM energy (a.u.):   -66.3469016029810     
 XREF energy (a.u.):    91.2561874272896     
 R(factor) =   0.192891000000000         R(free) =   0.198236000000000     
 Rejecting step, energy  1.905E-05 higher
 Energy calculation finished, energy:  2.490928582E+01
 QM energy (a.u.):   -66.3469016018680     
 XREF energy (a.u.):    91.2561874312895     
 R(factor) =   0.192891000000000         R(free) =   0.198236000000000     
 Rejecting step, energy  1.906E-05 higher
 Step too small, restarting optimiser.
Testing convergence  in cycle  105
    Energy  1.9060E-05 Target: 1.0000E-05 converged?   no
  Max step  2.8528E-08 Target: 1.8000E-02 converged?  yes component    65
  RMS step  7.5542E-09 Target: 1.2000E-02 converged?  yes
  Max grad  3.0299E-03 Target: 4.5000E-03 converged?  yes component    65
  RMS grad  8.1939E-04 Target: 3.0000E-03 converged?  yes
 Predicted step length 2.0000E-02
 Trust radius          5.0000E-02
 Energy calculation finished, energy:  2.490928583E+01
 QM energy (a.u.):   -66.3468383781540     
 XREF energy (a.u.):    91.2565204752606     
 R(factor) =   0.192914000000000         R(free) =   0.198251000000000     
 Rejecting step, energy  1.000E-08 higher
 Energy calculation finished, energy:  2.490968210E+01
 QM energy (a.u.):   -66.3469051908090     
 XREF energy (a.u.):    91.2567919311323     
 R(factor) =   0.192916000000000         R(free) =   0.198253000000000     
 Rejecting step, energy  3.963E-04 higher
 Energy calculation finished, energy:  2.490988674E+01
 QM energy (a.u.):   -66.3469122225960     
 XREF energy (a.u.):    91.2569379777660     
 R(factor) =   0.192917000000000         R(free) =   0.198253000000000     
 Rejecting step, energy  6.009E-04 higher
 Energy calculation finished, energy:  2.491002576E+01
 QM energy (a.u.):   -66.3469091223960     
 XREF energy (a.u.):    91.2570102411327     
 R(factor) =   0.192917000000000         R(free) =   0.198254000000000     
 Rejecting step, energy  7.399E-04 higher
 Energy calculation finished, energy:  2.491010112E+01
 QM energy (a.u.):   -66.3469059147130     
 XREF energy (a.u.):    91.2570448818964     
 R(factor) =   0.192918000000000         R(free) =   0.198254000000000     
 Rejecting step, energy  8.153E-04 higher
 Energy calculation finished, energy:  2.491013897E+01
 QM energy (a.u.):   -66.3469038966720     
 XREF energy (a.u.):    91.2561700067419     
 R(factor) =   0.192891000000000         R(free) =   0.198236000000000     
 Rejecting step, energy  8.531E-04 higher
 Energy calculation finished, energy:  2.490926611E+01
 QM energy (a.u.):   -66.3469027834480     
 XREF energy (a.u.):    91.2561785371091     
 R(factor) =   0.192891000000000         R(free) =   0.198236000000000     
Testing convergence  in cycle  112
    Energy  1.9710E-05 Target: 1.0000E-05 converged?   no
  Max step  1.1442E-04 Target: 1.8000E-02 converged?  yes component    65
  RMS step  3.0942E-05 Target: 1.2000E-02 converged?  yes
  Max grad  2.9758E-03 Target: 4.5000E-03 converged?  yes component    65
  RMS grad  7.9639E-04 Target: 3.0000E-03 converged?  yes
 Predicted step length 1.8624E-02
 Trust radius          6.2500E-04
 Energy calculation finished, energy:  2.490927575E+01
 QM energy (a.u.):   -66.3469062574160     
 XREF energy (a.u.):    91.2570560041963     
 R(factor) =   0.192918000000000         R(free) =   0.198254000000000     
 Rejecting step, energy  9.640E-06 higher
 Energy calculation finished, energy:  2.491014975E+01
 QM energy (a.u.):   -66.3469045343310     
 XREF energy (a.u.):    91.2561711022864     
 R(factor) =   0.192891000000000         R(free) =   0.198236000000000     
 Rejecting step, energy  8.836E-04 higher
 Energy calculation finished, energy:  2.490926657E+01
 QM energy (a.u.):   -66.3469036622320     
 XREF energy (a.u.):    91.2561746358613     
 R(factor) =   0.192891000000000         R(free) =   0.198236000000000     
 Rejecting step, energy  4.600E-07 higher
 Energy calculation finished, energy:  2.490927097E+01
 QM energy (a.u.):   -66.3469032240280     
 XREF energy (a.u.):    91.2561765850861     
 R(factor) =   0.192891000000000         R(free) =   0.198236000000000     
 Rejecting step, energy  4.860E-06 higher
 Energy calculation finished, energy:  2.490927336E+01
 QM energy (a.u.):   -66.3469030038650     
 XREF energy (a.u.):    91.2561775600107     
 R(factor) =   0.192891000000000         R(free) =   0.198236000000000     
 Rejecting step, energy  7.250E-06 higher
 Energy calculation finished, energy:  2.490927456E+01
 QM energy (a.u.):   -66.3469028937160     
 XREF energy (a.u.):    91.2561780472580     
 R(factor) =   0.192891000000000         R(free) =   0.198236000000000     
 Rejecting step, energy  8.450E-06 higher
 Energy calculation finished, energy:  2.490927515E+01
 QM energy (a.u.):   -66.3469028386190     
 XREF energy (a.u.):    91.2561782940321     
 R(factor) =   0.192891000000000         R(free) =   0.198236000000000     
 Rejecting step, energy  9.040E-06 higher
 Energy calculation finished, energy:  2.490927546E+01
 QM energy (a.u.):   -66.3469028108510     
 XREF energy (a.u.):    91.2561784153579     
 R(factor) =   0.192891000000000         R(free) =   0.198236000000000     
 Rejecting step, energy  9.350E-06 higher
 Energy calculation finished, energy:  2.490927560E+01
 QM energy (a.u.):   -66.3469027971220     
 XREF energy (a.u.):    91.2561784759323     
 R(factor) =   0.192891000000000         R(free) =   0.198236000000000     
 Rejecting step, energy  9.490E-06 higher
 Energy calculation finished, energy:  2.490927568E+01
 QM energy (a.u.):   -66.3469027905380     
 XREF energy (a.u.):    91.2561785064259     
 R(factor) =   0.192891000000000         R(free) =   0.198236000000000     
 Rejecting step, energy  9.570E-06 higher
 Energy calculation finished, energy:  2.490927572E+01
 QM energy (a.u.):   -66.3469027870650     
 XREF energy (a.u.):    91.2561785217962     
 R(factor) =   0.192891000000000         R(free) =   0.198236000000000     
 Rejecting step, energy  9.610E-06 higher
 Energy calculation finished, energy:  2.490927573E+01
 QM energy (a.u.):   -66.3469027857860     
 XREF energy (a.u.):    91.2561785295395     
 R(factor) =   0.192891000000000         R(free) =   0.198236000000000     
 Rejecting step, energy  9.620E-06 higher
 Energy calculation finished, energy:  2.490927574E+01
 QM energy (a.u.):   -66.3469027846650     
 XREF energy (a.u.):    91.2561785332128     
 R(factor) =   0.192891000000000         R(free) =   0.198236000000000     
 Rejecting step, energy  9.630E-06 higher
 Step too small, restarting optimiser.
Testing convergence  in cycle  125
    Energy  9.6300E-06 Target: 1.0000E-05 converged?  yes
  Max step  2.8804E-08 Target: 1.8000E-02 converged?  yes component    65
  RMS step  7.5542E-09 Target: 1.2000E-02 converged?  yes
  Max grad  3.0028E-03 Target: 4.5000E-03 converged?  yes component    65
  RMS grad  8.0765E-04 Target: 3.0000E-03 converged?  yes
Convergence reached

 Optimisation converged
 ----------------------
 Final converged energy:      24.909275740000


DL-FIND Report:
===============
Optimisation algorithm: L-BFGS
Number of steps in L-BFGS memory ...............        100
 
Trust radius based on energy
Maximum step length ............................  5.000E-02
 
Coordinate system: Cartesian coordinates
 
Number of atoms ................................       4725
Number of input geometries .....................          1
Variables to be optimised ......................        102
No restart information is written
This run has not been restarted.
Number of energy evaluations on this processor .        125
Number of steps ................................        125
Number of accepted steps / line searches .......         32
 

Timing report
=============
Module                                      CPU time            Wall clock time
Total .................................    16.023 (100.00%)  3171.828 (100.00%) seconds
Energy and Gradient ...................     1.030 (  6.43%)     1.345 (  0.04%) seconds
Step direction ........................     1.194 (  7.45%)     2.008 (  0.06%) seconds
Coordinate transformation .............     0.063 (  0.39%)     0.060 (  0.00%) seconds
Checkpoint file I/O ...................     0.000 (  0.00%)     0.000 (  0.00%) seconds
XYZ-file I/O ..........................     0.000 (  0.00%)     0.000 (  0.00%) seconds
Maximum memory usage ........................... 9.1554E+03 kB
Tue Jan  9 12:55:46 CST 2024
