This job is running on host node40
Current directory: /share/home/chem-zhonglh/yanzy/QR/NC_more/1uyg/QRs/DFTMM_R1
Tue Jan  2 17:40:46 CST 2024
 using Gaussian + CNS
 QM energy (a.u.):   -1073.17714594713     
 XREF energy (a.u.):    153.892527583131     
 R(factor) =   0.278938000000000         R(free) =   0.273142000000000     
 External sizes:       12060           1        8040

***********************************************************************
**                                                                   **
**                       ---------------------                       **
**                              DL-FIND                              **
**                       Geometry Optimisation                       **
**                       ---------------------                       **
**                                                                   **
**                 J. Kaestner, J.M. Carr, T.W. Keal,                **
**                W. Thiel, A. Wander and P. Sherwood                **
**                                                                   **
**              J. Phys. Chem. A, 2009, 113 (43), 11856.             **
**                                                                   **
**   Please include this reference in published work using DL-FIND.  **
**                                                                   **
**               Copyright:  STFC Daresbury Laboratory               **
**                           Revision: Unversioned directory         **
**                                                                   **
***********************************************************************


DL-FIND Report:
===============
Optimisation algorithm: L-BFGS
Number of steps in L-BFGS memory ...............        100
 
Trust radius based on energy
Maximum step length ............................  5.000E-02
 
Coordinate system: Cartesian coordinates
 
Number of atoms ................................       4020
Number of input geometries .....................          1
Variables to be optimised ......................        108
No restart information is written
This run has not been restarted.
Maximum number of steps ........................       2000
Maximum number of energy evaluations ...........      10000
 
 Energy calculation finished, energy: -9.192846184E+02
 QM energy (a.u.):   -1073.17714594714     
 XREF energy (a.u.):    153.892617898075     
 R(factor) =   0.278936000000000         R(free) =   0.273142000000000     
Testing convergence  in cycle    1
  Max grad  7.7387E-03 Target: 4.5000E-03 converged?   no component    51
  RMS grad  2.4134E-03 Target: 3.0000E-03 converged?  yes
 Predicted step length 2.0000E-02
 Trust radius          5.0000E-02
 Energy calculation finished, energy: -9.192845280E+02
 QM energy (a.u.):   -1073.17732343287     
 XREF energy (a.u.):    153.891764646181     
 R(factor) =   0.278950000000000         R(free) =   0.273145000000000     
 Rejecting step, energy  9.031E-05 higher
 Energy calculation finished, energy: -9.192855588E+02
 QM energy (a.u.):   -1073.17738677542     
 XREF energy (a.u.):    153.892121004471     
 R(factor) =   0.278942000000000         R(free) =   0.273144000000000     
Testing convergence  in cycle    3
    Energy  9.4043E-04 Target: 1.0000E-05 converged?   no
  Max step  3.0855E-03 Target: 1.8000E-02 converged?  yes component    51
  RMS step  9.6225E-04 Target: 1.2000E-02 converged?  yes
  Max grad  7.2294E-03 Target: 4.5000E-03 converged?   no component    36
  RMS grad  2.0533E-03 Target: 3.0000E-03 converged?  yes
 Predicted step length 3.2810E-03
 Trust radius          2.0000E-02
 Energy calculation finished, energy: -9.192852658E+02
 QM energy (a.u.):   -1073.17739915298     
 XREF energy (a.u.):    153.892103144606     
 R(factor) =   0.278941000000000         R(free) =   0.273143000000000     
 Rejecting step, energy  2.930E-04 higher
 Energy calculation finished, energy: -9.192852960E+02
 QM energy (a.u.):   -1073.17739699621     
 XREF energy (a.u.):    153.892050854156     
 R(factor) =   0.278945000000000         R(free) =   0.273143000000000     
 Rejecting step, energy  2.628E-04 higher
 Energy calculation finished, energy: -9.192853461E+02
 QM energy (a.u.):   -1073.17739289334     
 XREF energy (a.u.):    153.892055227019     
 R(factor) =   0.278944000000000         R(free) =   0.273144000000000     
 Rejecting step, energy  2.126E-04 higher
 Energy calculation finished, energy: -9.192853377E+02
 QM energy (a.u.):   -1073.17739008649     
 XREF energy (a.u.):    153.892076832379     
 R(factor) =   0.278945000000000         R(free) =   0.273144000000000     
 Rejecting step, energy  2.211E-04 higher
 Energy calculation finished, energy: -9.192853132E+02
 QM energy (a.u.):   -1073.17738849423     
 XREF energy (a.u.):    153.892075869962     
 R(factor) =   0.278943000000000         R(free) =   0.273144000000000     
 Rejecting step, energy  2.455E-04 higher
 Energy calculation finished, energy: -9.192853126E+02
 QM energy (a.u.):   -1073.17738765013     
 XREF energy (a.u.):    153.892071690462     
 R(factor) =   0.278945000000000         R(free) =   0.273144000000000     
 Rejecting step, energy  2.462E-04 higher
 Energy calculation finished, energy: -9.192853160E+02
 QM energy (a.u.):   -1073.17738721621     
 XREF energy (a.u.):    153.892073300397     
 R(factor) =   0.278944000000000         R(free) =   0.273144000000000     
 Rejecting step, energy  2.428E-04 higher
 Energy calculation finished, energy: -9.192853139E+02
 QM energy (a.u.):   -1073.17738699742     
 XREF energy (a.u.):    153.892070408185     
 R(factor) =   0.278945000000000         R(free) =   0.273144000000000     
 Rejecting step, energy  2.449E-04 higher
 Energy calculation finished, energy: -9.192853166E+02
 QM energy (a.u.):   -1073.17738688640     
 XREF energy (a.u.):    153.892072659388     
 R(factor) =   0.278944000000000         R(free) =   0.273144000000000     
 Rejecting step, energy  2.422E-04 higher
 Energy calculation finished, energy: -9.192853142E+02
 QM energy (a.u.):   -1073.17738683147     
 XREF energy (a.u.):    153.892070087240     
 R(factor) =   0.278945000000000         R(free) =   0.273144000000000     
 Rejecting step, energy  2.446E-04 higher
 Energy calculation finished, energy: -9.192853167E+02
 QM energy (a.u.):   -1073.17738680334     
 XREF energy (a.u.):    153.892072499097     
 R(factor) =   0.278944000000000         R(free) =   0.273144000000000     
 Rejecting step, energy  2.420E-04 higher
 Energy calculation finished, energy: -9.192853143E+02
 QM energy (a.u.):   -1073.17738678925     
 XREF energy (a.u.):    153.892070007066     
 R(factor) =   0.278945000000000         R(free) =   0.273144000000000     
 Rejecting step, energy  2.445E-04 higher
 Energy calculation finished, energy: -9.192853168E+02
 QM energy (a.u.):   -1073.17738678259     
 XREF energy (a.u.):    153.892072458293     
 R(factor) =   0.278944000000000         R(free) =   0.273144000000000     
 Rejecting step, energy  2.420E-04 higher
 Energy calculation finished, energy: -9.192853143E+02
 QM energy (a.u.):   -1073.17738677840     
 XREF energy (a.u.):    153.892069987594     
 R(factor) =   0.278945000000000         R(free) =   0.273144000000000     
 Rejecting step, energy  2.445E-04 higher
 Energy calculation finished, energy: -9.192853168E+02
 QM energy (a.u.):   -1073.17738677740     
 XREF energy (a.u.):    153.892072447425     
 R(factor) =   0.278944000000000         R(free) =   0.273144000000000     
 Rejecting step, energy  2.420E-04 higher
 Energy calculation finished, energy: -9.192853143E+02
 QM energy (a.u.):   -1073.17738677632     
 XREF energy (a.u.):    153.892069982338     
 R(factor) =   0.278945000000000         R(free) =   0.273144000000000     
 Rejecting step, energy  2.445E-04 higher
 Step too small, restarting optimiser.
Testing convergence  in cycle   19
    Energy  2.4446E-04 Target: 1.0000E-05 converged?   no
  Max step  1.6309E-08 Target: 1.8000E-02 converged?  yes component    36
  RMS step  4.8173E-09 Target: 1.2000E-02 converged?  yes
  Max grad  3.5083E-03 Target: 4.5000E-03 converged?  yes component    48
  RMS grad  1.2195E-03 Target: 3.0000E-03 converged?  yes
 Predicted step length 2.0000E-02
 Trust radius          5.0000E-02
 Energy calculation finished, energy: -9.192853168E+02
 QM energy (a.u.):   -1073.17751056207     
 XREF energy (a.u.):    153.891595241706     
 R(factor) =   0.278948000000000         R(free) =   0.273141000000000     
Testing convergence  in cycle   20
    Energy  2.4600E-06 Target: 1.0000E-05 converged?  yes
  Max step  5.5364E-03 Target: 1.8000E-02 converged?  yes component    48
  RMS step  1.9245E-03 Target: 1.2000E-02 converged?  yes
  Max grad  3.5089E-03 Target: 4.5000E-03 converged?  yes component    48
  RMS grad  1.2198E-03 Target: 3.0000E-03 converged?  yes
Convergence reached

 Optimisation converged
 ----------------------
 Final converged energy:    -919.285316790000


DL-FIND Report:
===============
Optimisation algorithm: L-BFGS
Number of steps in L-BFGS memory ...............        100
 
Trust radius based on energy
Maximum step length ............................  5.000E-02
 
Coordinate system: Cartesian coordinates
 
Number of atoms ................................       4020
Number of input geometries .....................          1
Variables to be optimised ......................        108
No restart information is written
This run has not been restarted.
Number of energy evaluations on this processor .         20
Number of steps ................................         20
Number of accepted steps / line searches .......          4
 

Timing report
=============
Module                                      CPU time            Wall clock time
Total .................................     2.472 (100.00%)  1323.380 (100.00%) seconds
Energy and Gradient ...................     0.189 (  7.64%)     0.298 (  0.02%) seconds
Step direction ........................     0.035 (  1.41%)     0.147 (  0.01%) seconds
Coordinate transformation .............     0.011 (  0.43%)     0.010 (  0.00%) seconds
Checkpoint file I/O ...................     0.000 (  0.00%)     0.000 (  0.00%) seconds
XYZ-file I/O ..........................     0.000 (  0.00%)     0.000 (  0.00%) seconds
Maximum memory usage ........................... 7.8240E+03 kB
Tue Jan  2 18:04:01 CST 2024
