This job is running on host node97
Current directory: /share/home/yanz/QR_App/DFT_Pro/5HLS/DFTSEMM_R1
Wed May  1 18:06:47 CST 2019
 using Gaussian + CNS
 QM energy (a.u.):   -1855.71453896537     
 XREF energy (a.u.):    70.8348175648793     
 R(factor) =   0.262038000000000         R(free) =   0.233237000000000     
 External sizes:        7857           1        5238

***********************************************************************
**                                                                   **
**                       ---------------------                       **
**                              DL-FIND                              **
**                       Geometry Optimisation                       **
**                       ---------------------                       **
**                                                                   **
**                 J. Kaestner, J.M. Carr, T.W. Keal,                **
**                W. Thiel, A. Wander and P. Sherwood                **
**                                                                   **
**              J. Phys. Chem. A, 2009, 113 (43), 11856.             **
**                                                                   **
**   Please include this reference in published work using DL-FIND.  **
**                                                                   **
**               Copyright:  STFC Daresbury Laboratory               **
**                           Revision: Unversioned directory         **
**                                                                   **
***********************************************************************


DL-FIND Report:
===============
Optimisation algorithm: L-BFGS
Number of steps in L-BFGS memory ...............        100
 
Trust radius based on energy
Maximum step length ............................  3.000E-02
 
Coordinate system: Cartesian coordinates
 
Number of atoms ................................       2619
Number of input geometries .....................          1
Variables to be optimised ......................        126
No restart information is written
This run has not been restarted.
Maximum number of steps ........................       5000
Maximum number of energy evaluations ...........      10000
 
 Energy calculation finished, energy: -1.784879721E+03
 QM energy (a.u.):   -1855.71453896540     
 XREF energy (a.u.):    70.8348175638132     
 R(factor) =   0.262038000000000         R(free) =   0.233237000000000     
Testing convergence  in cycle    1
  Max grad  3.0969E-02 Target: 4.5000E-03 converged?   no component   115
  RMS grad  7.6719E-03 Target: 3.0000E-03 converged?   no
 Predicted step length 2.0000E-02
 Trust radius          3.0000E-02
 Energy calculation finished, energy: -1.784879721E+03
 QM energy (a.u.):   -1855.71668533442     
 XREF energy (a.u.):    70.8344485608311     
 R(factor) =   0.262002000000000         R(free) =   0.233227000000000     
 Rejecting step, energy  0.000E+00 higher
 Energy calculation finished, energy: -1.784882237E+03
 QM energy (a.u.):   -1855.71578220742     
 XREF energy (a.u.):    70.8341696164578     
 R(factor) =   0.262020000000000         R(free) =   0.233225000000000     
Testing convergence  in cycle    3
    Energy  2.5154E-03 Target: 1.0000E-05 converged?   no
  Max step  3.5962E-03 Target: 1.8000E-02 converged?  yes component   115
  RMS step  8.9087E-04 Target: 1.2000E-02 converged?  yes
  Max grad  1.7675E-02 Target: 4.5000E-03 converged?   no component    89
  RMS grad  4.4897E-03 Target: 3.0000E-03 converged?   no
 Predicted step length 1.7794E-02
 Trust radius          2.0000E-02
 Energy calculation finished, energy: -1.784881613E+03
 QM energy (a.u.):   -1855.71703766596     
 XREF energy (a.u.):    70.8338704677311     
 R(factor) =   0.261996000000000         R(free) =   0.233216000000000     
 Rejecting step, energy  6.242E-04 higher
 Energy calculation finished, energy: -1.784883167E+03
 QM energy (a.u.):   -1855.71649122266     
 XREF energy (a.u.):    70.8344694219496     
 R(factor) =   0.262008000000000         R(free) =   0.233228000000000     
Testing convergence  in cycle    5
    Energy  9.3043E-04 Target: 1.0000E-05 converged?   no
  Max step  3.3336E-03 Target: 1.8000E-02 converged?  yes component    89
  RMS step  7.9260E-04 Target: 1.2000E-02 converged?  yes
  Max grad  1.4621E-02 Target: 4.5000E-03 converged?   no component   115
  RMS grad  3.9034E-03 Target: 3.0000E-03 converged?   no
 Predicted step length 6.7786E-02
 Trust radius          1.7794E-02
 Energy calculation finished, energy: -1.784882022E+03
 QM energy (a.u.):   -1855.71756031042     
 XREF energy (a.u.):    70.8335934632855     
 R(factor) =   0.261994000000000         R(free) =   0.233208000000000     
 Rejecting step, energy  1.145E-03 higher
 Energy calculation finished, energy: -1.784883967E+03
 QM energy (a.u.):   -1855.71712622023     
 XREF energy (a.u.):    70.8340203259119     
 R(factor) =   0.262002000000000         R(free) =   0.233218000000000     
Testing convergence  in cycle    7
    Energy  7.9965E-04 Target: 1.0000E-05 converged?   no
  Max step  3.1489E-03 Target: 1.8000E-02 converged?  yes component    89
  RMS step  7.9260E-04 Target: 1.2000E-02 converged?  yes
  Max grad  1.1596E-02 Target: 4.5000E-03 converged?   no component    89
  RMS grad  2.7453E-03 Target: 3.0000E-03 converged?  yes
 Predicted step length 2.4364E-02
 Trust radius          1.7794E-02
 Energy calculation finished, energy: -1.784883106E+03
 QM energy (a.u.):   -1855.71775911828     
 XREF energy (a.u.):    70.8330297707843     
 R(factor) =   0.261990000000000         R(free) =   0.233196000000000     
 Rejecting step, energy  8.610E-04 higher
 Energy calculation finished, energy: -1.784884729E+03
 QM energy (a.u.):   -1855.71751591533     
 XREF energy (a.u.):    70.8334838836252     
 R(factor) =   0.261994000000000         R(free) =   0.233207000000000     
Testing convergence  in cycle    9
    Energy  7.6250E-04 Target: 1.0000E-05 converged?   no
  Max step  3.4155E-03 Target: 1.8000E-02 converged?  yes component    89
  RMS step  7.9260E-04 Target: 1.2000E-02 converged?  yes
  Max grad  8.1384E-03 Target: 4.5000E-03 converged?   no component    89
  RMS grad  1.8784E-03 Target: 3.0000E-03 converged?  yes
 Predicted step length 2.7597E-02
 Trust radius          1.7794E-02
 Energy calculation finished, energy: -1.784884032E+03
 QM energy (a.u.):   -1855.71793647700     
 XREF energy (a.u.):    70.8328958100479     
 R(factor) =   0.262003000000000         R(free) =   0.233190000000000     
 Rejecting step, energy  6.973E-04 higher
 Energy calculation finished, energy: -1.784885041E+03
 QM energy (a.u.):   -1855.71778647085     
 XREF energy (a.u.):    70.8331763183575     
 R(factor) =   0.262000000000000         R(free) =   0.233198000000000     
Testing convergence  in cycle   11
    Energy  3.1132E-04 Target: 1.0000E-05 converged?   no
  Max step  3.4052E-03 Target: 1.8000E-02 converged?  yes component    89
  RMS step  7.9260E-04 Target: 1.2000E-02 converged?  yes
  Max grad  5.4507E-03 Target: 4.5000E-03 converged?   no component    89
  RMS grad  1.4812E-03 Target: 3.0000E-03 converged?  yes
 Predicted step length 2.2011E-02
 Trust radius          1.7794E-02
 Energy calculation finished, energy: -1.784884610E+03
 QM energy (a.u.):   -1855.71799513885     
 XREF energy (a.u.):    70.8325688018088     
 R(factor) =   0.262009000000000         R(free) =   0.233183000000000     
 Rejecting step, energy  4.305E-04 higher
 Energy calculation finished, energy: -1.784885426E+03
 QM energy (a.u.):   -1855.71794093472     
 XREF energy (a.u.):    70.8328662699922     
 R(factor) =   0.262004000000000         R(free) =   0.233190000000000     
Testing convergence  in cycle   13
    Energy  3.8567E-04 Target: 1.0000E-05 converged?   no
  Max step  3.2107E-03 Target: 1.8000E-02 converged?  yes component    89
  RMS step  7.9260E-04 Target: 1.2000E-02 converged?  yes
  Max grad  3.2874E-03 Target: 4.5000E-03 converged?  yes component   119
  RMS grad  9.6537E-04 Target: 3.0000E-03 converged?  yes
 Predicted step length 1.6806E-02
 Trust radius          1.7794E-02
 Energy calculation finished, energy: -1.784885075E+03
 QM energy (a.u.):   -1855.71803838192     
 XREF energy (a.u.):    70.8325182597124     
 R(factor) =   0.262024000000000         R(free) =   0.233178000000000     
 Rejecting step, energy  3.517E-04 higher
 Energy calculation finished, energy: -1.784885520E+03
 QM energy (a.u.):   -1855.71802054745     
 XREF energy (a.u.):    70.8326961235884     
 R(factor) =   0.262014000000000         R(free) =   0.233184000000000     
Testing convergence  in cycle   15
    Energy  9.3780E-05 Target: 1.0000E-05 converged?   no
  Max step  2.8077E-03 Target: 1.8000E-02 converged?  yes component    89
  RMS step  7.4860E-04 Target: 1.2000E-02 converged?  yes
  Max grad  3.9587E-03 Target: 4.5000E-03 converged?  yes component   112
  RMS grad  8.4073E-04 Target: 3.0000E-03 converged?  yes
 Predicted step length 1.8948E-02
 Trust radius          1.6806E-02
 Energy calculation finished, energy: -1.784885324E+03
 QM energy (a.u.):   -1855.71805049867     
 XREF energy (a.u.):    70.8325411513325     
 R(factor) =   0.262045000000000         R(free) =   0.233175000000000     
 Rejecting step, energy  1.957E-04 higher
 Energy calculation finished, energy: -1.784885509E+03
 QM energy (a.u.):   -1855.71805880373     
 XREF energy (a.u.):    70.8326273980866     
 R(factor) =   0.262029000000000         R(free) =   0.233180000000000     
 Rejecting step, energy  1.077E-05 higher
 Energy calculation finished, energy: -1.784885431E+03
 QM energy (a.u.):   -1855.71804545680     
 XREF energy (a.u.):    70.8326462594583     
 R(factor) =   0.262022000000000         R(free) =   0.233182000000000     
 Rejecting step, energy  8.871E-05 higher
 Energy calculation finished, energy: -1.784885399E+03
 QM energy (a.u.):   -1855.71803444303     
 XREF energy (a.u.):    70.8326671887670     
 R(factor) =   0.262018000000000         R(free) =   0.233183000000000     
 Rejecting step, energy  1.209E-04 higher
 Energy calculation finished, energy: -1.784885367E+03
 QM energy (a.u.):   -1855.71802785418     
 XREF energy (a.u.):    70.8326819184098     
 R(factor) =   0.262016000000000         R(free) =   0.233183000000000     
 Rejecting step, energy  1.529E-04 higher
 Energy calculation finished, energy: -1.784885346E+03
 QM energy (a.u.):   -1855.71802429064     
 XREF energy (a.u.):    70.8326896932787     
 R(factor) =   0.262015000000000         R(free) =   0.233184000000000     
 Rejecting step, energy  1.742E-04 higher
 Energy calculation finished, energy: -1.784885335E+03
 QM energy (a.u.):   -1855.71802244111     
 XREF energy (a.u.):    70.8326930607079     
 R(factor) =   0.262015000000000         R(free) =   0.233184000000000     
 Rejecting step, energy  1.855E-04 higher
 Energy calculation finished, energy: -1.784885329E+03
 QM energy (a.u.):   -1855.71802149983     
 XREF energy (a.u.):    70.8326947739726     
 R(factor) =   0.262015000000000         R(free) =   0.233184000000000     
 Rejecting step, energy  1.907E-04 higher
 Energy calculation finished, energy: -1.784885327E+03
 QM energy (a.u.):   -1855.71802102470     
 XREF energy (a.u.):    70.8326952566860     
 R(factor) =   0.262014000000000         R(free) =   0.233184000000000     
 Rejecting step, energy  1.934E-04 higher
 Energy calculation finished, energy: -1.784885326E+03
 QM energy (a.u.):   -1855.71802078550     
 XREF energy (a.u.):    70.8326956901157     
 R(factor) =   0.262014000000000         R(free) =   0.233184000000000     
 Rejecting step, energy  1.943E-04 higher
 Energy calculation finished, energy: -1.784885325E+03
 QM energy (a.u.):   -1855.71802066649     
 XREF energy (a.u.):    70.8326959073843     
 R(factor) =   0.262014000000000         R(free) =   0.233184000000000     
 Rejecting step, energy  1.950E-04 higher
 Energy calculation finished, energy: -1.784885325E+03
 QM energy (a.u.):   -1855.71802060663     
 XREF energy (a.u.):    70.8326960152521     
 R(factor) =   0.262014000000000         R(free) =   0.233184000000000     
 Rejecting step, energy  1.954E-04 higher
 Energy calculation finished, energy: -1.784885325E+03
 QM energy (a.u.):   -1855.71802057750     
 XREF energy (a.u.):    70.8326960691939     
 R(factor) =   0.262014000000000         R(free) =   0.233184000000000     
 Rejecting step, energy  1.955E-04 higher
 Energy calculation finished, energy: -1.784885325E+03
 QM energy (a.u.):   -1855.71802056210     
 XREF energy (a.u.):    70.8326960948047     
 R(factor) =   0.262014000000000         R(free) =   0.233184000000000     
 Rejecting step, energy  1.956E-04 higher
 Energy calculation finished, energy: -1.784885324E+03
 QM energy (a.u.):   -1855.71802055556     
 XREF energy (a.u.):    70.8326961104475     
 R(factor) =   0.262014000000000         R(free) =   0.233184000000000     
 Rejecting step, energy  1.957E-04 higher
 Energy calculation finished, energy: -1.784885324E+03
 QM energy (a.u.):   -1855.71802055097     
 XREF energy (a.u.):    70.8326961158004     
 R(factor) =   0.262014000000000         R(free) =   0.233184000000000     
 Rejecting step, energy  1.957E-04 higher
 Energy calculation finished, energy: -1.784885324E+03
 QM energy (a.u.):   -1855.71802054906     
 XREF energy (a.u.):    70.8326961195916     
 R(factor) =   0.262014000000000         R(free) =   0.233184000000000     
 Rejecting step, energy  1.957E-04 higher
 Energy calculation finished, energy: -1.784885324E+03
 QM energy (a.u.):   -1855.71802054800     
 XREF energy (a.u.):    70.8326961217956     
 R(factor) =   0.262014000000000         R(free) =   0.233184000000000     
 Rejecting step, energy  1.957E-04 higher
 Step too small, restarting optimiser.
Testing convergence  in cycle   33
    Energy  1.9569E-04 Target: 1.0000E-05 converged?   no
  Max step  2.2047E-08 Target: 1.8000E-02 converged?  yes component   120
  RMS step  5.7114E-09 Target: 1.2000E-02 converged?  yes
  Max grad  3.6195E-03 Target: 4.5000E-03 converged?  yes component   120
  RMS grad  9.4743E-04 Target: 3.0000E-03 converged?  yes
 Predicted step length 2.0000E-02
 Trust radius          3.0000E-02
 Energy calculation finished, energy: -1.784885324E+03
 QM energy (a.u.):   -1855.71778680488     
 XREF energy (a.u.):    70.8321969837164     
 R(factor) =   0.262037000000000         R(free) =   0.233171000000000     
 Rejecting step, energy  0.000E+00 higher
 Energy calculation finished, energy: -1.784885590E+03
 QM energy (a.u.):   -1855.71796770496     
 XREF energy (a.u.):    70.8324400667762     
 R(factor) =   0.262025000000000         R(free) =   0.233177000000000     
Testing convergence  in cycle   35
    Energy  2.6539E-04 Target: 1.0000E-05 converged?   no
  Max step  3.4034E-03 Target: 1.8000E-02 converged?  yes component   120
  RMS step  8.9087E-04 Target: 1.2000E-02 converged?  yes
  Max grad  9.4965E-03 Target: 4.5000E-03 converged?   no component   112
  RMS grad  1.6410E-03 Target: 3.0000E-03 converged?  yes
 Predicted step length 3.5227E-03
 Trust radius          2.0000E-02
 Energy calculation finished, energy: -1.784885528E+03
 QM energy (a.u.):   -1855.71806328540     
 XREF energy (a.u.):    70.8325777619612     
 R(factor) =   0.262034000000000         R(free) =   0.233178000000000     
 Rejecting step, energy  6.218E-05 higher
 Energy calculation finished, energy: -1.784885486E+03
 QM energy (a.u.):   -1855.71801985696     
 XREF energy (a.u.):    70.8325158323862     
 R(factor) =   0.262029000000000         R(free) =   0.233178000000000     
 Rejecting step, energy  1.043E-04 higher
 Energy calculation finished, energy: -1.784885504E+03
 QM energy (a.u.):   -1855.71799486961     
 XREF energy (a.u.):    70.8324817152708     
 R(factor) =   0.262027000000000         R(free) =   0.233178000000000     
 Rejecting step, energy  8.580E-05 higher
 Energy calculation finished, energy: -1.784885513E+03
 QM energy (a.u.):   -1855.71798155887     
 XREF energy (a.u.):    70.8324586499575     
 R(factor) =   0.262026000000000         R(free) =   0.233177000000000     
 Rejecting step, energy  7.667E-05 higher
 Energy calculation finished, energy: -1.784885523E+03
 QM energy (a.u.):   -1855.71797469960     
 XREF energy (a.u.):    70.8324482475326     
 R(factor) =   0.262025000000000         R(free) =   0.233177000000000     
 Rejecting step, energy  6.691E-05 higher
 Energy calculation finished, energy: -1.784885526E+03
 QM energy (a.u.):   -1855.71797121957     
 XREF energy (a.u.):    70.8324441729199     
 R(factor) =   0.262025000000000         R(free) =   0.233177000000000     
 Rejecting step, energy  6.337E-05 higher
 Energy calculation finished, energy: -1.784885527E+03
 QM energy (a.u.):   -1855.71796946591     
 XREF energy (a.u.):    70.8324420466252     
 R(factor) =   0.262025000000000         R(free) =   0.233177000000000     
 Rejecting step, energy  6.277E-05 higher
 Energy calculation finished, energy: -1.784885527E+03
 QM energy (a.u.):   -1855.71796858638     
 XREF energy (a.u.):    70.8324410441949     
 R(factor) =   0.262025000000000         R(free) =   0.233177000000000     
 Rejecting step, energy  6.240E-05 higher
 Energy calculation finished, energy: -1.784885528E+03
 QM energy (a.u.):   -1855.71796814562     
 XREF energy (a.u.):    70.8324405556298     
 R(factor) =   0.262025000000000         R(free) =   0.233177000000000     
 Rejecting step, energy  6.228E-05 higher
 Energy calculation finished, energy: -1.784885528E+03
 QM energy (a.u.):   -1855.71796792519     
 XREF energy (a.u.):    70.8324403114978     
 R(factor) =   0.262025000000000         R(free) =   0.233177000000000     
 Rejecting step, energy  6.223E-05 higher
 Energy calculation finished, energy: -1.784885528E+03
 QM energy (a.u.):   -1855.71796781558     
 XREF energy (a.u.):    70.8324401887251     
 R(factor) =   0.262025000000000         R(free) =   0.233177000000000     
 Rejecting step, energy  6.221E-05 higher
 Energy calculation finished, energy: -1.784885528E+03
 QM energy (a.u.):   -1855.71796775927     
 XREF energy (a.u.):    70.8324401278064     
 R(factor) =   0.262025000000000         R(free) =   0.233177000000000     
 Rejecting step, energy  6.219E-05 higher
 Energy calculation finished, energy: -1.784885528E+03
 QM energy (a.u.):   -1855.71796773180     
 XREF energy (a.u.):    70.8324400974531     
 R(factor) =   0.262025000000000         R(free) =   0.233177000000000     
 Rejecting step, energy  6.219E-05 higher
 Energy calculation finished, energy: -1.784885528E+03
 QM energy (a.u.):   -1855.71796771796     
 XREF energy (a.u.):    70.8324400815155     
 R(factor) =   0.262025000000000         R(free) =   0.233177000000000     
 Rejecting step, energy  6.219E-05 higher
 Energy calculation finished, energy: -1.784885528E+03
 QM energy (a.u.):   -1855.71796771168     
 XREF energy (a.u.):    70.8324400740941     
 R(factor) =   0.262025000000000         R(free) =   0.233177000000000     
 Rejecting step, energy  6.218E-05 higher
 Energy calculation finished, energy: -1.784885528E+03
 QM energy (a.u.):   -1855.71796770843     
 XREF energy (a.u.):    70.8324400695188     
 R(factor) =   0.262025000000000         R(free) =   0.233177000000000     
 Rejecting step, energy  6.218E-05 higher
 Step too small, restarting optimiser.
Testing convergence  in cycle   51
    Energy  6.2180E-05 Target: 1.0000E-05 converged?   no
  Max step  2.2046E-08 Target: 1.8000E-02 converged?  yes component   112
  RMS step  4.7886E-09 Target: 1.2000E-02 converged?  yes
  Max grad  3.6244E-03 Target: 4.5000E-03 converged?  yes component   112
  RMS grad  8.3578E-04 Target: 3.0000E-03 converged?  yes
 Predicted step length 2.0000E-02
 Trust radius          3.0000E-02
 Energy calculation finished, energy: -1.784885528E+03
 QM energy (a.u.):   -1855.71806539838     
 XREF energy (a.u.):    70.8330779028451     
 R(factor) =   0.262074000000000         R(free) =   0.233181000000000     
 Rejecting step, energy  0.000E+00 higher
 Energy calculation finished, energy: -1.784884988E+03
 QM energy (a.u.):   -1855.71814487466     
 XREF energy (a.u.):    70.8327635661794     
 R(factor) =   0.262050000000000         R(free) =   0.233179000000000     
 Rejecting step, energy  5.401E-04 higher
 Energy calculation finished, energy: -1.784885381E+03
 QM energy (a.u.):   -1855.71808803323     
 XREF energy (a.u.):    70.8326084359688     
 R(factor) =   0.262037000000000         R(free) =   0.233178000000000     
 Rejecting step, energy  1.463E-04 higher
 Energy calculation finished, energy: -1.784885480E+03
 QM energy (a.u.):   -1855.71803576402     
 XREF energy (a.u.):    70.8325319741792     
 R(factor) =   0.262031000000000         R(free) =   0.233178000000000     
 Rejecting step, energy  4.804E-05 higher
 Energy calculation finished, energy: -1.784885504E+03
 QM energy (a.u.):   -1855.71800370363     
 XREF energy (a.u.):    70.8324920730462     
 R(factor) =   0.262028000000000         R(free) =   0.233178000000000     
 Rejecting step, energy  2.385E-05 higher
 Energy calculation finished, energy: -1.784885512E+03
 QM energy (a.u.):   -1855.71798619666     
 XREF energy (a.u.):    70.8324697628297     
 R(factor) =   0.262026000000000         R(free) =   0.233178000000000     
 Rejecting step, energy  1.601E-05 higher
 Energy calculation finished, energy: -1.784885516E+03
 QM energy (a.u.):   -1855.71797707375     
 XREF energy (a.u.):    70.8324504220704     
 R(factor) =   0.262026000000000         R(free) =   0.233177000000000     
 Rejecting step, energy  1.121E-05 higher
 Energy calculation finished, energy: -1.784885527E+03
 QM energy (a.u.):   -1855.71797242092     
 XREF energy (a.u.):    70.8324453916531     
 R(factor) =   0.262025000000000         R(free) =   0.233177000000000     
 Rejecting step, energy  9.900E-07 higher
 Energy calculation finished, energy: -1.784885527E+03
 QM energy (a.u.):   -1855.71797007129     
 XREF energy (a.u.):    70.8324426509608     
 R(factor) =   0.262025000000000         R(free) =   0.233177000000000     
 Rejecting step, energy  6.100E-07 higher
 Energy calculation finished, energy: -1.784885527E+03
 QM energy (a.u.):   -1855.71796889071     
 XREF energy (a.u.):    70.8324413272363     
 R(factor) =   0.262025000000000         R(free) =   0.233177000000000     
 Rejecting step, energy  2.200E-07 higher
 Energy calculation finished, energy: -1.784885528E+03
 QM energy (a.u.):   -1855.71796829898     
 XREF energy (a.u.):    70.8324406990333     
 R(factor) =   0.262025000000000         R(free) =   0.233177000000000     
 Rejecting step, energy  8.000E-08 higher
 Energy calculation finished, energy: -1.784885528E+03
 QM energy (a.u.):   -1855.71796800313     
 XREF energy (a.u.):    70.8324403831685     
 R(factor) =   0.262025000000000         R(free) =   0.233177000000000     
 Rejecting step, energy  4.000E-08 higher
 Energy calculation finished, energy: -1.784885528E+03
 QM energy (a.u.):   -1855.71796785465     
 XREF energy (a.u.):    70.8324402240680     
 R(factor) =   0.262025000000000         R(free) =   0.233177000000000     
 Rejecting step, energy  2.000E-08 higher
 Energy calculation finished, energy: -1.784885528E+03
 QM energy (a.u.):   -1855.71796778051     
 XREF energy (a.u.):    70.8324401469010     
 R(factor) =   0.262025000000000         R(free) =   0.233177000000000     
 Rejecting step, energy  1.000E-08 higher
 Energy calculation finished, energy: -1.784885528E+03
 QM energy (a.u.):   -1855.71796774398     
 XREF energy (a.u.):    70.8324401089414     
 R(factor) =   0.262025000000000         R(free) =   0.233177000000000     
 Rejecting step, energy  1.000E-08 higher
 Energy calculation finished, energy: -1.784885528E+03
 QM energy (a.u.):   -1855.71796772563     
 XREF energy (a.u.):    70.8324400896030     
 R(factor) =   0.262025000000000         R(free) =   0.233177000000000     
 Rejecting step, energy  0.000E+00 higher
 Energy calculation finished, energy: -1.784885528E+03
 QM energy (a.u.):   -1855.71796771520     
 XREF energy (a.u.):    70.8324400783681     
 R(factor) =   0.262025000000000         R(free) =   0.233177000000000     
 Rejecting step, energy  0.000E+00 higher
 Energy calculation finished, energy: -1.784885528E+03
 QM energy (a.u.):   -1855.71796771162     
 XREF energy (a.u.):    70.8324400732415     
 R(factor) =   0.262025000000000         R(free) =   0.233177000000000     
 Rejecting step, energy  0.000E+00 higher
 Step too small, restarting optimiser.
Testing convergence  in cycle   69
    Energy  0.0000E+00 Target: 1.0000E-05 converged?  yes
  Max step  2.9475E-08 Target: 1.8000E-02 converged?  yes component   112
  RMS step  6.7968E-09 Target: 1.2000E-02 converged?  yes
  Max grad  3.6242E-03 Target: 4.5000E-03 converged?  yes component   112
  RMS grad  8.3577E-04 Target: 3.0000E-03 converged?  yes
Convergence reached

 Optimisation converged
 ----------------------
 Final converged energy:   -1784.885527640000


DL-FIND Report:
===============
Optimisation algorithm: L-BFGS
Number of steps in L-BFGS memory ...............        100
 
Trust radius based on energy
Maximum step length ............................  3.000E-02
 
Coordinate system: Cartesian coordinates
 
Number of atoms ................................       2619
Number of input geometries .....................          1
Variables to be optimised ......................        126
No restart information is written
This run has not been restarted.
Number of energy evaluations on this processor .         69
Number of steps ................................         69
Number of accepted steps / line searches .......         12
 

Timing report
=============
Module                                      CPU time            Wall clock time
Total .................................     7.268 (100.00%)********** (******%) seconds
Energy and Gradient ...................     0.316 (  4.35%)     2.365 (100.00%) seconds
Step direction ........................     0.213 (  2.93%)     0.433 ( 18.31%) seconds
Coordinate transformation .............     0.019 (  0.26%)     0.019 (  0.82%) seconds
Checkpoint file I/O ...................     0.000 (  0.00%)     0.000 (  0.00%) seconds
XYZ-file I/O ..........................     0.000 (  0.00%)     0.000 (  0.00%) seconds
Maximum memory usage ........................... 5.1879E+03 kB
Thu May  2 00:52:21 CST 2019
