This job is running on host node35
Current directory: /home/chem-zhonglh/yanzy/QR_APP/5HLS/QRs/ANIONIOMMM_R1
Wed Nov  9 05:49:57 CST 2022
 using Gaussian + CNS
 QM energy (a.u.):   -1542.21047242465     
 XREF energy (a.u.):    71.0490126716164     
 R(factor) =   0.251586000000000         R(free) =   0.240322000000000     
 External sizes:        7857           1        5238

***********************************************************************
**                                                                   **
**                       ---------------------                       **
**                              DL-FIND                              **
**                       Geometry Optimisation                       **
**                       ---------------------                       **
**                                                                   **
**                 J. Kaestner, J.M. Carr, T.W. Keal,                **
**                W. Thiel, A. Wander and P. Sherwood                **
**                                                                   **
**              J. Phys. Chem. A, 2009, 113 (43), 11856.             **
**                                                                   **
**   Please include this reference in published work using DL-FIND.  **
**                                                                   **
**               Copyright:  STFC Daresbury Laboratory               **
**                           Revision: Unversioned directory         **
**                                                                   **
***********************************************************************


DL-FIND Report:
===============
Optimisation algorithm: L-BFGS
Number of steps in L-BFGS memory ...............        100
 
Trust radius based on energy
Maximum step length ............................  5.000E-02
 
Coordinate system: Cartesian coordinates
 
Number of atoms ................................       2619
Number of input geometries .....................          1
Variables to be optimised ......................        126
No restart information is written
This run has not been restarted.
Maximum number of steps ........................       5000
Maximum number of energy evaluations ...........      10000
 
 Energy calculation finished, energy: -1.471161460E+03
 QM energy (a.u.):   -1542.21047242465     
 XREF energy (a.u.):    71.0165076991273     
 R(factor) =   0.251165000000000         R(free) =   0.240024000000000     
Testing convergence  in cycle    1
  Max grad  3.7713E-02 Target: 4.5000E-03 converged?   no component    57
  RMS grad  1.3275E-02 Target: 3.0000E-03 converged?   no
 Predicted step length 2.0000E-02
 Trust radius          5.0000E-02
 Energy calculation finished, energy: -1.471193965E+03
 QM energy (a.u.):   -1542.21312040433     
 XREF energy (a.u.):    70.9956567055331     
 R(factor) =   0.251621000000000         R(free) =   0.239451000000000     
Testing convergence  in cycle    2
    Energy  3.2505E-02 Target: 1.0000E-05 converged?   no
  Max step  5.0617E-03 Target: 1.8000E-02 converged?  yes component    57
  RMS step  1.7817E-03 Target: 1.2000E-02 converged?  yes
  Max grad  3.8080E-02 Target: 4.5000E-03 converged?   no component    57
  RMS grad  1.3254E-02 Target: 3.0000E-03 converged?   no
 Predicted step length 2.3042E+01
 Trust radius          5.0000E-02
 Energy calculation finished, energy: -1.471217464E+03
 QM energy (a.u.):   -1542.21496890021     
 XREF energy (a.u.):    70.9713167276117     
 R(factor) =   0.251944000000000         R(free) =   0.238968000000000     
Testing convergence  in cycle    3
    Energy  2.3499E-02 Target: 1.0000E-05 converged?   no
  Max step  1.3059E-02 Target: 1.8000E-02 converged?  yes component    57
  RMS step  4.4544E-03 Target: 1.2000E-02 converged?  yes
  Max grad  2.8423E-02 Target: 4.5000E-03 converged?   no component    90
  RMS grad  1.0513E-02 Target: 3.0000E-03 converged?   no
 Predicted step length 2.4736E-01
 Trust radius          5.0000E-02
 Energy calculation finished, energy: -1.471243652E+03
 QM energy (a.u.):   -1542.21305898448     
 XREF energy (a.u.):    70.9499800342912     
 R(factor) =   0.252392000000000         R(free) =   0.238501000000000     
Testing convergence  in cycle    4
    Energy  2.6188E-02 Target: 1.0000E-05 converged?   no
  Max step  1.4012E-02 Target: 1.8000E-02 converged?  yes component    90
  RMS step  4.4544E-03 Target: 1.2000E-02 converged?  yes
  Max grad  2.3924E-02 Target: 4.5000E-03 converged?   no component    16
  RMS grad  6.3291E-03 Target: 3.0000E-03 converged?   no
 Predicted step length 1.1141E-01
 Trust radius          5.0000E-02
 Energy calculation finished, energy: -1.471263079E+03
 QM energy (a.u.):   -1542.21163548009     
 XREF energy (a.u.):    70.9307213792680     
 R(factor) =   0.252910000000000         R(free) =   0.238055000000000     
Testing convergence  in cycle    5
    Energy  1.9427E-02 Target: 1.0000E-05 converged?   no
  Max step  1.6056E-02 Target: 1.8000E-02 converged?  yes component    90
  RMS step  4.4544E-03 Target: 1.2000E-02 converged?  yes
  Max grad  2.1409E-02 Target: 4.5000E-03 converged?   no component    16
  RMS grad  7.2025E-03 Target: 3.0000E-03 converged?   no
 Predicted step length 1.5539E-01
 Trust radius          5.0000E-02
 Energy calculation finished, energy: -1.471280914E+03
 QM energy (a.u.):   -1542.21079295682     
 XREF energy (a.u.):    70.9135699311893     
 R(factor) =   0.253496000000000         R(free) =   0.237632000000000     
Testing convergence  in cycle    6
    Energy  1.7835E-02 Target: 1.0000E-05 converged?   no
  Max step  1.6911E-02 Target: 1.8000E-02 converged?  yes component    90
  RMS step  4.4544E-03 Target: 1.2000E-02 converged?  yes
  Max grad  2.2198E-02 Target: 4.5000E-03 converged?   no component    33
  RMS grad  7.8392E-03 Target: 3.0000E-03 converged?   no
 Predicted step length 1.8755E-01
 Trust radius          5.0000E-02
 Energy calculation finished, energy: -1.471297223E+03
 QM energy (a.u.):   -1542.21079866838     
 XREF energy (a.u.):    70.8992083715564     
 R(factor) =   0.254180000000000         R(free) =   0.237381000000000     
Testing convergence  in cycle    7
    Energy  1.6309E-02 Target: 1.0000E-05 converged?   no
  Max step  1.8943E-02 Target: 1.8000E-02 converged?   no component    90
  RMS step  4.4544E-03 Target: 1.2000E-02 converged?  yes
  Max grad  2.3164E-02 Target: 4.5000E-03 converged?   no component    33
  RMS grad  7.8993E-03 Target: 3.0000E-03 converged?   no
 Predicted step length 2.9089E-01
 Trust radius          5.0000E-02
 Energy calculation finished, energy: -1.471311590E+03
 QM energy (a.u.):   -1542.21104018703     
 XREF energy (a.u.):    70.8867115560369     
 R(factor) =   0.254869000000000         R(free) =   0.236987000000000     
Testing convergence  in cycle    8
    Energy  1.4367E-02 Target: 1.0000E-05 converged?   no
  Max step  1.9763E-02 Target: 1.8000E-02 converged?   no component    90
  RMS step  4.4544E-03 Target: 1.2000E-02 converged?  yes
  Max grad  2.1832E-02 Target: 4.5000E-03 converged?   no component    97
  RMS grad  7.2068E-03 Target: 3.0000E-03 converged?   no
 Predicted step length 2.4740E-01
 Trust radius          5.0000E-02
 Energy calculation finished, energy: -1.471324329E+03
 QM energy (a.u.):   -1542.21154476829     
 XREF energy (a.u.):    70.8747260562981     
 R(factor) =   0.255489000000000         R(free) =   0.236617000000000     
Testing convergence  in cycle    9
    Energy  1.2738E-02 Target: 1.0000E-05 converged?   no
  Max step  2.0693E-02 Target: 1.8000E-02 converged?   no component    90
  RMS step  4.4544E-03 Target: 1.2000E-02 converged?  yes
  Max grad  2.0895E-02 Target: 4.5000E-03 converged?   no component    97
  RMS grad  6.2177E-03 Target: 3.0000E-03 converged?   no
 Predicted step length 2.7428E-01
 Trust radius          5.0000E-02
 Energy calculation finished, energy: -1.471336819E+03
 QM energy (a.u.):   -1542.21160271238     
 XREF energy (a.u.):    70.8425521462595     
 R(factor) =   0.257713000000000         R(free) =   0.235166000000000     
Testing convergence  in cycle   10
    Energy  1.2490E-02 Target: 1.0000E-05 converged?   no
  Max step  1.9902E-02 Target: 1.8000E-02 converged?   no component    90
  RMS step  4.4544E-03 Target: 1.2000E-02 converged?  yes
  Max grad  1.5506E-02 Target: 4.5000E-03 converged?   no component    33
  RMS grad  5.1339E-03 Target: 3.0000E-03 converged?   no
 Predicted step length 1.4029E-01
 Trust radius          5.0000E-02
 Energy calculation finished, energy: -1.471369051E+03
 QM energy (a.u.):   -1542.21155984067     
 XREF energy (a.u.):    70.8310748329374     
 R(factor) =   0.259316000000000         R(free) =   0.234348000000000     
Testing convergence  in cycle   11
    Energy  3.2232E-02 Target: 1.0000E-05 converged?   no
  Max step  1.6737E-02 Target: 1.8000E-02 converged?  yes component    90
  RMS step  4.4544E-03 Target: 1.2000E-02 converged?  yes
  Max grad  1.6229E-02 Target: 4.5000E-03 converged?   no component    73
  RMS grad  4.8476E-03 Target: 3.0000E-03 converged?   no
 Predicted step length 1.9772E-01
 Trust radius          5.0000E-02
 Energy calculation finished, energy: -1.471380485E+03
 QM energy (a.u.):   -1542.21125589573     
 XREF energy (a.u.):    70.8280932303835     
 R(factor) =   0.259833000000000         R(free) =   0.234056000000000     
Testing convergence  in cycle   12
    Energy  1.1434E-02 Target: 1.0000E-05 converged?   no
  Max step  1.4204E-02 Target: 1.8000E-02 converged?  yes component    68
  RMS step  4.4544E-03 Target: 1.2000E-02 converged?  yes
  Max grad  1.4985E-02 Target: 4.5000E-03 converged?   no component    73
  RMS grad  4.5170E-03 Target: 3.0000E-03 converged?   no
 Predicted step length 1.1533E-01
 Trust radius          5.0000E-02
 Energy calculation finished, energy: -1.471383163E+03
 QM energy (a.u.):   -1542.21155976515     
 XREF energy (a.u.):    70.8281138295248     
 R(factor) =   0.260335000000000         R(free) =   0.234032000000000     
Testing convergence  in cycle   13
    Energy  2.6777E-03 Target: 1.0000E-05 converged?   no
  Max step  1.2900E-02 Target: 1.8000E-02 converged?  yes component    68
  RMS step  4.4544E-03 Target: 1.2000E-02 converged?  yes
  Max grad  1.7915E-02 Target: 4.5000E-03 converged?   no component    34
  RMS grad  4.3942E-03 Target: 3.0000E-03 converged?   no
 Predicted step length 1.2261E-01
 Trust radius          5.0000E-02
 Energy calculation finished, energy: -1.471383446E+03
 QM energy (a.u.):   -1542.21209382160     
 XREF energy (a.u.):    70.8290563336104     
 R(factor) =   0.260672000000000         R(free) =   0.233810000000000     
Testing convergence  in cycle   14
    Energy  2.8327E-04 Target: 1.0000E-05 converged?   no
  Max step  1.1488E-02 Target: 1.8000E-02 converged?  yes component   125
  RMS step  4.4544E-03 Target: 1.2000E-02 converged?  yes
  Max grad  1.2512E-02 Target: 4.5000E-03 converged?   no component    88
  RMS grad  4.2357E-03 Target: 3.0000E-03 converged?   no
 Predicted step length 6.6905E-02
 Trust radius          5.0000E-02
 Energy calculation finished, energy: -1.471383037E+03
 QM energy (a.u.):   -1542.21246844396     
 XREF energy (a.u.):    70.8303685890115     
 R(factor) =   0.260987000000000         R(free) =   0.233700000000000     
 Rejecting step, energy  4.084E-04 higher
 Energy calculation finished, energy: -1.471382100E+03
 QM energy (a.u.):   -1542.21257636918     
 XREF energy (a.u.):    70.8313403376543     
 R(factor) =   0.261309000000000         R(free) =   0.233581000000000     
 Rejecting step, energy  1.346E-03 higher
 Energy calculation finished, energy: -1.471381236E+03
 QM energy (a.u.):   -1542.21240830252     
 XREF energy (a.u.):    70.8325605244164     
 R(factor) =   0.261567000000000         R(free) =   0.233496000000000     
 Rejecting step, energy  2.210E-03 higher
 Energy calculation finished, energy: -1.471379848E+03
 QM energy (a.u.):   -1542.21226936587     
 XREF energy (a.u.):    70.8329976771077     
 R(factor) =   0.261780000000000         R(free) =   0.233415000000000     
 Rejecting step, energy  3.598E-03 higher
 Energy calculation finished, energy: -1.471379272E+03
 QM energy (a.u.):   -1542.21218616154     
 XREF energy (a.u.):    70.8354884690921     
 R(factor) =   0.262008000000000         R(free) =   0.233370000000000     
 Rejecting step, energy  4.174E-03 higher
 Energy calculation finished, energy: -1.471376698E+03
 QM energy (a.u.):   -1542.21214113189     
 XREF energy (a.u.):    70.8388359345853     
 R(factor) =   0.262278000000000         R(free) =   0.233328000000000     
 Rejecting step, energy  6.748E-03 higher
 Energy calculation finished, energy: -1.471373305E+03
 QM energy (a.u.):   -1542.21211776238     
 XREF energy (a.u.):    70.8395865796388     
 R(factor) =   0.262316000000000         R(free) =   0.233329000000000     
 Rejecting step, energy  1.014E-02 higher
 Energy calculation finished, energy: -1.471372531E+03
 QM energy (a.u.):   -1542.21210586238     
 XREF energy (a.u.):    70.8395768876404     
 R(factor) =   0.262316000000000         R(free) =   0.233329000000000     
 Rejecting step, energy  1.091E-02 higher
 Energy calculation finished, energy: -1.471372529E+03
 QM energy (a.u.):   -1542.21209986090     
 XREF energy (a.u.):    70.8395719323646     
 R(factor) =   0.262316000000000         R(free) =   0.233329000000000     
 Rejecting step, energy  1.092E-02 higher
 Energy calculation finished, energy: -1.471372528E+03
 QM energy (a.u.):   -1542.21209684635     
 XREF energy (a.u.):    70.8395694283032     
 R(factor) =   0.262316000000000         R(free) =   0.233329000000000     
 Rejecting step, energy  1.092E-02 higher
 Energy calculation finished, energy: -1.471372527E+03
 QM energy (a.u.):   -1542.21209533504     
 XREF energy (a.u.):    70.8395681704885     
 R(factor) =   0.262316000000000         R(free) =   0.233329000000000     
 Rejecting step, energy  1.092E-02 higher
 Energy calculation finished, energy: -1.471372527E+03
 QM energy (a.u.):   -1542.21209457953     
 XREF energy (a.u.):    70.8395675386537     
 R(factor) =   0.262316000000000         R(free) =   0.233329000000000     
 Rejecting step, energy  1.092E-02 higher
 Energy calculation finished, energy: -1.471372527E+03
 QM energy (a.u.):   -1542.21209420148     
 XREF energy (a.u.):    70.8395672215650     
 R(factor) =   0.262316000000000         R(free) =   0.233329000000000     
 Rejecting step, energy  1.092E-02 higher
 Energy calculation finished, energy: -1.471372527E+03
 QM energy (a.u.):   -1542.21209401051     
 XREF energy (a.u.):    70.8395670652852     
 R(factor) =   0.262316000000000         R(free) =   0.233329000000000     
 Rejecting step, energy  1.092E-02 higher
 Energy calculation finished, energy: -1.471372527E+03
 QM energy (a.u.):   -1542.21209391647     
 XREF energy (a.u.):    70.8395669867270     
 R(factor) =   0.262316000000000         R(free) =   0.233329000000000     
 Rejecting step, energy  1.092E-02 higher
 Energy calculation finished, energy: -1.471372527E+03
 QM energy (a.u.):   -1542.21209387026     
 XREF energy (a.u.):    70.8395669488136     
 R(factor) =   0.262316000000000         R(free) =   0.233329000000000     
 Rejecting step, energy  1.092E-02 higher
 Energy calculation finished, energy: -1.471372527E+03
 QM energy (a.u.):   -1542.21209384545     
 XREF energy (a.u.):    70.8395669266338     
 R(factor) =   0.262316000000000         R(free) =   0.233329000000000     
 Rejecting step, energy  1.092E-02 higher
 Energy calculation finished, energy: -1.471372527E+03
 QM energy (a.u.):   -1542.21209383407     
 XREF energy (a.u.):    70.8395669161495     
 R(factor) =   0.262316000000000         R(free) =   0.233329000000000     
 Rejecting step, energy  1.092E-02 higher
 Energy calculation finished, energy: -1.471372527E+03
 QM energy (a.u.):   -1542.21209382778     
 XREF energy (a.u.):    70.8395669117782     
 R(factor) =   0.262316000000000         R(free) =   0.233329000000000     
 Rejecting step, energy  1.092E-02 higher
 Step too small, restarting optimiser.
Testing convergence  in cycle   33
    Energy  1.0919E-02 Target: 1.0000E-05 converged?   no
  Max step  2.3213E-08 Target: 1.8000E-02 converged?  yes component    59
  RMS step  8.4960E-09 Target: 1.2000E-02 converged?  yes
  Max grad  1.9057E-02 Target: 4.5000E-03 converged?   no component    88
  RMS grad  4.6965E-03 Target: 3.0000E-03 converged?   no
 Predicted step length 2.0000E-02
 Trust radius          5.0000E-02
 Energy calculation finished, energy: -1.471372527E+03
 QM energy (a.u.):   -1542.21313476171     
 XREF energy (a.u.):    70.8381874097928     
 R(factor) =   0.262284000000000         R(free) =   0.233319000000000     
 Rejecting step, energy  0.000E+00 higher
 Energy calculation finished, energy: -1.471374947E+03
 QM energy (a.u.):   -1542.21274396967     
 XREF energy (a.u.):    70.8418088689221     
 R(factor) =   0.262504000000000         R(free) =   0.233309000000000     
Testing convergence  in cycle   35
    Energy  2.4204E-03 Target: 1.0000E-05 converged?   no
  Max step  3.6149E-03 Target: 1.8000E-02 converged?  yes component    88
  RMS step  8.9087E-04 Target: 1.2000E-02 converged?  yes
  Max grad  7.8242E-03 Target: 4.5000E-03 converged?   no component    88
  RMS grad  2.6104E-03 Target: 3.0000E-03 converged?  yes
 Predicted step length 1.5234E-02
 Trust radius          2.0000E-02
 Energy calculation finished, energy: -1.471370935E+03
 QM energy (a.u.):   -1542.21361270532     
 XREF energy (a.u.):    70.8411788577469     
 R(factor) =   0.262484000000000         R(free) =   0.233306000000000     
 Rejecting step, energy  4.012E-03 higher
 Energy calculation finished, energy: -1.471372434E+03
 QM energy (a.u.):   -1542.21320959099     
 XREF energy (a.u.):    70.8414757409092     
 R(factor) =   0.262494000000000         R(free) =   0.233308000000000     
 Rejecting step, energy  2.513E-03 higher
 Energy calculation finished, energy: -1.471371734E+03
 QM energy (a.u.):   -1542.21298458409     
 XREF energy (a.u.):    70.8416395802000     
 R(factor) =   0.262499000000000         R(free) =   0.233309000000000     
 Rejecting step, energy  3.213E-03 higher
 Energy calculation finished, energy: -1.471371345E+03
 QM energy (a.u.):   -1542.21286622643     
 XREF energy (a.u.):    70.8417241599166     
 R(factor) =   0.262501000000000         R(free) =   0.233309000000000     
 Rejecting step, energy  3.602E-03 higher
 Energy calculation finished, energy: -1.471371142E+03
 QM energy (a.u.):   -1542.21280558507     
 XREF energy (a.u.):    70.8417730799517     
 R(factor) =   0.262503000000000         R(free) =   0.233309000000000     
 Rejecting step, energy  3.805E-03 higher
 Energy calculation finished, energy: -1.471371033E+03
 QM energy (a.u.):   -1542.21277489968     
 XREF energy (a.u.):    70.8417892872850     
 R(factor) =   0.262503000000000         R(free) =   0.233309000000000     
 Rejecting step, energy  3.915E-03 higher
 Energy calculation finished, energy: -1.471370986E+03
 QM energy (a.u.):   -1542.21275946519     
 XREF energy (a.u.):    70.8417982942972     
 R(factor) =   0.262504000000000         R(free) =   0.233309000000000     
 Rejecting step, energy  3.962E-03 higher
 Energy calculation finished, energy: -1.471370961E+03
 QM energy (a.u.):   -1542.21275172462     
 XREF energy (a.u.):    70.8418035822391     
 R(factor) =   0.262504000000000         R(free) =   0.233309000000000     
 Rejecting step, energy  3.986E-03 higher
 Energy calculation finished, energy: -1.471370948E+03
 QM energy (a.u.):   -1542.21274784897     
 XREF energy (a.u.):    70.8418062264850     
 R(factor) =   0.262504000000000         R(free) =   0.233309000000000     
 Rejecting step, energy  3.999E-03 higher
 Energy calculation finished, energy: -1.471370942E+03
 QM energy (a.u.):   -1542.21274590937     
 XREF energy (a.u.):    70.8418075455498     
 R(factor) =   0.262504000000000         R(free) =   0.233309000000000     
 Rejecting step, energy  4.006E-03 higher
 Energy calculation finished, energy: -1.471370938E+03
 QM energy (a.u.):   -1542.21274493936     
 XREF energy (a.u.):    70.8418082103212     
 R(factor) =   0.262504000000000         R(free) =   0.233309000000000     
 Rejecting step, energy  4.009E-03 higher
 Energy calculation finished, energy: -1.471370937E+03
 QM energy (a.u.):   -1542.21274445515     
 XREF energy (a.u.):    70.8418085381714     
 R(factor) =   0.262504000000000         R(free) =   0.233309000000000     
 Rejecting step, energy  4.011E-03 higher
 Energy calculation finished, energy: -1.471370936E+03
 QM energy (a.u.):   -1542.21274421182     
 XREF energy (a.u.):    70.8418087031842     
 R(factor) =   0.262504000000000         R(free) =   0.233309000000000     
 Rejecting step, energy  4.011E-03 higher
 Energy calculation finished, energy: -1.471370936E+03
 QM energy (a.u.):   -1542.21274409074     
 XREF energy (a.u.):    70.8418087865249     
 R(factor) =   0.262504000000000         R(free) =   0.233309000000000     
 Rejecting step, energy  4.012E-03 higher
 Energy calculation finished, energy: -1.471370935E+03
 QM energy (a.u.):   -1542.21274402968     
 XREF energy (a.u.):    70.8418088279538     
 R(factor) =   0.262504000000000         R(free) =   0.233309000000000     
 Rejecting step, energy  4.012E-03 higher
 Energy calculation finished, energy: -1.471370935E+03
 QM energy (a.u.):   -1542.21274400015     
 XREF energy (a.u.):    70.8418088495025     
 R(factor) =   0.262504000000000         R(free) =   0.233309000000000     
 Rejecting step, energy  4.012E-03 higher
 Energy calculation finished, energy: -1.471370935E+03
 QM energy (a.u.):   -1542.21274398390     
 XREF energy (a.u.):    70.8418088585700     
 R(factor) =   0.262504000000000         R(free) =   0.233309000000000     
 Rejecting step, energy  4.012E-03 higher
 Energy calculation finished, energy: -1.471370935E+03
 QM energy (a.u.):   -1542.21274397795     
 XREF energy (a.u.):    70.8418088614083     
 R(factor) =   0.262504000000000         R(free) =   0.233309000000000     
 Rejecting step, energy  4.012E-03 higher
 Step too small, restarting optimiser.
Testing convergence  in cycle   53
    Energy  4.0122E-03 Target: 1.0000E-05 converged?   no
  Max step  1.6462E-08 Target: 1.8000E-02 converged?  yes component    88
  RMS step  5.1772E-09 Target: 1.2000E-02 converged?  yes
  Max grad  1.3582E-02 Target: 4.5000E-03 converged?   no component    88
  RMS grad  3.5074E-03 Target: 3.0000E-03 converged?   no
 Predicted step length 2.0000E-02
 Trust radius          5.0000E-02
 Energy calculation finished, energy: -1.471370935E+03
 QM energy (a.u.):   -1542.21355836328     
 XREF energy (a.u.):    70.8406572916156     
 R(factor) =   0.262473000000000         R(free) =   0.233302000000000     
 Rejecting step, energy  1.000E-08 higher
 Energy calculation finished, energy: -1.471372901E+03
 QM energy (a.u.):   -1542.21324683176     
 XREF energy (a.u.):    70.8412062858567     
 R(factor) =   0.262488000000000         R(free) =   0.233306000000000     
Testing convergence  in cycle   55
    Energy  1.9659E-03 Target: 1.0000E-05 converged?   no
  Max step  3.4499E-03 Target: 1.8000E-02 converged?  yes component    88
  RMS step  8.9087E-04 Target: 1.2000E-02 converged?  yes
  Max grad  6.7112E-03 Target: 4.5000E-03 converged?   no component    90
  RMS grad  2.1758E-03 Target: 3.0000E-03 converged?  yes
 Predicted step length 1.7575E-02
 Trust radius          2.0000E-02
 Energy calculation finished, energy: -1.471372041E+03
 QM energy (a.u.):   -1542.21414995780     
 XREF energy (a.u.):    70.8407743834059     
 R(factor) =   0.262468000000000         R(free) =   0.233304000000000     
 Rejecting step, energy  8.605E-04 higher
 Energy calculation finished, energy: -1.471373376E+03
 QM energy (a.u.):   -1542.21372542453     
 XREF energy (a.u.):    70.8409786755542     
 R(factor) =   0.262478000000000         R(free) =   0.233305000000000     
Testing convergence  in cycle   57
    Energy  4.7450E-04 Target: 1.0000E-05 converged?   no
  Max step  2.3011E-03 Target: 1.8000E-02 converged?  yes component    90
  RMS step  7.8285E-04 Target: 1.2000E-02 converged?  yes
  Max grad  6.3523E-03 Target: 4.5000E-03 converged?   no component    88
  RMS grad  1.9929E-03 Target: 3.0000E-03 converged?  yes
 Predicted step length 1.5174E-01
 Trust radius          1.7575E-02
 Energy calculation finished, energy: -1.471372747E+03
 QM energy (a.u.):   -1542.21448799929     
 XREF energy (a.u.):    70.8405527349050     
 R(factor) =   0.262457000000000         R(free) =   0.233302000000000     
 Rejecting step, energy  6.288E-04 higher
 Energy calculation finished, energy: -1.471373935E+03
 QM energy (a.u.):   -1542.21413479006     
 XREF energy (a.u.):    70.8407926287131     
 R(factor) =   0.262469000000000         R(free) =   0.233304000000000     
Testing convergence  in cycle   59
    Energy  5.5969E-04 Target: 1.0000E-05 converged?   no
  Max step  2.3305E-03 Target: 1.8000E-02 converged?  yes component    88
  RMS step  7.8285E-04 Target: 1.2000E-02 converged?  yes
  Max grad  5.2935E-03 Target: 4.5000E-03 converged?   no component    90
  RMS grad  1.7146E-03 Target: 3.0000E-03 converged?  yes
 Predicted step length 5.1979E-02
 Trust radius          1.7575E-02
 Energy calculation finished, energy: -1.471373342E+03
 QM energy (a.u.):   -1542.21486062948     
 XREF energy (a.u.):    70.8404501227626     
 R(factor) =   0.262446000000000         R(free) =   0.233300000000000     
 Rejecting step, energy  5.931E-04 higher
 Energy calculation finished, energy: -1.471374411E+03
 QM energy (a.u.):   -1542.21451376150     
 XREF energy (a.u.):    70.8406358429740     
 R(factor) =   0.262458000000000         R(free) =   0.233302000000000     
Testing convergence  in cycle   61
    Energy  4.7525E-04 Target: 1.0000E-05 converged?   no
  Max step  2.3591E-03 Target: 1.8000E-02 converged?  yes component    90
  RMS step  7.8285E-04 Target: 1.2000E-02 converged?  yes
  Max grad  4.8450E-03 Target: 4.5000E-03 converged?   no component    59
  RMS grad  1.5792E-03 Target: 3.0000E-03 converged?  yes
 Predicted step length 1.2216E-01
 Trust radius          1.7575E-02
 Energy calculation finished, energy: -1.471373878E+03
 QM energy (a.u.):   -1542.21526567453     
 XREF energy (a.u.):    70.8404763511382     
 R(factor) =   0.262437000000000         R(free) =   0.233299000000000     
 Rejecting step, energy  5.326E-04 higher
 Energy calculation finished, energy: -1.471374789E+03
 QM energy (a.u.):   -1542.21490837777     
 XREF energy (a.u.):    70.8405519577989     
 R(factor) =   0.262447000000000         R(free) =   0.233300000000000     
Testing convergence  in cycle   63
    Energy  3.7881E-04 Target: 1.0000E-05 converged?   no
  Max step  2.5725E-03 Target: 1.8000E-02 converged?  yes component    59
  RMS step  7.8285E-04 Target: 1.2000E-02 converged?  yes
  Max grad  6.5046E-03 Target: 4.5000E-03 converged?   no component   112
  RMS grad  1.7369E-03 Target: 3.0000E-03 converged?  yes
 Predicted step length 1.0614E-01
 Trust radius          1.7575E-02
 Energy calculation finished, energy: -1.471374356E+03
 QM energy (a.u.):   -1542.21554290732     
 XREF energy (a.u.):    70.8335495796021     
 R(factor) =   0.261226000000000         R(free) =   0.233301000000000     
 Rejecting step, energy  4.329E-04 higher
 Energy calculation finished, energy: -1.471381993E+03
 QM energy (a.u.):   -1542.21523720541     
 XREF energy (a.u.):    70.8404135715864     
 R(factor) =   0.262436000000000         R(free) =   0.233299000000000     
Testing convergence  in cycle   65
    Energy  7.2040E-03 Target: 1.0000E-05 converged?   no
  Max step  2.4805E-03 Target: 1.8000E-02 converged?  yes component    59
  RMS step  7.8285E-04 Target: 1.2000E-02 converged?  yes
  Max grad  4.5559E-03 Target: 4.5000E-03 converged?   no component    59
  RMS grad  1.4757E-03 Target: 3.0000E-03 converged?  yes
 Predicted step length 1.1259E-01
 Trust radius          1.7575E-02
 Energy calculation finished, energy: -1.471374824E+03
 QM energy (a.u.):   -1542.21585025823     
 XREF energy (a.u.):    70.8334657297429     
 R(factor) =   0.261217000000000         R(free) =   0.233299000000000     
 Rejecting step, energy  7.170E-03 higher
 Energy calculation finished, energy: -1.471382385E+03
 QM energy (a.u.):   -1542.21555293143     
 XREF energy (a.u.):    70.8335967492225     
 R(factor) =   0.261227000000000         R(free) =   0.233301000000000     
Testing convergence  in cycle   67
    Energy  3.9120E-04 Target: 1.0000E-05 converged?   no
  Max step  2.6297E-03 Target: 1.8000E-02 converged?  yes component    59
  RMS step  7.8285E-04 Target: 1.2000E-02 converged?  yes
  Max grad  5.5757E-03 Target: 4.5000E-03 converged?   no component   112
  RMS grad  1.5365E-03 Target: 3.0000E-03 converged?  yes
 Predicted step length 1.0389E-01
 Trust radius          1.7575E-02
 Energy calculation finished, energy: -1.471381956E+03
 QM energy (a.u.):   -1542.21613029409     
 XREF energy (a.u.):    70.8333743366194     
 R(factor) =   0.261207000000000         R(free) =   0.233297000000000     
 Rejecting step, energy  4.283E-04 higher
 Energy calculation finished, energy: -1.471382756E+03
 QM energy (a.u.):   -1542.21584819635     
 XREF energy (a.u.):    70.8334647968064     
 R(factor) =   0.261217000000000         R(free) =   0.233299000000000     
Testing convergence  in cycle   69
    Energy  3.7143E-04 Target: 1.0000E-05 converged?   no
  Max step  2.7713E-03 Target: 1.8000E-02 converged?  yes component    59
  RMS step  7.8285E-04 Target: 1.2000E-02 converged?  yes
  Max grad  4.8425E-03 Target: 4.5000E-03 converged?   no component   112
  RMS grad  1.4490E-03 Target: 3.0000E-03 converged?  yes
 Predicted step length 1.5614E-01
 Trust radius          1.7575E-02
 Energy calculation finished, energy: -1.471382383E+03
 QM energy (a.u.):   -1542.21625408277     
 XREF energy (a.u.):    70.8332505847426     
 R(factor) =   0.261207000000000         R(free) =   0.233293000000000     
 Rejecting step, energy  3.726E-04 higher
 Energy calculation finished, energy: -1.471383004E+03
 QM energy (a.u.):   -1542.21605903183     
 XREF energy (a.u.):    70.8333556311928     
 R(factor) =   0.261212000000000         R(free) =   0.233296000000000     
Testing convergence  in cycle   71
    Energy  2.4754E-04 Target: 1.0000E-05 converged?   no
  Max step  2.8889E-03 Target: 1.8000E-02 converged?  yes component    59
  RMS step  7.8285E-04 Target: 1.2000E-02 converged?  yes
  Max grad  5.1692E-03 Target: 4.5000E-03 converged?   no component   112
  RMS grad  1.4839E-03 Target: 3.0000E-03 converged?  yes
 Predicted step length 1.5110E-01
 Trust radius          1.7575E-02
 Energy calculation finished, energy: -1.471382703E+03
 QM energy (a.u.):   -1542.21656126166     
 XREF energy (a.u.):    70.8332317967786     
 R(factor) =   0.261194000000000         R(free) =   0.233291000000000     
 Rejecting step, energy  3.001E-04 higher
 Energy calculation finished, energy: -1.471383329E+03
 QM energy (a.u.):   -1542.21631508510     
 XREF energy (a.u.):    70.8332749235627     
 R(factor) =   0.261203000000000         R(free) =   0.233293000000000     
Testing convergence  in cycle   73
    Energy  3.2596E-04 Target: 1.0000E-05 converged?   no
  Max step  2.9365E-03 Target: 1.8000E-02 converged?  yes component    59
  RMS step  7.8285E-04 Target: 1.2000E-02 converged?  yes
  Max grad  5.5325E-03 Target: 4.5000E-03 converged?   no component   112
  RMS grad  1.4160E-03 Target: 3.0000E-03 converged?  yes
 Predicted step length 1.6541E-01
 Trust radius          1.7575E-02
 Energy calculation finished, energy: -1.471383040E+03
 QM energy (a.u.):   -1542.21674362558     
 XREF energy (a.u.):    70.8331768140269     
 R(factor) =   0.261190000000000         R(free) =   0.233289000000000     
 Rejecting step, energy  2.893E-04 higher
 Energy calculation finished, energy: -1.471383567E+03
 QM energy (a.u.):   -1542.21653391216     
 XREF energy (a.u.):    70.8332290291305     
 R(factor) =   0.261196000000000         R(free) =   0.233291000000000     
Testing convergence  in cycle   75
    Energy  2.3735E-04 Target: 1.0000E-05 converged?   no
  Max step  3.0060E-03 Target: 1.8000E-02 converged?  yes component    59
  RMS step  7.8285E-04 Target: 1.2000E-02 converged?  yes
  Max grad  5.3143E-03 Target: 4.5000E-03 converged?   no component   112
  RMS grad  1.4052E-03 Target: 3.0000E-03 converged?  yes
 Predicted step length 1.5788E-01
 Trust radius          1.7575E-02
 Energy calculation finished, energy: -1.471383305E+03
 QM energy (a.u.):   -1542.21693401292     
 XREF energy (a.u.):    70.8392121056928     
 R(factor) =   0.262364000000000         R(free) =   0.233280000000000     
 Rejecting step, energy  2.619E-04 higher
 Energy calculation finished, energy: -1.471377722E+03
 QM energy (a.u.):   -1542.21673799268     
 XREF energy (a.u.):    70.8331678756447     
 R(factor) =   0.261190000000000         R(free) =   0.233289000000000     
 Rejecting step, energy  5.845E-03 higher
 Energy calculation finished, energy: -1.471383570E+03
 QM energy (a.u.):   -1542.21663695973     
 XREF energy (a.u.):    70.8332008700686     
 R(factor) =   0.261193000000000         R(free) =   0.233290000000000     
Testing convergence  in cycle   78
    Energy  3.3100E-06 Target: 1.0000E-05 converged?  yes
  Max step  1.5389E-03 Target: 1.8000E-02 converged?  yes component    59
  RMS step  3.9143E-04 Target: 1.2000E-02 converged?  yes
  Max grad  5.2973E-03 Target: 4.5000E-03 converged?   no component   112
  RMS grad  1.3794E-03 Target: 3.0000E-03 converged?  yes
 Predicted step length 6.2613E+00
 Trust radius          4.3938E-03
 Energy calculation finished, energy: -1.471383436E+03
 QM energy (a.u.):   -1542.21673760291     
 XREF energy (a.u.):    70.8331679997370     
 R(factor) =   0.261190000000000         R(free) =   0.233289000000000     
 Rejecting step, energy  1.340E-04 higher
 Energy calculation finished, energy: -1.471383570E+03
 QM energy (a.u.):   -1542.21668752605     
 XREF energy (a.u.):    70.8331830027272     
 R(factor) =   0.261191000000000         R(free) =   0.233289000000000     
 Rejecting step, energy  5.200E-07 higher
 Energy calculation finished, energy: -1.471383505E+03
 QM energy (a.u.):   -1542.21666230395     
 XREF energy (a.u.):    70.8331932575193     
 R(factor) =   0.261192000000000         R(free) =   0.233290000000000     
 Rejecting step, energy  6.560E-05 higher
 Energy calculation finished, energy: -1.471383469E+03
 QM energy (a.u.):   -1542.21664964641     
 XREF energy (a.u.):    70.8331970554076     
 R(factor) =   0.261193000000000         R(free) =   0.233290000000000     
 Rejecting step, energy  1.011E-04 higher
 Energy calculation finished, energy: -1.471383453E+03
 QM energy (a.u.):   -1542.21664330617     
 XREF energy (a.u.):    70.8331989618648     
 R(factor) =   0.261193000000000         R(free) =   0.233290000000000     
 Rejecting step, energy  1.175E-04 higher
 Energy calculation finished, energy: -1.471383444E+03
 QM energy (a.u.):   -1542.21664013380     
 XREF energy (a.u.):    70.8331999148296     
 R(factor) =   0.261193000000000         R(free) =   0.233290000000000     
 Rejecting step, energy  1.258E-04 higher
 Energy calculation finished, energy: -1.471383440E+03
 QM energy (a.u.):   -1542.21663854726     
 XREF energy (a.u.):    70.8332003934810     
 R(factor) =   0.261193000000000         R(free) =   0.233290000000000     
 Rejecting step, energy  1.299E-04 higher
 Energy calculation finished, energy: -1.471383438E+03
 QM energy (a.u.):   -1542.21663775349     
 XREF energy (a.u.):    70.8332006311987     
 R(factor) =   0.261193000000000         R(free) =   0.233290000000000     
 Rejecting step, energy  1.320E-04 higher
 Energy calculation finished, energy: -1.471383437E+03
 QM energy (a.u.):   -1542.21663735608     
 XREF energy (a.u.):    70.8332007512241     
 R(factor) =   0.261193000000000         R(free) =   0.233290000000000     
 Rejecting step, energy  1.330E-04 higher
 Energy calculation finished, energy: -1.471383437E+03
 QM energy (a.u.):   -1542.21663715825     
 XREF energy (a.u.):    70.8332008097762     
 R(factor) =   0.261193000000000         R(free) =   0.233290000000000     
 Rejecting step, energy  1.335E-04 higher
 Energy calculation finished, energy: -1.471383436E+03
 QM energy (a.u.):   -1542.21663705723     
 XREF energy (a.u.):    70.8332008401343     
 R(factor) =   0.261193000000000         R(free) =   0.233290000000000     
 Rejecting step, energy  1.338E-04 higher
 Energy calculation finished, energy: -1.471383436E+03
 QM energy (a.u.):   -1542.21663700876     
 XREF energy (a.u.):    70.8332008553230     
 R(factor) =   0.261193000000000         R(free) =   0.233290000000000     
 Rejecting step, energy  1.339E-04 higher
 Energy calculation finished, energy: -1.471383436E+03
 QM energy (a.u.):   -1542.21663698326     
 XREF energy (a.u.):    70.8332008638854     
 R(factor) =   0.261193000000000         R(free) =   0.233290000000000     
 Rejecting step, energy  1.340E-04 higher
 Energy calculation finished, energy: -1.471383436E+03
 QM energy (a.u.):   -1542.21663697121     
 XREF energy (a.u.):    70.8332008662694     
 R(factor) =   0.261193000000000         R(free) =   0.233290000000000     
 Rejecting step, energy  1.340E-04 higher
 Energy calculation finished, energy: -1.471383436E+03
 QM energy (a.u.):   -1542.21663696592     
 XREF energy (a.u.):    70.8332008673674     
 R(factor) =   0.261193000000000         R(free) =   0.233290000000000     
 Rejecting step, energy  1.340E-04 higher
 Energy calculation finished, energy: -1.471383436E+03
 QM energy (a.u.):   -1542.21663696178     
 XREF energy (a.u.):    70.8332008690710     
 R(factor) =   0.261193000000000         R(free) =   0.233290000000000     
 Rejecting step, energy  1.340E-04 higher
 Step too small, restarting optimiser.
Testing convergence  in cycle   94
    Energy  1.3402E-04 Target: 1.0000E-05 converged?   no
  Max step  2.3463E-08 Target: 1.8000E-02 converged?  yes component    59
  RMS step  5.9727E-09 Target: 1.2000E-02 converged?  yes
  Max grad  5.2791E-03 Target: 4.5000E-03 converged?   no component   112
  RMS grad  1.3931E-03 Target: 3.0000E-03 converged?  yes
 Predicted step length 2.0000E-02
 Trust radius          5.0000E-02
 Energy calculation finished, energy: -1.471383436E+03
 QM energy (a.u.):   -1542.21690725342     
 XREF energy (a.u.):    70.8396180369978     
 R(factor) =   0.262369000000000         R(free) =   0.233284000000000     
 Rejecting step, energy  1.000E-08 higher
 Energy calculation finished, energy: -1.471377289E+03
 QM energy (a.u.):   -1542.21687788471     
 XREF energy (a.u.):    70.8394839017603     
 R(factor) =   0.262371000000000         R(free) =   0.233284000000000     
 Rejecting step, energy  6.147E-03 higher
 Energy calculation finished, energy: -1.471377394E+03
 QM energy (a.u.):   -1542.21678413868     
 XREF energy (a.u.):    70.8393964534999     
 R(factor) =   0.262373000000000         R(free) =   0.233283000000000     
 Rejecting step, energy  6.042E-03 higher
 Energy calculation finished, energy: -1.471377388E+03
 QM energy (a.u.):   -1542.21671729655     
 XREF energy (a.u.):    70.8332492843947     
 R(factor) =   0.261192000000000         R(free) =   0.233290000000000     
 Rejecting step, energy  6.048E-03 higher
 Energy calculation finished, energy: -1.471383468E+03
 QM energy (a.u.):   -1542.21667882360     
 XREF energy (a.u.):    70.8332263419641     
 R(factor) =   0.261193000000000         R(free) =   0.233290000000000     
Testing convergence  in cycle   99
    Energy  3.1910E-05 Target: 1.0000E-05 converged?   no
  Max step  4.2200E-04 Target: 1.8000E-02 converged?  yes component   112
  RMS step  1.1136E-04 Target: 1.2000E-02 converged?  yes
  Max grad  3.9745E-03 Target: 4.5000E-03 converged?  yes component    59
  RMS grad  1.1642E-03 Target: 3.0000E-03 converged?  yes
 Predicted step length 9.4498E-03
 Trust radius          2.5000E-03
 Energy calculation finished, energy: -1.471383452E+03
 QM energy (a.u.):   -1542.21675960370     
 XREF energy (a.u.):    70.8332583319609     
 R(factor) =   0.261191000000000         R(free) =   0.233290000000000     
 Rejecting step, energy  1.553E-05 higher
 Energy calculation finished, energy: -1.471383501E+03
 QM energy (a.u.):   -1542.21671977172     
 XREF energy (a.u.):    70.8332407828110     
 R(factor) =   0.261192000000000         R(free) =   0.233290000000000     
Testing convergence  in cycle  101
    Energy  3.3260E-05 Target: 1.0000E-05 converged?   no
  Max step  3.9745E-04 Target: 1.8000E-02 converged?  yes component    59
  RMS step  1.1136E-04 Target: 1.2000E-02 converged?  yes
  Max grad  3.9586E-03 Target: 4.5000E-03 converged?  yes component    59
  RMS grad  1.1476E-03 Target: 3.0000E-03 converged?  yes
 Predicted step length 1.5470E-01
 Trust radius          2.5000E-03
 Energy calculation finished, energy: -1.471383479E+03
 QM energy (a.u.):   -1542.21677685224     
 XREF energy (a.u.):    70.8393509432184     
 R(factor) =   0.262372000000000         R(free) =   0.233283000000000     
 Rejecting step, energy  2.228E-05 higher
 Energy calculation finished, energy: -1.471377426E+03
 QM energy (a.u.):   -1542.21674886130     
 XREF energy (a.u.):    70.8332440369924     
 R(factor) =   0.261191000000000         R(free) =   0.233290000000000     
 Rejecting step, energy  6.075E-03 higher
 Energy calculation finished, energy: -1.471383505E+03
 QM energy (a.u.):   -1542.21673445339     
 XREF energy (a.u.):    70.8332433899674     
 R(factor) =   0.261191000000000         R(free) =   0.233290000000000     
Testing convergence  in cycle  104
    Energy  3.5500E-06 Target: 1.0000E-05 converged?  yes
  Max step  2.0789E-04 Target: 1.8000E-02 converged?  yes component    59
  RMS step  5.5679E-05 Target: 1.2000E-02 converged?  yes
  Max grad  3.9579E-03 Target: 4.5000E-03 converged?  yes component    59
  RMS grad  1.1505E-03 Target: 3.0000E-03 converged?  yes
Convergence reached

 Optimisation converged
 ----------------------
 Final converged energy:   -1471.383504820000


DL-FIND Report:
===============
Optimisation algorithm: L-BFGS
Number of steps in L-BFGS memory ...............        100
 
Trust radius based on energy
Maximum step length ............................  5.000E-02
 
Coordinate system: Cartesian coordinates
 
Number of atoms ................................       2619
Number of input geometries .....................          1
Variables to be optimised ......................        126
No restart information is written
This run has not been restarted.
Number of energy evaluations on this processor .        104
Number of steps ................................        104
Number of accepted steps / line searches .......         33
 

Timing report
=============
Module                                      CPU time            Wall clock time
Total .................................    10.819 (100.00%)********** (******%) seconds
Energy and Gradient ...................     0.604 (  5.59%)     1.277 ( 34.00%) seconds
Step direction ........................     1.009 (  9.32%)     3.756 (100.00%) seconds
Coordinate transformation .............     0.037 (  0.34%)     0.036 (  0.96%) seconds
Checkpoint file I/O ...................     0.000 (  0.00%)     0.000 (  0.00%) seconds
XYZ-file I/O ..........................     0.000 (  0.00%)     0.000 (  0.00%) seconds
Maximum memory usage ........................... 5.1879E+03 kB
Wed Nov  9 07:13:19 CST 2022
