This job is running on host node32
Current directory: /share/home/chem-zhonglh/yanzy/QR/NC_more/2p7z/QRs/MlatomSEMM_R1
Tue Jan  9 12:55:53 CST 2024
 using Gaussian + CNS
 QM energy (a.u.):   -1822.14290639171     
 XREF energy (a.u.):    81.3524459892987     
 R(factor) =   0.228040000000000         R(free) =   0.214115000000000     
 External sizes:       11043           1        7362

***********************************************************************
**                                                                   **
**                       ---------------------                       **
**                              DL-FIND                              **
**                       Geometry Optimisation                       **
**                       ---------------------                       **
**                                                                   **
**                 J. Kaestner, J.M. Carr, T.W. Keal,                **
**                W. Thiel, A. Wander and P. Sherwood                **
**                                                                   **
**              J. Phys. Chem. A, 2009, 113 (43), 11856.             **
**                                                                   **
**   Please include this reference in published work using DL-FIND.  **
**                                                                   **
**               Copyright:  STFC Daresbury Laboratory               **
**                           Revision: Unversioned directory         **
**                                                                   **
***********************************************************************


DL-FIND Report:
===============
Optimisation algorithm: L-BFGS
Number of steps in L-BFGS memory ...............        100
 
Trust radius based on energy
Maximum step length ............................  5.000E-02
 
Coordinate system: Cartesian coordinates
 
Number of atoms ................................       3681
Number of input geometries .....................          1
Variables to be optimised ......................        177
No restart information is written
This run has not been restarted.
Maximum number of steps ........................       2000
Maximum number of energy evaluations ...........      10000
 
 Energy calculation finished, energy: -1.740790460E+03
 QM energy (a.u.):   -1822.14290639171     
 XREF energy (a.u.):    81.3524459893784     
 R(factor) =   0.228040000000000         R(free) =   0.214115000000000     
Testing convergence  in cycle    1
  Max grad  1.8209E-02 Target: 4.5000E-03 converged?   no component    80
  RMS grad  4.4959E-03 Target: 3.0000E-03 converged?   no
 Predicted step length 2.0000E-02
 Trust radius          5.0000E-02
 Energy calculation finished, energy: -1.740790460E+03
 QM energy (a.u.):   -1822.14437278431     
 XREF energy (a.u.):    81.3520714970055     
 R(factor) =   0.228032000000000         R(free) =   0.214107000000000     
 Rejecting step, energy  0.000E+00 higher
 Energy calculation finished, energy: -1.740792301E+03
 QM energy (a.u.):   -1822.14379133778     
 XREF energy (a.u.):    81.3523625052716     
 R(factor) =   0.228036000000000         R(free) =   0.214111000000000     
Testing convergence  in cycle    3
    Energy  1.8409E-03 Target: 1.0000E-05 converged?   no
  Max step  3.0443E-03 Target: 1.8000E-02 converged?  yes component    80
  RMS step  7.5165E-04 Target: 1.2000E-02 converged?  yes
  Max grad  8.9961E-03 Target: 4.5000E-03 converged?   no component    87
  RMS grad  2.5232E-03 Target: 3.0000E-03 converged?  yes
 Predicted step length 1.6173E-02
 Trust radius          2.0000E-02
 Energy calculation finished, energy: -1.740791429E+03
 QM energy (a.u.):   -1822.14471091532     
 XREF energy (a.u.):    81.3520403891825     
 R(factor) =   0.228030000000000         R(free) =   0.214106000000000     
 Rejecting step, energy  8.725E-04 higher
 Energy calculation finished, energy: -1.740792671E+03
 QM energy (a.u.):   -1822.14430114118     
 XREF energy (a.u.):    81.3521558271176     
 R(factor) =   0.228033000000000         R(free) =   0.214109000000000     
Testing convergence  in cycle    5
    Energy  3.6924E-04 Target: 1.0000E-05 converged?   no
  Max step  2.1565E-03 Target: 1.8000E-02 converged?  yes component    87
  RMS step  6.0782E-04 Target: 1.2000E-02 converged?  yes
  Max grad  8.2536E-03 Target: 4.5000E-03 converged?   no component    80
  RMS grad  2.4197E-03 Target: 3.0000E-03 converged?  yes
 Predicted step length 1.5374E-01
 Trust radius          1.6173E-02
 Energy calculation finished, energy: -1.740792145E+03
 QM energy (a.u.):   -1822.14504996965     
 XREF energy (a.u.):    81.3518522596159     
 R(factor) =   0.228027000000000         R(free) =   0.214104000000000     
 Rejecting step, energy  5.252E-04 higher
 Energy calculation finished, energy: -1.740793198E+03
 QM energy (a.u.):   -1822.14472468833     
 XREF energy (a.u.):    81.3520062746169     
 R(factor) =   0.228030000000000         R(free) =   0.214106000000000     
Testing convergence  in cycle    7
    Energy  5.2718E-04 Target: 1.0000E-05 converged?   no
  Max step  2.0893E-03 Target: 1.8000E-02 converged?  yes component    80
  RMS step  6.0782E-04 Target: 1.2000E-02 converged?  yes
  Max grad  5.8499E-03 Target: 4.5000E-03 converged?   no component    80
  RMS grad  1.9433E-03 Target: 3.0000E-03 converged?  yes
 Predicted step length 4.3893E-02
 Trust radius          1.6173E-02
 Energy calculation finished, energy: -1.740792718E+03
 QM energy (a.u.):   -1822.14533524046     
 XREF energy (a.u.):    81.3517980603542     
 R(factor) =   0.228025000000000         R(free) =   0.214102000000000     
 Rejecting step, energy  4.793E-04 higher
 Energy calculation finished, energy: -1.740793537E+03
 QM energy (a.u.):   -1822.14505878332     
 XREF energy (a.u.):    81.3518562498728     
 R(factor) =   0.228028000000000         R(free) =   0.214104000000000     
Testing convergence  in cycle    9
    Energy  3.3947E-04 Target: 1.0000E-05 converged?   no
  Max step  1.8482E-03 Target: 1.8000E-02 converged?  yes component    80
  RMS step  6.0782E-04 Target: 1.2000E-02 converged?  yes
  Max grad  5.6005E-03 Target: 4.5000E-03 converged?   no component    15
  RMS grad  1.7588E-03 Target: 3.0000E-03 converged?  yes
 Predicted step length 9.8681E-02
 Trust radius          1.6173E-02
 Energy calculation finished, energy: -1.740793203E+03
 QM energy (a.u.):   -1822.14554575991     
 XREF energy (a.u.):    81.3515998568407     
 R(factor) =   0.228024000000000         R(free) =   0.214100000000000     
 Rejecting step, energy  3.347E-04 higher
 Energy calculation finished, energy: -1.740793946E+03
 QM energy (a.u.):   -1822.14531609503     
 XREF energy (a.u.):    81.3517399826491     
 R(factor) =   0.228026000000000         R(free) =   0.214102000000000     
Testing convergence  in cycle   11
    Energy  4.0872E-04 Target: 1.0000E-05 converged?   no
  Max step  2.0279E-03 Target: 1.8000E-02 converged?  yes component    15
  RMS step  6.0782E-04 Target: 1.2000E-02 converged?  yes
  Max grad  5.4620E-03 Target: 4.5000E-03 converged?   no component    15
  RMS grad  1.6564E-03 Target: 3.0000E-03 converged?  yes
 Predicted step length 1.5775E-01
 Trust radius          1.6173E-02
 Energy calculation finished, energy: -1.740793576E+03
 QM energy (a.u.):   -1822.14578550283     
 XREF energy (a.u.):    81.3515169378494     
 R(factor) =   0.228022000000000         R(free) =   0.214099000000000     
 Rejecting step, energy  3.698E-04 higher
 Energy calculation finished, energy: -1.740794269E+03
 QM energy (a.u.):   -1822.14556543843     
 XREF energy (a.u.):    81.3516308961929     
 R(factor) =   0.228024000000000         R(free) =   0.214100000000000     
Testing convergence  in cycle   13
    Energy  3.2266E-04 Target: 1.0000E-05 converged?   no
  Max step  2.0763E-03 Target: 1.8000E-02 converged?  yes component    15
  RMS step  6.0782E-04 Target: 1.2000E-02 converged?  yes
  Max grad  5.2399E-03 Target: 4.5000E-03 converged?   no component    15
  RMS grad  1.5261E-03 Target: 3.0000E-03 converged?  yes
 Predicted step length 1.3612E-01
 Trust radius          1.6173E-02
 Energy calculation finished, energy: -1.740793935E+03
 QM energy (a.u.):   -1822.14596785914     
 XREF energy (a.u.):    81.3512599142591     
 R(factor) =   0.228021000000000         R(free) =   0.214097000000000     
 Rejecting step, energy  3.340E-04 higher
 Energy calculation finished, energy: -1.740794708E+03
 QM energy (a.u.):   -1822.14578127977     
 XREF energy (a.u.):    81.3514991987150     
 R(factor) =   0.228022000000000         R(free) =   0.214099000000000     
Testing convergence  in cycle   15
    Energy  4.3938E-04 Target: 1.0000E-05 converged?   no
  Max step  2.1151E-03 Target: 1.8000E-02 converged?  yes component    15
  RMS step  6.0782E-04 Target: 1.2000E-02 converged?  yes
  Max grad  5.1082E-03 Target: 4.5000E-03 converged?   no component    15
  RMS grad  1.4636E-03 Target: 3.0000E-03 converged?  yes
 Predicted step length 1.6857E-01
 Trust radius          1.6173E-02
 Energy calculation finished, energy: -1.740794282E+03
 QM energy (a.u.):   -1822.14616996201     
 XREF energy (a.u.):    81.3511701737271     
 R(factor) =   0.228020000000000         R(free) =   0.214096000000000     
 Rejecting step, energy  4.259E-04 higher
 Energy calculation finished, energy: -1.740795000E+03
 QM energy (a.u.):   -1822.14598350378     
 XREF energy (a.u.):    81.3512804610091     
 R(factor) =   0.228021000000000         R(free) =   0.214097000000000     
Testing convergence  in cycle   17
    Energy  2.9185E-04 Target: 1.0000E-05 converged?   no
  Max step  2.1484E-03 Target: 1.8000E-02 converged?  yes component    15
  RMS step  6.0782E-04 Target: 1.2000E-02 converged?  yes
  Max grad  5.9232E-03 Target: 4.5000E-03 converged?   no component    12
  RMS grad  1.6082E-03 Target: 3.0000E-03 converged?  yes
 Predicted step length 2.0342E-01
 Trust radius          1.6173E-02
 Energy calculation finished, energy: -1.740794703E+03
 QM energy (a.u.):   -1822.14634115532     
 XREF energy (a.u.):    81.3510034349733     
 R(factor) =   0.228020000000000         R(free) =   0.214094000000000     
 Rejecting step, energy  2.967E-04 higher
 Energy calculation finished, energy: -1.740795338E+03
 QM energy (a.u.):   -1822.14616981565     
 XREF energy (a.u.):    81.3499395585403     
 R(factor) =   0.228169000000000         R(free) =   0.214083000000000     
Testing convergence  in cycle   19
    Energy  3.3793E-04 Target: 1.0000E-05 converged?   no
  Max step  2.0146E-03 Target: 1.8000E-02 converged?  yes component    15
  RMS step  6.0782E-04 Target: 1.2000E-02 converged?  yes
  Max grad  4.9246E-03 Target: 4.5000E-03 converged?   no component    15
  RMS grad  1.3792E-03 Target: 3.0000E-03 converged?  yes
 Predicted step length 1.9289E-01
 Trust radius          1.6173E-02
 Energy calculation finished, energy: -1.740796230E+03
 QM energy (a.u.):   -1822.14650286979     
 XREF energy (a.u.):    81.3496520106884     
 R(factor) =   0.228167000000000         R(free) =   0.214081000000000     
Testing convergence  in cycle   20
    Energy  8.9254E-04 Target: 1.0000E-05 converged?   no
  Max step  4.2159E-03 Target: 1.8000E-02 converged?  yes component    15
  RMS step  1.2156E-03 Target: 1.2000E-02 converged?  yes
  Max grad  4.9645E-03 Target: 4.5000E-03 converged?   no component    15
  RMS grad  1.4069E-03 Target: 3.0000E-03 converged?  yes
 Predicted step length 3.4583E-01
 Trust radius          1.6173E-02
 Energy calculation finished, energy: -1.740796851E+03
 QM energy (a.u.):   -1822.14679762260     
 XREF energy (a.u.):    81.3493455516264     
 R(factor) =   0.228164000000000         R(free) =   0.214078000000000     
Testing convergence  in cycle   21
    Energy  6.2060E-04 Target: 1.0000E-05 converged?   no
  Max step  4.1301E-03 Target: 1.8000E-02 converged?  yes component    15
  RMS step  1.2156E-03 Target: 1.2000E-02 converged?  yes
  Max grad  5.7200E-03 Target: 4.5000E-03 converged?   no component    12
  RMS grad  1.5255E-03 Target: 3.0000E-03 converged?  yes
 Predicted step length 1.7256E-01
 Trust radius          3.2346E-02
 Energy calculation finished, energy: -1.740797452E+03
 QM energy (a.u.):   -1822.14728741318     
 XREF energy (a.u.):    81.3488450650821     
 R(factor) =   0.228161000000000         R(free) =   0.214074000000000     
Testing convergence  in cycle   22
    Energy  6.0121E-04 Target: 1.0000E-05 converged?   no
  Max step  8.2329E-03 Target: 1.8000E-02 converged?  yes component    99
  RMS step  2.4313E-03 Target: 1.2000E-02 converged?  yes
  Max grad  4.4103E-03 Target: 4.5000E-03 converged?  yes component    15
  RMS grad  1.3767E-03 Target: 3.0000E-03 converged?  yes
 Predicted step length 3.8455E-01
 Trust radius          5.0000E-02
 Energy calculation finished, energy: -1.740798442E+03
 QM energy (a.u.):   -1822.14778318363     
 XREF energy (a.u.):    81.3482156898484     
 R(factor) =   0.228155000000000         R(free) =   0.214068000000000     
Testing convergence  in cycle   23
    Energy  9.9028E-04 Target: 1.0000E-05 converged?   no
  Max step  1.2798E-02 Target: 1.8000E-02 converged?  yes component    99
  RMS step  3.7582E-03 Target: 1.2000E-02 converged?  yes
  Max grad  6.0925E-03 Target: 4.5000E-03 converged?   no component    27
  RMS grad  1.5307E-03 Target: 3.0000E-03 converged?  yes
 Predicted step length 3.0664E-01
 Trust radius          5.0000E-02
 Energy calculation finished, energy: -1.740799567E+03
 QM energy (a.u.):   -1822.14810274574     
 XREF energy (a.u.):    81.3474081823155     
 R(factor) =   0.228151000000000         R(free) =   0.214062000000000     
Testing convergence  in cycle   24
    Energy  1.1251E-03 Target: 1.0000E-05 converged?   no
  Max step  1.3113E-02 Target: 1.8000E-02 converged?  yes component    99
  RMS step  3.7582E-03 Target: 1.2000E-02 converged?  yes
  Max grad  8.8176E-03 Target: 4.5000E-03 converged?   no component    24
  RMS grad  1.9073E-03 Target: 3.0000E-03 converged?  yes
 Predicted step length 2.1464E-01
 Trust radius          5.0000E-02
 Energy calculation finished, energy: -1.740800695E+03
 QM energy (a.u.):   -1822.14815582252     
 XREF energy (a.u.):    81.3465623119749     
 R(factor) =   0.228148000000000         R(free) =   0.214056000000000     
Testing convergence  in cycle   25
    Energy  1.1271E-03 Target: 1.0000E-05 converged?   no
  Max step  1.3322E-02 Target: 1.8000E-02 converged?  yes component    99
  RMS step  3.7582E-03 Target: 1.2000E-02 converged?  yes
  Max grad  1.0677E-02 Target: 4.5000E-03 converged?   no component    24
  RMS grad  2.2377E-03 Target: 3.0000E-03 converged?  yes
 Predicted step length 1.8173E-01
 Trust radius          5.0000E-02
 Energy calculation finished, energy: -1.740801594E+03
 QM energy (a.u.):   -1822.14835410566     
 XREF energy (a.u.):    81.3473625035901     
 R(factor) =   0.228140000000000         R(free) =   0.214066000000000     
Testing convergence  in cycle   26
    Energy  8.9895E-04 Target: 1.0000E-05 converged?   no
  Max step  1.3631E-02 Target: 1.8000E-02 converged?  yes component    99
  RMS step  3.7582E-03 Target: 1.2000E-02 converged?  yes
  Max grad  1.1187E-02 Target: 4.5000E-03 converged?   no component    87
  RMS grad  2.8897E-03 Target: 3.0000E-03 converged?  yes
 Predicted step length 5.4285E-01
 Trust radius          5.0000E-02
 Energy calculation finished, energy: -1.740800992E+03
 QM energy (a.u.):   -1822.14851061388     
 XREF energy (a.u.):    81.3465272167652     
 R(factor) =   0.228134000000000         R(free) =   0.214061000000000     
 Rejecting step, energy  6.019E-04 higher
 Energy calculation finished, energy: -1.740801983E+03
 QM energy (a.u.):   -1822.14845839545     
 XREF energy (a.u.):    81.3468465012358     
 R(factor) =   0.228137000000000         R(free) =   0.214064000000000     
Testing convergence  in cycle   28
    Energy  3.8989E-04 Target: 1.0000E-05 converged?   no
  Max step  6.7886E-03 Target: 1.8000E-02 converged?  yes component    99
  RMS step  1.8791E-03 Target: 1.2000E-02 converged?  yes
  Max grad  1.2078E-02 Target: 4.5000E-03 converged?   no component    87
  RMS grad  2.7324E-03 Target: 3.0000E-03 converged?  yes
 Predicted step length 5.0413E-02
 Trust radius          5.0000E-02
 Energy calculation finished, energy: -1.740801612E+03
 QM energy (a.u.):   -1822.14904102493     
 XREF energy (a.u.):    81.3455843510417     
 R(factor) =   0.228145000000000         R(free) =   0.214063000000000     
 Rejecting step, energy  3.715E-04 higher
 Energy calculation finished, energy: -1.740803457E+03
 QM energy (a.u.):   -1822.14878044972     
 XREF energy (a.u.):    81.3465335081668     
 R(factor) =   0.228138000000000         R(free) =   0.214062000000000     
Testing convergence  in cycle   30
    Energy  1.4733E-03 Target: 1.0000E-05 converged?   no
  Max step  6.7579E-03 Target: 1.8000E-02 converged?  yes component    99
  RMS step  1.8791E-03 Target: 1.2000E-02 converged?  yes
  Max grad  9.8784E-03 Target: 4.5000E-03 converged?   no component    87
  RMS grad  2.2913E-03 Target: 3.0000E-03 converged?  yes
 Predicted step length 1.3055E-01
 Trust radius          5.0000E-02
 Energy calculation finished, energy: -1.740802247E+03
 QM energy (a.u.):   -1822.14934741545     
 XREF energy (a.u.):    81.3452531774359     
 R(factor) =   0.228142000000000         R(free) =   0.214062000000000     
 Rejecting step, energy  1.210E-03 higher
 Energy calculation finished, energy: -1.740804094E+03
 QM energy (a.u.):   -1822.14908892663     
 XREF energy (a.u.):    81.3455603252514     
 R(factor) =   0.228143000000000         R(free) =   0.214063000000000     
Testing convergence  in cycle   32
    Energy  6.3757E-04 Target: 1.0000E-05 converged?   no
  Max step  6.7889E-03 Target: 1.8000E-02 converged?  yes component    99
  RMS step  1.8791E-03 Target: 1.2000E-02 converged?  yes
  Max grad  8.7521E-03 Target: 4.5000E-03 converged?   no component    87
  RMS grad  1.9559E-03 Target: 3.0000E-03 converged?  yes
 Predicted step length 2.2781E-01
 Trust radius          5.0000E-02
 Energy calculation finished, energy: -1.740803529E+03
 QM energy (a.u.):   -1822.14956030844     
 XREF energy (a.u.):    81.3449352736866     
 R(factor) =   0.228142000000000         R(free) =   0.214061000000000     
 Rejecting step, energy  5.656E-04 higher
 Energy calculation finished, energy: -1.740804625E+03
 QM energy (a.u.):   -1822.14934100010     
 XREF energy (a.u.):    81.3452521353345     
 R(factor) =   0.228142000000000         R(free) =   0.214062000000000     
Testing convergence  in cycle   34
    Energy  5.3079E-04 Target: 1.0000E-05 converged?   no
  Max step  6.7620E-03 Target: 1.8000E-02 converged?  yes component    99
  RMS step  1.8791E-03 Target: 1.2000E-02 converged?  yes
  Max grad  7.8603E-03 Target: 4.5000E-03 converged?   no component    87
  RMS grad  1.8168E-03 Target: 3.0000E-03 converged?  yes
 Predicted step length 2.1411E-01
 Trust radius          5.0000E-02
 Energy calculation finished, energy: -1.740804089E+03
 QM energy (a.u.):   -1822.14982426476     
 XREF energy (a.u.):    81.3449871356223     
 R(factor) =   0.228141000000000         R(free) =   0.214062000000000     
 Rejecting step, energy  5.362E-04 higher
 Energy calculation finished, energy: -1.740804837E+03
 QM energy (a.u.):   -1822.14960017682     
 XREF energy (a.u.):    81.3449250974050     
 R(factor) =   0.228142000000000         R(free) =   0.214061000000000     
Testing convergence  in cycle   36
    Energy  2.1210E-04 Target: 1.0000E-05 converged?   no
  Max step  6.7024E-03 Target: 1.8000E-02 converged?  yes component    99
  RMS step  1.8791E-03 Target: 1.2000E-02 converged?  yes
  Max grad  6.8237E-03 Target: 4.5000E-03 converged?   no component    87
  RMS grad  1.5817E-03 Target: 3.0000E-03 converged?  yes
 Predicted step length 2.3484E-01
 Trust radius          5.0000E-02
 Energy calculation finished, energy: -1.740804675E+03
 QM energy (a.u.):   -1822.15006085327     
 XREF energy (a.u.):    81.3447064440246     
 R(factor) =   0.228138000000000         R(free) =   0.214062000000000     
 Rejecting step, energy  1.620E-04 higher
 Energy calculation finished, energy: -1.740805354E+03
 QM energy (a.u.):   -1822.14984736297     
 XREF energy (a.u.):    81.3450009647202     
 R(factor) =   0.228140000000000         R(free) =   0.214062000000000     
Testing convergence  in cycle   38
    Energy  5.1728E-04 Target: 1.0000E-05 converged?   no
  Max step  6.6661E-03 Target: 1.8000E-02 converged?  yes component    99
  RMS step  1.8791E-03 Target: 1.2000E-02 converged?  yes
  Max grad  5.7476E-03 Target: 4.5000E-03 converged?   no component    87
  RMS grad  1.4000E-03 Target: 3.0000E-03 converged?  yes
 Predicted step length 2.1856E-01
 Trust radius          5.0000E-02
 Energy calculation finished, energy: -1.740804846E+03
 QM energy (a.u.):   -1822.15026784097     
 XREF energy (a.u.):    81.3443692537351     
 R(factor) =   0.228137000000000         R(free) =   0.214062000000000     
 Rejecting step, energy  5.080E-04 higher
 Energy calculation finished, energy: -1.740805899E+03
 QM energy (a.u.):   -1822.15007495615     
 XREF energy (a.u.):    81.3446924545194     
 R(factor) =   0.228138000000000         R(free) =   0.214062000000000     
Testing convergence  in cycle   40
    Energy  5.4418E-04 Target: 1.0000E-05 converged?   no
  Max step  6.6075E-03 Target: 1.8000E-02 converged?  yes component    99
  RMS step  1.8791E-03 Target: 1.2000E-02 converged?  yes
  Max grad  4.8260E-03 Target: 4.5000E-03 converged?   no component    14
  RMS grad  1.2548E-03 Target: 3.0000E-03 converged?  yes
 Predicted step length 2.1801E-01
 Trust radius          5.0000E-02
 Energy calculation finished, energy: -1.740805382E+03
 QM energy (a.u.):   -1822.15048195667     
 XREF energy (a.u.):    81.3440912420225     
 R(factor) =   0.228134000000000         R(free) =   0.214062000000000     
 Rejecting step, energy  5.161E-04 higher
 Energy calculation finished, energy: -1.740806391E+03
 QM energy (a.u.):   -1822.15029553886     
 XREF energy (a.u.):    81.3443772483777     
 R(factor) =   0.228136000000000         R(free) =   0.214062000000000     
Testing convergence  in cycle   42
    Energy  4.9212E-04 Target: 1.0000E-05 converged?   no
  Max step  6.6850E-03 Target: 1.8000E-02 converged?  yes component   154
  RMS step  1.8791E-03 Target: 1.2000E-02 converged?  yes
  Max grad  4.1257E-03 Target: 4.5000E-03 converged?  yes component    14
  RMS grad  1.1105E-03 Target: 3.0000E-03 converged?  yes
 Predicted step length 2.2189E-01
 Trust radius          5.0000E-02
 Energy calculation finished, energy: -1.740805918E+03
 QM energy (a.u.):   -1822.15066534953     
 XREF energy (a.u.):    81.3429845235502     
 R(factor) =   0.228181000000000         R(free) =   0.214064000000000     
 Rejecting step, energy  4.724E-04 higher
 Energy calculation finished, energy: -1.740807681E+03
 QM energy (a.u.):   -1822.15049016675     
 XREF energy (a.u.):    81.3440792076830     
 R(factor) =   0.228134000000000         R(free) =   0.214062000000000     
Testing convergence  in cycle   44
    Energy  1.2901E-03 Target: 1.0000E-05 converged?   no
  Max step  6.8887E-03 Target: 1.8000E-02 converged?  yes component   154
  RMS step  1.8791E-03 Target: 1.2000E-02 converged?  yes
  Max grad  4.0479E-03 Target: 4.5000E-03 converged?  yes component    14
  RMS grad  1.0355E-03 Target: 3.0000E-03 converged?  yes
 Predicted step length 2.3506E-01
 Trust radius          5.0000E-02
 Energy calculation finished, energy: -1.740806411E+03
 QM energy (a.u.):   -1822.15086980877     
 XREF energy (a.u.):    81.3427005419964     
 R(factor) =   0.228178000000000         R(free) =   0.214064000000000     
 Rejecting step, energy  1.270E-03 higher
 Energy calculation finished, energy: -1.740808169E+03
 QM energy (a.u.):   -1822.15068959557     
 XREF energy (a.u.):    81.3429855456153     
 R(factor) =   0.228180000000000         R(free) =   0.214064000000000     
Testing convergence  in cycle   46
    Energy  4.8844E-04 Target: 1.0000E-05 converged?   no
  Max step  7.0621E-03 Target: 1.8000E-02 converged?  yes component   154
  RMS step  1.8791E-03 Target: 1.2000E-02 converged?  yes
  Max grad  3.3626E-03 Target: 4.5000E-03 converged?  yes component   154
  RMS grad  9.6597E-04 Target: 3.0000E-03 converged?  yes
 Predicted step length 2.2407E-01
 Trust radius          5.0000E-02
 Energy calculation finished, energy: -1.740807704E+03
 QM energy (a.u.):   -1822.15101609533     
 XREF energy (a.u.):    81.3424156939911     
 R(factor) =   0.228174000000000         R(free) =   0.214064000000000     
 Rejecting step, energy  4.652E-04 higher
 Energy calculation finished, energy: -1.740808600E+03
 QM energy (a.u.):   -1822.15087795429     
 XREF energy (a.u.):    81.3426925756863     
 R(factor) =   0.228177000000000         R(free) =   0.214064000000000     
Testing convergence  in cycle   48
    Energy  4.3113E-04 Target: 1.0000E-05 converged?   no
  Max step  7.2324E-03 Target: 1.8000E-02 converged?  yes component   154
  RMS step  1.8791E-03 Target: 1.2000E-02 converged?  yes
  Max grad  3.1200E-03 Target: 4.5000E-03 converged?  yes component   154
  RMS grad  9.4236E-04 Target: 3.0000E-03 converged?  yes
 Predicted step length 2.3068E-01
 Trust radius          5.0000E-02
 Energy calculation finished, energy: -1.740808185E+03
 QM energy (a.u.):   -1822.15119927788     
 XREF energy (a.u.):    81.3422084368238     
 R(factor) =   0.228171000000000         R(free) =   0.214064000000000     
 Rejecting step, energy  4.150E-04 higher
 Energy calculation finished, energy: -1.740808991E+03
 QM energy (a.u.):   -1822.15105587647     
 XREF energy (a.u.):    81.3424129153041     
 R(factor) =   0.228174000000000         R(free) =   0.214064000000000     
Testing convergence  in cycle   50
    Energy  3.9044E-04 Target: 1.0000E-05 converged?   no
  Max step  7.3846E-03 Target: 1.8000E-02 converged?  yes component   154
  RMS step  1.8791E-03 Target: 1.2000E-02 converged?  yes
  Max grad  2.8353E-03 Target: 4.5000E-03 converged?  yes component   154
  RMS grad  9.3824E-04 Target: 3.0000E-03 converged?  yes
 Predicted step length 2.3556E-01
 Trust radius          5.0000E-02
 Energy calculation finished, energy: -1.740808643E+03
 QM energy (a.u.):   -1822.15135417568     
 XREF energy (a.u.):    81.3418711167800     
 R(factor) =   0.228169000000000         R(free) =   0.214064000000000     
 Rejecting step, energy  3.479E-04 higher
 Energy calculation finished, energy: -1.740809483E+03
 QM energy (a.u.):   -1822.15122269145     
 XREF energy (a.u.):    81.3421928063398     
 R(factor) =   0.228171000000000         R(free) =   0.214064000000000     
Testing convergence  in cycle   52
    Energy  4.9222E-04 Target: 1.0000E-05 converged?   no
  Max step  7.4874E-03 Target: 1.8000E-02 converged?  yes component   154
  RMS step  1.8791E-03 Target: 1.2000E-02 converged?  yes
  Max grad  2.5902E-03 Target: 4.5000E-03 converged?  yes component   154
  RMS grad  9.5584E-04 Target: 3.0000E-03 converged?  yes
 Predicted step length 2.2802E-01
 Trust radius          5.0000E-02
 Energy calculation finished, energy: -1.740809030E+03
 QM energy (a.u.):   -1822.15150946199     
 XREF energy (a.u.):    81.3415665910689     
 R(factor) =   0.228165000000000         R(free) =   0.214064000000000     
 Rejecting step, energy  4.532E-04 higher
 Energy calculation finished, energy: -1.740809943E+03
 QM energy (a.u.):   -1822.15137575114     
 XREF energy (a.u.):    81.3410468187875     
 R(factor) =   0.228295000000000         R(free) =   0.214053000000000     
Testing convergence  in cycle   54
    Energy  4.5981E-04 Target: 1.0000E-05 converged?   no
  Max step  7.6077E-03 Target: 1.8000E-02 converged?  yes component   154
  RMS step  1.8791E-03 Target: 1.2000E-02 converged?  yes
  Max grad  3.1260E-03 Target: 4.5000E-03 converged?  yes component    24
  RMS grad  9.8388E-04 Target: 3.0000E-03 converged?  yes
 Predicted step length 2.5041E-01
 Trust radius          5.0000E-02
 Energy calculation finished, energy: -1.740810329E+03
 QM energy (a.u.):   -1822.15165556951     
 XREF energy (a.u.):    81.3404661046573     
 R(factor) =   0.228290000000000         R(free) =   0.214053000000000     
Testing convergence  in cycle   55
    Energy  3.8606E-04 Target: 1.0000E-05 converged?   no
  Max step  1.5335E-02 Target: 1.8000E-02 converged?  yes component   154
  RMS step  3.7582E-03 Target: 1.2000E-02 converged?  yes
  Max grad  2.6000E-03 Target: 4.5000E-03 converged?  yes component   174
  RMS grad  9.2985E-04 Target: 3.0000E-03 converged?  yes
 Predicted step length 5.4493E-01
 Trust radius          5.0000E-02
 Energy calculation finished, energy: -1.740811189E+03
 QM energy (a.u.):   -1822.15183026989     
 XREF energy (a.u.):    81.3399923244801     
 R(factor) =   0.228286000000000         R(free) =   0.214053000000000     
Testing convergence  in cycle   56
    Energy  8.6053E-04 Target: 1.0000E-05 converged?   no
  Max step  1.5069E-02 Target: 1.8000E-02 converged?  yes component   154
  RMS step  3.7582E-03 Target: 1.2000E-02 converged?  yes
  Max grad  3.4602E-03 Target: 4.5000E-03 converged?  yes component    24
  RMS grad  1.0455E-03 Target: 3.0000E-03 converged?  yes
 Predicted step length 2.6814E-01
 Trust radius          5.0000E-02
 Energy calculation finished, energy: -1.740811838E+03
 QM energy (a.u.):   -1822.15201708639     
 XREF energy (a.u.):    81.3393107569616     
 R(factor) =   0.228281000000000         R(free) =   0.214052000000000     
Testing convergence  in cycle   57
    Energy  6.4849E-04 Target: 1.0000E-05 converged?   no
  Max step  1.5009E-02 Target: 1.8000E-02 converged?  yes component   154
  RMS step  3.7582E-03 Target: 1.2000E-02 converged?  yes
  Max grad  4.3837E-03 Target: 4.5000E-03 converged?  yes component    27
  RMS grad  1.3638E-03 Target: 3.0000E-03 converged?  yes
 Predicted step length 6.1762E-01
 Trust radius          5.0000E-02
 Energy calculation finished, energy: -1.740812706E+03
 QM energy (a.u.):   -1822.15213875015     
 XREF energy (a.u.):    81.3387495653761     
 R(factor) =   0.228277000000000         R(free) =   0.214052000000000     
Testing convergence  in cycle   58
    Energy  8.6838E-04 Target: 1.0000E-05 converged?   no
  Max step  1.4952E-02 Target: 1.8000E-02 converged?  yes component   154
  RMS step  3.7582E-03 Target: 1.2000E-02 converged?  yes
  Max grad  4.9756E-03 Target: 4.5000E-03 converged?   no component    24
  RMS grad  1.4077E-03 Target: 3.0000E-03 converged?  yes
 Predicted step length 2.6894E-01
 Trust radius          5.0000E-02
 Energy calculation finished, energy: -1.740813389E+03
 QM energy (a.u.):   -1822.15222767592     
 XREF energy (a.u.):    81.3373303698180     
 R(factor) =   0.228399000000000         R(free) =   0.214039000000000     
Testing convergence  in cycle   59
    Energy  6.8285E-04 Target: 1.0000E-05 converged?   no
  Max step  1.4963E-02 Target: 1.8000E-02 converged?  yes component   154
  RMS step  3.7582E-03 Target: 1.2000E-02 converged?  yes
  Max grad  5.7151E-03 Target: 4.5000E-03 converged?   no component    24
  RMS grad  1.5449E-03 Target: 3.0000E-03 converged?  yes
 Predicted step length 3.7047E-01
 Trust radius          5.0000E-02
 Energy calculation finished, energy: -1.740814897E+03
 QM energy (a.u.):   -1822.15225419980     
 XREF energy (a.u.):    81.3358520047887     
 R(factor) =   0.228435000000000         R(free) =   0.214028000000000     
Testing convergence  in cycle   60
    Energy  1.5081E-03 Target: 1.0000E-05 converged?   no
  Max step  1.5010E-02 Target: 1.8000E-02 converged?  yes component   154
  RMS step  3.7582E-03 Target: 1.2000E-02 converged?  yes
  Max grad  6.6153E-03 Target: 4.5000E-03 converged?   no component    24
  RMS grad  1.6581E-03 Target: 3.0000E-03 converged?  yes
 Predicted step length 2.0069E-01
 Trust radius          5.0000E-02
 Energy calculation finished, energy: -1.740816402E+03
 QM energy (a.u.):   -1822.15232863896     
 XREF energy (a.u.):    81.3352631541788     
 R(factor) =   0.228432000000000         R(free) =   0.214026000000000     
Testing convergence  in cycle   61
    Energy  1.5049E-03 Target: 1.0000E-05 converged?   no
  Max step  1.4991E-02 Target: 1.8000E-02 converged?  yes component   154
  RMS step  3.7582E-03 Target: 1.2000E-02 converged?  yes
  Max grad  7.6080E-03 Target: 4.5000E-03 converged?   no component    24
  RMS grad  1.8595E-03 Target: 3.0000E-03 converged?  yes
 Predicted step length 2.9374E-01
 Trust radius          5.0000E-02
 Energy calculation finished, energy: -1.740817065E+03
 QM energy (a.u.):   -1822.15241866410     
 XREF energy (a.u.):    81.3346978988984     
 R(factor) =   0.228432000000000         R(free) =   0.214025000000000     
Testing convergence  in cycle   62
    Energy  6.6328E-04 Target: 1.0000E-05 converged?   no
  Max step  1.4943E-02 Target: 1.8000E-02 converged?  yes component   154
  RMS step  3.7582E-03 Target: 1.2000E-02 converged?  yes
  Max grad  7.9216E-03 Target: 4.5000E-03 converged?   no component    24
  RMS grad  1.9425E-03 Target: 3.0000E-03 converged?  yes
 Predicted step length 2.3608E-01
 Trust radius          5.0000E-02
 Energy calculation finished, energy: -1.740817721E+03
 QM energy (a.u.):   -1822.15249559953     
 XREF energy (a.u.):    81.3341462273362     
 R(factor) =   0.228431000000000         R(free) =   0.214023000000000     
Testing convergence  in cycle   63
    Energy  6.5529E-04 Target: 1.0000E-05 converged?   no
  Max step  1.4670E-02 Target: 1.8000E-02 converged?  yes component   154
  RMS step  3.7582E-03 Target: 1.2000E-02 converged?  yes
  Max grad  7.6869E-03 Target: 4.5000E-03 converged?   no component    24
  RMS grad  1.8921E-03 Target: 3.0000E-03 converged?  yes
 Predicted step length 2.4807E-01
 Trust radius          5.0000E-02
 Energy calculation finished, energy: -1.740818349E+03
 QM energy (a.u.):   -1822.15253949808     
 XREF energy (a.u.):    81.3335249955558     
 R(factor) =   0.228430000000000         R(free) =   0.214020000000000     
Testing convergence  in cycle   64
    Energy  6.2860E-04 Target: 1.0000E-05 converged?   no
  Max step  1.4272E-02 Target: 1.8000E-02 converged?  yes component   154
  RMS step  3.7582E-03 Target: 1.2000E-02 converged?  yes
  Max grad  7.1288E-03 Target: 4.5000E-03 converged?   no component    24
  RMS grad  1.7985E-03 Target: 3.0000E-03 converged?  yes
 Predicted step length 1.9174E-01
 Trust radius          5.0000E-02
 Energy calculation finished, energy: -1.740819015E+03
 QM energy (a.u.):   -1822.15254085120     
 XREF energy (a.u.):    81.3328588960599     
 R(factor) =   0.228428000000000         R(free) =   0.214017000000000     
Testing convergence  in cycle   65
    Energy  6.6513E-04 Target: 1.0000E-05 converged?   no
  Max step  1.3473E-02 Target: 1.8000E-02 converged?  yes component   154
  RMS step  3.7582E-03 Target: 1.2000E-02 converged?  yes
  Max grad  7.0668E-03 Target: 4.5000E-03 converged?   no component    14
  RMS grad  1.7203E-03 Target: 3.0000E-03 converged?  yes
 Predicted step length 1.9627E-01
 Trust radius          5.0000E-02
 Energy calculation finished, energy: -1.740819682E+03
 QM energy (a.u.):   -1822.15251082781     
 XREF energy (a.u.):    81.3321224750389     
 R(factor) =   0.228429000000000         R(free) =   0.214014000000000     
Testing convergence  in cycle   66
    Energy  6.6746E-04 Target: 1.0000E-05 converged?   no
  Max step  1.3543E-02 Target: 1.8000E-02 converged?  yes component    90
  RMS step  3.7582E-03 Target: 1.2000E-02 converged?  yes
  Max grad  8.0854E-03 Target: 4.5000E-03 converged?   no component    14
  RMS grad  1.7012E-03 Target: 3.0000E-03 converged?  yes
 Predicted step length 2.3385E-01
 Trust radius          5.0000E-02
 Energy calculation finished, energy: -1.740820388E+03
 QM energy (a.u.):   -1822.15248832680     
 XREF energy (a.u.):    81.3315224596436     
 R(factor) =   0.228430000000000         R(free) =   0.214011000000000     
Testing convergence  in cycle   67
    Energy  7.0639E-04 Target: 1.0000E-05 converged?   no
  Max step  1.4296E-02 Target: 1.8000E-02 converged?  yes component    90
  RMS step  3.7582E-03 Target: 1.2000E-02 converged?  yes
  Max grad  8.2621E-03 Target: 4.5000E-03 converged?   no component    14
  RMS grad  1.6314E-03 Target: 3.0000E-03 converged?  yes
 Predicted step length 2.1617E-01
 Trust radius          5.0000E-02
 Energy calculation finished, energy: -1.740820966E+03
 QM energy (a.u.):   -1822.15249073078     
 XREF energy (a.u.):    81.3316998866875     
 R(factor) =   0.228420000000000         R(free) =   0.214019000000000     
Testing convergence  in cycle   68
    Energy  5.7752E-04 Target: 1.0000E-05 converged?   no
  Max step  1.5000E-02 Target: 1.8000E-02 converged?  yes component    90
  RMS step  3.7582E-03 Target: 1.2000E-02 converged?  yes
  Max grad  7.3509E-03 Target: 4.5000E-03 converged?   no component    14
  RMS grad  1.6172E-03 Target: 3.0000E-03 converged?  yes
 Predicted step length 2.2017E-01
 Trust radius          5.0000E-02
 Energy calculation finished, energy: -1.740820791E+03
 QM energy (a.u.):   -1822.15249876596     
 XREF energy (a.u.):    81.3314578602071     
 R(factor) =   0.228420000000000         R(free) =   0.214017000000000     
 Rejecting step, energy  1.750E-04 higher
 Energy calculation finished, energy: -1.740821041E+03
 QM energy (a.u.):   -1822.15252430591     
 XREF energy (a.u.):    81.3317311105327     
 R(factor) =   0.228420000000000         R(free) =   0.214018000000000     
Testing convergence  in cycle   70
    Energy  7.5040E-05 Target: 1.0000E-05 converged?   no
  Max step  7.7459E-03 Target: 1.8000E-02 converged?  yes component    90
  RMS step  1.8791E-03 Target: 1.2000E-02 converged?  yes
  Max grad  5.1763E-03 Target: 4.5000E-03 converged?   no component     2
  RMS grad  1.6846E-03 Target: 3.0000E-03 converged?  yes
 Predicted step length 2.8933E-02
 Trust radius          5.0000E-02
 Energy calculation finished, energy: -1.740820793E+03
 QM energy (a.u.):   -1822.15275293491     
 XREF energy (a.u.):    81.3312002729929     
 R(factor) =   0.228422000000000         R(free) =   0.213998000000000     
 Rejecting step, energy  2.477E-04 higher
 Energy calculation finished, energy: -1.740821553E+03
 QM energy (a.u.):   -1822.15265218080     
 XREF energy (a.u.):    81.3316406424143     
 R(factor) =   0.228420000000000         R(free) =   0.214017000000000     
Testing convergence  in cycle   72
    Energy  5.1175E-04 Target: 1.0000E-05 converged?   no
  Max step  3.9468E-03 Target: 1.8000E-02 converged?  yes component   171
  RMS step  1.0874E-03 Target: 1.2000E-02 converged?  yes
  Max grad  4.5684E-03 Target: 4.5000E-03 converged?   no component    14
  RMS grad  1.2534E-03 Target: 3.0000E-03 converged?  yes
 Predicted step length 8.2510E-02
 Trust radius          2.8933E-02
 Energy calculation finished, energy: -1.740821012E+03
 QM energy (a.u.):   -1822.15280375470     
 XREF energy (a.u.):    81.3310015871358     
 R(factor) =   0.228423000000000         R(free) =   0.213996000000000     
 Rejecting step, energy  5.411E-04 higher
 Energy calculation finished, energy: -1.740821802E+03
 QM energy (a.u.):   -1822.15275064945     
 XREF energy (a.u.):    81.3301296315857     
 R(factor) =   0.228526000000000         R(free) =   0.213985000000000     
Testing convergence  in cycle   74
    Energy  2.4951E-04 Target: 1.0000E-05 converged?   no
  Max step  4.1895E-03 Target: 1.8000E-02 converged?  yes component    90
  RMS step  1.0874E-03 Target: 1.2000E-02 converged?  yes
  Max grad  3.6613E-03 Target: 4.5000E-03 converged?  yes component    14
  RMS grad  1.2050E-03 Target: 3.0000E-03 converged?  yes
 Predicted step length 1.4363E-01
 Trust radius          2.8933E-02
 Energy calculation finished, energy: -1.740822621E+03
 QM energy (a.u.):   -1822.15284122073     
 XREF energy (a.u.):    81.3292218164352     
 R(factor) =   0.228577000000000         R(free) =   0.213980000000000     
Testing convergence  in cycle   75
    Energy  8.1885E-04 Target: 1.0000E-05 converged?   no
  Max step  8.6552E-03 Target: 1.8000E-02 converged?  yes component    90
  RMS step  2.1748E-03 Target: 1.2000E-02 converged?  yes
  Max grad  4.1773E-03 Target: 4.5000E-03 converged?  yes component    14
  RMS grad  1.2874E-03 Target: 3.0000E-03 converged?  yes
 Predicted step length 2.9179E-01
 Trust radius          2.8933E-02
 Energy calculation finished, energy: -1.740823619E+03
 QM energy (a.u.):   -1822.15287238440     
 XREF energy (a.u.):    81.3289347878970     
 R(factor) =   0.228576000000000         R(free) =   0.213978000000000     
Testing convergence  in cycle   76
    Energy  9.9838E-04 Target: 1.0000E-05 converged?   no
  Max step  9.0306E-03 Target: 1.8000E-02 converged?  yes component    90
  RMS step  2.1748E-03 Target: 1.2000E-02 converged?  yes
  Max grad  3.3259E-03 Target: 4.5000E-03 converged?  yes component    27
  RMS grad  1.1552E-03 Target: 3.0000E-03 converged?  yes
 Predicted step length 1.6913E-01
 Trust radius          5.0000E-02
 Energy calculation finished, energy: -1.740823938E+03
 QM energy (a.u.):   -1822.15281939421     
 XREF energy (a.u.):    81.3276999618286     
 R(factor) =   0.228673000000000         R(free) =   0.213948000000000     
Testing convergence  in cycle   77
    Energy  3.1820E-04 Target: 1.0000E-05 converged?   no
  Max step  1.5684E-02 Target: 1.8000E-02 converged?  yes component    90
  RMS step  3.7582E-03 Target: 1.2000E-02 converged?  yes
  Max grad  3.5274E-03 Target: 4.5000E-03 converged?  yes component    27
  RMS grad  1.1329E-03 Target: 3.0000E-03 converged?  yes
 Predicted step length 3.6802E-01
 Trust radius          5.0000E-02
 Energy calculation finished, energy: -1.740825119E+03
 QM energy (a.u.):   -1822.15252549109     
 XREF energy (a.u.):    81.3272192967761     
 R(factor) =   0.228676000000000         R(free) =   0.213943000000000     
Testing convergence  in cycle   78
    Energy  1.1818E-03 Target: 1.0000E-05 converged?   no
  Max step  1.6037E-02 Target: 1.8000E-02 converged?  yes component    90
  RMS step  3.7582E-03 Target: 1.2000E-02 converged?  yes
  Max grad  3.9691E-03 Target: 4.5000E-03 converged?  yes component    27
  RMS grad  1.0713E-03 Target: 3.0000E-03 converged?  yes
 Predicted step length 1.2478E-01
 Trust radius          5.0000E-02
 Energy calculation finished, energy: -1.740825306E+03
 QM energy (a.u.):   -1822.15225471622     
 XREF energy (a.u.):    81.3267018603244     
 R(factor) =   0.228678000000000         R(free) =   0.213939000000000     
Testing convergence  in cycle   79
    Energy  1.8676E-04 Target: 1.0000E-05 converged?   no
  Max step  1.6733E-02 Target: 1.8000E-02 converged?  yes component    90
  RMS step  3.7582E-03 Target: 1.2000E-02 converged?  yes
  Max grad  5.7339E-03 Target: 4.5000E-03 converged?   no component    40
  RMS grad  1.6677E-03 Target: 3.0000E-03 converged?  yes
 Predicted step length 2.8103E-01
 Trust radius          5.0000E-02
 Energy calculation finished, energy: -1.740825553E+03
 QM energy (a.u.):   -1822.15198119340     
 XREF energy (a.u.):    81.3261731570808     
 R(factor) =   0.228677000000000         R(free) =   0.213934000000000     
Testing convergence  in cycle   80
    Energy  2.4667E-04 Target: 1.0000E-05 converged?   no
  Max step  1.6608E-02 Target: 1.8000E-02 converged?  yes component    90
  RMS step  3.7582E-03 Target: 1.2000E-02 converged?  yes
  Max grad  5.8475E-03 Target: 4.5000E-03 converged?   no component    13
  RMS grad  1.8831E-03 Target: 3.0000E-03 converged?  yes
 Predicted step length 1.7498E-01
 Trust radius          5.0000E-02
 Energy calculation finished, energy: -1.740825808E+03
 QM energy (a.u.):   -1822.15168838697     
 XREF energy (a.u.):    81.3256130604087     
 R(factor) =   0.228676000000000         R(free) =   0.213930000000000     
Testing convergence  in cycle   81
    Energy  2.5518E-04 Target: 1.0000E-05 converged?   no
  Max step  1.6106E-02 Target: 1.8000E-02 converged?  yes component    90
  RMS step  3.7582E-03 Target: 1.2000E-02 converged?  yes
  Max grad  7.4097E-03 Target: 4.5000E-03 converged?   no component    88
  RMS grad  1.8870E-03 Target: 3.0000E-03 converged?  yes
 Predicted step length 1.6550E-01
 Trust radius          5.0000E-02
 Energy calculation finished, energy: -1.740826075E+03
 QM energy (a.u.):   -1822.15131644709     
 XREF energy (a.u.):    81.3250871607632     
 R(factor) =   0.228675000000000         R(free) =   0.213927000000000     
Testing convergence  in cycle   82
    Energy  2.6729E-04 Target: 1.0000E-05 converged?   no
  Max step  1.5392E-02 Target: 1.8000E-02 converged?  yes component    90
  RMS step  3.7582E-03 Target: 1.2000E-02 converged?  yes
  Max grad  7.7825E-03 Target: 4.5000E-03 converged?   no component    88
  RMS grad  1.8124E-03 Target: 3.0000E-03 converged?  yes
 Predicted step length 6.8732E-02
 Trust radius          5.0000E-02
 Energy calculation finished, energy: -1.740826229E+03
 QM energy (a.u.):   -1822.15100887510     
 XREF energy (a.u.):    81.3246144139928     
 R(factor) =   0.228672000000000         R(free) =   0.213925000000000     
Testing convergence  in cycle   83
    Energy  1.5396E-04 Target: 1.0000E-05 converged?   no
  Max step  1.4562E-02 Target: 1.8000E-02 converged?  yes component    99
  RMS step  3.7582E-03 Target: 1.2000E-02 converged?  yes
  Max grad  6.9782E-03 Target: 4.5000E-03 converged?   no component    88
  RMS grad  1.9760E-03 Target: 3.0000E-03 converged?  yes
 Predicted step length 7.2093E-02
 Trust radius          5.0000E-02
 Energy calculation finished, energy: -1.740826394E+03
 QM energy (a.u.):   -1822.15098938773     
 XREF energy (a.u.):    81.3254768293860     
 R(factor) =   0.228656000000000         R(free) =   0.213935000000000     
Testing convergence  in cycle   84
    Energy  1.6517E-04 Target: 1.0000E-05 converged?   no
  Max step  1.5413E-02 Target: 1.8000E-02 converged?  yes component    99
  RMS step  3.7582E-03 Target: 1.2000E-02 converged?  yes
  Max grad  7.5515E-03 Target: 4.5000E-03 converged?   no component    14
  RMS grad  2.3961E-03 Target: 3.0000E-03 converged?  yes
 Predicted step length 1.3699E-01
 Trust radius          5.0000E-02
 Energy calculation finished, energy: -1.740825513E+03
 QM energy (a.u.):   -1822.15118626445     
 XREF energy (a.u.):    81.3252372228263     
 R(factor) =   0.228652000000000         R(free) =   0.213937000000000     
 Rejecting step, energy  8.819E-04 higher
 Energy calculation finished, energy: -1.740825949E+03
 QM energy (a.u.):   -1822.15114064036     
 XREF energy (a.u.):    81.3253456216828     
 R(factor) =   0.228653000000000         R(free) =   0.213936000000000     
 Rejecting step, energy  4.454E-04 higher
 Energy calculation finished, energy: -1.740825795E+03
 QM energy (a.u.):   -1822.15107196508     
 XREF energy (a.u.):    81.3254115162641     
 R(factor) =   0.228654000000000         R(free) =   0.213935000000000     
 Rejecting step, energy  5.994E-04 higher
 Energy calculation finished, energy: -1.740825660E+03
 QM energy (a.u.):   -1822.15103851509     
 XREF energy (a.u.):    81.3254442135751     
 R(factor) =   0.228655000000000         R(free) =   0.213935000000000     
 Rejecting step, energy  7.340E-04 higher
 Energy calculation finished, energy: -1.740825594E+03
 QM energy (a.u.):   -1822.15101363589     
 XREF energy (a.u.):    81.3254596041391     
 R(factor) =   0.228655000000000         R(free) =   0.213935000000000     
 Rejecting step, energy  8.002E-04 higher
 Energy calculation finished, energy: -1.740825554E+03
 QM energy (a.u.):   -1822.15100921935     
 XREF energy (a.u.):    81.3254673623836     
 R(factor) =   0.228655000000000         R(free) =   0.213935000000000     
 Rejecting step, energy  8.404E-04 higher
 Energy calculation finished, energy: -1.740825542E+03
 QM energy (a.u.):   -1822.15099930866     
 XREF energy (a.u.):    81.3254729382050     
 R(factor) =   0.228656000000000         R(free) =   0.213935000000000     
 Rejecting step, energy  8.526E-04 higher
 Energy calculation finished, energy: -1.740825526E+03
 QM energy (a.u.):   -1822.15100181993     
 XREF energy (a.u.):    81.3254748833246     
 R(factor) =   0.228656000000000         R(free) =   0.213935000000000     
 Rejecting step, energy  8.681E-04 higher
 Energy calculation finished, energy: -1.740825527E+03
 QM energy (a.u.):   -1822.15100291609     
 XREF energy (a.u.):    81.3254758558223     
 R(factor) =   0.228656000000000         R(free) =   0.213935000000000     
 Rejecting step, energy  8.675E-04 higher
 Energy calculation finished, energy: -1.740825527E+03
 QM energy (a.u.):   -1822.15100398427     
 XREF energy (a.u.):    81.3254763430982     
 R(factor) =   0.228656000000000         R(free) =   0.213935000000000     
 Rejecting step, energy  8.674E-04 higher
 Energy calculation finished, energy: -1.740825528E+03
 QM energy (a.u.):   -1822.15100434005     
 XREF energy (a.u.):    81.3254765863425     
 R(factor) =   0.228656000000000         R(free) =   0.213935000000000     
 Rejecting step, energy  8.668E-04 higher
 Energy calculation finished, energy: -1.740825528E+03
 QM energy (a.u.):   -1822.15098929073     
 XREF energy (a.u.):    81.3254767082404     
 R(factor) =   0.228656000000000         R(free) =   0.213935000000000     
 Rejecting step, energy  8.667E-04 higher
 Energy calculation finished, energy: -1.740825513E+03
 QM energy (a.u.):   -1822.15098892559     
 XREF energy (a.u.):    81.3254767686061     
 R(factor) =   0.228656000000000         R(free) =   0.213935000000000     
 Rejecting step, energy  8.819E-04 higher
 Energy calculation finished, energy: -1.740825512E+03
 QM energy (a.u.):   -1822.15098922494     
 XREF energy (a.u.):    81.3254767992239     
 R(factor) =   0.228656000000000         R(free) =   0.213935000000000     
 Rejecting step, energy  8.823E-04 higher
 Energy calculation finished, energy: -1.740825512E+03
 QM energy (a.u.):   -1822.15098944729     
 XREF energy (a.u.):    81.3254768145353     
 R(factor) =   0.228656000000000         R(free) =   0.213935000000000     
 Rejecting step, energy  8.820E-04 higher
 Energy calculation finished, energy: -1.740825513E+03
 QM energy (a.u.):   -1822.15098897648     
 XREF energy (a.u.):    81.3254768221097     
 R(factor) =   0.228656000000000         R(free) =   0.213935000000000     
 Rejecting step, energy  8.818E-04 higher
 Energy calculation finished, energy: -1.740825512E+03
 QM energy (a.u.):   -1822.15098946645     
 XREF energy (a.u.):    81.3254768261064     
 R(factor) =   0.228656000000000         R(free) =   0.213935000000000     
 Rejecting step, energy  8.823E-04 higher
 Energy calculation finished, energy: -1.740825513E+03
 QM energy (a.u.):   -1822.15098949769     
 XREF energy (a.u.):    81.3254768281160     
 R(factor) =   0.228656000000000         R(free) =   0.213935000000000     
 Rejecting step, energy  8.818E-04 higher
 Energy calculation finished, energy: -1.740825513E+03
 QM energy (a.u.):   -1822.15098948918     
 XREF energy (a.u.):    81.3254768283056     
 R(factor) =   0.228656000000000         R(free) =   0.213935000000000     
 Rejecting step, energy  8.818E-04 higher
 Step too small, restarting optimiser.
Testing convergence  in cycle  103
    Energy  8.8179E-04 Target: 1.0000E-05 converged?   no
  Max step  2.7814E-08 Target: 1.8000E-02 converged?  yes component    99
  RMS step  7.1683E-09 Target: 1.2000E-02 converged?  yes
  Max grad  1.1952E-02 Target: 4.5000E-03 converged?   no component    84
  RMS grad  2.6974E-03 Target: 3.0000E-03 converged?  yes
 Predicted step length 2.0000E-02
 Trust radius          5.0000E-02
 Energy calculation finished, energy: -1.740825513E+03
 QM energy (a.u.):   -1822.15179049400     
 XREF energy (a.u.):    81.3254411651454     
 R(factor) =   0.228655000000000         R(free) =   0.213936000000000     
 Rejecting step, energy  1.000E-08 higher
 Energy calculation finished, energy: -1.740826349E+03
 QM energy (a.u.):   -1822.15154721608     
 XREF energy (a.u.):    81.3254649935617     
 R(factor) =   0.228655000000000         R(free) =   0.213935000000000     
Testing convergence  in cycle  105
    Energy  8.3666E-04 Target: 1.0000E-05 converged?   no
  Max step  3.3304E-03 Target: 1.8000E-02 converged?  yes component    84
  RMS step  7.5165E-04 Target: 1.2000E-02 converged?  yes
  Max grad  3.0601E-03 Target: 4.5000E-03 converged?  yes component    54
  RMS grad  9.6103E-04 Target: 3.0000E-03 converged?  yes
 Predicted step length 4.3658E-03
 Trust radius          2.0000E-02
 Energy calculation finished, energy: -1.740826082E+03
 QM energy (a.u.):   -1822.15168540275     
 XREF energy (a.u.):    81.3254302821584     
 R(factor) =   0.228655000000000         R(free) =   0.213936000000000     
 Rejecting step, energy  2.671E-04 higher
 Energy calculation finished, energy: -1.740826255E+03
 QM energy (a.u.):   -1822.15162376831     
 XREF energy (a.u.):    81.3254674529416     
 R(factor) =   0.228655000000000         R(free) =   0.213936000000000     
 Rejecting step, energy  9.421E-05 higher
 Energy calculation finished, energy: -1.740826156E+03
 QM energy (a.u.):   -1822.15157780931     
 XREF energy (a.u.):    81.3254669814089     
 R(factor) =   0.228655000000000         R(free) =   0.213936000000000     
 Rejecting step, energy  1.930E-04 higher
 Energy calculation finished, energy: -1.740826111E+03
 QM energy (a.u.):   -1822.15156262072     
 XREF energy (a.u.):    81.3254664488779     
 R(factor) =   0.228655000000000         R(free) =   0.213935000000000     
 Rejecting step, energy  2.385E-04 higher
 Energy calculation finished, energy: -1.740826096E+03
 QM energy (a.u.):   -1822.15155505575     
 XREF energy (a.u.):    81.3254657585117     
 R(factor) =   0.228655000000000         R(free) =   0.213935000000000     
 Rejecting step, energy  2.532E-04 higher
 Energy calculation finished, energy: -1.740826089E+03
 QM energy (a.u.):   -1822.15155881437     
 XREF energy (a.u.):    81.3254653900086     
 R(factor) =   0.228655000000000         R(free) =   0.213935000000000     
 Rejecting step, energy  2.600E-04 higher
 Energy calculation finished, energy: -1.740826093E+03
 QM energy (a.u.):   -1822.15154522210     
 XREF energy (a.u.):    81.3254651910871     
 R(factor) =   0.228655000000000         R(free) =   0.213935000000000     
 Rejecting step, energy  2.559E-04 higher
 Energy calculation finished, energy: -1.740826080E+03
 QM energy (a.u.):   -1822.15154619487     
 XREF energy (a.u.):    81.3254650929961     
 R(factor) =   0.228655000000000         R(free) =   0.213935000000000     
 Rejecting step, energy  2.693E-04 higher
 Energy calculation finished, energy: -1.740826081E+03
 QM energy (a.u.):   -1822.15154686811     
 XREF energy (a.u.):    81.3254650434813     
 R(factor) =   0.228655000000000         R(free) =   0.213935000000000     
 Rejecting step, energy  2.682E-04 higher
 Energy calculation finished, energy: -1.740826082E+03
 QM energy (a.u.):   -1822.15154714660     
 XREF energy (a.u.):    81.3254650186115     
 R(factor) =   0.228655000000000         R(free) =   0.213935000000000     
 Rejecting step, energy  2.675E-04 higher
 Energy calculation finished, energy: -1.740826082E+03
 QM energy (a.u.):   -1822.15154647050     
 XREF energy (a.u.):    81.3254650064093     
 R(factor) =   0.228655000000000         R(free) =   0.213935000000000     
 Rejecting step, energy  2.672E-04 higher
 Energy calculation finished, energy: -1.740826081E+03
 QM energy (a.u.):   -1822.15154713897     
 XREF energy (a.u.):    81.3254649995106     
 R(factor) =   0.228655000000000         R(free) =   0.213935000000000     
 Rejecting step, energy  2.679E-04 higher
 Energy calculation finished, energy: -1.740826082E+03
 QM energy (a.u.):   -1822.15154717934     
 XREF energy (a.u.):    81.3254649969831     
 R(factor) =   0.228655000000000         R(free) =   0.213935000000000     
 Rejecting step, energy  2.672E-04 higher
 Energy calculation finished, energy: -1.740826082E+03
 QM energy (a.u.):   -1822.15154719835     
 XREF energy (a.u.):    81.3254649950501     
 R(factor) =   0.228655000000000         R(free) =   0.213935000000000     
 Rejecting step, energy  2.672E-04 higher
 Energy calculation finished, energy: -1.740826082E+03
 QM energy (a.u.):   -1822.15154720964     
 XREF energy (a.u.):    81.3254649941975     
 R(factor) =   0.228655000000000         R(free) =   0.213935000000000     
 Rejecting step, energy  2.671E-04 higher
 Energy calculation finished, energy: -1.740826082E+03
 QM energy (a.u.):   -1822.15154721252     
 XREF energy (a.u.):    81.3254649934453     
 R(factor) =   0.228655000000000         R(free) =   0.213935000000000     
 Rejecting step, energy  2.671E-04 higher
 Step too small, restarting optimiser.
Testing convergence  in cycle  121
    Energy  2.6711E-04 Target: 1.0000E-05 converged?   no
  Max step  1.6254E-08 Target: 1.8000E-02 converged?  yes component   160
  RMS step  5.0073E-09 Target: 1.2000E-02 converged?  yes
  Max grad  5.5752E-03 Target: 4.5000E-03 converged?   no component    84
  RMS grad  1.5447E-03 Target: 3.0000E-03 converged?  yes
 Predicted step length 2.0000E-02
 Trust radius          5.0000E-02
 Energy calculation finished, energy: -1.740826082E+03
 QM energy (a.u.):   -1822.15195570513     
 XREF energy (a.u.):    81.3254837533349     
 R(factor) =   0.228656000000000         R(free) =   0.213937000000000     
 Rejecting step, energy  0.000E+00 higher
 Energy calculation finished, energy: -1.740826472E+03
 QM energy (a.u.):   -1822.15185528042     
 XREF energy (a.u.):    81.3254541492880     
 R(factor) =   0.228656000000000         R(free) =   0.213936000000000     
Testing convergence  in cycle  123
    Energy  3.8973E-04 Target: 1.0000E-05 converged?   no
  Max step  2.7129E-03 Target: 1.8000E-02 converged?  yes component    84
  RMS step  7.5165E-04 Target: 1.2000E-02 converged?  yes
  Max grad  6.0171E-03 Target: 4.5000E-03 converged?   no component    84
  RMS grad  1.1825E-03 Target: 3.0000E-03 converged?  yes
 Predicted step length 3.9815E-03
 Trust radius          2.0000E-02
 Energy calculation finished, energy: -1.740826401E+03
 QM energy (a.u.):   -1822.15194537697     
 XREF energy (a.u.):    81.3254802065553     
 R(factor) =   0.228656000000000         R(free) =   0.213936000000000     
 Rejecting step, energy  7.082E-05 higher
 Energy calculation finished, energy: -1.740826465E+03
 QM energy (a.u.):   -1822.15189981337     
 XREF energy (a.u.):    81.3254665078874     
 R(factor) =   0.228656000000000         R(free) =   0.213936000000000     
 Rejecting step, energy  6.780E-06 higher
 Energy calculation finished, energy: -1.740826433E+03
 QM energy (a.u.):   -1822.15188536193     
 XREF energy (a.u.):    81.3254600695858     
 R(factor) =   0.228656000000000         R(free) =   0.213936000000000     
 Rejecting step, energy  3.864E-05 higher
 Energy calculation finished, energy: -1.740826425E+03
 QM energy (a.u.):   -1822.15187803287     
 XREF energy (a.u.):    81.3254553489569     
 R(factor) =   0.228656000000000         R(free) =   0.213936000000000     
 Rejecting step, energy  4.666E-05 higher
 Energy calculation finished, energy: -1.740826423E+03
 QM energy (a.u.):   -1822.15186673048     
 XREF energy (a.u.):    81.3254551191929     
 R(factor) =   0.228656000000000         R(free) =   0.213936000000000     
 Rejecting step, energy  4.927E-05 higher
 Energy calculation finished, energy: -1.740826412E+03
 QM energy (a.u.):   -1822.15186858671     
 XREF energy (a.u.):    81.3254546280381     
 R(factor) =   0.228656000000000         R(free) =   0.213936000000000     
 Rejecting step, energy  6.034E-05 higher
 Energy calculation finished, energy: -1.740826414E+03
 QM energy (a.u.):   -1822.15186961017     
 XREF energy (a.u.):    81.3254543873834     
 R(factor) =   0.228656000000000         R(free) =   0.213936000000000     
 Rejecting step, energy  5.799E-05 higher
 Energy calculation finished, energy: -1.740826415E+03
 QM energy (a.u.):   -1822.15185477997     
 XREF energy (a.u.):    81.3254542678568     
 R(factor) =   0.228656000000000         R(free) =   0.213936000000000     
 Rejecting step, energy  5.673E-05 higher
 Energy calculation finished, energy: -1.740826401E+03
 QM energy (a.u.):   -1822.15185500524     
 XREF energy (a.u.):    81.3254542084171     
 R(factor) =   0.228656000000000         R(free) =   0.213936000000000     
 Rejecting step, energy  7.144E-05 higher
 Energy calculation finished, energy: -1.740826401E+03
 QM energy (a.u.):   -1822.15185521121     
 XREF energy (a.u.):    81.3254541791665     
 R(factor) =   0.228656000000000         R(free) =   0.213936000000000     
 Rejecting step, energy  7.115E-05 higher
 Energy calculation finished, energy: -1.740826401E+03
 QM energy (a.u.):   -1822.15185532264     
 XREF energy (a.u.):    81.3254541639253     
 R(factor) =   0.228656000000000         R(free) =   0.213936000000000     
 Rejecting step, energy  7.092E-05 higher
 Energy calculation finished, energy: -1.740826401E+03
 QM energy (a.u.):   -1822.15185525408     
 XREF energy (a.u.):    81.3254541569548     
 R(factor) =   0.228656000000000         R(free) =   0.213936000000000     
 Rejecting step, energy  7.079E-05 higher
 Energy calculation finished, energy: -1.740826401E+03
 QM energy (a.u.):   -1822.15185525893     
 XREF energy (a.u.):    81.3254541530139     
 R(factor) =   0.228656000000000         R(free) =   0.213936000000000     
 Rejecting step, energy  7.085E-05 higher
 Energy calculation finished, energy: -1.740826401E+03
 QM energy (a.u.):   -1822.15185525630     
 XREF energy (a.u.):    81.3254541507940     
 R(factor) =   0.228656000000000         R(free) =   0.213936000000000     
 Rejecting step, energy  7.084E-05 higher
 Energy calculation finished, energy: -1.740826401E+03
 QM energy (a.u.):   -1822.15185526349     
 XREF energy (a.u.):    81.3254541499908     
 R(factor) =   0.228656000000000         R(free) =   0.213936000000000     
 Rejecting step, energy  7.084E-05 higher
 Energy calculation finished, energy: -1.740826401E+03
 QM energy (a.u.):   -1822.15185527544     
 XREF energy (a.u.):    81.3254541500259     
 R(factor) =   0.228656000000000         R(free) =   0.213936000000000     
 Rejecting step, energy  7.084E-05 higher
 Step too small, restarting optimiser.
Testing convergence  in cycle  139
    Energy  7.0840E-05 Target: 1.0000E-05 converged?   no
  Max step  1.5365E-08 Target: 1.8000E-02 converged?  yes component    84
  RMS step  4.5664E-09 Target: 1.2000E-02 converged?  yes
  Max grad  2.7605E-03 Target: 4.5000E-03 converged?  yes component   160
  RMS grad  8.6054E-04 Target: 3.0000E-03 converged?  yes
 Predicted step length 2.0000E-02
 Trust radius          5.0000E-02
 Energy calculation finished, energy: -1.740826401E+03
 QM energy (a.u.):   -1822.15230322261     
 XREF energy (a.u.):    81.3259382478340     
 R(factor) =   0.228656000000000         R(free) =   0.213958000000000     
Testing convergence  in cycle  140
    Energy  2.0000E-08 Target: 1.0000E-05 converged?  yes
  Max step  4.8224E-03 Target: 1.8000E-02 converged?  yes component   160
  RMS step  1.5033E-03 Target: 1.2000E-02 converged?  yes
  Max grad  2.7605E-03 Target: 4.5000E-03 converged?  yes component   160
  RMS grad  8.6054E-04 Target: 3.0000E-03 converged?  yes
Convergence reached

 Optimisation converged
 ----------------------
 Final converged energy:   -1740.826401130000


DL-FIND Report:
===============
Optimisation algorithm: L-BFGS
Number of steps in L-BFGS memory ...............        100
 
Trust radius based on energy
Maximum step length ............................  5.000E-02
 
Coordinate system: Cartesian coordinates
 
Number of atoms ................................       3681
Number of input geometries .....................          1
Variables to be optimised ......................        177
No restart information is written
This run has not been restarted.
Number of energy evaluations on this processor .        140
Number of steps ................................        140
Number of accepted steps / line searches .......         64
 

Timing report
=============
Module                                      CPU time            Wall clock time
Total .................................    21.087 (100.00%) 14493.663 (100.00%) seconds
Energy and Gradient ...................     0.947 (  4.49%)     1.260 (  0.01%) seconds
Step direction ........................     6.385 ( 30.28%)    11.463 (  0.08%) seconds
Coordinate transformation .............     0.066 (  0.31%)     0.065 (  0.00%) seconds
Checkpoint file I/O ...................     0.000 (  0.00%)     0.000 (  0.00%) seconds
XYZ-file I/O ..........................     0.000 (  0.00%)     0.000 (  0.00%) seconds
Maximum memory usage ........................... 7.2907E+03 kB
Tue Jan  9 16:59:18 CST 2024
