This job is running on host node28
Current directory: /share/home/chem-zhonglh/yanzy/QR/NC_more/2p7z/QRs/DFTMM_R1
Tue Jan  9 12:49:37 CST 2024
 using Gaussian + CNS
 QM energy (a.u.):   -1216.37697903467     
 XREF energy (a.u.):    81.3524459892987     
 R(factor) =   0.228040000000000         R(free) =   0.214115000000000     
 External sizes:       11043           1        7362

***********************************************************************
**                                                                   **
**                       ---------------------                       **
**                              DL-FIND                              **
**                       Geometry Optimisation                       **
**                       ---------------------                       **
**                                                                   **
**                 J. Kaestner, J.M. Carr, T.W. Keal,                **
**                W. Thiel, A. Wander and P. Sherwood                **
**                                                                   **
**              J. Phys. Chem. A, 2009, 113 (43), 11856.             **
**                                                                   **
**   Please include this reference in published work using DL-FIND.  **
**                                                                   **
**               Copyright:  STFC Daresbury Laboratory               **
**                           Revision: Unversioned directory         **
**                                                                   **
***********************************************************************


DL-FIND Report:
===============
Optimisation algorithm: L-BFGS
Number of steps in L-BFGS memory ...............        100
 
Trust radius based on energy
Maximum step length ............................  5.000E-02
 
Coordinate system: Cartesian coordinates
 
Number of atoms ................................       3681
Number of input geometries .....................          1
Variables to be optimised ......................        177
No restart information is written
This run has not been restarted.
Maximum number of steps ........................       2000
Maximum number of energy evaluations ...........      10000
 
 Energy calculation finished, energy: -1.135024533E+03
 QM energy (a.u.):   -1216.37697903467     
 XREF energy (a.u.):    81.3524459893784     
 R(factor) =   0.228040000000000         R(free) =   0.214115000000000     
Testing convergence  in cycle    1
  Max grad  2.5220E-02 Target: 4.5000E-03 converged?   no component    66
  RMS grad  3.9753E-03 Target: 3.0000E-03 converged?   no
 Predicted step length 2.0000E-02
 Trust radius          5.0000E-02
 Energy calculation finished, energy: -1.135024533E+03
 QM energy (a.u.):   -1216.37814944085     
 XREF energy (a.u.):    81.3522918999401     
 R(factor) =   0.228040000000000         R(free) =   0.214108000000000     
 Rejecting step, energy  0.000E+00 higher
 Energy calculation finished, energy: -1.135025858E+03
 QM energy (a.u.):   -1216.37771019006     
 XREF energy (a.u.):    81.3524102950011     
 R(factor) =   0.228040000000000         R(free) =   0.214111000000000     
Testing convergence  in cycle    3
    Energy  1.3245E-03 Target: 1.0000E-05 converged?   no
  Max step  4.7686E-03 Target: 1.8000E-02 converged?  yes component    66
  RMS step  7.5165E-04 Target: 1.2000E-02 converged?  yes
  Max grad  1.0205E-02 Target: 4.5000E-03 converged?   no component    66
  RMS grad  1.9817E-03 Target: 3.0000E-03 converged?  yes
 Predicted step length 1.2106E-02
 Trust radius          2.0000E-02
 Energy calculation finished, energy: -1.135025300E+03
 QM energy (a.u.):   -1216.37825936181     
 XREF energy (a.u.):    81.3522808094071     
 R(factor) =   0.228037000000000         R(free) =   0.214108000000000     
 Rejecting step, energy  5.576E-04 higher
 Energy calculation finished, energy: -1.135025979E+03
 QM energy (a.u.):   -1216.37801043289     
 XREF energy (a.u.):    81.3523467452547     
 R(factor) =   0.228038000000000         R(free) =   0.214110000000000     
Testing convergence  in cycle    5
    Energy  1.2101E-04 Target: 1.0000E-05 converged?   no
  Max step  2.3846E-03 Target: 1.8000E-02 converged?  yes component    66
  RMS step  4.5499E-04 Target: 1.2000E-02 converged?  yes
  Max grad  1.0648E-02 Target: 4.5000E-03 converged?   no component    66
  RMS grad  2.0983E-03 Target: 3.0000E-03 converged?  yes
 Predicted step length 4.5821E+00
 Trust radius          6.0532E-03
 Energy calculation finished, energy: -1.135025664E+03
 QM energy (a.u.):   -1216.37826112579     
 XREF energy (a.u.):    81.3522798790777     
 R(factor) =   0.228037000000000         R(free) =   0.214108000000000     
 Rejecting step, energy  3.149E-04 higher
 Energy calculation finished, energy: -1.135025981E+03
 QM energy (a.u.):   -1216.37814235406     
 XREF energy (a.u.):    81.3523107613230     
 R(factor) =   0.228038000000000         R(free) =   0.214109000000000     
Testing convergence  in cycle    7
    Energy  2.7000E-06 Target: 1.0000E-05 converged?  yes
  Max step  1.2078E-03 Target: 1.8000E-02 converged?  yes component    66
  RMS step  2.2749E-04 Target: 1.2000E-02 converged?  yes
  Max grad  1.0592E-02 Target: 4.5000E-03 converged?   no component    66
  RMS grad  2.0871E-03 Target: 3.0000E-03 converged?  yes
 Predicted step length 1.3072E+00
 Trust radius          3.0266E-03
 Energy calculation finished, energy: -1.135025832E+03
 QM energy (a.u.):   -1216.37826086649     
 XREF energy (a.u.):    81.3522790785999     
 R(factor) =   0.228037000000000         R(free) =   0.214108000000000     
 Rejecting step, energy  1.497E-04 higher
 Energy calculation finished, energy: -1.135025982E+03
 QM energy (a.u.):   -1216.37820318386     
 XREF energy (a.u.):    81.3522958020533     
 R(factor) =   0.228037000000000         R(free) =   0.214108000000000     
Testing convergence  in cycle    9
    Energy  5.4000E-07 Target: 1.0000E-05 converged?  yes
  Max step  5.8704E-04 Target: 1.8000E-02 converged?  yes component    66
  RMS step  1.1375E-04 Target: 1.2000E-02 converged?  yes
  Max grad  1.0645E-02 Target: 4.5000E-03 converged?   no component    66
  RMS grad  2.0905E-03 Target: 3.0000E-03 converged?  yes
 Predicted step length 1.5673E+00
 Trust radius          1.5133E-03
 Energy calculation finished, energy: -1.135025907E+03
 QM energy (a.u.):   -1216.37825867831     
 XREF energy (a.u.):    81.3522771626130     
 R(factor) =   0.228037000000000         R(free) =   0.214108000000000     
 Rejecting step, energy  7.441E-05 higher
 Energy calculation finished, energy: -1.135025982E+03
 QM energy (a.u.):   -1216.37823118368     
 XREF energy (a.u.):    81.3522869829220     
 R(factor) =   0.228037000000000         R(free) =   0.214108000000000     
 Rejecting step, energy  2.700E-07 higher
 Energy calculation finished, energy: -1.135025944E+03
 QM energy (a.u.):   -1216.37821724681     
 XREF energy (a.u.):    81.3522912945751     
 R(factor) =   0.228037000000000         R(free) =   0.214108000000000     
 Rejecting step, energy  3.759E-05 higher
 Energy calculation finished, energy: -1.135025926E+03
 QM energy (a.u.):   -1216.37821023135     
 XREF energy (a.u.):    81.3522935471134     
 R(factor) =   0.228037000000000         R(free) =   0.214108000000000     
 Rejecting step, energy  5.584E-05 higher
 Energy calculation finished, energy: -1.135025917E+03
 QM energy (a.u.):   -1216.37820671149     
 XREF energy (a.u.):    81.3522946746335     
 R(factor) =   0.228037000000000         R(free) =   0.214108000000000     
 Rejecting step, energy  6.511E-05 higher
 Energy calculation finished, energy: -1.135025912E+03
 QM energy (a.u.):   -1216.37820494874     
 XREF energy (a.u.):    81.3522952382573     
 R(factor) =   0.228037000000000         R(free) =   0.214108000000000     
 Rejecting step, energy  6.975E-05 higher
 Energy calculation finished, energy: -1.135025910E+03
 QM energy (a.u.):   -1216.37820406657     
 XREF energy (a.u.):    81.3522955196222     
 R(factor) =   0.228037000000000         R(free) =   0.214108000000000     
 Rejecting step, energy  7.208E-05 higher
 Energy calculation finished, energy: -1.135025909E+03
 QM energy (a.u.):   -1216.37820362500     
 XREF energy (a.u.):    81.3522956609573     
 R(factor) =   0.228037000000000         R(free) =   0.214108000000000     
 Rejecting step, energy  7.324E-05 higher
 Energy calculation finished, energy: -1.135025908E+03
 QM energy (a.u.):   -1216.37820340449     
 XREF energy (a.u.):    81.3522957314598     
 R(factor) =   0.228037000000000         R(free) =   0.214108000000000     
 Rejecting step, energy  7.383E-05 higher
 Energy calculation finished, energy: -1.135025908E+03
 QM energy (a.u.):   -1216.37820329428     
 XREF energy (a.u.):    81.3522957674880     
 R(factor) =   0.228037000000000         R(free) =   0.214108000000000     
 Rejecting step, energy  7.412E-05 higher
 Energy calculation finished, energy: -1.135025908E+03
 QM energy (a.u.):   -1216.37820323879     
 XREF energy (a.u.):    81.3522957844264     
 R(factor) =   0.228037000000000         R(free) =   0.214108000000000     
 Rejecting step, energy  7.426E-05 higher
 Energy calculation finished, energy: -1.135025907E+03
 QM energy (a.u.):   -1216.37820321127     
 XREF energy (a.u.):    81.3522957937522     
 R(factor) =   0.228037000000000         R(free) =   0.214108000000000     
 Rejecting step, energy  7.434E-05 higher
 Energy calculation finished, energy: -1.135025907E+03
 QM energy (a.u.):   -1216.37820319750     
 XREF energy (a.u.):    81.3522957974143     
 R(factor) =   0.228037000000000         R(free) =   0.214108000000000     
 Rejecting step, energy  7.437E-05 higher
 Energy calculation finished, energy: -1.135025907E+03
 QM energy (a.u.):   -1216.37820319070     
 XREF energy (a.u.):    81.3522957992756     
 R(factor) =   0.228037000000000         R(free) =   0.214108000000000     
 Rejecting step, energy  7.439E-05 higher
 Step too small, restarting optimiser.
Testing convergence  in cycle   23
    Energy  7.4390E-05 Target: 1.0000E-05 converged?   no
  Max step  2.2922E-08 Target: 1.8000E-02 converged?  yes component    66
  RMS step  6.9425E-09 Target: 1.2000E-02 converged?  yes
  Max grad  1.1504E-02 Target: 4.5000E-03 converged?   no component    66
  RMS grad  2.1794E-03 Target: 3.0000E-03 converged?  yes
 Predicted step length 2.0000E-02
 Trust radius          5.0000E-02
 Energy calculation finished, energy: -1.135025907E+03
 QM energy (a.u.):   -1216.37863567718     
 XREF energy (a.u.):    81.3520524131285     
 R(factor) =   0.228036000000000         R(free) =   0.214102000000000     
 Rejecting step, energy  1.000E-08 higher
 Energy calculation finished, energy: -1.135026583E+03
 QM energy (a.u.):   -1216.37852022757     
 XREF energy (a.u.):    81.3521742215749     
 R(factor) =   0.228037000000000         R(free) =   0.214105000000000     
Testing convergence  in cycle   25
    Energy  6.7586E-04 Target: 1.0000E-05 converged?   no
  Max step  3.9677E-03 Target: 1.8000E-02 converged?  yes component    66
  RMS step  7.5165E-04 Target: 1.2000E-02 converged?  yes
  Max grad  5.2528E-03 Target: 4.5000E-03 converged?   no component    54
  RMS grad  1.4111E-03 Target: 3.0000E-03 converged?  yes
 Predicted step length 1.0854E-02
 Trust radius          2.0000E-02
 Energy calculation finished, energy: -1.135026346E+03
 QM energy (a.u.):   -1216.37875961901     
 XREF energy (a.u.):    81.3520620473748     
 R(factor) =   0.228033000000000         R(free) =   0.214103000000000     
 Rejecting step, energy  2.373E-04 higher
 Energy calculation finished, energy: -1.135026698E+03
 QM energy (a.u.):   -1216.37864908402     
 XREF energy (a.u.):    81.3521210310446     
 R(factor) =   0.228035000000000         R(free) =   0.214104000000000     
Testing convergence  in cycle   27
    Energy  1.1431E-04 Target: 1.0000E-05 converged?   no
  Max step  1.3930E-03 Target: 1.8000E-02 converged?  yes component    54
  RMS step  4.0792E-04 Target: 1.2000E-02 converged?  yes
  Max grad  3.8898E-03 Target: 4.5000E-03 converged?  yes component   135
  RMS grad  1.2718E-03 Target: 3.0000E-03 converged?  yes
 Predicted step length 4.6812E+00
 Trust radius          1.0854E-02
 Energy calculation finished, energy: -1.135026528E+03
 QM energy (a.u.):   -1216.37885140217     
 XREF energy (a.u.):    81.3519975285189     
 R(factor) =   0.228031000000000         R(free) =   0.214102000000000     
 Rejecting step, energy  1.695E-04 higher
 Energy calculation finished, energy: -1.135026854E+03
 QM energy (a.u.):   -1216.37875955759     
 XREF energy (a.u.):    81.3520611145627     
 R(factor) =   0.228033000000000         R(free) =   0.214103000000000     
Testing convergence  in cycle   29
    Energy  1.5630E-04 Target: 1.0000E-05 converged?   no
  Max step  1.3777E-03 Target: 1.8000E-02 converged?  yes component    54
  RMS step  4.0792E-04 Target: 1.2000E-02 converged?  yes
  Max grad  3.8308E-03 Target: 4.5000E-03 converged?  yes component   135
  RMS grad  1.1887E-03 Target: 3.0000E-03 converged?  yes
 Predicted step length 8.2850E-02
 Trust radius          1.0854E-02
 Energy calculation finished, energy: -1.135026698E+03
 QM energy (a.u.):   -1216.37895073158     
 XREF energy (a.u.):    81.3518052722287     
 R(factor) =   0.228029000000000         R(free) =   0.214102000000000     
 Rejecting step, energy  1.554E-04 higher
 Energy calculation finished, energy: -1.135027145E+03
 QM energy (a.u.):   -1216.37885944296     
 XREF energy (a.u.):    81.3519820128220     
 R(factor) =   0.228031000000000         R(free) =   0.214102000000000     
Testing convergence  in cycle   31
    Energy  2.9159E-04 Target: 1.0000E-05 converged?   no
  Max step  1.3362E-03 Target: 1.8000E-02 converged?  yes component   135
  RMS step  4.0792E-04 Target: 1.2000E-02 converged?  yes
  Max grad  3.7353E-03 Target: 4.5000E-03 converged?  yes component   135
  RMS grad  1.1284E-03 Target: 3.0000E-03 converged?  yes
 Predicted step length 1.8358E-01
 Trust radius          1.0854E-02
 Energy calculation finished, energy: -1.135026877E+03
 QM energy (a.u.):   -1216.37903121690     
 XREF energy (a.u.):    81.3517293260158     
 R(factor) =   0.228027000000000         R(free) =   0.214101000000000     
 Rejecting step, energy  2.680E-04 higher
 Energy calculation finished, energy: -1.135027302E+03
 QM energy (a.u.):   -1216.37894976020     
 XREF energy (a.u.):    81.3519133539567     
 R(factor) =   0.228029000000000         R(free) =   0.214102000000000     
Testing convergence  in cycle   33
    Energy  1.5643E-04 Target: 1.0000E-05 converged?   no
  Max step  1.3413E-03 Target: 1.8000E-02 converged?  yes component   135
  RMS step  4.0792E-04 Target: 1.2000E-02 converged?  yes
  Max grad  3.6722E-03 Target: 4.5000E-03 converged?  yes component   135
  RMS grad  1.0617E-03 Target: 3.0000E-03 converged?  yes
 Predicted step length 1.0311E-01
 Trust radius          1.0854E-02
 Energy calculation finished, energy: -1.135027036E+03
 QM energy (a.u.):   -1216.37910271441     
 XREF energy (a.u.):    81.3517068393445     
 R(factor) =   0.228025000000000         R(free) =   0.214100000000000     
 Rejecting step, energy  2.655E-04 higher
 Energy calculation finished, energy: -1.135027396E+03
 QM energy (a.u.):   -1216.37902933828     
 XREF energy (a.u.):    81.3517148327362     
 R(factor) =   0.228027000000000         R(free) =   0.214101000000000     
Testing convergence  in cycle   35
    Energy  9.3990E-05 Target: 1.0000E-05 converged?   no
  Max step  1.4307E-03 Target: 1.8000E-02 converged?  yes component   135
  RMS step  4.0792E-04 Target: 1.2000E-02 converged?  yes
  Max grad  3.5964E-03 Target: 4.5000E-03 converged?  yes component   135
  RMS grad  1.0188E-03 Target: 3.0000E-03 converged?  yes
 Predicted step length 1.9133E-01
 Trust radius          1.0854E-02
 Energy calculation finished, energy: -1.135027315E+03
 QM energy (a.u.):   -1216.37918714927     
 XREF energy (a.u.):    81.3516382381230     
 R(factor) =   0.228024000000000         R(free) =   0.214100000000000     
 Rejecting step, energy  8.137E-05 higher
 Energy calculation finished, energy: -1.135027549E+03
 QM energy (a.u.):   -1216.37911139085     
 XREF energy (a.u.):    81.3516594737174     
 R(factor) =   0.228025000000000         R(free) =   0.214100000000000     
Testing convergence  in cycle   37
    Energy  1.5303E-04 Target: 1.0000E-05 converged?   no
  Max step  1.4720E-03 Target: 1.8000E-02 converged?  yes component   135
  RMS step  4.0792E-04 Target: 1.2000E-02 converged?  yes
  Max grad  3.5285E-03 Target: 4.5000E-03 converged?  yes component   135
  RMS grad  9.9483E-04 Target: 3.0000E-03 converged?  yes
 Predicted step length 1.7115E-01
 Trust radius          1.0854E-02
 Energy calculation finished, energy: -1.135027452E+03
 QM energy (a.u.):   -1216.37924319755     
 XREF energy (a.u.):    81.3514755778878     
 R(factor) =   0.228022000000000         R(free) =   0.214099000000000     
 Rejecting step, energy  9.699E-05 higher
 Energy calculation finished, energy: -1.135027768E+03
 QM energy (a.u.):   -1216.37917970640     
 XREF energy (a.u.):    81.3516260546574     
 R(factor) =   0.228024000000000         R(free) =   0.214100000000000     
Testing convergence  in cycle   39
    Energy  2.1871E-04 Target: 1.0000E-05 converged?   no
  Max step  1.4878E-03 Target: 1.8000E-02 converged?  yes component   135
  RMS step  4.0792E-04 Target: 1.2000E-02 converged?  yes
  Max grad  3.4577E-03 Target: 4.5000E-03 converged?  yes component   135
  RMS grad  9.3960E-04 Target: 3.0000E-03 converged?  yes
 Predicted step length 1.7960E-01
 Trust radius          1.0854E-02
 Energy calculation finished, energy: -1.135027554E+03
 QM energy (a.u.):   -1216.37931350062     
 XREF energy (a.u.):    81.3514031718363     
 R(factor) =   0.228020000000000         R(free) =   0.214098000000000     
 Rejecting step, energy  2.140E-04 higher
 Energy calculation finished, energy: -1.135027910E+03
 QM energy (a.u.):   -1216.37924877727     
 XREF energy (a.u.):    81.3514846697738     
 R(factor) =   0.228022000000000         R(free) =   0.214099000000000     
Testing convergence  in cycle   41
    Energy  1.4271E-04 Target: 1.0000E-05 converged?   no
  Max step  1.5147E-03 Target: 1.8000E-02 converged?  yes component   135
  RMS step  4.0792E-04 Target: 1.2000E-02 converged?  yes
  Max grad  3.3909E-03 Target: 4.5000E-03 converged?  yes component   135
  RMS grad  9.1868E-04 Target: 3.0000E-03 converged?  yes
 Predicted step length 1.8404E-01
 Trust radius          1.0854E-02
 Energy calculation finished, energy: -1.135027764E+03
 QM energy (a.u.):   -1216.37936479746     
 XREF energy (a.u.):    81.3512919128709     
 R(factor) =   0.228019000000000         R(free) =   0.214097000000000     
 Rejecting step, energy  1.462E-04 higher
 Energy calculation finished, energy: -1.135028073E+03
 QM energy (a.u.):   -1216.37930871500     
 XREF energy (a.u.):    81.3513892269408     
 R(factor) =   0.228020000000000         R(free) =   0.214098000000000     
Testing convergence  in cycle   43
    Energy  1.6255E-04 Target: 1.0000E-05 converged?   no
  Max step  1.5385E-03 Target: 1.8000E-02 converged?  yes component   135
  RMS step  4.0792E-04 Target: 1.2000E-02 converged?  yes
  Max grad  3.3197E-03 Target: 4.5000E-03 converged?  yes component   135
  RMS grad  8.8538E-04 Target: 3.0000E-03 converged?  yes
 Predicted step length 2.3402E-01
 Trust radius          1.0854E-02
 Energy calculation finished, energy: -1.135027919E+03
 QM energy (a.u.):   -1216.37942554021     
 XREF energy (a.u.):    81.3512578031689     
 R(factor) =   0.228018000000000         R(free) =   0.214097000000000     
 Rejecting step, energy  1.534E-04 higher
 Energy calculation finished, energy: -1.135028168E+03
 QM energy (a.u.):   -1216.37936894428     
 XREF energy (a.u.):    81.3512975021471     
 R(factor) =   0.228019000000000         R(free) =   0.214097000000000     
Testing convergence  in cycle   45
    Energy  9.4860E-05 Target: 1.0000E-05 converged?   no
  Max step  1.5510E-03 Target: 1.8000E-02 converged?  yes component   135
  RMS step  4.0792E-04 Target: 1.2000E-02 converged?  yes
  Max grad  3.2612E-03 Target: 4.5000E-03 converged?  yes component   135
  RMS grad  8.6230E-04 Target: 3.0000E-03 converged?  yes
 Predicted step length 2.1736E-01
 Trust radius          1.0854E-02
 Energy calculation finished, energy: -1.135028071E+03
 QM energy (a.u.):   -1216.37947748470     
 XREF energy (a.u.):    81.3511799025776     
 R(factor) =   0.228016000000000         R(free) =   0.214096000000000     
 Rejecting step, energy  9.630E-05 higher
 Energy calculation finished, energy: -1.135028298E+03
 QM energy (a.u.):   -1216.37942475949     
 XREF energy (a.u.):    81.3512537947163     
 R(factor) =   0.228018000000000         R(free) =   0.214097000000000     
Testing convergence  in cycle   47
    Energy  1.2984E-04 Target: 1.0000E-05 converged?   no
  Max step  1.5665E-03 Target: 1.8000E-02 converged?  yes component   135
  RMS step  4.0792E-04 Target: 1.2000E-02 converged?  yes
  Max grad  3.1913E-03 Target: 4.5000E-03 converged?  yes component   135
  RMS grad  8.3634E-04 Target: 3.0000E-03 converged?  yes
 Predicted step length 2.2749E-01
 Trust radius          1.0854E-02
 Energy calculation finished, energy: -1.135028171E+03
 QM energy (a.u.):   -1216.37952705618     
 XREF energy (a.u.):    81.3511097378980     
 R(factor) =   0.228015000000000         R(free) =   0.214095000000000     
 Rejecting step, energy  1.266E-04 higher
 Energy calculation finished, energy: -1.135028417E+03
 QM energy (a.u.):   -1216.37947735134     
 XREF energy (a.u.):    81.3511763378876     
 R(factor) =   0.228016000000000         R(free) =   0.214096000000000     
Testing convergence  in cycle   49
    Energy  1.1974E-04 Target: 1.0000E-05 converged?   no
  Max step  1.5784E-03 Target: 1.8000E-02 converged?  yes component   135
  RMS step  4.0792E-04 Target: 1.2000E-02 converged?  yes
  Max grad  3.1309E-03 Target: 4.5000E-03 converged?  yes component   135
  RMS grad  8.1608E-04 Target: 3.0000E-03 converged?  yes
 Predicted step length 2.5312E-01
 Trust radius          1.0854E-02
 Energy calculation finished, energy: -1.135028301E+03
 QM energy (a.u.):   -1216.37958000499     
 XREF energy (a.u.):    81.3510451955858     
 R(factor) =   0.228014000000000         R(free) =   0.214095000000000     
 Rejecting step, energy  1.163E-04 higher
 Energy calculation finished, energy: -1.135028535E+03
 QM energy (a.u.):   -1216.37953015634     
 XREF energy (a.u.):    81.3511078646196     
 R(factor) =   0.228015000000000         R(free) =   0.214095000000000     
Testing convergence  in cycle   51
    Energy  1.1749E-04 Target: 1.0000E-05 converged?   no
  Max step  1.5868E-03 Target: 1.8000E-02 converged?  yes component   135
  RMS step  4.0792E-04 Target: 1.2000E-02 converged?  yes
  Max grad  3.0722E-03 Target: 4.5000E-03 converged?  yes component   135
  RMS grad  8.0086E-04 Target: 3.0000E-03 converged?  yes
 Predicted step length 2.6485E-01
 Trust radius          1.0854E-02
 Energy calculation finished, energy: -1.135028422E+03
 QM energy (a.u.):   -1216.37962508382     
 XREF energy (a.u.):    81.3509785072230     
 R(factor) =   0.228013000000000         R(free) =   0.214094000000000     
 Rejecting step, energy  1.125E-04 higher
 Energy calculation finished, energy: -1.135028647E+03
 QM energy (a.u.):   -1216.37957887066     
 XREF energy (a.u.):    81.3510499345746     
 R(factor) =   0.228014000000000         R(free) =   0.214095000000000     
Testing convergence  in cycle   53
    Energy  1.1177E-04 Target: 1.0000E-05 converged?   no
  Max step  1.5954E-03 Target: 1.8000E-02 converged?  yes component   135
  RMS step  4.0792E-04 Target: 1.2000E-02 converged?  yes
  Max grad  3.0044E-03 Target: 4.5000E-03 converged?  yes component   135
  RMS grad  7.7758E-04 Target: 3.0000E-03 converged?  yes
 Predicted step length 2.6510E-01
 Trust radius          1.0854E-02
 Energy calculation finished, energy: -1.135028529E+03
 QM energy (a.u.):   -1216.37967076031     
 XREF energy (a.u.):    81.3509149519994     
 R(factor) =   0.228011000000000         R(free) =   0.214093000000000     
 Rejecting step, energy  1.176E-04 higher
 Energy calculation finished, energy: -1.135028756E+03
 QM energy (a.u.):   -1216.37962601175     
 XREF energy (a.u.):    81.3509769520691     
 R(factor) =   0.228013000000000         R(free) =   0.214094000000000     
Testing convergence  in cycle   55
    Energy  1.0923E-04 Target: 1.0000E-05 converged?   no
  Max step  1.5993E-03 Target: 1.8000E-02 converged?  yes component   135
  RMS step  4.0792E-04 Target: 1.2000E-02 converged?  yes
  Max grad  2.9524E-03 Target: 4.5000E-03 converged?  yes component   135
  RMS grad  7.6375E-04 Target: 3.0000E-03 converged?  yes
 Predicted step length 2.6190E-01
 Trust radius          1.0854E-02
 Energy calculation finished, energy: -1.135028649E+03
 QM energy (a.u.):   -1216.37971765851     
 XREF energy (a.u.):    81.3508455638378     
 R(factor) =   0.228010000000000         R(free) =   0.214093000000000     
 Rejecting step, energy  1.067E-04 higher
 Energy calculation finished, energy: -1.135028872E+03
 QM energy (a.u.):   -1216.37967299169     
 XREF energy (a.u.):    81.3509171063734     
 R(factor) =   0.228011000000000         R(free) =   0.214093000000000     
Testing convergence  in cycle   57
    Energy  1.1628E-04 Target: 1.0000E-05 converged?   no
  Max step  1.6072E-03 Target: 1.8000E-02 converged?  yes component   135
  RMS step  4.0792E-04 Target: 1.2000E-02 converged?  yes
  Max grad  2.8793E-03 Target: 4.5000E-03 converged?  yes component   135
  RMS grad  7.4793E-04 Target: 3.0000E-03 converged?  yes
 Predicted step length 2.8776E-01
 Trust radius          1.0854E-02
 Energy calculation finished, energy: -1.135028756E+03
 QM energy (a.u.):   -1216.37975422121     
 XREF energy (a.u.):    81.3507699125306     
 R(factor) =   0.228009000000000         R(free) =   0.214092000000000     
 Rejecting step, energy  1.162E-04 higher
 Energy calculation finished, energy: -1.135028984E+03
 QM energy (a.u.):   -1216.37971469783     
 XREF energy (a.u.):    81.3508407925323     
 R(factor) =   0.228010000000000         R(free) =   0.214093000000000     
Testing convergence  in cycle   59
    Energy  1.1222E-04 Target: 1.0000E-05 converged?   no
  Max step  1.6068E-03 Target: 1.8000E-02 converged?  yes component   135
  RMS step  4.0792E-04 Target: 1.2000E-02 converged?  yes
  Max grad  2.8383E-03 Target: 4.5000E-03 converged?  yes component   135
  RMS grad  7.3314E-04 Target: 3.0000E-03 converged?  yes
 Predicted step length 2.8161E-01
 Trust radius          1.0854E-02
 Energy calculation finished, energy: -1.135028874E+03
 QM energy (a.u.):   -1216.37980183188     
 XREF energy (a.u.):    81.3506718162328     
 R(factor) =   0.228007000000000         R(free) =   0.214092000000000     
 Rejecting step, energy  1.104E-04 higher
 Energy calculation finished, energy: -1.135029130E+03
 QM energy (a.u.):   -1216.37975927371     
 XREF energy (a.u.):    81.3507253719499     
 R(factor) =   0.228009000000000         R(free) =   0.214092000000000     
Testing convergence  in cycle   61
    Energy  1.4571E-04 Target: 1.0000E-05 converged?   no
  Max step  1.6155E-03 Target: 1.8000E-02 converged?  yes component   135
  RMS step  4.0792E-04 Target: 1.2000E-02 converged?  yes
  Max grad  2.7607E-03 Target: 4.5000E-03 converged?  yes component   135
  RMS grad  7.1986E-04 Target: 3.0000E-03 converged?  yes
 Predicted step length 2.8610E-01
 Trust radius          1.0854E-02
 Energy calculation finished, energy: -1.135029034E+03
 QM energy (a.u.):   -1216.37983379679     
 XREF energy (a.u.):    81.3505905297058     
 R(factor) =   0.228006000000000         R(free) =   0.214091000000000     
 Rejecting step, energy  9.612E-05 higher
 Energy calculation finished, energy: -1.135029243E+03
 QM energy (a.u.):   -1216.37979752072     
 XREF energy (a.u.):    81.3493001019065     
 R(factor) =   0.228161000000000         R(free) =   0.214080000000000     
Testing convergence  in cycle   63
    Energy  1.1325E-04 Target: 1.0000E-05 converged?   no
  Max step  1.6105E-03 Target: 1.8000E-02 converged?  yes component   135
  RMS step  4.0792E-04 Target: 1.2000E-02 converged?  yes
  Max grad  2.7319E-03 Target: 4.5000E-03 converged?  yes component   135
  RMS grad  7.0860E-04 Target: 3.0000E-03 converged?  yes
 Predicted step length 3.0525E-01
 Trust radius          1.0854E-02
 Energy calculation finished, energy: -1.135030497E+03
 QM energy (a.u.):   -1216.37987967452     
 XREF energy (a.u.):    81.3491721020379     
 R(factor) =   0.228158000000000         R(free) =   0.214079000000000     
Testing convergence  in cycle   64
    Energy  1.2542E-03 Target: 1.0000E-05 converged?   no
  Max step  3.2441E-03 Target: 1.8000E-02 converged?  yes component   135
  RMS step  8.1583E-04 Target: 1.2000E-02 converged?  yes
  Max grad  2.7786E-03 Target: 4.5000E-03 converged?  yes component   135
  RMS grad  7.2023E-04 Target: 3.0000E-03 converged?  yes
 Predicted step length 6.6721E-01
 Trust radius          1.0854E-02
 Energy calculation finished, energy: -1.135030708E+03
 QM energy (a.u.):   -1216.37997230361     
 XREF energy (a.u.):    81.3490919100674     
 R(factor) =   0.228156000000000         R(free) =   0.214078000000000     
Testing convergence  in cycle   65
    Energy  2.1015E-04 Target: 1.0000E-05 converged?   no
  Max step  3.2499E-03 Target: 1.8000E-02 converged?  yes component   135
  RMS step  8.1583E-04 Target: 1.2000E-02 converged?  yes
  Max grad  2.6394E-03 Target: 4.5000E-03 converged?  yes component   135
  RMS grad  6.9800E-04 Target: 3.0000E-03 converged?  yes
 Predicted step length 2.8861E-01
 Trust radius          2.1708E-02
 Energy calculation finished, energy: -1.135030880E+03
 QM energy (a.u.):   -1216.38013301759     
 XREF energy (a.u.):    81.3492467691536     
 R(factor) =   0.228187000000000         R(free) =   0.214085000000000     
Testing convergence  in cycle   66
    Energy  1.7282E-04 Target: 1.0000E-05 converged?   no
  Max step  6.4177E-03 Target: 1.8000E-02 converged?  yes component   135
  RMS step  1.6317E-03 Target: 1.2000E-02 converged?  yes
  Max grad  2.5285E-03 Target: 4.5000E-03 converged?  yes component   135
  RMS grad  7.1099E-04 Target: 3.0000E-03 converged?  yes
 Predicted step length 5.8894E-01
 Trust radius          4.3416E-02
 Energy calculation finished, energy: -1.135030886E+03
 QM energy (a.u.):   -1216.38034899292     
 XREF energy (a.u.):    81.3485932995425     
 R(factor) =   0.228175000000000         R(free) =   0.214083000000000     
Testing convergence  in cycle   67
    Energy  5.8600E-06 Target: 1.0000E-05 converged?  yes
  Max step  1.2864E-02 Target: 1.8000E-02 converged?  yes component   135
  RMS step  3.2633E-03 Target: 1.2000E-02 converged?  yes
  Max grad  2.4914E-03 Target: 4.5000E-03 converged?  yes component   135
  RMS grad  7.7527E-04 Target: 3.0000E-03 converged?  yes
Convergence reached

 Optimisation converged
 ----------------------
 Final converged energy:   -1135.030886250000


DL-FIND Report:
===============
Optimisation algorithm: L-BFGS
Number of steps in L-BFGS memory ...............        100
 
Trust radius based on energy
Maximum step length ............................  5.000E-02
 
Coordinate system: Cartesian coordinates
 
Number of atoms ................................       3681
Number of input geometries .....................          1
Variables to be optimised ......................        177
No restart information is written
This run has not been restarted.
Number of energy evaluations on this processor .         67
Number of steps ................................         67
Number of accepted steps / line searches .......         30
 

Timing report
=============
Module                                      CPU time            Wall clock time
Total .................................     8.464 (100.00%)  7215.636 (100.00%) seconds
Energy and Gradient ...................     0.462 (  5.46%)     0.616 (  0.01%) seconds
Step direction ........................     1.488 ( 17.58%)     3.117 (  0.04%) seconds
Coordinate transformation .............     0.030 (  0.36%)     0.030 (  0.00%) seconds
Checkpoint file I/O ...................     0.000 (  0.00%)     0.000 (  0.00%) seconds
XYZ-file I/O ..........................     0.000 (  0.00%)     0.000 (  0.00%) seconds
Maximum memory usage ........................... 7.2907E+03 kB
Tue Jan  9 14:51:45 CST 2024
