This job is running on host node34
Current directory: /share/home/chem-zhonglh/yanzy/QR/NC_more/1xoz/MlatomMM_R1
Sun Dec 24 01:24:08 CST 2023
 using Gaussian + CNS
 QM energy (a.u.):   -1311.67669063759     
 XREF energy (a.u.):    125.526464950711     
 R(factor) =   0.229234000000000         R(free) =   0.217764000000000     
 External sizes:       19170           1       12780

***********************************************************************
**                                                                   **
**                       ---------------------                       **
**                              DL-FIND                              **
**                       Geometry Optimisation                       **
**                       ---------------------                       **
**                                                                   **
**                 J. Kaestner, J.M. Carr, T.W. Keal,                **
**                W. Thiel, A. Wander and P. Sherwood                **
**                                                                   **
**              J. Phys. Chem. A, 2009, 113 (43), 11856.             **
**                                                                   **
**   Please include this reference in published work using DL-FIND.  **
**                                                                   **
**               Copyright:  STFC Daresbury Laboratory               **
**                           Revision: Unversioned directory         **
**                                                                   **
***********************************************************************


DL-FIND Report:
===============
Optimisation algorithm: L-BFGS
Number of steps in L-BFGS memory ...............        100
 
Trust radius based on energy
Maximum step length ............................  5.000E-02
 
Coordinate system: Cartesian coordinates
 
Number of atoms ................................       6390
Number of input geometries .....................          1
Variables to be optimised ......................        144
No restart information is written
This run has not been restarted.
Maximum number of steps ........................       2000
Maximum number of energy evaluations ...........      10000
 
 Energy calculation finished, energy: -1.186150226E+03
 QM energy (a.u.):   -1311.67669063759     
 XREF energy (a.u.):    125.526464949629     
 R(factor) =   0.229234000000000         R(free) =   0.217764000000000     
Testing convergence  in cycle    1
  Max grad  8.9569E-03 Target: 4.5000E-03 converged?   no component    86
  RMS grad  2.7943E-03 Target: 3.0000E-03 converged?  yes
 Predicted step length 2.0000E-02
 Trust radius          5.0000E-02
 Energy calculation finished, energy: -1.186150226E+03
 QM energy (a.u.):   -1311.67745962981     
 XREF energy (a.u.):    125.526549559316     
 R(factor) =   0.229209000000000         R(free) =   0.217767000000000     
 Rejecting step, energy  0.000E+00 higher
 Energy calculation finished, energy: -1.186150910E+03
 QM energy (a.u.):   -1311.67720530493     
 XREF energy (a.u.):    125.526466527616     
 R(factor) =   0.229232000000000         R(free) =   0.217765000000000     
Testing convergence  in cycle    3
    Energy  6.8438E-04 Target: 1.0000E-05 converged?   no
  Max step  2.6712E-03 Target: 1.8000E-02 converged?  yes component    86
  RMS step  8.3333E-04 Target: 1.2000E-02 converged?  yes
  Max grad  3.5538E-03 Target: 4.5000E-03 converged?  yes component    31
  RMS grad  1.2277E-03 Target: 3.0000E-03 converged?  yes
 Predicted step length 4.7631E-03
 Trust radius          2.0000E-02
 Energy calculation finished, energy: -1.186150739E+03
 QM energy (a.u.):   -1311.67728065246     
 XREF energy (a.u.):    125.526420791989     
 R(factor) =   0.229231000000000         R(free) =   0.217765000000000     
 Rejecting step, energy  1.713E-04 higher
 Energy calculation finished, energy: -1.186150860E+03
 QM energy (a.u.):   -1311.67725000186     
 XREF energy (a.u.):    125.526442255819     
 R(factor) =   0.229231000000000         R(free) =   0.217765000000000     
 Rejecting step, energy  5.021E-05 higher
 Energy calculation finished, energy: -1.186150808E+03
 QM energy (a.u.):   -1311.67722750208     
 XREF energy (a.u.):    125.526454053128     
 R(factor) =   0.229232000000000         R(free) =   0.217765000000000     
 Rejecting step, energy  1.023E-04 higher
 Energy calculation finished, energy: -1.186150773E+03
 QM energy (a.u.):   -1311.67721636577     
 XREF energy (a.u.):    125.526460232295     
 R(factor) =   0.229232000000000         R(free) =   0.217765000000000     
 Rejecting step, energy  1.366E-04 higher
 Energy calculation finished, energy: -1.186150756E+03
 QM energy (a.u.):   -1311.67721082572     
 XREF energy (a.u.):    125.526463353192     
 R(factor) =   0.229232000000000         R(free) =   0.217765000000000     
 Rejecting step, energy  1.539E-04 higher
 Energy calculation finished, energy: -1.186150747E+03
 QM energy (a.u.):   -1311.67720806299     
 XREF energy (a.u.):    125.526464935010     
 R(factor) =   0.229232000000000         R(free) =   0.217765000000000     
 Rejecting step, energy  1.626E-04 higher
 Energy calculation finished, energy: -1.186150743E+03
 QM energy (a.u.):   -1311.67720668271     
 XREF energy (a.u.):    125.526465730067     
 R(factor) =   0.229232000000000         R(free) =   0.217765000000000     
 Rejecting step, energy  1.669E-04 higher
 Energy calculation finished, energy: -1.186150741E+03
 QM energy (a.u.):   -1311.67720599287     
 XREF energy (a.u.):    125.526466128812     
 R(factor) =   0.229232000000000         R(free) =   0.217765000000000     
 Rejecting step, energy  1.691E-04 higher
 Energy calculation finished, energy: -1.186150740E+03
 QM energy (a.u.):   -1311.67720564860     
 XREF energy (a.u.):    125.526466328570     
 R(factor) =   0.229232000000000         R(free) =   0.217765000000000     
 Rejecting step, energy  1.702E-04 higher
 Energy calculation finished, energy: -1.186150739E+03
 QM energy (a.u.):   -1311.67720547643     
 XREF energy (a.u.):    125.526466427789     
 R(factor) =   0.229232000000000         R(free) =   0.217765000000000     
 Rejecting step, energy  1.708E-04 higher
 Energy calculation finished, energy: -1.186150739E+03
 QM energy (a.u.):   -1311.67720538848     
 XREF energy (a.u.):    125.526466478139     
 R(factor) =   0.229232000000000         R(free) =   0.217765000000000     
 Rejecting step, energy  1.710E-04 higher
 Energy calculation finished, energy: -1.186150739E+03
 QM energy (a.u.):   -1311.67720534762     
 XREF energy (a.u.):    125.526466502808     
 R(factor) =   0.229232000000000         R(free) =   0.217765000000000     
 Rejecting step, energy  1.712E-04 higher
 Energy calculation finished, energy: -1.186150739E+03
 QM energy (a.u.):   -1311.67720532487     
 XREF energy (a.u.):    125.526466515211     
 R(factor) =   0.229232000000000         R(free) =   0.217765000000000     
 Rejecting step, energy  1.712E-04 higher
 Energy calculation finished, energy: -1.186150739E+03
 QM energy (a.u.):   -1311.67720531584     
 XREF energy (a.u.):    125.526466521416     
 R(factor) =   0.229232000000000         R(free) =   0.217765000000000     
 Rejecting step, energy  1.713E-04 higher
 Energy calculation finished, energy: -1.186150739E+03
 QM energy (a.u.):   -1311.67720531096     
 XREF energy (a.u.):    125.526466524189     
 R(factor) =   0.229232000000000         R(free) =   0.217765000000000     
 Rejecting step, energy  1.713E-04 higher
 Energy calculation finished, energy: -1.186150739E+03
 QM energy (a.u.):   -1311.67720530709     
 XREF energy (a.u.):    125.526466526264     
 R(factor) =   0.229232000000000         R(free) =   0.217765000000000     
 Rejecting step, energy  1.713E-04 higher
 Step too small, restarting optimiser.
Testing convergence  in cycle   19
    Energy  1.7128E-04 Target: 1.0000E-05 converged?   no
  Max step  2.2090E-08 Target: 1.8000E-02 converged?  yes component    31
  RMS step  6.0565E-09 Target: 1.2000E-02 converged?  yes
  Max grad  5.7439E-03 Target: 4.5000E-03 converged?   no component    31
  RMS grad  1.5997E-03 Target: 3.0000E-03 converged?  yes
 Predicted step length 2.0000E-02
 Trust radius          5.0000E-02
 Energy calculation finished, energy: -1.186150739E+03
 QM energy (a.u.):   -1311.67755457301     
 XREF energy (a.u.):    125.526438237830     
 R(factor) =   0.229227000000000         R(free) =   0.217767000000000     
 Rejecting step, energy  1.000E-08 higher
 Energy calculation finished, energy: -1.186151116E+03
 QM energy (a.u.):   -1311.67746158995     
 XREF energy (a.u.):    125.526441896478     
 R(factor) =   0.229229000000000         R(free) =   0.217766000000000     
Testing convergence  in cycle   21
    Energy  3.7755E-04 Target: 1.0000E-05 converged?   no
  Max step  2.9921E-03 Target: 1.8000E-02 converged?  yes component    31
  RMS step  8.3333E-04 Target: 1.2000E-02 converged?  yes
  Max grad  3.5075E-03 Target: 4.5000E-03 converged?  yes component    86
  RMS grad  1.2206E-03 Target: 3.0000E-03 converged?  yes
 Predicted step length 5.4737E-03
 Trust radius          2.0000E-02
 Energy calculation finished, energy: -1.186151020E+03
 QM energy (a.u.):   -1311.67752398321     
 XREF energy (a.u.):    125.526445216177     
 R(factor) =   0.229229000000000         R(free) =   0.217766000000000     
 Rejecting step, energy  9.665E-05 higher
 Energy calculation finished, energy: -1.186151079E+03
 QM energy (a.u.):   -1311.67749992483     
 XREF energy (a.u.):    125.526440447466     
 R(factor) =   0.229229000000000         R(free) =   0.217766000000000     
 Rejecting step, energy  3.757E-05 higher
 Energy calculation finished, energy: -1.186151059E+03
 QM energy (a.u.):   -1311.67748063409     
 XREF energy (a.u.):    125.526440379566     
 R(factor) =   0.229229000000000         R(free) =   0.217766000000000     
 Rejecting step, energy  5.686E-05 higher
 Energy calculation finished, energy: -1.186151040E+03
 QM energy (a.u.):   -1311.67747871128     
 XREF energy (a.u.):    125.526440940759     
 R(factor) =   0.229229000000000         R(free) =   0.217766000000000     
 Rejecting step, energy  7.609E-05 higher
 Energy calculation finished, energy: -1.186151038E+03
 QM energy (a.u.):   -1311.67747014145     
 XREF energy (a.u.):    125.526441394531     
 R(factor) =   0.229229000000000         R(free) =   0.217766000000000     
 Rejecting step, energy  7.857E-05 higher
 Energy calculation finished, energy: -1.186151029E+03
 QM energy (a.u.):   -1311.67747349320     
 XREF energy (a.u.):    125.526441625065     
 R(factor) =   0.229229000000000         R(free) =   0.217766000000000     
 Rejecting step, energy  8.759E-05 higher
 Energy calculation finished, energy: -1.186151032E+03
 QM energy (a.u.):   -1311.67747516948     
 XREF energy (a.u.):    125.526441745052     
 R(factor) =   0.229229000000000         R(free) =   0.217766000000000     
 Rejecting step, energy  8.447E-05 higher
 Energy calculation finished, energy: -1.186151033E+03
 QM energy (a.u.):   -1311.67747601000     
 XREF energy (a.u.):    125.526441822304     
 R(factor) =   0.229229000000000         R(free) =   0.217766000000000     
 Rejecting step, energy  8.292E-05 higher
 Energy calculation finished, energy: -1.186151034E+03
 QM energy (a.u.):   -1311.67746117171     
 XREF energy (a.u.):    125.526441859798     
 R(factor) =   0.229229000000000         R(free) =   0.217766000000000     
 Rejecting step, energy  8.215E-05 higher
 Energy calculation finished, energy: -1.186151019E+03
 QM energy (a.u.):   -1311.67746137865     
 XREF energy (a.u.):    125.526441878032     
 R(factor) =   0.229229000000000         R(free) =   0.217766000000000     
 Rejecting step, energy  9.703E-05 higher
 Energy calculation finished, energy: -1.186151020E+03
 QM energy (a.u.):   -1311.67746148380     
 XREF energy (a.u.):    125.526441886851     
 R(factor) =   0.229229000000000         R(free) =   0.217766000000000     
 Rejecting step, energy  9.684E-05 higher
 Energy calculation finished, energy: -1.186151020E+03
 QM energy (a.u.):   -1311.67746153784     
 XREF energy (a.u.):    125.526441891753     
 R(factor) =   0.229229000000000         R(free) =   0.217766000000000     
 Rejecting step, energy  9.674E-05 higher
 Energy calculation finished, energy: -1.186151020E+03
 QM energy (a.u.):   -1311.67746156589     
 XREF energy (a.u.):    125.526441894868     
 R(factor) =   0.229229000000000         R(free) =   0.217766000000000     
 Rejecting step, energy  9.669E-05 higher
 Energy calculation finished, energy: -1.186151020E+03
 QM energy (a.u.):   -1311.67746157598     
 XREF energy (a.u.):    125.526441895262     
 R(factor) =   0.229229000000000         R(free) =   0.217766000000000     
 Rejecting step, energy  9.667E-05 higher
 Energy calculation finished, energy: -1.186151020E+03
 QM energy (a.u.):   -1311.67746158296     
 XREF energy (a.u.):    125.526441896309     
 R(factor) =   0.229229000000000         R(free) =   0.217766000000000     
 Rejecting step, energy  9.666E-05 higher
 Energy calculation finished, energy: -1.186151020E+03
 QM energy (a.u.):   -1311.67746158694     
 XREF energy (a.u.):    125.526441897102     
 R(factor) =   0.229229000000000         R(free) =   0.217766000000000     
 Rejecting step, energy  9.665E-05 higher
 Step too small, restarting optimiser.
Testing convergence  in cycle   37
    Energy  9.6650E-05 Target: 1.0000E-05 converged?   no
  Max step  2.0067E-08 Target: 1.8000E-02 converged?  yes component   130
  RMS step  6.9601E-09 Target: 1.2000E-02 converged?  yes
  Max grad  3.4054E-03 Target: 4.5000E-03 converged?  yes component    31
  RMS grad  9.8045E-04 Target: 3.0000E-03 converged?  yes
 Predicted step length 2.0000E-02
 Trust radius          5.0000E-02
 Energy calculation finished, energy: -1.186151020E+03
 QM energy (a.u.):   -1311.67765017414     
 XREF energy (a.u.):    125.527246357321     
 R(factor) =   0.229228000000000         R(free) =   0.217767000000000     
 Rejecting step, energy  0.000E+00 higher
 Energy calculation finished, energy: -1.186150404E+03
 QM energy (a.u.):   -1311.67758213565     
 XREF energy (a.u.):    125.527391755975     
 R(factor) =   0.229229000000000         R(free) =   0.217766000000000     
 Rejecting step, energy  6.159E-04 higher
 Energy calculation finished, energy: -1.186150190E+03
 QM energy (a.u.):   -1311.67753605571     
 XREF energy (a.u.):    125.526438498271     
 R(factor) =   0.229229000000000         R(free) =   0.217766000000000     
 Rejecting step, energy  8.293E-04 higher
 Energy calculation finished, energy: -1.186151098E+03
 QM energy (a.u.):   -1311.67750618375     
 XREF energy (a.u.):    125.526439030845     
 R(factor) =   0.229229000000000         R(free) =   0.217766000000000     
Testing convergence  in cycle   41
    Energy  7.7870E-05 Target: 1.0000E-05 converged?   no
  Max step  7.2362E-04 Target: 1.8000E-02 converged?  yes component    31
  RMS step  2.0833E-04 Target: 1.2000E-02 converged?  yes
  Max grad  2.7931E-03 Target: 4.5000E-03 converged?  yes component   130
  RMS grad  8.4100E-04 Target: 3.0000E-03 converged?  yes
 Predicted step length 2.2889E-02
 Trust radius          5.0000E-03
 Energy calculation finished, energy: -1.186151067E+03
 QM energy (a.u.):   -1311.67759276295     
 XREF energy (a.u.):    125.526480566891     
 R(factor) =   0.229229000000000         R(free) =   0.217766000000000     
 Rejecting step, energy  3.041E-05 higher
 Energy calculation finished, energy: -1.186151112E+03
 QM energy (a.u.):   -1311.67754176164     
 XREF energy (a.u.):    125.526457222587     
 R(factor) =   0.229229000000000         R(free) =   0.217766000000000     
Testing convergence  in cycle   43
    Energy  1.4640E-05 Target: 1.0000E-05 converged?   no
  Max step  7.4176E-04 Target: 1.8000E-02 converged?  yes component   130
  RMS step  2.0833E-04 Target: 1.2000E-02 converged?  yes
  Max grad  2.7479E-03 Target: 4.5000E-03 converged?  yes component   130
  RMS grad  8.2426E-04 Target: 3.0000E-03 converged?  yes
 Predicted step length 7.7757E-02
 Trust radius          5.0000E-03
 Energy calculation finished, energy: -1.186151085E+03
 QM energy (a.u.):   -1311.67761141314     
 XREF energy (a.u.):    125.527409842571     
 R(factor) =   0.229229000000000         R(free) =   0.217766000000000     
 Rejecting step, energy  2.766E-05 higher
 Energy calculation finished, energy: -1.186150202E+03
 QM energy (a.u.):   -1311.67757652934     
 XREF energy (a.u.):    125.526468677311     
 R(factor) =   0.229229000000000         R(free) =   0.217766000000000     
 Rejecting step, energy  9.106E-04 higher
 Energy calculation finished, energy: -1.186151108E+03
 QM energy (a.u.):   -1311.67755913273     
 XREF energy (a.u.):    125.526462321064     
 R(factor) =   0.229229000000000         R(free) =   0.217766000000000     
 Rejecting step, energy  4.350E-06 higher
 Energy calculation finished, energy: -1.186151097E+03
 QM energy (a.u.):   -1311.67755044213     
 XREF energy (a.u.):    125.526459595992     
 R(factor) =   0.229229000000000         R(free) =   0.217766000000000     
 Rejecting step, energy  1.539E-05 higher
 Energy calculation finished, energy: -1.186151091E+03
 QM energy (a.u.):   -1311.67754610260     
 XREF energy (a.u.):    125.526458365694     
 R(factor) =   0.229229000000000         R(free) =   0.217766000000000     
 Rejecting step, energy  2.135E-05 higher
 Energy calculation finished, energy: -1.186151088E+03
 QM energy (a.u.):   -1311.67754393211     
 XREF energy (a.u.):    125.526457756361     
 R(factor) =   0.229229000000000         R(free) =   0.217766000000000     
 Rejecting step, energy  2.446E-05 higher
 Energy calculation finished, energy: -1.186151086E+03
 QM energy (a.u.):   -1311.67754284786     
 XREF energy (a.u.):    125.526457517411     
 R(factor) =   0.229229000000000         R(free) =   0.217766000000000     
 Rejecting step, energy  2.602E-05 higher
 Energy calculation finished, energy: -1.186151085E+03
 QM energy (a.u.):   -1311.67754230144     
 XREF energy (a.u.):    125.526457370344     
 R(factor) =   0.229229000000000         R(free) =   0.217766000000000     
 Rejecting step, energy  2.687E-05 higher
 Energy calculation finished, energy: -1.186151085E+03
 QM energy (a.u.):   -1311.67754203189     
 XREF energy (a.u.):    125.526457296415     
 R(factor) =   0.229229000000000         R(free) =   0.217766000000000     
 Rejecting step, energy  2.727E-05 higher
 Energy calculation finished, energy: -1.186151085E+03
 QM energy (a.u.):   -1311.67754189641     
 XREF energy (a.u.):    125.526457259187     
 R(factor) =   0.229229000000000         R(free) =   0.217766000000000     
 Rejecting step, energy  2.746E-05 higher
 Energy calculation finished, energy: -1.186151085E+03
 QM energy (a.u.):   -1311.67754182937     
 XREF energy (a.u.):    125.526457241286     
 R(factor) =   0.229229000000000         R(free) =   0.217766000000000     
 Rejecting step, energy  2.756E-05 higher
 Energy calculation finished, energy: -1.186151085E+03
 QM energy (a.u.):   -1311.67754179441     
 XREF energy (a.u.):    125.526457232297     
 R(factor) =   0.229229000000000         R(free) =   0.217766000000000     
 Rejecting step, energy  2.761E-05 higher
 Energy calculation finished, energy: -1.186151085E+03
 QM energy (a.u.):   -1311.67754177860     
 XREF energy (a.u.):    125.526457227564     
 R(factor) =   0.229229000000000         R(free) =   0.217766000000000     
 Rejecting step, energy  2.764E-05 higher
 Energy calculation finished, energy: -1.186151085E+03
 QM energy (a.u.):   -1311.67754177356     
 XREF energy (a.u.):    125.526457225433     
 R(factor) =   0.229229000000000         R(free) =   0.217766000000000     
 Rejecting step, energy  2.765E-05 higher
 Energy calculation finished, energy: -1.186151085E+03
 QM energy (a.u.):   -1311.67754176730     
 XREF energy (a.u.):    125.526457223546     
 R(factor) =   0.229229000000000         R(free) =   0.217766000000000     
 Rejecting step, energy  2.765E-05 higher
 Energy calculation finished, energy: -1.186151085E+03
 QM energy (a.u.):   -1311.67754176449     
 XREF energy (a.u.):    125.526457222907     
 R(factor) =   0.229229000000000         R(free) =   0.217766000000000     
 Rejecting step, energy  2.766E-05 higher
 Step too small, restarting optimiser.
Testing convergence  in cycle   59
    Energy  2.7660E-05 Target: 1.0000E-05 converged?   no
  Max step  2.3316E-08 Target: 1.8000E-02 converged?  yes component   130
  RMS step  6.3578E-09 Target: 1.2000E-02 converged?  yes
  Max grad  2.7954E-03 Target: 4.5000E-03 converged?  yes component   130
  RMS grad  8.6302E-04 Target: 3.0000E-03 converged?  yes
 Predicted step length 2.0000E-02
 Trust radius          5.0000E-02
 Energy calculation finished, energy: -1.186151085E+03
 QM energy (a.u.):   -1311.67770655528     
 XREF energy (a.u.):    125.527174905626     
 R(factor) =   0.229228000000000         R(free) =   0.217767000000000     
 Rejecting step, energy  0.000E+00 higher
 Energy calculation finished, energy: -1.186150532E+03
 QM energy (a.u.):   -1311.67765136901     
 XREF energy (a.u.):    125.527320793081     
 R(factor) =   0.229229000000000         R(free) =   0.217767000000000     
 Rejecting step, energy  5.529E-04 higher
 Energy calculation finished, energy: -1.186150331E+03
 QM energy (a.u.):   -1311.67760336557     
 XREF energy (a.u.):    125.527401035769     
 R(factor) =   0.229229000000000         R(free) =   0.217766000000000     
 Rejecting step, energy  7.540E-04 higher
 Energy calculation finished, energy: -1.186150202E+03
 QM energy (a.u.):   -1311.67757998614     
 XREF energy (a.u.):    125.526461487761     
 R(factor) =   0.229229000000000         R(free) =   0.217766000000000     
 Rejecting step, energy  8.822E-04 higher
 Energy calculation finished, energy: -1.186151118E+03
 QM energy (a.u.):   -1311.67756082124     
 XREF energy (a.u.):    125.526458790325     
 R(factor) =   0.229229000000000         R(free) =   0.217766000000000     
Testing convergence  in cycle   64
    Energy  3.3960E-05 Target: 1.0000E-05 converged?   no
  Max step  3.3740E-04 Target: 1.8000E-02 converged?  yes component   130
  RMS step  1.0417E-04 Target: 1.2000E-02 converged?  yes
  Max grad  2.7466E-03 Target: 4.5000E-03 converged?  yes component   130
  RMS grad  8.0106E-04 Target: 3.0000E-03 converged?  yes
 Predicted step length 2.6011E-02
 Trust radius          2.5000E-03
 Energy calculation finished, energy: -1.186151102E+03
 QM energy (a.u.):   -1311.67759695234     
 XREF energy (a.u.):    125.526483167043     
 R(factor) =   0.229229000000000         R(free) =   0.217766000000000     
 Rejecting step, energy  1.647E-05 higher
 Energy calculation finished, energy: -1.186151114E+03
 QM energy (a.u.):   -1311.67758650023     
 XREF energy (a.u.):    125.526470464943     
 R(factor) =   0.229229000000000         R(free) =   0.217766000000000     
 Rejecting step, energy  4.710E-06 higher
 Energy calculation finished, energy: -1.186151116E+03
 QM energy (a.u.):   -1311.67757365523     
 XREF energy (a.u.):    125.526464474266     
 R(factor) =   0.229229000000000         R(free) =   0.217766000000000     
 Rejecting step, energy  2.460E-06 higher
 Energy calculation finished, energy: -1.186151109E+03
 QM energy (a.u.):   -1311.67756723849     
 XREF energy (a.u.):    125.526461578047     
 R(factor) =   0.229229000000000         R(free) =   0.217766000000000     
 Rejecting step, energy  9.320E-06 higher
 Energy calculation finished, energy: -1.186151106E+03
 QM energy (a.u.):   -1311.67756402810     
 XREF energy (a.u.):    125.526460148857     
 R(factor) =   0.229229000000000         R(free) =   0.217766000000000     
 Rejecting step, energy  1.284E-05 higher
 Energy calculation finished, energy: -1.186151104E+03
 QM energy (a.u.):   -1311.67756242547     
 XREF energy (a.u.):    125.526459440417     
 R(factor) =   0.229229000000000         R(free) =   0.217766000000000     
 Rejecting step, energy  1.462E-05 higher
 Energy calculation finished, energy: -1.186151103E+03
 QM energy (a.u.):   -1311.67756162592     
 XREF energy (a.u.):    125.526459089859     
 R(factor) =   0.229229000000000         R(free) =   0.217766000000000     
 Rejecting step, energy  1.551E-05 higher
 Energy calculation finished, energy: -1.186151103E+03
 QM energy (a.u.):   -1311.67756122294     
 XREF energy (a.u.):    125.526458914741     
 R(factor) =   0.229229000000000         R(free) =   0.217766000000000     
 Rejecting step, energy  1.596E-05 higher
 Energy calculation finished, energy: -1.186151102E+03
 QM energy (a.u.):   -1311.67756102557     
 XREF energy (a.u.):    125.526458827968     
 R(factor) =   0.229229000000000         R(free) =   0.217766000000000     
 Rejecting step, energy  1.619E-05 higher
 Energy calculation finished, energy: -1.186151102E+03
 QM energy (a.u.):   -1311.67756092370     
 XREF energy (a.u.):    125.526458784856     
 R(factor) =   0.229229000000000         R(free) =   0.217766000000000     
 Rejecting step, energy  1.630E-05 higher
 Energy calculation finished, energy: -1.186151102E+03
 QM energy (a.u.):   -1311.67756087456     
 XREF energy (a.u.):    125.526458762280     
 R(factor) =   0.229229000000000         R(free) =   0.217766000000000     
 Rejecting step, energy  1.636E-05 higher
 Energy calculation finished, energy: -1.186151102E+03
 QM energy (a.u.):   -1311.67756084740     
 XREF energy (a.u.):    125.526458751783     
 R(factor) =   0.229229000000000         R(free) =   0.217766000000000     
 Rejecting step, energy  1.639E-05 higher
 Energy calculation finished, energy: -1.186151102E+03
 QM energy (a.u.):   -1311.67756083468     
 XREF energy (a.u.):    125.526458795108     
 R(factor) =   0.229229000000000         R(free) =   0.217766000000000     
 Rejecting step, energy  1.640E-05 higher
 Energy calculation finished, energy: -1.186151102E+03
 QM energy (a.u.):   -1311.67756082772     
 XREF energy (a.u.):    125.526458792842     
 R(factor) =   0.229229000000000         R(free) =   0.217766000000000     
 Rejecting step, energy  1.646E-05 higher
 Energy calculation finished, energy: -1.186151102E+03
 QM energy (a.u.):   -1311.67756082623     
 XREF energy (a.u.):    125.526458791457     
 R(factor) =   0.229229000000000         R(free) =   0.217766000000000     
 Rejecting step, energy  1.647E-05 higher
 Step too small, restarting optimiser.
Testing convergence  in cycle   79
    Energy  1.6470E-05 Target: 1.0000E-05 converged?   no
  Max step  2.3754E-08 Target: 1.8000E-02 converged?  yes component   130
  RMS step  6.3578E-09 Target: 1.2000E-02 converged?  yes
  Max grad  2.7710E-03 Target: 4.5000E-03 converged?  yes component   130
  RMS grad  8.3106E-04 Target: 3.0000E-03 converged?  yes
 Predicted step length 2.0000E-02
 Trust radius          5.0000E-02
 Energy calculation finished, energy: -1.186151102E+03
 QM energy (a.u.):   -1311.67772669418     
 XREF energy (a.u.):    125.527176859534     
 R(factor) =   0.229228000000000         R(free) =   0.217767000000000     
 Rejecting step, energy  0.000E+00 higher
 Energy calculation finished, energy: -1.186150550E+03
 QM energy (a.u.):   -1311.67766408207     
 XREF energy (a.u.):    125.527310245721     
 R(factor) =   0.229229000000000         R(free) =   0.217767000000000     
 Rejecting step, energy  5.522E-04 higher
 Energy calculation finished, energy: -1.186150354E+03
 QM energy (a.u.):   -1311.67762706830     
 XREF energy (a.u.):    125.527385143158     
 R(factor) =   0.229229000000000         R(free) =   0.217766000000000     
 Rejecting step, energy  7.482E-04 higher
 Energy calculation finished, energy: -1.186150242E+03
 QM energy (a.u.):   -1311.67758615707     
 XREF energy (a.u.):    125.526468041194     
 R(factor) =   0.229229000000000         R(free) =   0.217766000000000     
 Rejecting step, energy  8.601E-04 higher
 Energy calculation finished, energy: -1.186151118E+03
 QM energy (a.u.):   -1311.67758108162     
 XREF energy (a.u.):    125.526462866718     
 R(factor) =   0.229229000000000         R(free) =   0.217766000000000     
Testing convergence  in cycle   84
    Energy  1.6090E-05 Target: 1.0000E-05 converged?   no
  Max step  3.4732E-04 Target: 1.8000E-02 converged?  yes component   130
  RMS step  1.0417E-04 Target: 1.2000E-02 converged?  yes
  Max grad  2.7213E-03 Target: 4.5000E-03 converged?  yes component   130
  RMS grad  7.7504E-04 Target: 3.0000E-03 converged?  yes
 Predicted step length 2.7775E-02
 Trust radius          2.5000E-03
 Energy calculation finished, energy: -1.186151118E+03
 QM energy (a.u.):   -1311.67761367756     
 XREF energy (a.u.):    125.527418605384     
 R(factor) =   0.229229000000000         R(free) =   0.217766000000000     
Testing convergence  in cycle   85
    Energy  9.0000E-08 Target: 1.0000E-05 converged?  yes
  Max step  8.0174E-04 Target: 1.8000E-02 converged?  yes component   130
  RMS step  2.0833E-04 Target: 1.2000E-02 converged?  yes
  Max grad  2.7461E-03 Target: 4.5000E-03 converged?  yes component   130
  RMS grad  8.0229E-04 Target: 3.0000E-03 converged?  yes
Convergence reached

 Optimisation converged
 ----------------------
 Final converged energy:   -1186.151118210000


DL-FIND Report:
===============
Optimisation algorithm: L-BFGS
Number of steps in L-BFGS memory ...............        100
 
Trust radius based on energy
Maximum step length ............................  5.000E-02
 
Coordinate system: Cartesian coordinates
 
Number of atoms ................................       6390
Number of input geometries .....................          1
Variables to be optimised ......................        144
No restart information is written
This run has not been restarted.
Number of energy evaluations on this processor .         85
Number of steps ................................         85
Number of accepted steps / line searches .......         12
 

Timing report
=============
Module                                      CPU time            Wall clock time
Total .................................    14.884 (100.00%)  3983.593 (100.00%) seconds
Energy and Gradient ...................     1.235 (  8.30%)     1.713 (  0.04%) seconds
Step direction ........................     0.129 (  0.87%)     0.185 (  0.00%) seconds
Coordinate transformation .............     0.075 (  0.50%)     0.075 (  0.00%) seconds
Checkpoint file I/O ...................     0.000 (  0.00%)     0.000 (  0.00%) seconds
XYZ-file I/O ..........................     0.000 (  0.00%)     0.000 (  0.00%) seconds
Maximum memory usage ........................... 1.2391E+04 kB
Sun Dec 24 02:31:32 CST 2023
