This job is running on host node40
Current directory: /share/home/chem-zhonglh/yanzy/QR/NC_more/1uyg/QRs/MlatomONIOMMM_R1
Tue Jan  2 17:40:47 CST 2024
 using Gaussian + CNS
 QM energy (a.u.):   -1072.82166552434     
 XREF energy (a.u.):    153.892527583131     
 R(factor) =   0.278938000000000         R(free) =   0.273142000000000     
 External sizes:       12060           1        8040

***********************************************************************
**                                                                   **
**                       ---------------------                       **
**                              DL-FIND                              **
**                       Geometry Optimisation                       **
**                       ---------------------                       **
**                                                                   **
**                 J. Kaestner, J.M. Carr, T.W. Keal,                **
**                W. Thiel, A. Wander and P. Sherwood                **
**                                                                   **
**              J. Phys. Chem. A, 2009, 113 (43), 11856.             **
**                                                                   **
**   Please include this reference in published work using DL-FIND.  **
**                                                                   **
**               Copyright:  STFC Daresbury Laboratory               **
**                           Revision: Unversioned directory         **
**                                                                   **
***********************************************************************


DL-FIND Report:
===============
Optimisation algorithm: L-BFGS
Number of steps in L-BFGS memory ...............        100
 
Trust radius based on energy
Maximum step length ............................  5.000E-02
 
Coordinate system: Cartesian coordinates
 
Number of atoms ................................       4020
Number of input geometries .....................          1
Variables to be optimised ......................        108
No restart information is written
This run has not been restarted.
Maximum number of steps ........................       2000
Maximum number of energy evaluations ...........      10000
 
 Energy calculation finished, energy: -9.189291379E+02
 QM energy (a.u.):   -1072.82166552434     
 XREF energy (a.u.):    153.892617898075     
 R(factor) =   0.278936000000000         R(free) =   0.273142000000000     
Testing convergence  in cycle    1
  Max grad  5.5683E-03 Target: 4.5000E-03 converged?   no component    20
  RMS grad  1.9735E-03 Target: 3.0000E-03 converged?  yes
 Predicted step length 2.0000E-02
 Trust radius          5.0000E-02
 Energy calculation finished, energy: -9.189290476E+02
 QM energy (a.u.):   -1072.82181476521     
 XREF energy (a.u.):    153.892204136354     
 R(factor) =   0.278937000000000         R(free) =   0.273144000000000     
 Rejecting step, energy  9.031E-05 higher
 Energy calculation finished, energy: -9.189296106E+02
 QM energy (a.u.):   -1072.82188803555     
 XREF energy (a.u.):    153.892412606594     
 R(factor) =   0.278940000000000         R(free) =   0.273143000000000     
Testing convergence  in cycle    3
    Energy  4.7269E-04 Target: 1.0000E-05 converged?   no
  Max step  2.7150E-03 Target: 1.8000E-02 converged?  yes component    20
  RMS step  9.6225E-04 Target: 1.2000E-02 converged?  yes
  Max grad  7.4321E-03 Target: 4.5000E-03 converged?   no component    11
  RMS grad  2.2245E-03 Target: 3.0000E-03 converged?  yes
 Predicted step length 3.4515E-03
 Trust radius          2.0000E-02
 Energy calculation finished, energy: -9.189294754E+02
 QM energy (a.u.):   -1072.82188267509     
 XREF energy (a.u.):    153.892439948516     
 R(factor) =   0.278940000000000         R(free) =   0.273142000000000     
 Rejecting step, energy  1.352E-04 higher
 Energy calculation finished, energy: -9.189294427E+02
 QM energy (a.u.):   -1072.82189007573     
 XREF energy (a.u.):    153.892444013911     
 R(factor) =   0.278940000000000         R(free) =   0.273143000000000     
 Rejecting step, energy  1.679E-04 higher
 Energy calculation finished, energy: -9.189294461E+02
 QM energy (a.u.):   -1072.82189309802     
 XREF energy (a.u.):    153.892410183150     
 R(factor) =   0.278942000000000         R(free) =   0.273143000000000     
 Rejecting step, energy  1.646E-04 higher
 Energy calculation finished, energy: -9.189294829E+02
 QM energy (a.u.):   -1072.82188680772     
 XREF energy (a.u.):    153.892457236723     
 R(factor) =   0.278941000000000         R(free) =   0.273143000000000     
 Rejecting step, energy  1.277E-04 higher
 Energy calculation finished, energy: -9.189294296E+02
 QM energy (a.u.):   -1072.82188743523     
 XREF energy (a.u.):    153.892404323389     
 R(factor) =   0.278942000000000         R(free) =   0.273143000000000     
 Rejecting step, energy  1.811E-04 higher
 Energy calculation finished, energy: -9.189294831E+02
 QM energy (a.u.):   -1072.82188773772     
 XREF energy (a.u.):    153.892455172403     
 R(factor) =   0.278941000000000         R(free) =   0.273143000000000     
 Rejecting step, energy  1.275E-04 higher
 Energy calculation finished, energy: -9.189294326E+02
 QM energy (a.u.):   -1072.82188788777     
 XREF energy (a.u.):    153.892424085337     
 R(factor) =   0.278942000000000         R(free) =   0.273143000000000     
 Rejecting step, energy  1.781E-04 higher
 Energy calculation finished, energy: -9.189294638E+02
 QM energy (a.u.):   -1072.82188796105     
 XREF energy (a.u.):    153.892445579050     
 R(factor) =   0.278941000000000         R(free) =   0.273143000000000     
 Rejecting step, energy  1.468E-04 higher
 Energy calculation finished, energy: -9.189294424E+02
 QM energy (a.u.):   -1072.82188799781     
 XREF energy (a.u.):    153.892411119216     
 R(factor) =   0.278942000000000         R(free) =   0.273143000000000     
 Rejecting step, energy  1.683E-04 higher
 Energy calculation finished, energy: -9.189294769E+02
 QM energy (a.u.):   -1072.82188801649     
 XREF energy (a.u.):    153.892445419304     
 R(factor) =   0.278941000000000         R(free) =   0.273143000000000     
 Rejecting step, energy  1.337E-04 higher
 Energy calculation finished, energy: -9.189294426E+02
 QM energy (a.u.):   -1072.82188802477     
 XREF energy (a.u.):    153.892411039823     
 R(factor) =   0.278942000000000         R(free) =   0.273143000000000     
 Rejecting step, energy  1.680E-04 higher
 Energy calculation finished, energy: -9.189294770E+02
 QM energy (a.u.):   -1072.82188802942     
 XREF energy (a.u.):    153.892445377997     
 R(factor) =   0.278941000000000         R(free) =   0.273143000000000     
 Rejecting step, energy  1.336E-04 higher
 Energy calculation finished, energy: -9.189294427E+02
 QM energy (a.u.):   -1072.82188803135     
 XREF energy (a.u.):    153.892411018348     
 R(factor) =   0.278942000000000         R(free) =   0.273143000000000     
 Rejecting step, energy  1.680E-04 higher
 Energy calculation finished, energy: -9.189294770E+02
 QM energy (a.u.):   -1072.82188803437     
 XREF energy (a.u.):    153.892445369375     
 R(factor) =   0.278941000000000         R(free) =   0.273143000000000     
 Rejecting step, energy  1.336E-04 higher
 Energy calculation finished, energy: -9.189294427E+02
 QM energy (a.u.):   -1072.82188803255     
 XREF energy (a.u.):    153.892411014748     
 R(factor) =   0.278942000000000         R(free) =   0.273143000000000     
 Rejecting step, energy  1.680E-04 higher
 Energy calculation finished, energy: -9.189294770E+02
 QM energy (a.u.):   -1072.82188803370     
 XREF energy (a.u.):    153.892445365205     
 R(factor) =   0.278941000000000         R(free) =   0.273143000000000     
 Rejecting step, energy  1.336E-04 higher
 Step too small, restarting optimiser.
Testing convergence  in cycle   19
    Energy  1.3361E-04 Target: 1.0000E-05 converged?   no
  Max step  1.7258E-08 Target: 1.8000E-02 converged?  yes component    11
  RMS step  5.0677E-09 Target: 1.2000E-02 converged?  yes
  Max grad  3.3084E-03 Target: 4.5000E-03 converged?  yes component    87
  RMS grad  1.0306E-03 Target: 3.0000E-03 converged?  yes
 Predicted step length 2.0000E-02
 Trust radius          5.0000E-02
 Energy calculation finished, energy: -9.189294427E+02
 QM energy (a.u.):   -1072.82195493939     
 XREF energy (a.u.):    153.892205059235     
 R(factor) =   0.278932000000000         R(free) =   0.273141000000000     
 Rejecting step, energy  3.435E-05 higher
 Energy calculation finished, energy: -9.189297499E+02
 QM energy (a.u.):   -1072.82197680047     
 XREF energy (a.u.):    153.892326808052     
 R(factor) =   0.278937000000000         R(free) =   0.273142000000000     
Testing convergence  in cycle   21
    Energy  2.7286E-04 Target: 1.0000E-05 converged?   no
  Max step  3.0890E-03 Target: 1.8000E-02 converged?  yes component    87
  RMS step  9.6225E-04 Target: 1.2000E-02 converged?  yes
  Max grad  6.7266E-03 Target: 4.5000E-03 converged?   no component    32
  RMS grad  1.7343E-03 Target: 3.0000E-03 converged?  yes
 Predicted step length 5.7831E-03
 Trust radius          2.0000E-02
 Energy calculation finished, energy: -9.189296500E+02
 QM energy (a.u.):   -1072.82202310967     
 XREF energy (a.u.):    153.892184198614     
 R(factor) =   0.278940000000000         R(free) =   0.273142000000000     
 Rejecting step, energy  9.989E-05 higher
 Energy calculation finished, energy: -9.189298389E+02
 QM energy (a.u.):   -1072.82200433488     
 XREF energy (a.u.):    153.892281460632     
 R(factor) =   0.278940000000000         R(free) =   0.273143000000000     
Testing convergence  in cycle   23
    Energy  8.9030E-05 Target: 1.0000E-05 converged?   no
  Max step  8.8814E-04 Target: 1.8000E-02 converged?  yes component    87
  RMS step  2.7824E-04 Target: 1.2000E-02 converged?  yes
  Max grad  2.1834E-03 Target: 4.5000E-03 converged?  yes component    87
  RMS grad  7.7590E-04 Target: 3.0000E-03 converged?  yes
 Predicted step length 5.4073E-02
 Trust radius          5.7831E-03
 Energy calculation finished, energy: -9.189297229E+02
 QM energy (a.u.):   -1072.82204114843     
 XREF energy (a.u.):    153.892162622129     
 R(factor) =   0.278941000000000         R(free) =   0.273142000000000     
 Rejecting step, energy  1.160E-04 higher
 Energy calculation finished, energy: -9.189298785E+02
 QM energy (a.u.):   -1072.82201901517     
 XREF energy (a.u.):    153.892248818337     
 R(factor) =   0.278941000000000         R(free) =   0.273143000000000     
Testing convergence  in cycle   25
    Energy  3.9620E-05 Target: 1.0000E-05 converged?   no
  Max step  9.4432E-04 Target: 1.8000E-02 converged?  yes component    87
  RMS step  2.7824E-04 Target: 1.2000E-02 converged?  yes
  Max grad  2.0320E-03 Target: 4.5000E-03 converged?  yes component    90
  RMS grad  7.9694E-04 Target: 3.0000E-03 converged?  yes
 Predicted step length 8.4281E-02
 Trust radius          5.7831E-03
 Energy calculation finished, energy: -9.189297702E+02
 QM energy (a.u.):   -1072.82204889740     
 XREF energy (a.u.):    153.892157901554     
 R(factor) =   0.278942000000000         R(free) =   0.273142000000000     
 Rejecting step, energy  1.083E-04 higher
 Energy calculation finished, energy: -9.189298910E+02
 QM energy (a.u.):   -1072.82203399087     
 XREF energy (a.u.):    153.892204141819     
 R(factor) =   0.278940000000000         R(free) =   0.273143000000000     
Testing convergence  in cycle   27
    Energy  1.2470E-05 Target: 1.0000E-05 converged?   no
  Max step  9.0777E-04 Target: 1.8000E-02 converged?  yes component    87
  RMS step  2.7824E-04 Target: 1.2000E-02 converged?  yes
  Max grad  2.0375E-03 Target: 4.5000E-03 converged?  yes component    90
  RMS grad  7.7783E-04 Target: 3.0000E-03 converged?  yes
 Predicted step length 2.0653E-01
 Trust radius          5.7831E-03
 Energy calculation finished, energy: -9.189298299E+02
 QM energy (a.u.):   -1072.82207181048     
 XREF energy (a.u.):    153.892106671126     
 R(factor) =   0.278941000000000         R(free) =   0.273143000000000     
 Rejecting step, energy  6.115E-05 higher
 Energy calculation finished, energy: -9.189299651E+02
 QM energy (a.u.):   -1072.82205309406     
 XREF energy (a.u.):    153.892194589787     
 R(factor) =   0.278939000000000         R(free) =   0.273143000000000     
Testing convergence  in cycle   29
    Energy  7.4140E-05 Target: 1.0000E-05 converged?   no
  Max step  8.6895E-04 Target: 1.8000E-02 converged?  yes component    87
  RMS step  2.7824E-04 Target: 1.2000E-02 converged?  yes
  Max grad  2.0565E-03 Target: 4.5000E-03 converged?  yes component    90
  RMS grad  7.8929E-04 Target: 3.0000E-03 converged?  yes
 Predicted step length 1.7239E-01
 Trust radius          5.7831E-03
 Energy calculation finished, energy: -9.189298585E+02
 QM energy (a.u.):   -1072.82208086216     
 XREF energy (a.u.):    153.892084828722     
 R(factor) =   0.278941000000000         R(free) =   0.273143000000000     
 Rejecting step, energy  1.066E-04 higher
 Energy calculation finished, energy: -9.189299960E+02
 QM energy (a.u.):   -1072.82206699462     
 XREF energy (a.u.):    153.892126135886     
 R(factor) =   0.278942000000000         R(free) =   0.273143000000000     
Testing convergence  in cycle   31
    Energy  3.0890E-05 Target: 1.0000E-05 converged?   no
  Max step  8.7088E-04 Target: 1.8000E-02 converged?  yes component    87
  RMS step  2.7824E-04 Target: 1.2000E-02 converged?  yes
  Max grad  2.0875E-03 Target: 4.5000E-03 converged?  yes component    90
  RMS grad  7.7542E-04 Target: 3.0000E-03 converged?  yes
 Predicted step length 2.5789E-01
 Trust radius          5.7831E-03
 Energy calculation finished, energy: -9.189299409E+02
 QM energy (a.u.):   -1072.82209024457     
 XREF energy (a.u.):    153.892020209622     
 R(factor) =   0.278942000000000         R(free) =   0.273143000000000     
 Rejecting step, energy  5.517E-05 higher
 Energy calculation finished, energy: -9.189300700E+02
 QM energy (a.u.):   -1072.82207871946     
 XREF energy (a.u.):    153.892064327077     
 R(factor) =   0.278942000000000         R(free) =   0.273143000000000     
Testing convergence  in cycle   33
    Energy  7.4000E-05 Target: 1.0000E-05 converged?   no
  Max step  8.5345E-04 Target: 1.8000E-02 converged?  yes component    87
  RMS step  2.7824E-04 Target: 1.2000E-02 converged?  yes
  Max grad  2.0880E-03 Target: 4.5000E-03 converged?  yes component    90
  RMS grad  7.7827E-04 Target: 3.0000E-03 converged?  yes
 Predicted step length 2.3936E-01
 Trust radius          5.7831E-03
 Energy calculation finished, energy: -9.189300144E+02
 QM energy (a.u.):   -1072.82210536558     
 XREF energy (a.u.):    153.891974561806     
 R(factor) =   0.278943000000000         R(free) =   0.273143000000000     
 Rejecting step, energy  5.564E-05 higher
 Energy calculation finished, energy: -9.189301308E+02
 QM energy (a.u.):   -1072.82209207088     
 XREF energy (a.u.):    153.892145690422     
 R(factor) =   0.278941000000000         R(free) =   0.273143000000000     
Testing convergence  in cycle   35
    Energy  6.0770E-05 Target: 1.0000E-05 converged?   no
  Max step  8.4432E-04 Target: 1.8000E-02 converged?  yes component    87
  RMS step  2.7824E-04 Target: 1.2000E-02 converged?  yes
  Max grad  2.0947E-03 Target: 4.5000E-03 converged?  yes component    90
  RMS grad  7.7438E-04 Target: 3.0000E-03 converged?  yes
 Predicted step length 3.0918E-01
 Trust radius          5.7831E-03
 Energy calculation finished, energy: -9.189299464E+02
 QM energy (a.u.):   -1072.82211455897     
 XREF energy (a.u.):    153.892054338501     
 R(factor) =   0.278942000000000         R(free) =   0.273143000000000     
 Rejecting step, energy  1.844E-04 higher
 Energy calculation finished, energy: -9.189300602E+02
 QM energy (a.u.):   -1072.82210337058     
 XREF energy (a.u.):    153.892162269458     
 R(factor) =   0.278943000000000         R(free) =   0.273143000000000     
 Rejecting step, energy  7.058E-05 higher
 Energy calculation finished, energy: -9.189299411E+02
 QM energy (a.u.):   -1072.82209773492     
 XREF energy (a.u.):    153.892122907014     
 R(factor) =   0.278941000000000         R(free) =   0.273143000000000     
 Rejecting step, energy  1.897E-04 higher
 Energy calculation finished, energy: -9.189299748E+02
 QM energy (a.u.):   -1072.82209109279     
 XREF energy (a.u.):    153.892188588234     
 R(factor) =   0.278944000000000         R(free) =   0.273143000000000     
 Rejecting step, energy  1.560E-04 higher
 Energy calculation finished, energy: -9.189299025E+02
 QM energy (a.u.):   -1072.82209539590     
 XREF energy (a.u.):    153.892146161234     
 R(factor) =   0.278942000000000         R(free) =   0.273143000000000     
 Rejecting step, energy  2.283E-04 higher
 Energy calculation finished, energy: -9.189299492E+02
 QM energy (a.u.):   -1072.82209373578     
 XREF energy (a.u.):    153.892213096018     
 R(factor) =   0.278944000000000         R(free) =   0.273143000000000     
 Rejecting step, energy  1.816E-04 higher
 Energy calculation finished, energy: -9.189298806E+02
 QM energy (a.u.):   -1072.82209290394     
 XREF energy (a.u.):    153.892149691578     
 R(factor) =   0.278942000000000         R(free) =   0.273143000000000     
 Rejecting step, energy  2.502E-04 higher
 Energy calculation finished, energy: -9.189299432E+02
 QM energy (a.u.):   -1072.82209248661     
 XREF energy (a.u.):    153.892215314018     
 R(factor) =   0.278943000000000         R(free) =   0.273143000000000     
 Rejecting step, energy  1.876E-04 higher
 Energy calculation finished, energy: -9.189298772E+02
 QM energy (a.u.):   -1072.82209228064     
 XREF energy (a.u.):    153.892150356715     
 R(factor) =   0.278942000000000         R(free) =   0.273143000000000     
 Rejecting step, energy  2.536E-04 higher
 Energy calculation finished, energy: -9.189299419E+02
 QM energy (a.u.):   -1072.82209217561     
 XREF energy (a.u.):    153.892215647525     
 R(factor) =   0.278943000000000         R(free) =   0.273143000000000     
 Rejecting step, energy  1.889E-04 higher
 Energy calculation finished, energy: -9.189298765E+02
 QM energy (a.u.):   -1072.82209212348     
 XREF energy (a.u.):    153.892150523025     
 R(factor) =   0.278942000000000         R(free) =   0.273143000000000     
 Rejecting step, energy  2.543E-04 higher
 Energy calculation finished, energy: -9.189299416E+02
 QM energy (a.u.):   -1072.82209209712     
 XREF energy (a.u.):    153.892215729534     
 R(factor) =   0.278943000000000         R(free) =   0.273143000000000     
 Rejecting step, energy  1.892E-04 higher
 Energy calculation finished, energy: -9.189298764E+02
 QM energy (a.u.):   -1072.82209208327     
 XREF energy (a.u.):    153.892150565409     
 R(factor) =   0.278942000000000         R(free) =   0.273143000000000     
 Rejecting step, energy  2.544E-04 higher
 Energy calculation finished, energy: -9.189299415E+02
 QM energy (a.u.):   -1072.82209207732     
 XREF energy (a.u.):    153.892215750737     
 R(factor) =   0.278943000000000         R(free) =   0.273143000000000     
 Rejecting step, energy  1.893E-04 higher
 Energy calculation finished, energy: -9.189298763E+02
 QM energy (a.u.):   -1072.82209207497     
 XREF energy (a.u.):    153.892150574819     
 R(factor) =   0.278942000000000         R(free) =   0.273143000000000     
 Rejecting step, energy  2.545E-04 higher
 Energy calculation finished, energy: -9.189299415E+02
 QM energy (a.u.):   -1072.82209207357     
 XREF energy (a.u.):    153.892215756034     
 R(factor) =   0.278943000000000         R(free) =   0.273143000000000     
 Rejecting step, energy  1.893E-04 higher
 Step too small, restarting optimiser.
Testing convergence  in cycle   51
    Energy  1.8930E-04 Target: 1.0000E-05 converged?   no
  Max step  2.5605E-08 Target: 1.8000E-02 converged?  yes component    87
  RMS step  8.4911E-09 Target: 1.2000E-02 converged?  yes
  Max grad  2.0824E-03 Target: 4.5000E-03 converged?  yes component    90
  RMS grad  7.7482E-04 Target: 3.0000E-03 converged?  yes
 Predicted step length 2.0000E-02
 Trust radius          5.0000E-02
 Energy calculation finished, energy: -9.189298763E+02
 QM energy (a.u.):   -1072.82206662517     
 XREF energy (a.u.):    153.892022625077     
 R(factor) =   0.278952000000000         R(free) =   0.273142000000000     
 Rejecting step, energy  6.518E-05 higher
 Energy calculation finished, energy: -9.189300440E+02
 QM energy (a.u.):   -1072.82209405521     
 XREF energy (a.u.):    153.892042368583     
 R(factor) =   0.278953000000000         R(free) =   0.273142000000000     
Testing convergence  in cycle   53
    Energy  1.0250E-04 Target: 1.0000E-05 converged?   no
  Max step  2.5861E-03 Target: 1.8000E-02 converged?  yes component    90
  RMS step  9.6225E-04 Target: 1.2000E-02 converged?  yes
  Max grad  2.8397E-03 Target: 4.5000E-03 converged?  yes component    57
  RMS grad  1.0236E-03 Target: 3.0000E-03 converged?  yes
 Predicted step length 2.6743E-02
 Trust radius          2.0000E-02
 Energy calculation finished, energy: -9.189300517E+02
 QM energy (a.u.):   -1072.82214262832     
 XREF energy (a.u.):    153.892019494161     
 R(factor) =   0.278952000000000         R(free) =   0.273143000000000     
Testing convergence  in cycle   54
    Energy  7.6900E-06 Target: 1.0000E-05 converged?  yes
  Max step  5.1336E-03 Target: 1.8000E-02 converged?  yes component    90
  RMS step  1.9245E-03 Target: 1.2000E-02 converged?  yes
  Max grad  2.1107E-03 Target: 4.5000E-03 converged?  yes component    87
  RMS grad  7.4703E-04 Target: 3.0000E-03 converged?  yes
Convergence reached

 Optimisation converged
 ----------------------
 Final converged energy:    -918.930051690000


DL-FIND Report:
===============
Optimisation algorithm: L-BFGS
Number of steps in L-BFGS memory ...............        100
 
Trust radius based on energy
Maximum step length ............................  5.000E-02
 
Coordinate system: Cartesian coordinates
 
Number of atoms ................................       4020
Number of input geometries .....................          1
Variables to be optimised ......................        108
No restart information is written
This run has not been restarted.
Number of energy evaluations on this processor .         54
Number of steps ................................         54
Number of accepted steps / line searches .......         14
 

Timing report
=============
Module                                      CPU time            Wall clock time
Total .................................     6.207 (100.00%)  2162.504 (100.00%) seconds
Energy and Gradient ...................     0.407 (  6.56%)     0.691 (  0.03%) seconds
Step direction ........................     0.273 (  4.39%)     0.816 (  0.04%) seconds
Coordinate transformation .............     0.025 (  0.40%)     0.024 (  0.00%) seconds
Checkpoint file I/O ...................     0.000 (  0.00%)     0.000 (  0.00%) seconds
XYZ-file I/O ..........................     0.000 (  0.00%)     0.000 (  0.00%) seconds
Maximum memory usage ........................... 7.8240E+03 kB
Tue Jan  2 18:17:30 CST 2024
