This job is running on host node81
Current directory: /share/home/yanz/QR_App/ChemHPC/QR_APP/5HLS/QRs/DFTMM_M06_R1
Mon Nov 27 19:48:41 CST 2023
 using Gaussian + CNS
 QM energy (a.u.):   -1542.79991561310     
 XREF energy (a.u.):    70.8356207964638     
 R(factor) =   0.262259000000000         R(free) =   0.233249000000000     
 External sizes:        7857           1        5238

***********************************************************************
**                                                                   **
**                       ---------------------                       **
**                              DL-FIND                              **
**                       Geometry Optimisation                       **
**                       ---------------------                       **
**                                                                   **
**                 J. Kaestner, J.M. Carr, T.W. Keal,                **
**                W. Thiel, A. Wander and P. Sherwood                **
**                                                                   **
**              J. Phys. Chem. A, 2009, 113 (43), 11856.             **
**                                                                   **
**   Please include this reference in published work using DL-FIND.  **
**                                                                   **
**               Copyright:  STFC Daresbury Laboratory               **
**                           Revision: Unversioned directory         **
**                                                                   **
***********************************************************************


DL-FIND Report:
===============
Optimisation algorithm: L-BFGS
Number of steps in L-BFGS memory ...............        100
 
Trust radius based on energy
Maximum step length ............................  5.000E-02
 
Coordinate system: Cartesian coordinates
 
Number of atoms ................................       2619
Number of input geometries .....................          1
Variables to be optimised ......................        126
No restart information is written
This run has not been restarted.
Maximum number of steps ........................       5000
Maximum number of energy evaluations ...........      10000
 
 Energy calculation finished, energy: -1.471964295E+03
 QM energy (a.u.):   -1542.79991561308     
 XREF energy (a.u.):    70.8356207964638     
 R(factor) =   0.262259000000000         R(free) =   0.233249000000000     
Testing convergence  in cycle    1
  Max grad  5.2169E-03 Target: 4.5000E-03 converged?   no component   112
  RMS grad  1.2892E-03 Target: 3.0000E-03 converged?  yes
 Predicted step length 2.0000E-02
 Trust radius          5.0000E-02
 Energy calculation finished, energy: -1.471964295E+03
 QM energy (a.u.):   -1542.79980058581     
 XREF energy (a.u.):    70.8358706882215     
 R(factor) =   0.262283000000000         R(free) =   0.233254000000000     
 Rejecting step, energy  0.000E+00 higher
 Energy calculation finished, energy: -1.471963930E+03
 QM energy (a.u.):   -1542.80003363315     
 XREF energy (a.u.):    70.8357584623026     
 R(factor) =   0.262271000000000         R(free) =   0.233251000000000     
 Rejecting step, energy  3.649E-04 higher
 Energy calculation finished, energy: -1.471964275E+03
 QM energy (a.u.):   -1542.80001775111     
 XREF energy (a.u.):    70.8356962364672     
 R(factor) =   0.262265000000000         R(free) =   0.233250000000000     
 Rejecting step, energy  1.965E-05 higher
 Energy calculation finished, energy: -1.471964322E+03
 QM energy (a.u.):   -1542.79997737121     
 XREF energy (a.u.):    70.8356648849362     
 R(factor) =   0.262262000000000         R(free) =   0.233249000000000     
Testing convergence  in cycle    5
    Energy  2.6690E-05 Target: 1.0000E-05 converged?   no
  Max step  9.0130E-04 Target: 1.8000E-02 converged?  yes component   112
  RMS step  2.2272E-04 Target: 1.2000E-02 converged?  yes
  Max grad  3.0170E-03 Target: 4.5000E-03 converged?  yes component   119
  RMS grad  7.4502E-04 Target: 3.0000E-03 converged?  yes
 Predicted step length 3.2222E-03
 Trust radius          5.0000E-03
 Energy calculation finished, energy: -1.471964312E+03
 QM energy (a.u.):   -1542.80000074070     
 XREF energy (a.u.):    70.8356805103080     
 R(factor) =   0.262268000000000         R(free) =   0.233250000000000     
 Rejecting step, energy  9.020E-06 higher
 Energy calculation finished, energy: -1.471964320E+03
 QM energy (a.u.):   -1542.79999017532     
 XREF energy (a.u.):    70.8356714825614     
 R(factor) =   0.262265000000000         R(free) =   0.233250000000000     
 Rejecting step, energy  1.280E-06 higher
 Energy calculation finished, energy: -1.471964319E+03
 QM energy (a.u.):   -1542.79998405366     
 XREF energy (a.u.):    70.8356688990079     
 R(factor) =   0.262263000000000         R(free) =   0.233250000000000     
 Rejecting step, energy  2.820E-06 higher
 Energy calculation finished, energy: -1.471964315E+03
 QM energy (a.u.):   -1542.79998078212     
 XREF energy (a.u.):    70.8356659252703     
 R(factor) =   0.262263000000000         R(free) =   0.233250000000000     
 Rejecting step, energy  6.360E-06 higher
 Energy calculation finished, energy: -1.471964315E+03
 QM energy (a.u.):   -1542.79997909350     
 XREF energy (a.u.):    70.8356656736006     
 R(factor) =   0.262262000000000         R(free) =   0.233249000000000     
 Rejecting step, energy  6.650E-06 higher
 Energy calculation finished, energy: -1.471964313E+03
 QM energy (a.u.):   -1542.79997823707     
 XREF energy (a.u.):    70.8356652773163     
 R(factor) =   0.262262000000000         R(free) =   0.233249000000000     
 Rejecting step, energy  8.090E-06 higher
 Energy calculation finished, energy: -1.471964313E+03
 QM energy (a.u.):   -1542.79997780509     
 XREF energy (a.u.):    70.8356650812442     
 R(factor) =   0.262262000000000         R(free) =   0.233249000000000     
 Rejecting step, energy  8.550E-06 higher
 Energy calculation finished, energy: -1.471964313E+03
 QM energy (a.u.):   -1542.79997758841     
 XREF energy (a.u.):    70.8356649841762     
 R(factor) =   0.262262000000000         R(free) =   0.233249000000000     
 Rejecting step, energy  8.790E-06 higher
 Energy calculation finished, energy: -1.471964313E+03
 QM energy (a.u.):   -1542.79997748057     
 XREF energy (a.u.):    70.8356649351602     
 R(factor) =   0.262262000000000         R(free) =   0.233249000000000     
 Rejecting step, energy  8.910E-06 higher
 Energy calculation finished, energy: -1.471964313E+03
 QM energy (a.u.):   -1542.79997742600     
 XREF energy (a.u.):    70.8356649109326     
 R(factor) =   0.262262000000000         R(free) =   0.233249000000000     
 Rejecting step, energy  8.960E-06 higher
 Energy calculation finished, energy: -1.471964313E+03
 QM energy (a.u.):   -1542.79997739852     
 XREF energy (a.u.):    70.8356648970253     
 R(factor) =   0.262262000000000         R(free) =   0.233249000000000     
 Rejecting step, energy  8.990E-06 higher
 Energy calculation finished, energy: -1.471964313E+03
 QM energy (a.u.):   -1542.79997738480     
 XREF energy (a.u.):    70.8356648915274     
 R(factor) =   0.262262000000000         R(free) =   0.233249000000000     
 Rejecting step, energy  9.010E-06 higher
 Energy calculation finished, energy: -1.471964312E+03
 QM energy (a.u.):   -1542.79997737837     
 XREF energy (a.u.):    70.8356648888023     
 R(factor) =   0.262262000000000         R(free) =   0.233249000000000     
 Rejecting step, energy  9.020E-06 higher
 Energy calculation finished, energy: -1.471964312E+03
 QM energy (a.u.):   -1542.79997737479     
 XREF energy (a.u.):    70.8356648856772     
 R(factor) =   0.262262000000000         R(free) =   0.233249000000000     
 Rejecting step, energy  9.020E-06 higher
 Energy calculation finished, energy: -1.471964312E+03
 QM energy (a.u.):   -1542.79997737315     
 XREF energy (a.u.):    70.8356648848406     
 R(factor) =   0.262262000000000         R(free) =   0.233249000000000     
 Rejecting step, energy  9.020E-06 higher
 Step too small, restarting optimiser.
Testing convergence  in cycle   20
    Energy  9.0200E-06 Target: 1.0000E-05 converged?  yes
  Max step  3.1866E-08 Target: 1.8000E-02 converged?  yes component   119
  RMS step  8.7604E-09 Target: 1.2000E-02 converged?  yes
  Max grad  2.7434E-03 Target: 4.5000E-03 converged?  yes component   119
  RMS grad  9.2199E-04 Target: 3.0000E-03 converged?  yes
Convergence reached

 Optimisation converged
 ----------------------
 Final converged energy:   -1471.964312490000


DL-FIND Report:
===============
Optimisation algorithm: L-BFGS
Number of steps in L-BFGS memory ...............        100
 
Trust radius based on energy
Maximum step length ............................  5.000E-02
 
Coordinate system: Cartesian coordinates
 
Number of atoms ................................       2619
Number of input geometries .....................          1
Variables to be optimised ......................        126
No restart information is written
This run has not been restarted.
Number of energy evaluations on this processor .         20
Number of steps ................................         20
Number of accepted steps / line searches .......          3
 

Timing report
=============
Module                                      CPU time            Wall clock time
Total .................................     2.387 (100.00%)  2485.717 (100.00%) seconds
Energy and Gradient ...................     0.100 (  4.21%)     0.804 (  0.03%) seconds
Step direction ........................     0.028 (  1.16%)     0.031 (  0.00%) seconds
Coordinate transformation .............     0.006 (  0.25%)     0.006 (  0.00%) seconds
Checkpoint file I/O ...................     0.000 (  0.00%)     0.000 (  0.00%) seconds
XYZ-file I/O ..........................     0.000 (  0.00%)     0.000 (  0.00%) seconds
Maximum memory usage ........................... 5.1879E+03 kB
Mon Nov 27 20:32:05 CST 2023
