This job is running on host node36
Current directory: /home/chem-zhonglh/yanzy/QR_APP/5HLS/QRs/SEMM_R1
Tue Oct 11 01:03:01 CST 2022
 using Gaussian + CNS
 QM energy (a.u.):   -69.0423298872520     
 XREF energy (a.u.):    71.0490126716164     
 R(factor) =   0.251586000000000         R(free) =   0.240322000000000     
 External sizes:        7857           1        5238

***********************************************************************
**                                                                   **
**                       ---------------------                       **
**                              DL-FIND                              **
**                       Geometry Optimisation                       **
**                       ---------------------                       **
**                                                                   **
**                 J. Kaestner, J.M. Carr, T.W. Keal,                **
**                W. Thiel, A. Wander and P. Sherwood                **
**                                                                   **
**              J. Phys. Chem. A, 2009, 113 (43), 11856.             **
**                                                                   **
**   Please include this reference in published work using DL-FIND.  **
**                                                                   **
**               Copyright:  STFC Daresbury Laboratory               **
**                           Revision: Unversioned directory         **
**                                                                   **
***********************************************************************


DL-FIND Report:
===============
Optimisation algorithm: L-BFGS
Number of steps in L-BFGS memory ...............        100
 
Trust radius based on energy
Maximum step length ............................  5.000E-02
 
Coordinate system: Cartesian coordinates
 
Number of atoms ................................       2619
Number of input geometries .....................          1
Variables to be optimised ......................        126
No restart information is written
This run has not been restarted.
Maximum number of steps ........................       5000
Maximum number of energy evaluations ...........      10000
 
 Energy calculation finished, energy:  2.006682780E+00
 QM energy (a.u.):   -69.0423298872520     
 XREF energy (a.u.):    71.0165076991273     
 R(factor) =   0.251165000000000         R(free) =   0.240024000000000     
Testing convergence  in cycle    1
  Max grad  4.4185E-02 Target: 4.5000E-03 converged?   no component    89
  RMS grad  1.3263E-02 Target: 3.0000E-03 converged?   no
 Predicted step length 2.0000E-02
 Trust radius          5.0000E-02
 Energy calculation finished, energy:  1.974177810E+00
 QM energy (a.u.):   -69.0449430025120     
 XREF energy (a.u.):    70.9955646797206     
 R(factor) =   0.251611000000000         R(free) =   0.239445000000000     
Testing convergence  in cycle    2
    Energy  3.2505E-02 Target: 1.0000E-05 converged?   no
  Max step  5.9356E-03 Target: 1.8000E-02 converged?  yes component    89
  RMS step  1.7817E-03 Target: 1.2000E-02 converged?  yes
  Max grad  4.4457E-02 Target: 4.5000E-03 converged?   no component    89
  RMS grad  1.3247E-02 Target: 3.0000E-03 converged?   no
 Predicted step length 2.9500E+01
 Trust radius          5.0000E-02
 Energy calculation finished, energy:  1.950621680E+00
 QM energy (a.u.):   -69.0470298019250     
 XREF energy (a.u.):    70.9723343694389     
 R(factor) =   0.251944000000000         R(free) =   0.238956000000000     
Testing convergence  in cycle    3
    Energy  2.3556E-02 Target: 1.0000E-05 converged?   no
  Max step  1.5080E-02 Target: 1.8000E-02 converged?  yes component    89
  RMS step  4.4544E-03 Target: 1.2000E-02 converged?  yes
  Max grad  3.8363E-02 Target: 4.5000E-03 converged?   no component    89
  RMS grad  1.0678E-02 Target: 3.0000E-03 converged?   no
 Predicted step length 2.6030E-01
 Trust radius          5.0000E-02
 Energy calculation finished, energy:  1.925304570E+00
 QM energy (a.u.):   -69.0446939643080     
 XREF energy (a.u.):    70.9504035099972     
 R(factor) =   0.252373000000000         R(free) =   0.238468000000000     
Testing convergence  in cycle    4
    Energy  2.5317E-02 Target: 1.0000E-05 converged?   no
  Max step  1.8140E-02 Target: 1.8000E-02 converged?   no component    89
  RMS step  4.4544E-03 Target: 1.2000E-02 converged?  yes
  Max grad  2.2207E-02 Target: 4.5000E-03 converged?   no component    89
  RMS grad  5.9842E-03 Target: 3.0000E-03 converged?   no
 Predicted step length 1.0379E-01
 Trust radius          5.0000E-02
 Energy calculation finished, energy:  1.905709550E+00
 QM energy (a.u.):   -69.0418789726860     
 XREF energy (a.u.):    70.9261386680279     
 R(factor) =   0.251929000000000         R(free) =   0.238090000000000     
Testing convergence  in cycle    5
    Energy  1.9595E-02 Target: 1.0000E-05 converged?   no
  Max step  1.8257E-02 Target: 1.8000E-02 converged?   no component    89
  RMS step  4.4544E-03 Target: 1.2000E-02 converged?  yes
  Max grad  2.6434E-02 Target: 4.5000E-03 converged?   no component    37
  RMS grad  6.3591E-03 Target: 3.0000E-03 converged?   no
 Predicted step length 1.1756E-01
 Trust radius          5.0000E-02
 Energy calculation finished, energy:  1.884259700E+00
 QM energy (a.u.):   -69.0393595801690     
 XREF energy (a.u.):    70.9126636623976     
 R(factor) =   0.253477000000000         R(free) =   0.237554000000000     
Testing convergence  in cycle    6
    Energy  2.1450E-02 Target: 1.0000E-05 converged?   no
  Max step  1.5379E-02 Target: 1.8000E-02 converged?  yes component    89
  RMS step  4.4544E-03 Target: 1.2000E-02 converged?  yes
  Max grad  2.5505E-02 Target: 4.5000E-03 converged?   no component    73
  RMS grad  7.3493E-03 Target: 3.0000E-03 converged?   no
 Predicted step length 1.2769E-01
 Trust radius          5.0000E-02
 Energy calculation finished, energy:  1.873304080E+00
 QM energy (a.u.):   -69.0383470172460     
 XREF energy (a.u.):    70.8968747201284     
 R(factor) =   0.254190000000000         R(free) =   0.237176000000000     
Testing convergence  in cycle    7
    Energy  1.0956E-02 Target: 1.0000E-05 converged?   no
  Max step  1.8342E-02 Target: 1.8000E-02 converged?   no component    90
  RMS step  4.4544E-03 Target: 1.2000E-02 converged?  yes
  Max grad  2.9467E-02 Target: 4.5000E-03 converged?   no component    89
  RMS grad  8.2349E-03 Target: 3.0000E-03 converged?   no
 Predicted step length 2.5883E-01
 Trust radius          5.0000E-02
 Energy calculation finished, energy:  1.858527700E+00
 QM energy (a.u.):   -69.0381606322200     
 XREF energy (a.u.):    70.8830209047559     
 R(factor) =   0.254824000000000         R(free) =   0.236788000000000     
Testing convergence  in cycle    8
    Energy  1.4776E-02 Target: 1.0000E-05 converged?   no
  Max step  2.0646E-02 Target: 1.8000E-02 converged?   no component    90
  RMS step  4.4544E-03 Target: 1.2000E-02 converged?  yes
  Max grad  3.4215E-02 Target: 4.5000E-03 converged?   no component    89
  RMS grad  7.9713E-03 Target: 3.0000E-03 converged?   no
 Predicted step length 2.1416E-01
 Trust radius          5.0000E-02
 Energy calculation finished, energy:  1.844860270E+00
 QM energy (a.u.):   -69.0383977061650     
 XREF energy (a.u.):    70.8724834608765     
 R(factor) =   0.255530000000000         R(free) =   0.236527000000000     
Testing convergence  in cycle    9
    Energy  1.3667E-02 Target: 1.0000E-05 converged?   no
  Max step  2.2439E-02 Target: 1.8000E-02 converged?   no component    90
  RMS step  4.4544E-03 Target: 1.2000E-02 converged?  yes
  Max grad  3.3095E-02 Target: 4.5000E-03 converged?   no component    89
  RMS grad  6.8209E-03 Target: 3.0000E-03 converged?   no
 Predicted step length 2.1506E-01
 Trust radius          5.0000E-02
 Energy calculation finished, energy:  1.834085750E+00
 QM energy (a.u.):   -69.0382526879360     
 XREF energy (a.u.):    70.8400009415102     
 R(factor) =   0.257747000000000         R(free) =   0.235182000000000     
Testing convergence  in cycle   10
    Energy  1.0775E-02 Target: 1.0000E-05 converged?   no
  Max step  2.1969E-02 Target: 1.8000E-02 converged?   no component    90
  RMS step  4.4544E-03 Target: 1.2000E-02 converged?  yes
  Max grad  2.7643E-02 Target: 4.5000E-03 converged?   no component    89
  RMS grad  5.1927E-03 Target: 3.0000E-03 converged?   no
 Predicted step length 1.0954E-01
 Trust radius          5.0000E-02
 Energy calculation finished, energy:  1.801748250E+00
 QM energy (a.u.):   -69.0380540995730     
 XREF energy (a.u.):    70.8299815372325     
 R(factor) =   0.259320000000000         R(free) =   0.234150000000000     
Testing convergence  in cycle   11
    Energy  3.2338E-02 Target: 1.0000E-05 converged?   no
  Max step  1.6872E-02 Target: 1.8000E-02 converged?  yes component    90
  RMS step  4.4544E-03 Target: 1.2000E-02 converged?  yes
  Max grad  1.9426E-02 Target: 4.5000E-03 converged?   no component    89
  RMS grad  4.4189E-03 Target: 3.0000E-03 converged?   no
 Predicted step length 1.1283E-01
 Trust radius          5.0000E-02
 Energy calculation finished, energy:  1.791927440E+00
 QM energy (a.u.):   -69.0381080799130     
 XREF energy (a.u.):    70.8263634805518     
 R(factor) =   0.259816000000000         R(free) =   0.234005000000000     
Testing convergence  in cycle   12
    Energy  9.8208E-03 Target: 1.0000E-05 converged?   no
  Max step  1.3179E-02 Target: 1.8000E-02 converged?  yes component   119
  RMS step  4.4544E-03 Target: 1.2000E-02 converged?  yes
  Max grad  2.0138E-02 Target: 4.5000E-03 converged?   no component    34
  RMS grad  4.6455E-03 Target: 3.0000E-03 converged?   no
 Predicted step length 9.4146E-02
 Trust radius          5.0000E-02
 Energy calculation finished, energy:  1.788255400E+00
 QM energy (a.u.):   -69.0384907142740     
 XREF energy (a.u.):    70.8269090505232     
 R(factor) =   0.260183000000000         R(free) =   0.233879000000000     
Testing convergence  in cycle   13
    Energy  3.6720E-03 Target: 1.0000E-05 converged?   no
  Max step  1.3909E-02 Target: 1.8000E-02 converged?  yes component    89
  RMS step  4.4544E-03 Target: 1.2000E-02 converged?  yes
  Max grad  2.6786E-02 Target: 4.5000E-03 converged?   no component    34
  RMS grad  4.9818E-03 Target: 3.0000E-03 converged?   no
 Predicted step length 7.7367E-02
 Trust radius          5.0000E-02
 Energy calculation finished, energy:  1.788418340E+00
 QM energy (a.u.):   -69.0392107451280     
 XREF energy (a.u.):    70.8292971388541     
 R(factor) =   0.260577000000000         R(free) =   0.233792000000000     
 Rejecting step, energy  1.629E-04 higher
 Energy calculation finished, energy:  1.790086390E+00
 QM energy (a.u.):   -69.0392369014830     
 XREF energy (a.u.):    70.8288946212883     
 R(factor) =   0.261052000000000         R(free) =   0.233781000000000     
 Rejecting step, energy  1.831E-03 higher
 Energy calculation finished, energy:  1.789657720E+00
 QM energy (a.u.):   -69.0389593915010     
 XREF energy (a.u.):    70.8291529237703     
 R(factor) =   0.261206000000000         R(free) =   0.233561000000000     
 Rejecting step, energy  1.402E-03 higher
 Energy calculation finished, energy:  1.790193530E+00
 QM energy (a.u.):   -69.0387488314990     
 XREF energy (a.u.):    70.8305281647139     
 R(factor) =   0.261470000000000         R(free) =   0.233476000000000     
 Rejecting step, energy  1.938E-03 higher
 Energy calculation finished, energy:  1.791779330E+00
 QM energy (a.u.):   -69.0386257025570     
 XREF energy (a.u.):    70.8314598409973     
 R(factor) =   0.261718000000000         R(free) =   0.233398000000000     
 Rejecting step, energy  3.524E-03 higher
 Energy calculation finished, energy:  1.792834140E+00
 QM energy (a.u.):   -69.0385596894600     
 XREF energy (a.u.):    70.8341732667084     
 R(factor) =   0.261945000000000         R(free) =   0.233348000000000     
 Rejecting step, energy  4.579E-03 higher
 Energy calculation finished, energy:  1.795613580E+00
 QM energy (a.u.):   -69.0385255723440     
 XREF energy (a.u.):    70.8370574280069     
 R(factor) =   0.262209000000000         R(free) =   0.233310000000000     
 Rejecting step, energy  7.358E-03 higher
 Energy calculation finished, energy:  1.798531860E+00
 QM energy (a.u.):   -69.0385082346430     
 XREF energy (a.u.):    70.8378507231088     
 R(factor) =   0.262247000000000         R(free) =   0.233312000000000     
 Rejecting step, energy  1.028E-02 higher
 Energy calculation finished, energy:  1.799342490E+00
 QM energy (a.u.):   -69.0384994977210     
 XREF energy (a.u.):    70.8407090050801     
 R(factor) =   0.262443000000000         R(free) =   0.233295000000000     
 Rejecting step, energy  1.109E-02 higher
 Energy calculation finished, energy:  1.802209510E+00
 QM energy (a.u.):   -69.0384951129010     
 XREF energy (a.u.):    70.8407055354023     
 R(factor) =   0.262443000000000         R(free) =   0.233295000000000     
 Rejecting step, energy  1.395E-02 higher
 Energy calculation finished, energy:  1.802210420E+00
 QM energy (a.u.):   -69.0384929147300     
 XREF energy (a.u.):    70.8407038014796     
 R(factor) =   0.262443000000000         R(free) =   0.233295000000000     
 Rejecting step, energy  1.396E-02 higher
 Energy calculation finished, energy:  1.802210890E+00
 QM energy (a.u.):   -69.0384918147580     
 XREF energy (a.u.):    70.8407029349279     
 R(factor) =   0.262443000000000         R(free) =   0.233295000000000     
 Rejecting step, energy  1.396E-02 higher
 Energy calculation finished, energy:  1.802211120E+00
 QM energy (a.u.):   -69.0384912648150     
 XREF energy (a.u.):    70.8407025010217     
 R(factor) =   0.262443000000000         R(free) =   0.233295000000000     
 Rejecting step, energy  1.396E-02 higher
 Energy calculation finished, energy:  1.802211240E+00
 QM energy (a.u.):   -69.0384909890190     
 XREF energy (a.u.):    70.8407022831109     
 R(factor) =   0.262443000000000         R(free) =   0.233295000000000     
 Rejecting step, energy  1.396E-02 higher
 Energy calculation finished, energy:  1.802211290E+00
 QM energy (a.u.):   -69.0384908522140     
 XREF energy (a.u.):    70.8407021754041     
 R(factor) =   0.262443000000000         R(free) =   0.233295000000000     
 Rejecting step, energy  1.396E-02 higher
 Energy calculation finished, energy:  1.802211320E+00
 QM energy (a.u.):   -69.0384907829570     
 XREF energy (a.u.):    70.8407021223467     
 R(factor) =   0.262443000000000         R(free) =   0.233295000000000     
 Rejecting step, energy  1.396E-02 higher
 Energy calculation finished, energy:  1.802211340E+00
 QM energy (a.u.):   -69.0384907485910     
 XREF energy (a.u.):    70.8407020958004     
 R(factor) =   0.262443000000000         R(free) =   0.233295000000000     
 Rejecting step, energy  1.396E-02 higher
 Energy calculation finished, energy:  1.802211350E+00
 QM energy (a.u.):   -69.0384907316440     
 XREF energy (a.u.):    70.8407020800493     
 R(factor) =   0.262443000000000         R(free) =   0.233295000000000     
 Rejecting step, energy  1.396E-02 higher
 Energy calculation finished, energy:  1.802211350E+00
 QM energy (a.u.):   -69.0384907231620     
 XREF energy (a.u.):    70.8407020738565     
 R(factor) =   0.262443000000000         R(free) =   0.233295000000000     
 Rejecting step, energy  1.396E-02 higher
 Step too small, restarting optimiser.
Testing convergence  in cycle   32
    Energy  1.3956E-02 Target: 1.0000E-05 converged?   no
  Max step  2.9693E-08 Target: 1.8000E-02 converged?  yes component    89
  RMS step  8.4960E-09 Target: 1.2000E-02 converged?  yes
  Max grad  2.5923E-02 Target: 4.5000E-03 converged?   no component   112
  RMS grad  5.9434E-03 Target: 3.0000E-03 converged?   no
 Predicted step length 2.0000E-02
 Trust radius          5.0000E-02
 Energy calculation finished, energy:  1.802211350E+00
 QM energy (a.u.):   -69.0399764822980     
 XREF energy (a.u.):    70.8401004659310     
 R(factor) =   0.262449000000000         R(free) =   0.233287000000000     
 Rejecting step, energy  0.000E+00 higher
 Energy calculation finished, energy:  1.800123980E+00
 QM energy (a.u.):   -69.0394060612080     
 XREF energy (a.u.):    70.8404219748176     
 R(factor) =   0.262445000000000         R(free) =   0.233291000000000     
Testing convergence  in cycle   34
    Energy  2.0874E-03 Target: 1.0000E-05 converged?   no
  Max step  3.8857E-03 Target: 1.8000E-02 converged?  yes component   112
  RMS step  8.9087E-04 Target: 1.2000E-02 converged?  yes
  Max grad  1.1733E-02 Target: 4.5000E-03 converged?   no component    16
  RMS grad  3.1874E-03 Target: 3.0000E-03 converged?   no
 Predicted step length 1.3991E-02
 Trust radius          2.0000E-02
 Energy calculation finished, energy:  1.801015910E+00
 QM energy (a.u.):   -69.0403681204880     
 XREF energy (a.u.):    70.8398407189023     
 R(factor) =   0.262439000000000         R(free) =   0.233283000000000     
 Rejecting step, energy  8.919E-04 higher
 Energy calculation finished, energy:  1.799472600E+00
 QM energy (a.u.):   -69.0399246163910     
 XREF energy (a.u.):    70.8401331723749     
 R(factor) =   0.262442000000000         R(free) =   0.233287000000000     
Testing convergence  in cycle   36
    Energy  6.5138E-04 Target: 1.0000E-05 converged?   no
  Max step  2.2449E-03 Target: 1.8000E-02 converged?  yes component    16
  RMS step  6.2322E-04 Target: 1.2000E-02 converged?  yes
  Max grad  1.0658E-02 Target: 4.5000E-03 converged?   no component    16
  RMS grad  3.1486E-03 Target: 3.0000E-03 converged?   no
 Predicted step length 2.5726E-01
 Trust radius          1.3991E-02
 Energy calculation finished, energy:  1.800208560E+00
 QM energy (a.u.):   -69.0407324456020     
 XREF energy (a.u.):    70.8395878785015     
 R(factor) =   0.262436000000000         R(free) =   0.233279000000000     
 Rejecting step, energy  7.360E-04 higher
 Energy calculation finished, energy:  1.798855430E+00
 QM energy (a.u.):   -69.0403693069640     
 XREF energy (a.u.):    70.8398508424802     
 R(factor) =   0.262439000000000         R(free) =   0.233283000000000     
Testing convergence  in cycle   38
    Energy  6.1717E-04 Target: 1.0000E-05 converged?   no
  Max step  2.2094E-03 Target: 1.8000E-02 converged?  yes component    16
  RMS step  6.2322E-04 Target: 1.2000E-02 converged?  yes
  Max grad  9.6086E-03 Target: 4.5000E-03 converged?   no component    16
  RMS grad  2.5238E-03 Target: 3.0000E-03 converged?  yes
 Predicted step length 3.6515E-02
 Trust radius          1.3991E-02
 Energy calculation finished, energy:  1.799481540E+00
 QM energy (a.u.):   -69.0411205279210     
 XREF energy (a.u.):    70.8394782723986     
 R(factor) =   0.262429000000000         R(free) =   0.233278000000000     
 Rejecting step, energy  6.261E-04 higher
 Energy calculation finished, energy:  1.798357740E+00
 QM energy (a.u.):   -69.0407690886040     
 XREF energy (a.u.):    70.8396469551708     
 R(factor) =   0.262434000000000         R(free) =   0.233280000000000     
Testing convergence  in cycle   40
    Energy  4.9769E-04 Target: 1.0000E-05 converged?   no
  Max step  2.4771E-03 Target: 1.8000E-02 converged?  yes component    16
  RMS step  6.2322E-04 Target: 1.2000E-02 converged?  yes
  Max grad  8.5779E-03 Target: 4.5000E-03 converged?   no component    16
  RMS grad  2.2328E-03 Target: 3.0000E-03 converged?  yes
 Predicted step length 7.8253E-02
 Trust radius          1.3991E-02
 Energy calculation finished, energy:  1.798877870E+00
 QM energy (a.u.):   -69.0414715465240     
 XREF energy (a.u.):    70.8394322135209     
 R(factor) =   0.262425000000000         R(free) =   0.233276000000000     
 Rejecting step, energy  5.201E-04 higher
 Energy calculation finished, energy:  1.797960670E+00
 QM energy (a.u.):   -69.0411423245800     
 XREF energy (a.u.):    70.8395320913725     
 R(factor) =   0.262430000000000         R(free) =   0.233278000000000     
Testing convergence  in cycle   42
    Energy  3.9707E-04 Target: 1.0000E-05 converged?   no
  Max step  2.3042E-03 Target: 1.8000E-02 converged?  yes component    16
  RMS step  6.2322E-04 Target: 1.2000E-02 converged?  yes
  Max grad  7.9198E-03 Target: 4.5000E-03 converged?   no component    16
  RMS grad  2.0494E-03 Target: 3.0000E-03 converged?  yes
 Predicted step length 6.8892E-02
 Trust radius          1.3991E-02
 Energy calculation finished, energy:  1.798389770E+00
 QM energy (a.u.):   -69.0417774955510     
 XREF energy (a.u.):    70.8391836201925     
 R(factor) =   0.262414000000000         R(free) =   0.233274000000000     
 Rejecting step, energy  4.291E-04 higher
 Energy calculation finished, energy:  1.797406120E+00
 QM energy (a.u.):   -69.0414749574540     
 XREF energy (a.u.):    70.8393866006862     
 R(factor) =   0.262423000000000         R(free) =   0.233276000000000     
Testing convergence  in cycle   44
    Energy  5.5455E-04 Target: 1.0000E-05 converged?   no
  Max step  2.3885E-03 Target: 1.8000E-02 converged?  yes component    16
  RMS step  6.2322E-04 Target: 1.2000E-02 converged?  yes
  Max grad  6.9655E-03 Target: 4.5000E-03 converged?   no component    16
  RMS grad  1.7684E-03 Target: 3.0000E-03 converged?  yes
 Predicted step length 7.7465E-02
 Trust radius          1.3991E-02
 Energy calculation finished, energy:  1.797911640E+00
 QM energy (a.u.):   -69.0420816941690     
 XREF energy (a.u.):    70.8391804799904     
 R(factor) =   0.262408000000000         R(free) =   0.233273000000000     
 Rejecting step, energy  5.055E-04 higher
 Energy calculation finished, energy:  1.797098790E+00
 QM energy (a.u.):   -69.0417901842220     
 XREF energy (a.u.):    70.8392546652595     
 R(factor) =   0.262414000000000         R(free) =   0.233275000000000     
Testing convergence  in cycle   46
    Energy  3.0733E-04 Target: 1.0000E-05 converged?   no
  Max step  2.3103E-03 Target: 1.8000E-02 converged?  yes component    16
  RMS step  6.2322E-04 Target: 1.2000E-02 converged?  yes
  Max grad  6.2488E-03 Target: 4.5000E-03 converged?   no component    16
  RMS grad  1.6780E-03 Target: 3.0000E-03 converged?  yes
 Predicted step length 8.0932E-02
 Trust radius          1.3991E-02
 Energy calculation finished, energy:  1.797464480E+00
 QM energy (a.u.):   -69.0423688482430     
 XREF energy (a.u.):    70.8390699237162     
 R(factor) =   0.262403000000000         R(free) =   0.233272000000000     
 Rejecting step, energy  3.657E-04 higher
 Energy calculation finished, energy:  1.796701080E+00
 QM energy (a.u.):   -69.0420884575390     
 XREF energy (a.u.):    70.8391729235423     
 R(factor) =   0.262408000000000         R(free) =   0.233274000000000     
Testing convergence  in cycle   48
    Energy  3.9771E-04 Target: 1.0000E-05 converged?   no
  Max step  2.2145E-03 Target: 1.8000E-02 converged?  yes component    16
  RMS step  6.2322E-04 Target: 1.2000E-02 converged?  yes
  Max grad  5.5851E-03 Target: 4.5000E-03 converged?   no component    16
  RMS grad  1.5508E-03 Target: 3.0000E-03 converged?  yes
 Predicted step length 1.0474E-01
 Trust radius          1.3991E-02
 Energy calculation finished, energy:  1.797084470E+00
 QM energy (a.u.):   -69.0426065657360     
 XREF energy (a.u.):    70.8390545208288     
 R(factor) =   0.262396000000000         R(free) =   0.233272000000000     
 Rejecting step, energy  3.834E-04 higher
 Energy calculation finished, energy:  1.796447960E+00
 QM energy (a.u.):   -69.0423553389520     
 XREF energy (a.u.):    70.8391127740437     
 R(factor) =   0.262403000000000         R(free) =   0.233272000000000     
Testing convergence  in cycle   50
    Energy  2.5312E-04 Target: 1.0000E-05 converged?   no
  Max step  2.1323E-03 Target: 1.8000E-02 converged?  yes component    16
  RMS step  6.2322E-04 Target: 1.2000E-02 converged?  yes
  Max grad  4.9109E-03 Target: 4.5000E-03 converged?   no component    16
  RMS grad  1.5027E-03 Target: 3.0000E-03 converged?  yes
 Predicted step length 1.0835E-01
 Trust radius          1.3991E-02
 Energy calculation finished, energy:  1.796757440E+00
 QM energy (a.u.):   -69.0428843564570     
 XREF energy (a.u.):    70.8390314539475     
 R(factor) =   0.262390000000000         R(free) =   0.233272000000000     
 Rejecting step, energy  3.095E-04 higher
 Energy calculation finished, energy:  1.796147100E+00
 QM energy (a.u.):   -69.0426259595080     
 XREF energy (a.u.):    70.8390652739372     
 R(factor) =   0.262397000000000         R(free) =   0.233272000000000     
Testing convergence  in cycle   52
    Energy  3.0086E-04 Target: 1.0000E-05 converged?   no
  Max step  2.0595E-03 Target: 1.8000E-02 converged?  yes component    59
  RMS step  6.2322E-04 Target: 1.2000E-02 converged?  yes
  Max grad  4.3617E-03 Target: 4.5000E-03 converged?  yes component    59
  RMS grad  1.4329E-03 Target: 3.0000E-03 converged?  yes
 Predicted step length 1.1232E-01
 Trust radius          1.3991E-02
 Energy calculation finished, energy:  1.796439310E+00
 QM energy (a.u.):   -69.0430987416200     
 XREF energy (a.u.):    70.8389684696305     
 R(factor) =   0.262383000000000         R(free) =   0.233271000000000     
 Rejecting step, energy  2.922E-04 higher
 Energy calculation finished, energy:  1.795869730E+00
 QM energy (a.u.):   -69.0428674547090     
 XREF energy (a.u.):    70.8390218307289     
 R(factor) =   0.262390000000000         R(free) =   0.233271000000000     
Testing convergence  in cycle   54
    Energy  2.7737E-04 Target: 1.0000E-05 converged?   no
  Max step  2.1242E-03 Target: 1.8000E-02 converged?  yes component    59
  RMS step  6.2322E-04 Target: 1.2000E-02 converged?  yes
  Max grad  4.2421E-03 Target: 4.5000E-03 converged?  yes component    59
  RMS grad  1.3922E-03 Target: 3.0000E-03 converged?  yes
 Predicted step length 1.1747E-01
 Trust radius          1.3991E-02
 Energy calculation finished, energy:  1.796154380E+00
 QM energy (a.u.):   -69.0433468506490     
 XREF energy (a.u.):    70.8389741838771     
 R(factor) =   0.262377000000000         R(free) =   0.233271000000000     
 Rejecting step, energy  2.846E-04 higher
 Energy calculation finished, energy:  1.795627330E+00
 QM energy (a.u.):   -69.0431114168250     
 XREF energy (a.u.):    70.8389845291714     
 R(factor) =   0.262383000000000         R(free) =   0.233271000000000     
Testing convergence  in cycle   56
    Energy  2.4240E-04 Target: 1.0000E-05 converged?   no
  Max step  2.1988E-03 Target: 1.8000E-02 converged?  yes component    59
  RMS step  6.2322E-04 Target: 1.2000E-02 converged?  yes
  Max grad  4.1220E-03 Target: 4.5000E-03 converged?  yes component    59
  RMS grad  1.3571E-03 Target: 3.0000E-03 converged?  yes
 Predicted step length 1.4848E-01
 Trust radius          1.3991E-02
 Energy calculation finished, energy:  1.795873110E+00
 QM energy (a.u.):   -69.0435046533550     
 XREF energy (a.u.):    70.8388903105026     
 R(factor) =   0.262373000000000         R(free) =   0.233270000000000     
 Rejecting step, energy  2.458E-04 higher
 Energy calculation finished, energy:  1.795385660E+00
 QM energy (a.u.):   -69.0433121111380     
 XREF energy (a.u.):    70.8389397479647     
 R(factor) =   0.262378000000000         R(free) =   0.233270000000000     
Testing convergence  in cycle   58
    Energy  2.4167E-04 Target: 1.0000E-05 converged?   no
  Max step  2.2499E-03 Target: 1.8000E-02 converged?  yes component    59
  RMS step  6.2322E-04 Target: 1.2000E-02 converged?  yes
  Max grad  4.0353E-03 Target: 4.5000E-03 converged?  yes component    59
  RMS grad  1.3384E-03 Target: 3.0000E-03 converged?  yes
 Predicted step length 1.5291E-01
 Trust radius          1.3991E-02
 Energy calculation finished, energy:  1.795627640E+00
 QM energy (a.u.):   -69.0437359119540     
 XREF energy (a.u.):    70.8388920750288     
 R(factor) =   0.262366000000000         R(free) =   0.233270000000000     
 Rejecting step, energy  2.420E-04 higher
 Energy calculation finished, energy:  1.795156160E+00
 QM energy (a.u.):   -69.0435273042530     
 XREF energy (a.u.):    70.8389162063682     
 R(factor) =   0.262372000000000         R(free) =   0.233270000000000     
Testing convergence  in cycle   60
    Energy  2.2950E-04 Target: 1.0000E-05 converged?   no
  Max step  2.2940E-03 Target: 1.8000E-02 converged?  yes component    59
  RMS step  6.2322E-04 Target: 1.2000E-02 converged?  yes
  Max grad  3.9105E-03 Target: 4.5000E-03 converged?  yes component    59
  RMS grad  1.2998E-03 Target: 3.0000E-03 converged?  yes
 Predicted step length 1.5879E-01
 Trust radius          1.3991E-02
 Energy calculation finished, energy:  1.795388900E+00
 QM energy (a.u.):   -69.0438947708240     
 XREF energy (a.u.):    70.8382548647805     
 R(factor) =   0.262348000000000         R(free) =   0.233264000000000     
 Rejecting step, energy  2.327E-04 higher
 Energy calculation finished, energy:  1.794360090E+00
 QM energy (a.u.):   -69.0437139814250     
 XREF energy (a.u.):    70.8388794803786     
 R(factor) =   0.262367000000000         R(free) =   0.233269000000000     
Testing convergence  in cycle   62
    Energy  7.9607E-04 Target: 1.0000E-05 converged?   no
  Max step  2.3309E-03 Target: 1.8000E-02 converged?  yes component    59
  RMS step  6.2322E-04 Target: 1.2000E-02 converged?  yes
  Max grad  4.0438E-03 Target: 4.5000E-03 converged?  yes component   112
  RMS grad  1.2845E-03 Target: 3.0000E-03 converged?  yes
 Predicted step length 1.6656E-01
 Trust radius          1.3991E-02
 Energy calculation finished, energy:  1.795165500E+00
 QM energy (a.u.):   -69.0440807436950     
 XREF energy (a.u.):    70.8382409939031     
 R(factor) =   0.262343000000000         R(free) =   0.233263000000000     
 Rejecting step, energy  8.054E-04 higher
 Energy calculation finished, energy:  1.794160250E+00
 QM energy (a.u.):   -69.0439000659750     
 XREF energy (a.u.):    70.8382621550587     
 R(factor) =   0.262348000000000         R(free) =   0.233264000000000     
Testing convergence  in cycle   64
    Energy  1.9984E-04 Target: 1.0000E-05 converged?   no
  Max step  2.3737E-03 Target: 1.8000E-02 converged?  yes component    59
  RMS step  6.2322E-04 Target: 1.2000E-02 converged?  yes
  Max grad  4.0373E-03 Target: 4.5000E-03 converged?  yes component   112
  RMS grad  1.2595E-03 Target: 3.0000E-03 converged?  yes
 Predicted step length 1.9454E-01
 Trust radius          1.3991E-02
 Energy calculation finished, energy:  1.794362090E+00
 QM energy (a.u.):   -69.0442271294750     
 XREF energy (a.u.):    70.8381931831030     
 R(factor) =   0.262337000000000         R(free) =   0.233263000000000     
 Rejecting step, energy  2.018E-04 higher
 Energy calculation finished, energy:  1.793966050E+00
 QM energy (a.u.):   -69.0440660756820     
 XREF energy (a.u.):    70.8382249143912     
 R(factor) =   0.262343000000000         R(free) =   0.233263000000000     
Testing convergence  in cycle   66
    Energy  1.9420E-04 Target: 1.0000E-05 converged?   no
  Max step  2.3956E-03 Target: 1.8000E-02 converged?  yes component    59
  RMS step  6.2322E-04 Target: 1.2000E-02 converged?  yes
  Max grad  4.3585E-03 Target: 4.5000E-03 converged?  yes component   112
  RMS grad  1.2401E-03 Target: 3.0000E-03 converged?  yes
 Predicted step length 1.9255E-01
 Trust radius          1.3991E-02
 Energy calculation finished, energy:  1.794158840E+00
 QM energy (a.u.):   -69.0443923755010     
 XREF energy (a.u.):    70.8382055124343     
 R(factor) =   0.262335000000000         R(free) =   0.233262000000000     
 Rejecting step, energy  1.928E-04 higher
 Energy calculation finished, energy:  1.793813140E+00
 QM energy (a.u.):   -69.0442313583460     
 XREF energy (a.u.):    70.8382159203046     
 R(factor) =   0.262339000000000         R(free) =   0.233263000000000     
Testing convergence  in cycle   68
    Energy  1.5291E-04 Target: 1.0000E-05 converged?   no
  Max step  2.4249E-03 Target: 1.8000E-02 converged?  yes component    59
  RMS step  6.2322E-04 Target: 1.2000E-02 converged?  yes
  Max grad  4.3571E-03 Target: 4.5000E-03 converged?  yes component   112
  RMS grad  1.2183E-03 Target: 3.0000E-03 converged?  yes
 Predicted step length 2.0108E-01
 Trust radius          1.3991E-02
 Energy calculation finished, energy:  1.793984560E+00
 QM energy (a.u.):   -69.0445183425630     
 XREF energy (a.u.):    70.8380955621068     
 R(factor) =   0.262424000000000         R(free) =   0.233258000000000     
 Rejecting step, energy  1.714E-04 higher
 Energy calculation finished, energy:  1.793577220E+00
 QM energy (a.u.):   -69.0443768220810     
 XREF energy (a.u.):    70.8381761018477     
 R(factor) =   0.262334000000000         R(free) =   0.233262000000000     
Testing convergence  in cycle   70
    Energy  2.3592E-04 Target: 1.0000E-05 converged?   no
  Max step  2.4455E-03 Target: 1.8000E-02 converged?  yes component    59
  RMS step  6.2322E-04 Target: 1.2000E-02 converged?  yes
  Max grad  4.4208E-03 Target: 4.5000E-03 converged?  yes component   112
  RMS grad  1.2031E-03 Target: 3.0000E-03 converged?  yes
 Predicted step length 2.4369E-01
 Trust radius          1.3991E-02
 Energy calculation finished, energy:  1.793799280E+00
 QM energy (a.u.):   -69.0446710601550     
 XREF energy (a.u.):    70.8380857418520     
 R(factor) =   0.262421000000000         R(free) =   0.233258000000000     
 Rejecting step, energy  2.221E-04 higher
 Energy calculation finished, energy:  1.793414680E+00
 QM energy (a.u.):   -69.0445257715070     
 XREF energy (a.u.):    70.8381130763918     
 R(factor) =   0.262425000000000         R(free) =   0.233258000000000     
Testing convergence  in cycle   72
    Energy  1.6254E-04 Target: 1.0000E-05 converged?   no
  Max step  2.4616E-03 Target: 1.8000E-02 converged?  yes component    59
  RMS step  6.2322E-04 Target: 1.2000E-02 converged?  yes
  Max grad  4.5853E-03 Target: 4.5000E-03 converged?   no component   112
  RMS grad  1.1840E-03 Target: 3.0000E-03 converged?  yes
 Predicted step length 2.3698E-01
 Trust radius          1.3991E-02
 Energy calculation finished, energy:  1.793587300E+00
 QM energy (a.u.):   -69.0447805548360     
 XREF energy (a.u.):    70.8379871555150     
 R(factor) =   0.262417000000000         R(free) =   0.233256000000000     
 Rejecting step, energy  1.726E-04 higher
 Energy calculation finished, energy:  1.793206600E+00
 QM energy (a.u.):   -69.0446548979540     
 XREF energy (a.u.):    70.8380492097369     
 R(factor) =   0.262421000000000         R(free) =   0.233257000000000     
Testing convergence  in cycle   74
    Energy  2.0808E-04 Target: 1.0000E-05 converged?   no
  Max step  2.4742E-03 Target: 1.8000E-02 converged?  yes component    59
  RMS step  6.2322E-04 Target: 1.2000E-02 converged?  yes
  Max grad  4.3907E-03 Target: 4.5000E-03 converged?  yes component   112
  RMS grad  1.1703E-03 Target: 3.0000E-03 converged?  yes
 Predicted step length 2.3979E-01
 Trust radius          1.3991E-02
 Energy calculation finished, energy:  1.793394310E+00
 QM energy (a.u.):   -69.0449086135530     
 XREF energy (a.u.):    70.8379620006890     
 R(factor) =   0.262413000000000         R(free) =   0.233255000000000     
 Rejecting step, energy  1.877E-04 higher
 Energy calculation finished, energy:  1.793053390E+00
 QM energy (a.u.):   -69.0447832775290     
 XREF energy (a.u.):    70.8380049130762     
 R(factor) =   0.262417000000000         R(free) =   0.233256000000000     
Testing convergence  in cycle   76
    Energy  1.5321E-04 Target: 1.0000E-05 converged?   no
  Max step  2.4941E-03 Target: 1.8000E-02 converged?  yes component    59
  RMS step  6.2322E-04 Target: 1.2000E-02 converged?  yes
  Max grad  4.5834E-03 Target: 4.5000E-03 converged?   no component   112
  RMS grad  1.1505E-03 Target: 3.0000E-03 converged?  yes
 Predicted step length 2.5506E-01
 Trust radius          1.3991E-02
 Energy calculation finished, energy:  1.793221640E+00
 QM energy (a.u.):   -69.0450188503500     
 XREF energy (a.u.):    70.8379275433220     
 R(factor) =   0.262412000000000         R(free) =   0.233254000000000     
 Rejecting step, energy  1.682E-04 higher
 Energy calculation finished, energy:  1.792908690E+00
 QM energy (a.u.):   -69.0449025172630     
 XREF energy (a.u.):    70.8379660844330     
 R(factor) =   0.262414000000000         R(free) =   0.233255000000000     
Testing convergence  in cycle   78
    Energy  1.4470E-04 Target: 1.0000E-05 converged?   no
  Max step  2.5033E-03 Target: 1.8000E-02 converged?  yes component    59
  RMS step  6.2322E-04 Target: 1.2000E-02 converged?  yes
  Max grad  4.4097E-03 Target: 4.5000E-03 converged?  yes component   112
  RMS grad  1.1359E-03 Target: 3.0000E-03 converged?  yes
 Predicted step length 2.6532E-01
 Trust radius          1.3991E-02
 Energy calculation finished, energy:  1.793063570E+00
 QM energy (a.u.):   -69.0451157843890     
 XREF energy (a.u.):    70.8378564923904     
 R(factor) =   0.262408000000000         R(free) =   0.233252000000000     
 Rejecting step, energy  1.549E-04 higher
 Energy calculation finished, energy:  1.792740710E+00
 QM energy (a.u.):   -69.0450104782490     
 XREF energy (a.u.):    70.8379091128221     
 R(factor) =   0.262411000000000         R(free) =   0.233254000000000     
Testing convergence  in cycle   80
    Energy  1.6798E-04 Target: 1.0000E-05 converged?   no
  Max step  2.5174E-03 Target: 1.8000E-02 converged?  yes component    59
  RMS step  6.2322E-04 Target: 1.2000E-02 converged?  yes
  Max grad  4.4781E-03 Target: 4.5000E-03 converged?  yes component   112
  RMS grad  1.1217E-03 Target: 3.0000E-03 converged?  yes
 Predicted step length 2.8311E-01
 Trust radius          1.3991E-02
 Energy calculation finished, energy:  1.792898630E+00
 QM energy (a.u.):   -69.0452273408930     
 XREF energy (a.u.):    70.8378419565425     
 R(factor) =   0.262407000000000         R(free) =   0.233252000000000     
 Rejecting step, energy  1.579E-04 higher
 Energy calculation finished, energy:  1.792614620E+00
 QM energy (a.u.):   -69.0451201510660     
 XREF energy (a.u.):    70.8378741647943     
 R(factor) =   0.262409000000000         R(free) =   0.233253000000000     
Testing convergence  in cycle   82
    Energy  1.2609E-04 Target: 1.0000E-05 converged?   no
  Max step  2.5253E-03 Target: 1.8000E-02 converged?  yes component    59
  RMS step  6.2322E-04 Target: 1.2000E-02 converged?  yes
  Max grad  4.4087E-03 Target: 4.5000E-03 converged?  yes component   112
  RMS grad  1.1065E-03 Target: 3.0000E-03 converged?  yes
 Predicted step length 2.9217E-01
 Trust radius          1.3991E-02
 Energy calculation finished, energy:  1.792754010E+00
 QM energy (a.u.):   -69.0453035216320     
 XREF energy (a.u.):    70.8377878100928     
 R(factor) =   0.262404000000000         R(free) =   0.233250000000000     
 Rejecting step, energy  1.394E-04 higher
 Energy calculation finished, energy:  1.792484290E+00
 QM energy (a.u.):   -69.0452130087490     
 XREF energy (a.u.):    70.8378313023395     
 R(factor) =   0.262407000000000         R(free) =   0.233251000000000     
Testing convergence  in cycle   84
    Energy  1.3033E-04 Target: 1.0000E-05 converged?   no
  Max step  2.5351E-03 Target: 1.8000E-02 converged?  yes component    59
  RMS step  6.2322E-04 Target: 1.2000E-02 converged?  yes
  Max grad  4.3444E-03 Target: 4.5000E-03 converged?  yes component   112
  RMS grad  1.0933E-03 Target: 3.0000E-03 converged?  yes
 Predicted step length 3.1171E-01
 Trust radius          1.3991E-02
 Energy calculation finished, energy:  1.792618290E+00
 QM energy (a.u.):   -69.0454046623500     
 XREF energy (a.u.):    70.8377435047327     
 R(factor) =   0.262402000000000         R(free) =   0.233249000000000     
 Rejecting step, energy  1.340E-04 higher
 Energy calculation finished, energy:  1.792338840E+00
 QM energy (a.u.):   -69.0453099292270     
 XREF energy (a.u.):    70.8377856014646     
 R(factor) =   0.262404000000000         R(free) =   0.233250000000000     
Testing convergence  in cycle   86
    Energy  1.4545E-04 Target: 1.0000E-05 converged?   no
  Max step  2.5407E-03 Target: 1.8000E-02 converged?  yes component    59
  RMS step  6.2322E-04 Target: 1.2000E-02 converged?  yes
  Max grad  4.3616E-03 Target: 4.5000E-03 converged?  yes component   112
  RMS grad  1.0814E-03 Target: 3.0000E-03 converged?  yes
 Predicted step length 3.1876E-01
 Trust radius          1.3991E-02
 Energy calculation finished, energy:  1.792475670E+00
 QM energy (a.u.):   -69.0454791807340     
 XREF energy (a.u.):    70.8377104163420     
 R(factor) =   0.262401000000000         R(free) =   0.233248000000000     
 Rejecting step, energy  1.368E-04 higher
 Energy calculation finished, energy:  1.792231240E+00
 QM energy (a.u.):   -69.0453955845290     
 XREF energy (a.u.):    70.8377464755667     
 R(factor) =   0.262403000000000         R(free) =   0.233249000000000     
Testing convergence  in cycle   88
    Energy  1.0760E-04 Target: 1.0000E-05 converged?   no
  Max step  2.5479E-03 Target: 1.8000E-02 converged?  yes component    59
  RMS step  6.2322E-04 Target: 1.2000E-02 converged?  yes
  Max grad  4.2113E-03 Target: 4.5000E-03 converged?  yes component   112
  RMS grad  1.0671E-03 Target: 3.0000E-03 converged?  yes
 Predicted step length 3.2980E-01
 Trust radius          1.3991E-02
 Energy calculation finished, energy:  1.792350890E+00
 QM energy (a.u.):   -69.0455554960540     
 XREF energy (a.u.):    70.8376587781545     
 R(factor) =   0.262400000000000         R(free) =   0.233246000000000     
 Rejecting step, energy  1.197E-04 higher
 Energy calculation finished, energy:  1.792103280E+00
 QM energy (a.u.):   -69.0454765061640     
 XREF energy (a.u.):    70.8377058892147     
 R(factor) =   0.262401000000000         R(free) =   0.233248000000000     
Testing convergence  in cycle   90
    Energy  1.2796E-04 Target: 1.0000E-05 converged?   no
  Max step  2.5521E-03 Target: 1.8000E-02 converged?  yes component    59
  RMS step  6.2322E-04 Target: 1.2000E-02 converged?  yes
  Max grad  4.2705E-03 Target: 4.5000E-03 converged?  yes component   112
  RMS grad  1.0562E-03 Target: 3.0000E-03 converged?  yes
 Predicted step length 3.3979E-01
 Trust radius          1.3991E-02
 Energy calculation finished, energy:  1.792229380E+00
 QM energy (a.u.):   -69.0456380982970     
 XREF energy (a.u.):    70.8376168345773     
 R(factor) =   0.262398000000000         R(free) =   0.233245000000000     
 Rejecting step, energy  1.261E-04 higher
 Energy calculation finished, energy:  1.791978740E+00
 QM energy (a.u.):   -69.0455582121300     
 XREF energy (a.u.):    70.8376591818459     
 R(factor) =   0.262400000000000         R(free) =   0.233246000000000     
Testing convergence  in cycle   92
    Energy  1.2454E-04 Target: 1.0000E-05 converged?   no
  Max step  2.5578E-03 Target: 1.8000E-02 converged?  yes component    59
  RMS step  6.2322E-04 Target: 1.2000E-02 converged?  yes
  Max grad  4.0801E-03 Target: 4.5000E-03 converged?  yes component   112
  RMS grad  1.0443E-03 Target: 3.0000E-03 converged?  yes
 Predicted step length 3.5382E-01
 Trust radius          1.3991E-02
 Energy calculation finished, energy:  1.792100970E+00
 QM energy (a.u.):   -69.0456885673960     
 XREF energy (a.u.):    70.8375653196645     
 R(factor) =   0.262398000000000         R(free) =   0.233244000000000     
 Rejecting step, energy  1.222E-04 higher
 Energy calculation finished, energy:  1.791876750E+00
 QM energy (a.u.):   -69.0456242665250     
 XREF energy (a.u.):    70.8376138608620     
 R(factor) =   0.262399000000000         R(free) =   0.233245000000000     
Testing convergence  in cycle   94
    Energy  1.0199E-04 Target: 1.0000E-05 converged?   no
  Max step  2.5605E-03 Target: 1.8000E-02 converged?  yes component    59
  RMS step  6.2322E-04 Target: 1.2000E-02 converged?  yes
  Max grad  4.1492E-03 Target: 4.5000E-03 converged?  yes component   112
  RMS grad  1.0333E-03 Target: 3.0000E-03 converged?  yes
 Predicted step length 3.6732E-01
 Trust radius          1.3991E-02
 Energy calculation finished, energy:  1.791989590E+00
 QM energy (a.u.):   -69.0457745150260     
 XREF energy (a.u.):    70.8375335753072     
 R(factor) =   0.262397000000000         R(free) =   0.233242000000000     
 Rejecting step, energy  1.128E-04 higher
 Energy calculation finished, energy:  1.791759060E+00
 QM energy (a.u.):   -69.0457002226710     
 XREF energy (a.u.):    70.8375700020453     
 R(factor) =   0.262398000000000         R(free) =   0.233244000000000     
Testing convergence  in cycle   96
    Energy  1.1769E-04 Target: 1.0000E-05 converged?   no
  Max step  2.5651E-03 Target: 1.8000E-02 converged?  yes component    59
  RMS step  6.2322E-04 Target: 1.2000E-02 converged?  yes
  Max grad  3.9696E-03 Target: 4.5000E-03 converged?  yes component   112
  RMS grad  1.0228E-03 Target: 3.0000E-03 converged?  yes
 Predicted step length 3.7886E-01
 Trust radius          1.3991E-02
 Energy calculation finished, energy:  1.791869780E+00
 QM energy (a.u.):   -69.0458184667430     
 XREF energy (a.u.):    70.8374744057325     
 R(factor) =   0.262398000000000         R(free) =   0.233241000000000     
 Rejecting step, energy  1.107E-04 higher
 Energy calculation finished, energy:  1.791655940E+00
 QM energy (a.u.):   -69.0457601390110     
 XREF energy (a.u.):    70.8375223288417     
 R(factor) =   0.262398000000000         R(free) =   0.233242000000000     
Testing convergence  in cycle   98
    Energy  1.0312E-04 Target: 1.0000E-05 converged?   no
  Max step  2.5664E-03 Target: 1.8000E-02 converged?  yes component    59
  RMS step  6.2322E-04 Target: 1.2000E-02 converged?  yes
  Max grad  3.9780E-03 Target: 4.5000E-03 converged?  yes component   112
  RMS grad  1.0122E-03 Target: 3.0000E-03 converged?  yes
 Predicted step length 3.8222E-01
 Trust radius          1.3991E-02
 Energy calculation finished, energy:  1.791762190E+00
 QM energy (a.u.):   -69.0458848143930     
 XREF energy (a.u.):    70.8374334479134     
 R(factor) =   0.262396000000000         R(free) =   0.233239000000000     
 Rejecting step, energy  1.062E-04 higher
 Energy calculation finished, energy:  1.791548630E+00
 QM energy (a.u.):   -69.0458232209370     
 XREF energy (a.u.):    70.8374776943214     
 R(factor) =   0.262397000000000         R(free) =   0.233241000000000     
Testing convergence  in cycle  100
    Energy  1.0731E-04 Target: 1.0000E-05 converged?   no
  Max step  2.5700E-03 Target: 1.8000E-02 converged?  yes component    59
  RMS step  6.2322E-04 Target: 1.2000E-02 converged?  yes
  Max grad  3.8783E-03 Target: 4.5000E-03 converged?  yes component   112
  RMS grad  1.0013E-03 Target: 3.0000E-03 converged?  yes
 Predicted step length 3.9004E-01
 Trust radius          1.3991E-02
 Energy calculation finished, energy:  1.791654470E+00
 QM energy (a.u.):   -69.0459396573290     
 XREF energy (a.u.):    70.8374007050859     
 R(factor) =   0.262397000000000         R(free) =   0.233238000000000     
 Rejecting step, energy  1.058E-04 higher
 Energy calculation finished, energy:  1.791461050E+00
 QM energy (a.u.):   -69.0458821748980     
 XREF energy (a.u.):    70.8374369525915     
 R(factor) =   0.262397000000000         R(free) =   0.233239000000000     
Testing convergence  in cycle  102
    Energy  8.7580E-05 Target: 1.0000E-05 converged?   no
  Max step  2.5708E-03 Target: 1.8000E-02 converged?  yes component    59
  RMS step  6.2322E-04 Target: 1.2000E-02 converged?  yes
  Max grad  3.7990E-03 Target: 4.5000E-03 converged?  yes component   112
  RMS grad  9.9212E-04 Target: 3.0000E-03 converged?  yes
 Predicted step length 4.0811E-01
 Trust radius          1.3991E-02
 Energy calculation finished, energy:  1.791554780E+00
 QM energy (a.u.):   -69.0459830278220     
 XREF energy (a.u.):    70.8373340630762     
 R(factor) =   0.262397000000000         R(free) =   0.233236000000000     
 Rejecting step, energy  9.373E-05 higher
 Energy calculation finished, energy:  1.791351040E+00
 QM energy (a.u.):   -69.0459333050210     
 XREF energy (a.u.):    70.8373856494191     
 R(factor) =   0.262397000000000         R(free) =   0.233238000000000     
Testing convergence  in cycle  104
    Energy  1.1001E-04 Target: 1.0000E-05 converged?   no
  Max step  2.5726E-03 Target: 1.8000E-02 converged?  yes component    59
  RMS step  6.2322E-04 Target: 1.2000E-02 converged?  yes
  Max grad  3.7765E-03 Target: 4.5000E-03 converged?  yes component   112
  RMS grad  9.8222E-04 Target: 3.0000E-03 converged?  yes
 Predicted step length 4.0468E-01
 Trust radius          1.3991E-02
 Energy calculation finished, energy:  1.791452340E+00
 QM energy (a.u.):   -69.0460402934910     
 XREF energy (a.u.):    70.8373164531543     
 R(factor) =   0.262397000000000         R(free) =   0.233235000000000     
 Rejecting step, energy  1.013E-04 higher
 Energy calculation finished, energy:  1.791276160E+00
 QM energy (a.u.):   -69.0459874577520     
 XREF energy (a.u.):    70.8373499944883     
 R(factor) =   0.262397000000000         R(free) =   0.233236000000000     
Testing convergence  in cycle  106
    Energy  7.4880E-05 Target: 1.0000E-05 converged?   no
  Max step  2.5744E-03 Target: 1.8000E-02 converged?  yes component    59
  RMS step  6.2322E-04 Target: 1.2000E-02 converged?  yes
  Max grad  3.6403E-03 Target: 4.5000E-03 converged?  yes component   112
  RMS grad  9.7115E-04 Target: 3.0000E-03 converged?  yes
 Predicted step length 4.0819E-01
 Trust radius          1.3991E-02
 Energy calculation finished, energy:  1.791362540E+00
 QM energy (a.u.):   -69.0460790849370     
 XREF energy (a.u.):    70.8372599983647     
 R(factor) =   0.262399000000000         R(free) =   0.233234000000000     
 Rejecting step, energy  8.638E-05 higher
 Energy calculation finished, energy:  1.791180910E+00
 QM energy (a.u.):   -69.0460339220350     
 XREF energy (a.u.):    70.8373035271256     
 R(factor) =   0.262398000000000         R(free) =   0.233235000000000     
Testing convergence  in cycle  108
    Energy  9.5250E-05 Target: 1.0000E-05 converged?   no
  Max step  2.5743E-03 Target: 1.8000E-02 converged?  yes component    59
  RMS step  6.2322E-04 Target: 1.2000E-02 converged?  yes
  Max grad  3.6662E-03 Target: 4.5000E-03 converged?  yes component   112
  RMS grad  9.6332E-04 Target: 3.0000E-03 converged?  yes
 Predicted step length 4.2676E-01
 Trust radius          1.3991E-02
 Energy calculation finished, energy:  1.791269610E+00
 QM energy (a.u.):   -69.0461226563440     
 XREF energy (a.u.):    70.8372096671911     
 R(factor) =   0.262397000000000         R(free) =   0.233232000000000     
 Rejecting step, energy  8.870E-05 higher
 Energy calculation finished, energy:  1.791087010E+00
 QM energy (a.u.):   -69.0460789476850     
 XREF energy (a.u.):    70.8372585917521     
 R(factor) =   0.262398000000000         R(free) =   0.233233000000000     
Testing convergence  in cycle  110
    Energy  9.3900E-05 Target: 1.0000E-05 converged?   no
  Max step  2.5763E-03 Target: 1.8000E-02 converged?  yes component    59
  RMS step  6.2322E-04 Target: 1.2000E-02 converged?  yes
  Max grad  3.4817E-03 Target: 4.5000E-03 converged?  yes component   112
  RMS grad  9.5354E-04 Target: 3.0000E-03 converged?  yes
 Predicted step length 4.2893E-01
 Trust radius          1.3991E-02
 Energy calculation finished, energy:  1.791179640E+00
 QM energy (a.u.):   -69.0461666438060     
 XREF energy (a.u.):    70.8371885346072     
 R(factor) =   0.262399000000000         R(free) =   0.233231000000000     
 Rejecting step, energy  9.263E-05 higher
 Energy calculation finished, energy:  1.791021890E+00
 QM energy (a.u.):   -69.0461233860890     
 XREF energy (a.u.):    70.8372216975386     
 R(factor) =   0.262399000000000         R(free) =   0.233232000000000     
Testing convergence  in cycle  112
    Energy  6.5120E-05 Target: 1.0000E-05 converged?   no
  Max step  2.5759E-03 Target: 1.8000E-02 converged?  yes component    59
  RMS step  6.2322E-04 Target: 1.2000E-02 converged?  yes
  Max grad  3.5039E-03 Target: 4.5000E-03 converged?  yes component   112
  RMS grad  9.4243E-04 Target: 3.0000E-03 converged?  yes
 Predicted step length 4.2186E-01
 Trust radius          1.3991E-02
 Energy calculation finished, energy:  1.791098310E+00
 QM energy (a.u.):   -69.0461997155340     
 XREF energy (a.u.):    70.8371375150610     
 R(factor) =   0.262399000000000         R(free) =   0.233229000000000     
 Rejecting step, energy  7.642E-05 higher
 Energy calculation finished, energy:  1.790937800E+00
 QM energy (a.u.):   -69.0461621346630     
 XREF energy (a.u.):    70.8371693491764     
 R(factor) =   0.262399000000000         R(free) =   0.233230000000000     
Testing convergence  in cycle  114
    Energy  8.4090E-05 Target: 1.0000E-05 converged?   no
  Max step  2.5766E-03 Target: 1.8000E-02 converged?  yes component    59
  RMS step  6.2322E-04 Target: 1.2000E-02 converged?  yes
  Max grad  3.3671E-03 Target: 4.5000E-03 converged?  yes component   112
  RMS grad  9.3397E-04 Target: 3.0000E-03 converged?  yes
 Predicted step length 4.2258E-01
 Trust radius          1.3991E-02
 Energy calculation finished, energy:  1.791007210E+00
 QM energy (a.u.):   -69.0462415935250     
 XREF energy (a.u.):    70.8371284231894     
 R(factor) =   0.262400000000000         R(free) =   0.233227000000000     
 Rejecting step, energy  6.941E-05 higher
 Energy calculation finished, energy:  1.790886830E+00
 QM energy (a.u.):   -69.0462024531920     
 XREF energy (a.u.):    70.8371427495455     
 R(factor) =   0.262400000000000         R(free) =   0.233229000000000     
Testing convergence  in cycle  116
    Energy  5.0970E-05 Target: 1.0000E-05 converged?   no
  Max step  2.5767E-03 Target: 1.8000E-02 converged?  yes component    59
  RMS step  6.2322E-04 Target: 1.2000E-02 converged?  yes
  Max grad  3.3346E-03 Target: 4.5000E-03 converged?  yes component   112
  RMS grad  9.2451E-04 Target: 3.0000E-03 converged?  yes
 Predicted step length 4.4691E-01
 Trust radius          1.3991E-02
 Energy calculation finished, energy:  1.790940300E+00
 QM energy (a.u.):   -69.0462695546200     
 XREF energy (a.u.):    70.8370647052351     
 R(factor) =   0.262401000000000         R(free) =   0.233226000000000     
 Rejecting step, energy  5.347E-05 higher
 Energy calculation finished, energy:  1.790795150E+00
 QM energy (a.u.):   -69.0462365737040     
 XREF energy (a.u.):    70.8371120748957     
 R(factor) =   0.262400000000000         R(free) =   0.233228000000000     
Testing convergence  in cycle  118
    Energy  9.1680E-05 Target: 1.0000E-05 converged?   no
  Max step  2.5753E-03 Target: 1.8000E-02 converged?  yes component    59
  RMS step  6.2322E-04 Target: 1.2000E-02 converged?  yes
  Max grad  3.2747E-03 Target: 4.5000E-03 converged?  yes component   112
  RMS grad  9.1442E-04 Target: 3.0000E-03 converged?  yes
 Predicted step length 4.3563E-01
 Trust radius          1.3991E-02
 Energy calculation finished, energy:  1.790875500E+00
 QM energy (a.u.):   -69.0463081214030     
 XREF energy (a.u.):    70.8370371016043     
 R(factor) =   0.262402000000000         R(free) =   0.233224000000000     
 Rejecting step, energy  8.035E-05 higher
 Energy calculation finished, energy:  1.790728980E+00
 QM energy (a.u.):   -69.0462728858970     
 XREF energy (a.u.):    70.8370715706605     
 R(factor) =   0.262401000000000         R(free) =   0.233226000000000     
Testing convergence  in cycle  120
    Energy  6.6170E-05 Target: 1.0000E-05 converged?   no
  Max step  2.5769E-03 Target: 1.8000E-02 converged?  yes component    59
  RMS step  6.2322E-04 Target: 1.2000E-02 converged?  yes
  Max grad  3.1647E-03 Target: 4.5000E-03 converged?  yes component   112
  RMS grad  9.0467E-04 Target: 3.0000E-03 converged?  yes
 Predicted step length 4.3227E-01
 Trust radius          1.3991E-02
 Energy calculation finished, energy:  1.790798680E+00
 QM energy (a.u.):   -69.0463282763860     
 XREF energy (a.u.):    70.8369957167299     
 R(factor) =   0.262404000000000         R(free) =   0.233223000000000     
 Rejecting step, energy  6.970E-05 higher
 Energy calculation finished, energy:  1.790667440E+00
 QM energy (a.u.):   -69.0463011146840     
 XREF energy (a.u.):    70.8370332836271     
 R(factor) =   0.262402000000000         R(free) =   0.233224000000000     
Testing convergence  in cycle  122
    Energy  6.1540E-05 Target: 1.0000E-05 converged?   no
  Max step  2.5746E-03 Target: 1.8000E-02 converged?  yes component    59
  RMS step  6.2322E-04 Target: 1.2000E-02 converged?  yes
  Max grad  3.1730E-03 Target: 4.5000E-03 converged?  yes component   112
  RMS grad  8.9543E-04 Target: 3.0000E-03 converged?  yes
 Predicted step length 4.3953E-01
 Trust radius          1.3991E-02
 Energy calculation finished, energy:  1.790732170E+00
 QM energy (a.u.):   -69.0463699933640     
 XREF energy (a.u.):    70.8369675717714     
 R(factor) =   0.262405000000000         R(free) =   0.233222000000000     
 Rejecting step, energy  6.473E-05 higher
 Energy calculation finished, energy:  1.790597580E+00
 QM energy (a.u.):   -69.0463360917460     
 XREF energy (a.u.):    70.8369994723177     
 R(factor) =   0.262404000000000         R(free) =   0.233223000000000     
Testing convergence  in cycle  124
    Energy  6.9860E-05 Target: 1.0000E-05 converged?   no
  Max step  2.5748E-03 Target: 1.8000E-02 converged?  yes component    59
  RMS step  6.2322E-04 Target: 1.2000E-02 converged?  yes
  Max grad  3.0114E-03 Target: 4.5000E-03 converged?  yes component   112
  RMS grad  8.8485E-04 Target: 3.0000E-03 converged?  yes
 Predicted step length 4.3646E-01
 Trust radius          1.3991E-02
 Energy calculation finished, energy:  1.790663380E+00
 QM energy (a.u.):   -69.0463815712790     
 XREF energy (a.u.):    70.8369142430996     
 R(factor) =   0.262406000000000         R(free) =   0.233220000000000     
 Rejecting step, energy  6.580E-05 higher
 Energy calculation finished, energy:  1.790532670E+00
 QM energy (a.u.):   -69.0463593266300     
 XREF energy (a.u.):    70.8369582492625     
 R(factor) =   0.262405000000000         R(free) =   0.233221000000000     
Testing convergence  in cycle  126
    Energy  6.4910E-05 Target: 1.0000E-05 converged?   no
  Max step  2.5742E-03 Target: 1.8000E-02 converged?  yes component    59
  RMS step  6.2322E-04 Target: 1.2000E-02 converged?  yes
  Max grad  3.0409E-03 Target: 4.5000E-03 converged?  yes component   112
  RMS grad  8.7544E-04 Target: 3.0000E-03 converged?  yes
 Predicted step length 4.2936E-01
 Trust radius          1.3991E-02
 Energy calculation finished, energy:  1.790598920E+00
 QM energy (a.u.):   -69.0464236399900     
 XREF energy (a.u.):    70.8368995107175     
 R(factor) =   0.262409000000000         R(free) =   0.233219000000000     
 Rejecting step, energy  6.625E-05 higher
 Energy calculation finished, energy:  1.790475870E+00
 QM energy (a.u.):   -69.0463919941160     
 XREF energy (a.u.):    70.8369289517706     
 R(factor) =   0.262407000000000         R(free) =   0.233220000000000     
Testing convergence  in cycle  128
    Energy  5.6800E-05 Target: 1.0000E-05 converged?   no
  Max step  2.5722E-03 Target: 1.8000E-02 converged?  yes component    59
  RMS step  6.2322E-04 Target: 1.2000E-02 converged?  yes
  Max grad  2.8686E-03 Target: 4.5000E-03 converged?  yes component   112
  RMS grad  8.6546E-04 Target: 3.0000E-03 converged?  yes
 Predicted step length 4.4744E-01
 Trust radius          1.3991E-02
 Energy calculation finished, energy:  1.790536960E+00
 QM energy (a.u.):   -69.0464303664750     
 XREF energy (a.u.):    70.8368376034735     
 R(factor) =   0.262410000000000         R(free) =   0.233217000000000     
 Rejecting step, energy  6.109E-05 higher
 Energy calculation finished, energy:  1.790407240E+00
 QM energy (a.u.):   -69.0464117065860     
 XREF energy (a.u.):    70.8368809393336     
 R(factor) =   0.262408000000000         R(free) =   0.233218000000000     
Testing convergence  in cycle  130
    Energy  6.8630E-05 Target: 1.0000E-05 converged?   no
  Max step  2.5719E-03 Target: 1.8000E-02 converged?  yes component    59
  RMS step  6.2322E-04 Target: 1.2000E-02 converged?  yes
  Max grad  2.9154E-03 Target: 4.5000E-03 converged?  yes component   112
  RMS grad  8.5623E-04 Target: 3.0000E-03 converged?  yes
 Predicted step length 4.3698E-01
 Trust radius          1.3991E-02
 Energy calculation finished, energy:  1.790469230E+00
 QM energy (a.u.):   -69.0464617620180     
 XREF energy (a.u.):    70.8368175716070     
 R(factor) =   0.262412000000000         R(free) =   0.233215000000000     
 Rejecting step, energy  6.199E-05 higher
 Energy calculation finished, energy:  1.790355810E+00
 QM energy (a.u.):   -69.0464371974290     
 XREF energy (a.u.):    70.8368483970563     
 R(factor) =   0.262410000000000         R(free) =   0.233217000000000     
Testing convergence  in cycle  132
    Energy  5.1430E-05 Target: 1.0000E-05 converged?   no
  Max step  2.5704E-03 Target: 1.8000E-02 converged?  yes component    59
  RMS step  6.2322E-04 Target: 1.2000E-02 converged?  yes
  Max grad  2.7724E-03 Target: 4.5000E-03 converged?  yes component   112
  RMS grad  8.4463E-04 Target: 3.0000E-03 converged?  yes
 Predicted step length 4.2277E-01
 Trust radius          1.3991E-02
 Energy calculation finished, energy:  1.790411200E+00
 QM energy (a.u.):   -69.0464792193440     
 XREF energy (a.u.):    70.8367825345255     
 R(factor) =   0.262414000000000         R(free) =   0.233214000000000     
 Rejecting step, energy  5.539E-05 higher
 Energy calculation finished, energy:  1.790303320E+00
 QM energy (a.u.):   -69.0464586857030     
 XREF energy (a.u.):    70.8368173081669     
 R(factor) =   0.262412000000000         R(free) =   0.233215000000000     
Testing convergence  in cycle  134
    Energy  5.2490E-05 Target: 1.0000E-05 converged?   no
  Max step  2.5692E-03 Target: 1.8000E-02 converged?  yes component    59
  RMS step  6.2322E-04 Target: 1.2000E-02 converged?  yes
  Max grad  2.7602E-03 Target: 4.5000E-03 converged?  yes component   112
  RMS grad  8.3532E-04 Target: 3.0000E-03 converged?  yes
 Predicted step length 4.2502E-01
 Trust radius          1.3991E-02
 Energy calculation finished, energy:  1.790358620E+00
 QM energy (a.u.):   -69.0464906186830     
 XREF energy (a.u.):    70.8367191652371     
 R(factor) =   0.262415000000000         R(free) =   0.233212000000000     
 Rejecting step, energy  5.530E-05 higher
 Energy calculation finished, energy:  1.790228550E+00
 QM energy (a.u.):   -69.0464751583360     
 XREF energy (a.u.):    70.8367664376991     
 R(factor) =   0.262413000000000         R(free) =   0.233214000000000     
Testing convergence  in cycle  136
    Energy  7.4770E-05 Target: 1.0000E-05 converged?   no
  Max step  2.5668E-03 Target: 1.8000E-02 converged?  yes component    59
  RMS step  6.2322E-04 Target: 1.2000E-02 converged?  yes
  Max grad  2.6798E-03 Target: 4.5000E-03 converged?  yes component   112
  RMS grad  8.2636E-04 Target: 3.0000E-03 converged?  yes
 Predicted step length 4.4445E-01
 Trust radius          1.3991E-02
 Energy calculation finished, energy:  1.790291280E+00
 QM energy (a.u.):   -69.0465188296930     
 XREF energy (a.u.):    70.8367159948076     
 R(factor) =   0.262418000000000         R(free) =   0.233211000000000     
 Rejecting step, energy  6.273E-05 higher
 Energy calculation finished, energy:  1.790197170E+00
 QM energy (a.u.):   -69.0464974617900     
 XREF energy (a.u.):    70.8367408806812     
 R(factor) =   0.262415000000000         R(free) =   0.233212000000000     
Testing convergence  in cycle  138
    Energy  3.1380E-05 Target: 1.0000E-05 converged?   no
  Max step  2.5658E-03 Target: 1.8000E-02 converged?  yes component    59
  RMS step  6.2322E-04 Target: 1.2000E-02 converged?  yes
  Max grad  2.6095E-03 Target: 4.5000E-03 converged?  yes component   112
  RMS grad  8.1398E-04 Target: 3.0000E-03 converged?  yes
 Predicted step length 4.2350E-01
 Trust radius          1.3991E-02
 Energy calculation finished, energy:  1.790243420E+00
 QM energy (a.u.):   -69.0465256467070     
 XREF energy (a.u.):    70.8366617133574     
 R(factor) =   0.262419000000000         R(free) =   0.233209000000000     
 Rejecting step, energy  4.625E-05 higher
 Energy calculation finished, energy:  1.790136070E+00
 QM energy (a.u.):   -69.0465119959620     
 XREF energy (a.u.):    70.8366996770090     
 R(factor) =   0.262417000000000         R(free) =   0.233211000000000     
Testing convergence  in cycle  140
    Energy  6.1100E-05 Target: 1.0000E-05 converged?   no
  Max step  2.5643E-03 Target: 1.8000E-02 converged?  yes component    59
  RMS step  6.2322E-04 Target: 1.2000E-02 converged?  yes
  Max grad  2.5684E-03 Target: 4.5000E-03 converged?  yes component   112
  RMS grad  8.0391E-04 Target: 3.0000E-03 converged?  yes
 Predicted step length 4.0271E-01
 Trust radius          1.3991E-02
 Energy calculation finished, energy:  1.790187680E+00
 QM energy (a.u.):   -69.0465474284530     
 XREF energy (a.u.):    70.8366393005002     
 R(factor) =   0.262421000000000         R(free) =   0.233207000000000     
 Rejecting step, energy  5.161E-05 higher
 Energy calculation finished, energy:  1.790091870E+00
 QM energy (a.u.):   -69.0465301728830     
 XREF energy (a.u.):    70.8366713539877     
 R(factor) =   0.262419000000000         R(free) =   0.233209000000000     
Testing convergence  in cycle  142
    Energy  4.4200E-05 Target: 1.0000E-05 converged?   no
  Max step  2.5614E-03 Target: 1.8000E-02 converged?  yes component    59
  RMS step  6.2322E-04 Target: 1.2000E-02 converged?  yes
  Max grad  2.4640E-03 Target: 4.5000E-03 converged?  yes component   112
  RMS grad  7.9296E-04 Target: 3.0000E-03 converged?  yes
 Predicted step length 4.2397E-01
 Trust radius          1.3991E-02
 Energy calculation finished, energy:  1.790141180E+00
 QM energy (a.u.):   -69.0465588894220     
 XREF energy (a.u.):    70.8366026079555     
 R(factor) =   0.262423000000000         R(free) =   0.233206000000000     
 Rejecting step, energy  4.931E-05 higher
 Energy calculation finished, energy:  1.790043720E+00
 QM energy (a.u.):   -69.0465449896460     
 XREF energy (a.u.):    70.8366380742802     
 R(factor) =   0.262421000000000         R(free) =   0.233207000000000     
Testing convergence  in cycle  144
    Energy  4.8150E-05 Target: 1.0000E-05 converged?   no
  Max step  2.5590E-03 Target: 1.8000E-02 converged?  yes component    59
  RMS step  6.2322E-04 Target: 1.2000E-02 converged?  yes
  Max grad  2.4822E-03 Target: 4.5000E-03 converged?  yes component   112
  RMS grad  7.8319E-04 Target: 3.0000E-03 converged?  yes
 Predicted step length 4.1332E-01
 Trust radius          1.3991E-02
 Energy calculation finished, energy:  1.790093080E+00
 QM energy (a.u.):   -69.0465681723450     
 XREF energy (a.u.):    70.8365694879589     
 R(factor) =   0.262426000000000         R(free) =   0.233204000000000     
 Rejecting step, energy  4.936E-05 higher
 Energy calculation finished, energy:  1.790001320E+00
 QM energy (a.u.):   -69.0465570206170     
 XREF energy (a.u.):    70.8366054891334     
 R(factor) =   0.262424000000000         R(free) =   0.233206000000000     
Testing convergence  in cycle  146
    Energy  4.2400E-05 Target: 1.0000E-05 converged?   no
  Max step  2.5571E-03 Target: 1.8000E-02 converged?  yes component    59
  RMS step  6.2322E-04 Target: 1.2000E-02 converged?  yes
  Max grad  2.3323E-03 Target: 4.5000E-03 converged?  yes component    16
  RMS grad  7.7067E-04 Target: 3.0000E-03 converged?  yes
 Predicted step length 4.0757E-01
 Trust radius          1.3991E-02
 Energy calculation finished, energy:  1.790048470E+00
 QM energy (a.u.):   -69.0465886334020     
 XREF energy (a.u.):    70.8365398418489     
 R(factor) =   0.262428000000000         R(free) =   0.233203000000000     
 Rejecting step, energy  4.715E-05 higher
 Energy calculation finished, energy:  1.789951210E+00
 QM energy (a.u.):   -69.0465732701160     
 XREF energy (a.u.):    70.8365653558937     
 R(factor) =   0.262426000000000         R(free) =   0.233204000000000     
Testing convergence  in cycle  148
    Energy  5.0110E-05 Target: 1.0000E-05 converged?   no
  Max step  2.5539E-03 Target: 1.8000E-02 converged?  yes component    59
  RMS step  6.2322E-04 Target: 1.2000E-02 converged?  yes
  Max grad  2.4022E-03 Target: 4.5000E-03 converged?  yes component   112
  RMS grad  7.6164E-04 Target: 3.0000E-03 converged?  yes
 Predicted step length 4.1252E-01
 Trust radius          1.3991E-02
 Energy calculation finished, energy:  1.789992090E+00
 QM energy (a.u.):   -69.0465859360860     
 XREF energy (a.u.):    70.8365087060822     
 R(factor) =   0.262431000000000         R(free) =   0.233201000000000     
 Rejecting step, energy  4.088E-05 higher
 Energy calculation finished, energy:  1.789922770E+00
 QM energy (a.u.):   -69.0465800632730     
 XREF energy (a.u.):    70.8365405497814     
 R(factor) =   0.262428000000000         R(free) =   0.233203000000000     
Testing convergence  in cycle  150
    Energy  2.8440E-05 Target: 1.0000E-05 converged?   no
  Max step  2.5513E-03 Target: 1.8000E-02 converged?  yes component    59
  RMS step  6.2322E-04 Target: 1.2000E-02 converged?  yes
  Max grad  2.3229E-03 Target: 4.5000E-03 converged?  yes component    16
  RMS grad  7.4965E-04 Target: 3.0000E-03 converged?  yes
 Predicted step length 4.0293E-01
 Trust radius          1.3991E-02
 Energy calculation finished, energy:  1.789960490E+00
 QM energy (a.u.):   -69.0466046611280     
 XREF energy (a.u.):    70.8364647273166     
 R(factor) =   0.262432000000000         R(free) =   0.233199000000000     
 Rejecting step, energy  3.772E-05 higher
 Energy calculation finished, energy:  1.789860070E+00
 QM energy (a.u.):   -69.0465927822770     
 XREF energy (a.u.):    70.8365036071750     
 R(factor) =   0.262430000000000         R(free) =   0.233201000000000     
Testing convergence  in cycle  152
    Energy  6.2700E-05 Target: 1.0000E-05 converged?   no
  Max step  2.5492E-03 Target: 1.8000E-02 converged?  yes component    59
  RMS step  6.2322E-04 Target: 1.2000E-02 converged?  yes
  Max grad  2.2933E-03 Target: 4.5000E-03 converged?  yes component    16
  RMS grad  7.3767E-04 Target: 3.0000E-03 converged?  yes
 Predicted step length 3.8538E-01
 Trust radius          1.3991E-02
 Energy calculation finished, energy:  1.789910820E+00
 QM energy (a.u.):   -69.0466080549290     
 XREF energy (a.u.):    70.8364500579279     
 R(factor) =   0.262435000000000         R(free) =   0.233198000000000     
 Rejecting step, energy  5.075E-05 higher
 Energy calculation finished, energy:  1.789842000E+00
 QM energy (a.u.):   -69.0466008275830     
 XREF energy (a.u.):    70.8364708490506     
 R(factor) =   0.262433000000000         R(free) =   0.233199000000000     
Testing convergence  in cycle  154
    Energy  1.8070E-05 Target: 1.0000E-05 converged?   no
  Max step  2.5456E-03 Target: 1.8000E-02 converged?  yes component    59
  RMS step  6.2322E-04 Target: 1.2000E-02 converged?  yes
  Max grad  2.2840E-03 Target: 4.5000E-03 converged?  yes component    16
  RMS grad  7.2649E-04 Target: 3.0000E-03 converged?  yes
 Predicted step length 3.7078E-01
 Trust radius          1.3991E-02
 Energy calculation finished, energy:  1.789870020E+00
 QM energy (a.u.):   -69.0466128796770     
 XREF energy (a.u.):    70.8364143699633     
 R(factor) =   0.262438000000000         R(free) =   0.233196000000000     
 Rejecting step, energy  2.802E-05 higher
 Energy calculation finished, energy:  1.789801490E+00
 QM energy (a.u.):   -69.0466072838840     
 XREF energy (a.u.):    70.8364414955037     
 R(factor) =   0.262435000000000         R(free) =   0.233198000000000     
Testing convergence  in cycle  156
    Energy  4.0510E-05 Target: 1.0000E-05 converged?   no
  Max step  2.5412E-03 Target: 1.8000E-02 converged?  yes component    59
  RMS step  6.2322E-04 Target: 1.2000E-02 converged?  yes
  Max grad  2.2729E-03 Target: 4.5000E-03 converged?  yes component    16
  RMS grad  7.1523E-04 Target: 3.0000E-03 converged?  yes
 Predicted step length 3.9336E-01
 Trust radius          1.3991E-02
 Energy calculation finished, energy:  1.789834210E+00
 QM energy (a.u.):   -69.0466308103590     
 XREF energy (a.u.):    70.8364068166259     
 R(factor) =   0.262439000000000         R(free) =   0.233195000000000     
 Rejecting step, energy  3.272E-05 higher
 Energy calculation finished, energy:  1.789776010E+00
 QM energy (a.u.):   -69.0466194864950     
 XREF energy (a.u.):    70.8364218253802     
 R(factor) =   0.262437000000000         R(free) =   0.233196000000000     
Testing convergence  in cycle  158
    Energy  2.5480E-05 Target: 1.0000E-05 converged?   no
  Max step  2.5363E-03 Target: 1.8000E-02 converged?  yes component    59
  RMS step  6.2322E-04 Target: 1.2000E-02 converged?  yes
  Max grad  2.2401E-03 Target: 4.5000E-03 converged?  yes component    16
  RMS grad  7.0425E-04 Target: 3.0000E-03 converged?  yes
 Predicted step length 3.7932E-01
 Trust radius          1.3991E-02
 Energy calculation finished, energy:  1.789802340E+00
 QM energy (a.u.):   -69.0466224385040     
 XREF energy (a.u.):    70.8363667821863     
 R(factor) =   0.262443000000000         R(free) =   0.233193000000000     
 Rejecting step, energy  2.633E-05 higher
 Energy calculation finished, energy:  1.789744340E+00
 QM energy (a.u.):   -69.0466213698610     
 XREF energy (a.u.):    70.8364002196461     
 R(factor) =   0.262440000000000         R(free) =   0.233195000000000     
Testing convergence  in cycle  160
    Energy  3.1670E-05 Target: 1.0000E-05 converged?   no
  Max step  2.5333E-03 Target: 1.8000E-02 converged?  yes component    59
  RMS step  6.2322E-04 Target: 1.2000E-02 converged?  yes
  Max grad  2.2248E-03 Target: 4.5000E-03 converged?  yes component    16
  RMS grad  6.9150E-04 Target: 3.0000E-03 converged?  yes
 Predicted step length 3.7241E-01
 Trust radius          1.3991E-02
 Energy calculation finished, energy:  1.789778850E+00
 QM energy (a.u.):   -69.0466419515770     
 XREF energy (a.u.):    70.8363486854252     
 R(factor) =   0.262444000000000         R(free) =   0.233192000000000     
 Rejecting step, energy  3.451E-05 higher
 Energy calculation finished, energy:  1.789706730E+00
 QM energy (a.u.):   -69.0466320876330     
 XREF energy (a.u.):    70.8363726566553     
 R(factor) =   0.262442000000000         R(free) =   0.233193000000000     
Testing convergence  in cycle  162
    Energy  3.7610E-05 Target: 1.0000E-05 converged?   no
  Max step  2.5297E-03 Target: 1.8000E-02 converged?  yes component    59
  RMS step  6.2322E-04 Target: 1.2000E-02 converged?  yes
  Max grad  2.2108E-03 Target: 4.5000E-03 converged?  yes component    16
  RMS grad  6.8141E-04 Target: 3.0000E-03 converged?  yes
 Predicted step length 3.7554E-01
 Trust radius          1.3991E-02
 Energy calculation finished, energy:  1.789740570E+00
 QM energy (a.u.):   -69.0466352664080     
 XREF energy (a.u.):    70.8363136919957     
 R(factor) =   0.262448000000000         R(free) =   0.233190000000000     
 Rejecting step, energy  3.384E-05 higher
 Energy calculation finished, energy:  1.789678430E+00
 QM energy (a.u.):   -69.0466341184680     
 XREF energy (a.u.):    70.8363415395449     
 R(factor) =   0.262445000000000         R(free) =   0.233192000000000     
Testing convergence  in cycle  164
    Energy  2.8300E-05 Target: 1.0000E-05 converged?   no
  Max step  2.5225E-03 Target: 1.8000E-02 converged?  yes component    59
  RMS step  6.2322E-04 Target: 1.2000E-02 converged?  yes
  Max grad  2.1645E-03 Target: 4.5000E-03 converged?  yes component    16
  RMS grad  6.6940E-04 Target: 3.0000E-03 converged?  yes
 Predicted step length 3.6984E-01
 Trust radius          1.3991E-02
 Energy calculation finished, energy:  1.789707420E+00
 QM energy (a.u.):   -69.0466419043290     
 XREF energy (a.u.):    70.8362977594729     
 R(factor) =   0.262450000000000         R(free) =   0.233189000000000     
 Rejecting step, energy  2.899E-05 higher
 Energy calculation finished, energy:  1.789655860E+00
 QM energy (a.u.):   -69.0466384189630     
 XREF energy (a.u.):    70.8363202434844     
 R(factor) =   0.262447000000000         R(free) =   0.233190000000000     
Testing convergence  in cycle  166
    Energy  2.2570E-05 Target: 1.0000E-05 converged?   no
  Max step  2.5223E-03 Target: 1.8000E-02 converged?  yes component    59
  RMS step  6.2322E-04 Target: 1.2000E-02 converged?  yes
  Max grad  2.1510E-03 Target: 4.5000E-03 converged?  yes component    16
  RMS grad  6.5659E-04 Target: 3.0000E-03 converged?  yes
 Predicted step length 3.5744E-01
 Trust radius          1.3991E-02
 Energy calculation finished, energy:  1.789681820E+00
 QM energy (a.u.):   -69.0466454769610     
 XREF energy (a.u.):    70.8362681742560     
 R(factor) =   0.262453000000000         R(free) =   0.233187000000000     
 Rejecting step, energy  2.596E-05 higher
 Energy calculation finished, energy:  1.789622700E+00
 QM energy (a.u.):   -69.0466423545830     
 XREF energy (a.u.):    70.8362934436350     
 R(factor) =   0.262450000000000         R(free) =   0.233188000000000     
Testing convergence  in cycle  168
    Energy  3.3160E-05 Target: 1.0000E-05 converged?   no
  Max step  2.5162E-03 Target: 1.8000E-02 converged?  yes component    59
  RMS step  6.2322E-04 Target: 1.2000E-02 converged?  yes
  Max grad  2.1252E-03 Target: 4.5000E-03 converged?  yes component    16
  RMS grad  6.4495E-04 Target: 3.0000E-03 converged?  yes
 Predicted step length 3.4093E-01
 Trust radius          1.3991E-02
 Energy calculation finished, energy:  1.789651090E+00
 QM energy (a.u.):   -69.0466431506080     
 XREF energy (a.u.):    70.8362487637766     
 R(factor) =   0.262455000000000         R(free) =   0.233185000000000     
 Rejecting step, energy  2.839E-05 higher
 Energy calculation finished, energy:  1.789605610E+00
 QM energy (a.u.):   -69.0466431607050     
 XREF energy (a.u.):    70.8362702358967     
 R(factor) =   0.262453000000000         R(free) =   0.233187000000000     
Testing convergence  in cycle  170
    Energy  1.7090E-05 Target: 1.0000E-05 converged?   no
  Max step  2.5121E-03 Target: 1.8000E-02 converged?  yes component    59
  RMS step  6.2322E-04 Target: 1.2000E-02 converged?  yes
  Max grad  2.0766E-03 Target: 4.5000E-03 converged?  yes component    16
  RMS grad  6.3221E-04 Target: 3.0000E-03 converged?  yes
 Predicted step length 3.4131E-01
 Trust radius          1.3991E-02
 Energy calculation finished, energy:  1.789627080E+00
 QM energy (a.u.):   -69.0466465758160     
 XREF energy (a.u.):    70.8362273124355     
 R(factor) =   0.262458000000000         R(free) =   0.233184000000000     
 Rejecting step, energy  2.147E-05 higher
 Energy calculation finished, energy:  1.789580740E+00
 QM energy (a.u.):   -69.0466452733440     
 XREF energy (a.u.):    70.8362492376503     
 R(factor) =   0.262455000000000         R(free) =   0.233185000000000     
Testing convergence  in cycle  172
    Energy  2.4870E-05 Target: 1.0000E-05 converged?   no
  Max step  2.5068E-03 Target: 1.8000E-02 converged?  yes component    59
  RMS step  6.2322E-04 Target: 1.2000E-02 converged?  yes
  Max grad  2.0741E-03 Target: 4.5000E-03 converged?  yes component    16
  RMS grad  6.2008E-04 Target: 3.0000E-03 converged?  yes
 Predicted step length 3.3511E-01
 Trust radius          1.3991E-02
 Energy calculation finished, energy:  1.789603960E+00
 QM energy (a.u.):   -69.0466471978380     
 XREF energy (a.u.):    70.8367857997983     
 R(factor) =   0.262474000000000         R(free) =   0.233188000000000     
 Rejecting step, energy  2.322E-05 higher
 Energy calculation finished, energy:  1.790138600E+00
 QM energy (a.u.):   -69.0466466469950     
 XREF energy (a.u.):    70.8362258449027     
 R(factor) =   0.262458000000000         R(free) =   0.233184000000000     
 Rejecting step, energy  5.579E-04 higher
 Energy calculation finished, energy:  1.789579200E+00
 QM energy (a.u.):   -69.0466460626510     
 XREF energy (a.u.):    70.8362369101628     
 R(factor) =   0.262457000000000         R(free) =   0.233185000000000     
Testing convergence  in cycle  175
    Energy  1.5400E-06 Target: 1.0000E-05 converged?  yes
  Max step  1.2506E-03 Target: 1.8000E-02 converged?  yes component    59
  RMS step  3.1161E-04 Target: 1.2000E-02 converged?  yes
  Max grad  2.0556E-03 Target: 4.5000E-03 converged?  yes component    16
  RMS grad  6.1890E-04 Target: 3.0000E-03 converged?  yes
Convergence reached

 Optimisation converged
 ----------------------
 Final converged energy:       1.789579200000


DL-FIND Report:
===============
Optimisation algorithm: L-BFGS
Number of steps in L-BFGS memory ...............        100
 
Trust radius based on energy
Maximum step length ............................  5.000E-02
 
Coordinate system: Cartesian coordinates
 
Number of atoms ................................       2619
Number of input geometries .....................          1
Variables to be optimised ......................        126
No restart information is written
This run has not been restarted.
Number of energy evaluations on this processor .        175
Number of steps ................................        175
Number of accepted steps / line searches .......         85
 

Timing report
=============
Module                                      CPU time            Wall clock time
Total .................................    19.837 (100.00%)  1665.222 (100.00%) seconds
Energy and Gradient ...................     0.818 (  4.13%)     1.162 (  0.07%) seconds
Step direction ........................     7.099 ( 35.79%)    11.958 (  0.72%) seconds
Coordinate transformation .............     0.060 (  0.30%)     0.060 (  0.00%) seconds
Checkpoint file I/O ...................     0.000 (  0.00%)     0.000 (  0.00%) seconds
XYZ-file I/O ..........................     0.000 (  0.00%)     0.000 (  0.00%) seconds
Maximum memory usage ........................... 5.1879E+03 kB
Tue Oct 11 01:30:56 CST 2022
