This job is running on host node39
Current directory: /share/home/chem-zhonglh/yanzy/QR/NC_more/1pf7/QRs/SEHMMM_R1
Wed Jan 10 00:31:31 CST 2024
 using Gaussian + CNS
 External sizes:       14175           1        9450

***********************************************************************
**                                                                   **
**                       ---------------------                       **
**                              DL-FIND                              **
**                       Geometry Optimisation                       **
**                       ---------------------                       **
**                                                                   **
**                 J. Kaestner, J.M. Carr, T.W. Keal,                **
**                W. Thiel, A. Wander and P. Sherwood                **
**                                                                   **
**              J. Phys. Chem. A, 2009, 113 (43), 11856.             **
**                                                                   **
**   Please include this reference in published work using DL-FIND.  **
**                                                                   **
**               Copyright:  STFC Daresbury Laboratory               **
**                           Revision: Unversioned directory         **
**                                                                   **
***********************************************************************


DL-FIND Report:
===============
Optimisation algorithm: L-BFGS
Number of steps in L-BFGS memory ...............        100
 
Trust radius based on energy
Maximum step length ............................  5.000E-02
 
Coordinate system: Cartesian coordinates
 
Number of atoms ................................       4725
Number of input geometries .....................          1
Variables to be optimised ......................        102
No restart information is written
This run has not been restarted.
Maximum number of steps ........................       2000
Maximum number of energy evaluations ...........      10000
 
 Energy calculation finished, energy: -3.458347527E+02
 QM energy (a.u.):   -410.418483242250     
 XREF energy (a.u.):    91.2546415266124     
 R(factor) =   0.192898000000000         R(free) =   0.198242000000000     
Testing convergence  in cycle    1
  Max grad  3.1141E-03 Target: 4.5000E-03 converged?  yes component    20
  RMS grad  1.3074E-03 Target: 3.0000E-03 converged?  yes
Convergence reached

 Optimisation converged
 ----------------------
 Final converged energy:    -345.834752670000


DL-FIND Report:
===============
Optimisation algorithm: L-BFGS
Number of steps in L-BFGS memory ...............        100
 
Trust radius based on energy
Maximum step length ............................  5.000E-02
 
Coordinate system: Cartesian coordinates
 
Number of atoms ................................       4725
Number of input geometries .....................          1
Variables to be optimised ......................        102
No restart information is written
This run has not been restarted.
Number of energy evaluations on this processor .          1
Number of steps ................................          1
Number of accepted steps / line searches .......          1
 

Timing report
=============
Module                                      CPU time            Wall clock time
Total .................................     0.191 (100.00%)    62.425 (100.00%) seconds
Energy and Gradient ...................     0.004 (  2.15%)     0.005 (  0.01%) seconds
Step direction ........................     0.000 (  0.00%)     0.000 (  0.00%) seconds
Coordinate transformation .............     0.000 (  0.20%)     0.000 (  0.00%) seconds
Checkpoint file I/O ...................     0.000 (  0.00%)     0.000 (  0.00%) seconds
XYZ-file I/O ..........................     0.000 (  0.00%)     0.000 (  0.00%) seconds
Maximum memory usage ........................... 9.1554E+03 kB
Wed Jan 10 00:32:34 CST 2024
