This job is running on host node40
Current directory: /share/home/chem-zhonglh/yanzy/QR/NC_more/1uyg/QRs/SEMM_R1
Tue Jan  2 17:40:51 CST 2024
 using Gaussian + CNS
 QM energy (a.u.):   -72.1877067785410     
 XREF energy (a.u.):    153.892527583131     
 R(factor) =   0.278938000000000         R(free) =   0.273142000000000     
 External sizes:       12060           1        8040

***********************************************************************
**                                                                   **
**                       ---------------------                       **
**                              DL-FIND                              **
**                       Geometry Optimisation                       **
**                       ---------------------                       **
**                                                                   **
**                 J. Kaestner, J.M. Carr, T.W. Keal,                **
**                W. Thiel, A. Wander and P. Sherwood                **
**                                                                   **
**              J. Phys. Chem. A, 2009, 113 (43), 11856.             **
**                                                                   **
**   Please include this reference in published work using DL-FIND.  **
**                                                                   **
**               Copyright:  STFC Daresbury Laboratory               **
**                           Revision: Unversioned directory         **
**                                                                   **
***********************************************************************


DL-FIND Report:
===============
Optimisation algorithm: L-BFGS
Number of steps in L-BFGS memory ...............        100
 
Trust radius based on energy
Maximum step length ............................  5.000E-02
 
Coordinate system: Cartesian coordinates
 
Number of atoms ................................       4020
Number of input geometries .....................          1
Variables to be optimised ......................        108
No restart information is written
This run has not been restarted.
Maximum number of steps ........................       2000
Maximum number of energy evaluations ...........      10000
 
 Energy calculation finished, energy:  8.170482080E+01
 QM energy (a.u.):   -72.1877067785410     
 XREF energy (a.u.):    153.892617898075     
 R(factor) =   0.278936000000000         R(free) =   0.273142000000000     
Testing convergence  in cycle    1
  Max grad  1.8450E-02 Target: 4.5000E-03 converged?   no component    54
  RMS grad  4.6397E-03 Target: 3.0000E-03 converged?   no
 Predicted step length 2.0000E-02
 Trust radius          5.0000E-02
 Energy calculation finished, energy:  8.170491112E+01
 QM energy (a.u.):   -72.1887234739160     
 XREF energy (a.u.):    153.891796054016     
 R(factor) =   0.278933000000000         R(free) =   0.273142000000000     
 Rejecting step, energy  9.032E-05 higher
 Energy calculation finished, energy:  8.170307258E+01
 QM energy (a.u.):   -72.1883600182700     
 XREF energy (a.u.):    153.892090885940     
 R(factor) =   0.278934000000000         R(free) =   0.273142000000000     
Testing convergence  in cycle    3
    Energy  1.7482E-03 Target: 1.0000E-05 converged?   no
  Max step  3.8263E-03 Target: 1.8000E-02 converged?  yes component    54
  RMS step  9.6225E-04 Target: 1.2000E-02 converged?  yes
  Max grad  8.0860E-03 Target: 4.5000E-03 converged?   no component    22
  RMS grad  1.9425E-03 Target: 3.0000E-03 converged?  yes
 Predicted step length 8.4788E-03
 Trust radius          2.0000E-02
 Energy calculation finished, energy:  8.170373087E+01
 QM energy (a.u.):   -72.1886969752010     
 XREF energy (a.u.):    153.891696526135     
 R(factor) =   0.278932000000000         R(free) =   0.273141000000000     
 Rejecting step, energy  6.583E-04 higher
 Energy calculation finished, energy:  8.170299955E+01
 QM energy (a.u.):   -72.1885403270570     
 XREF energy (a.u.):    153.891845160010     
 R(factor) =   0.278934000000000         R(free) =   0.273141000000000     
Testing convergence  in cycle    5
    Energy  7.3030E-05 Target: 1.0000E-05 converged?   no
  Max step  1.6905E-03 Target: 1.8000E-02 converged?  yes component    22
  RMS step  4.0794E-04 Target: 1.2000E-02 converged?  yes
  Max grad  8.4661E-03 Target: 4.5000E-03 converged?   no component    54
  RMS grad  2.4120E-03 Target: 3.0000E-03 converged?  yes
 Predicted step length 2.0790E-02
 Trust radius          4.2394E-03
 Energy calculation finished, energy:  8.170330483E+01
 QM energy (a.u.):   -72.1887133744520     
 XREF energy (a.u.):    153.891804413663     
 R(factor) =   0.278933000000000         R(free) =   0.273141000000000     
 Rejecting step, energy  3.053E-04 higher
 Energy calculation finished, energy:  8.170309104E+01
 QM energy (a.u.):   -72.1886312408950     
 XREF energy (a.u.):    153.891820883155     
 R(factor) =   0.278933000000000         R(free) =   0.273141000000000     
 Rejecting step, energy  9.149E-05 higher
 Energy calculation finished, energy:  8.170318964E+01
 QM energy (a.u.):   -72.1885868822860     
 XREF energy (a.u.):    153.891835923665     
 R(factor) =   0.278937000000000         R(free) =   0.273142000000000     
 Rejecting step, energy  1.901E-04 higher
 Energy calculation finished, energy:  8.170324904E+01
 QM energy (a.u.):   -72.1885638795070     
 XREF energy (a.u.):    153.891813329195     
 R(factor) =   0.278934000000000         R(free) =   0.273141000000000     
 Rejecting step, energy  2.495E-04 higher
 Energy calculation finished, energy:  8.170324945E+01
 QM energy (a.u.):   -72.1885521717960     
 XREF energy (a.u.):    153.891875665521     
 R(factor) =   0.278936000000000         R(free) =   0.273142000000000     
 Rejecting step, energy  2.499E-04 higher
 Energy calculation finished, energy:  8.170332349E+01
 QM energy (a.u.):   -72.1885462667790     
 XREF energy (a.u.):    153.891859726375     
 R(factor) =   0.278934000000000         R(free) =   0.273141000000000     
 Rejecting step, energy  3.239E-04 higher
 Energy calculation finished, energy:  8.170331346E+01
 QM energy (a.u.):   -72.1885433009830     
 XREF energy (a.u.):    153.891888579582     
 R(factor) =   0.278936000000000         R(free) =   0.273142000000000     
 Rejecting step, energy  3.139E-04 higher
 Energy calculation finished, energy:  8.170334528E+01
 QM energy (a.u.):   -72.1885418159000     
 XREF energy (a.u.):    153.891861507628     
 R(factor) =   0.278934000000000         R(free) =   0.273141000000000     
 Rejecting step, energy  3.457E-04 higher
 Energy calculation finished, energy:  8.170331969E+01
 QM energy (a.u.):   -72.1885410713260     
 XREF energy (a.u.):    153.891877653765     
 R(factor) =   0.278935000000000         R(free) =   0.273142000000000     
 Rejecting step, energy  3.201E-04 higher
 Energy calculation finished, energy:  8.170333658E+01
 QM energy (a.u.):   -72.1885406995650     
 XREF energy (a.u.):    153.891872769704     
 R(factor) =   0.278934000000000         R(free) =   0.273141000000000     
 Rejecting step, energy  3.370E-04 higher
 Energy calculation finished, energy:  8.170333207E+01
 QM energy (a.u.):   -72.1885405135850     
 XREF energy (a.u.):    153.891878168188     
 R(factor) =   0.278935000000000         R(free) =   0.273142000000000     
 Rejecting step, energy  3.325E-04 higher
 Energy calculation finished, energy:  8.170333765E+01
 QM energy (a.u.):   -72.1885404205550     
 XREF energy (a.u.):    153.891873023693     
 R(factor) =   0.278934000000000         R(free) =   0.273141000000000     
 Rejecting step, energy  3.381E-04 higher
 Energy calculation finished, energy:  8.170333260E+01
 QM energy (a.u.):   -72.1885403744250     
 XREF energy (a.u.):    153.891878295117     
 R(factor) =   0.278935000000000         R(free) =   0.273142000000000     
 Rejecting step, energy  3.330E-04 higher
 Energy calculation finished, energy:  8.170333792E+01
 QM energy (a.u.):   -72.1885403505520     
 XREF energy (a.u.):    153.891873089083     
 R(factor) =   0.278934000000000         R(free) =   0.273141000000000     
 Rejecting step, energy  3.384E-04 higher
 Energy calculation finished, energy:  8.170333274E+01
 QM energy (a.u.):   -72.1885403389590     
 XREF energy (a.u.):    153.891878325499     
 R(factor) =   0.278935000000000         R(free) =   0.273142000000000     
 Rejecting step, energy  3.332E-04 higher
 Energy calculation finished, energy:  8.170333799E+01
 QM energy (a.u.):   -72.1885403325190     
 XREF energy (a.u.):    153.891873104672     
 R(factor) =   0.278934000000000         R(free) =   0.273141000000000     
 Rejecting step, energy  3.384E-04 higher
 Step too small, restarting optimiser.
Testing convergence  in cycle   21
    Energy  3.3844E-04 Target: 1.0000E-05 converged?   no
  Max step  2.5462E-08 Target: 1.8000E-02 converged?  yes component    22
  RMS step  6.2246E-09 Target: 1.2000E-02 converged?  yes
  Max grad  9.6022E-03 Target: 4.5000E-03 converged?   no component    54
  RMS grad  2.7680E-03 Target: 3.0000E-03 converged?  yes
 Predicted step length 2.0000E-02
 Trust radius          5.0000E-02
 Energy calculation finished, energy:  8.170333277E+01
 QM energy (a.u.):   -72.1889430534880     
 XREF energy (a.u.):    153.891037561709     
 R(factor) =   0.278931000000000         R(free) =   0.273141000000000     
Testing convergence  in cycle   22
    Energy  5.2200E-06 Target: 1.0000E-05 converged?  yes
  Max step  6.6761E-03 Target: 1.8000E-02 converged?  yes component    54
  RMS step  1.9245E-03 Target: 1.2000E-02 converged?  yes
  Max grad  9.6014E-03 Target: 4.5000E-03 converged?   no component    54
  RMS grad  2.7684E-03 Target: 3.0000E-03 converged?  yes
 Predicted step length 2.9363E+02
 Trust radius          5.0000E-02
 Energy calculation finished, energy:  8.170209451E+01
 QM energy (a.u.):   -72.1862250274260     
 XREF energy (a.u.):    153.888788543477     
 R(factor) =   0.278920000000000         R(free) =   0.273140000000000     
Testing convergence  in cycle   23
    Energy  1.2383E-03 Target: 1.0000E-05 converged?   no
  Max step  1.7422E-02 Target: 1.8000E-02 converged?  yes component    54
  RMS step  4.8113E-03 Target: 1.2000E-02 converged?  yes
  Max grad  4.1697E-03 Target: 4.5000E-03 converged?  yes component    69
  RMS grad  1.4900E-03 Target: 3.0000E-03 converged?  yes
 Predicted step length 7.2115E-02
 Trust radius          5.0000E-02
 Energy calculation finished, energy:  8.170256352E+01
 QM energy (a.u.):   -72.1852453139690     
 XREF energy (a.u.):    153.887753267589     
 R(factor) =   0.278892000000000         R(free) =   0.273131000000000     
 Rejecting step, energy  4.690E-04 higher
 Energy calculation finished, energy:  8.170250795E+01
 QM energy (a.u.):   -72.1862543724700     
 XREF energy (a.u.):    153.888024485783     
 R(factor) =   0.278902000000000         R(free) =   0.273134000000000     
 Rejecting step, energy  4.134E-04 higher
 Energy calculation finished, energy:  8.170177011E+01
 QM energy (a.u.):   -72.1863687686000     
 XREF energy (a.u.):    153.888257583797     
 R(factor) =   0.278911000000000         R(free) =   0.273136000000000     
Testing convergence  in cycle   26
    Energy  3.2440E-04 Target: 1.0000E-05 converged?   no
  Max step  3.3236E-03 Target: 1.8000E-02 converged?  yes component    36
  RMS step  1.2028E-03 Target: 1.2000E-02 converged?  yes
  Max grad  3.1243E-02 Target: 4.5000E-03 converged?   no component    54
  RMS grad  8.0323E-03 Target: 3.0000E-03 converged?   no
 Predicted step length 1.9023E-01
 Trust radius          1.2500E-02
 Energy calculation finished, energy:  8.170188882E+01
 QM energy (a.u.):   -72.1860977594990     
 XREF energy (a.u.):    153.888069809019     
 R(factor) =   0.278913000000000         R(free) =   0.273135000000000     
 Rejecting step, energy  1.187E-04 higher
 Energy calculation finished, energy:  8.170197205E+01
 QM energy (a.u.):   -72.1862493022050     
 XREF energy (a.u.):    153.888116380557     
 R(factor) =   0.278912000000000         R(free) =   0.273136000000000     
 Rejecting step, energy  2.019E-04 higher
 Energy calculation finished, energy:  8.170186708E+01
 QM energy (a.u.):   -72.1863130459060     
 XREF energy (a.u.):    153.888135553205     
 R(factor) =   0.278912000000000         R(free) =   0.273135000000000     
 Rejecting step, energy  9.697E-05 higher
 Energy calculation finished, energy:  8.170182251E+01
 QM energy (a.u.):   -72.1863419092120     
 XREF energy (a.u.):    153.888121813923     
 R(factor) =   0.278912000000000         R(free) =   0.273136000000000     
 Rejecting step, energy  5.240E-05 higher
 Energy calculation finished, energy:  8.170177990E+01
 QM energy (a.u.):   -72.1863555910480     
 XREF energy (a.u.):    153.888144787316     
 R(factor) =   0.278911000000000         R(free) =   0.273135000000000     
 Rejecting step, energy  9.790E-06 higher
 Energy calculation finished, energy:  8.170178920E+01
 QM energy (a.u.):   -72.1863622425190     
 XREF energy (a.u.):    153.888105838128     
 R(factor) =   0.278912000000000         R(free) =   0.273135000000000     
 Rejecting step, energy  1.909E-05 higher
 Energy calculation finished, energy:  8.170174360E+01
 QM energy (a.u.):   -72.1863655213210     
 XREF energy (a.u.):    153.888112148766     
 R(factor) =   0.278910000000000         R(free) =   0.273135000000000     
Testing convergence  in cycle   33
    Energy  2.6510E-05 Target: 1.0000E-05 converged?   no
  Max step  6.4881E-05 Target: 1.8000E-02 converged?  yes component    22
  RMS step  1.8794E-05 Target: 1.2000E-02 converged?  yes
  Max grad  3.1436E-02 Target: 4.5000E-03 converged?   no component    54
  RMS grad  7.6100E-03 Target: 3.0000E-03 converged?   no
 Predicted step length 3.6003E-01
 Trust radius          3.9063E-04
 Energy calculation finished, energy:  8.170174663E+01
 QM energy (a.u.):   -72.1863693256890     
 XREF energy (a.u.):    153.888086511073     
 R(factor) =   0.278911000000000         R(free) =   0.273135000000000     
 Rejecting step, energy  3.030E-06 higher
 Energy calculation finished, energy:  8.170171719E+01
 QM energy (a.u.):   -72.1863674343880     
 XREF energy (a.u.):    153.888100798346     
 R(factor) =   0.278911000000000         R(free) =   0.273135000000000     
Testing convergence  in cycle   35
    Energy  2.6410E-05 Target: 1.0000E-05 converged?   no
  Max step  6.3119E-05 Target: 1.8000E-02 converged?  yes component    22
  RMS step  1.8794E-05 Target: 1.2000E-02 converged?  yes
  Max grad  3.1366E-02 Target: 4.5000E-03 converged?   no component    54
  RMS grad  7.6020E-03 Target: 3.0000E-03 converged?   no
 Predicted step length 3.7716E-02
 Trust radius          1.9531E-04
 Energy calculation finished, energy:  8.170173336E+01
 QM energy (a.u.):   -72.1863721049120     
 XREF energy (a.u.):    153.888061244456     
 R(factor) =   0.278911000000000         R(free) =   0.273135000000000     
 Rejecting step, energy  1.617E-05 higher
 Energy calculation finished, energy:  8.170168914E+01
 QM energy (a.u.):   -72.1863697714060     
 XREF energy (a.u.):    153.888070665249     
 R(factor) =   0.278910000000000         R(free) =   0.273135000000000     
Testing convergence  in cycle   37
    Energy  2.8050E-05 Target: 1.0000E-05 converged?   no
  Max step  2.4867E-05 Target: 1.8000E-02 converged?  yes component    70
  RMS step  9.3970E-06 Target: 1.2000E-02 converged?  yes
  Max grad  3.1372E-02 Target: 4.5000E-03 converged?   no component    54
  RMS grad  7.5996E-03 Target: 3.0000E-03 converged?   no
 Predicted step length 5.0201E+01
 Trust radius          9.7656E-05
 Energy calculation finished, energy:  8.170170089E+01
 QM energy (a.u.):   -72.1863720369620     
 XREF energy (a.u.):    153.888048765756     
 R(factor) =   0.278911000000000         R(free) =   0.273135000000000     
 Rejecting step, energy  1.175E-05 higher
 Energy calculation finished, energy:  8.170167673E+01
 QM energy (a.u.):   -72.1863709062770     
 XREF energy (a.u.):    153.888072646051     
 R(factor) =   0.278910000000000         R(free) =   0.273135000000000     
Testing convergence  in cycle   39
    Energy  1.2410E-05 Target: 1.0000E-05 converged?   no
  Max step  1.2462E-05 Target: 1.8000E-02 converged?  yes component    70
  RMS step  4.6985E-06 Target: 1.2000E-02 converged?  yes
  Max grad  3.1372E-02 Target: 4.5000E-03 converged?   no component    54
  RMS grad  7.5997E-03 Target: 3.0000E-03 converged?   no
 Predicted step length 7.7899E+00
 Trust radius          4.8828E-05
 Energy calculation finished, energy:  8.170170174E+01
 QM energy (a.u.):   -72.1863721519630     
 XREF energy (a.u.):    153.888048934728     
 R(factor) =   0.278911000000000         R(free) =   0.273135000000000     
 Rejecting step, energy  2.501E-05 higher
 Energy calculation finished, energy:  8.170167678E+01
 QM energy (a.u.):   -72.1863715291630     
 XREF energy (a.u.):    153.888072308784     
 R(factor) =   0.278910000000000         R(free) =   0.273135000000000     
 Rejecting step, energy  5.000E-08 higher
 Energy calculation finished, energy:  8.170170078E+01
 QM energy (a.u.):   -72.1863712164410     
 XREF energy (a.u.):    153.888049435350     
 R(factor) =   0.278911000000000         R(free) =   0.273135000000000     
 Rejecting step, energy  2.405E-05 higher
 Energy calculation finished, energy:  8.170167822E+01
 QM energy (a.u.):   -72.1863710612390     
 XREF energy (a.u.):    153.888072562466     
 R(factor) =   0.278910000000000         R(free) =   0.273135000000000     
 Rejecting step, energy  1.490E-06 higher
 Energy calculation finished, energy:  8.170170150E+01
 QM energy (a.u.):   -72.1863709822540     
 XREF energy (a.u.):    153.888049561141     
 R(factor) =   0.278911000000000         R(free) =   0.273135000000000     
 Rejecting step, energy  2.477E-05 higher
 Energy calculation finished, energy:  8.170167858E+01
 QM energy (a.u.):   -72.1863709438670     
 XREF energy (a.u.):    153.888072626233     
 R(factor) =   0.278910000000000         R(free) =   0.273135000000000     
 Rejecting step, energy  1.850E-06 higher
 Energy calculation finished, energy:  8.170170168E+01
 QM energy (a.u.):   -72.1863709247400     
 XREF energy (a.u.):    153.888049593392     
 R(factor) =   0.278911000000000         R(free) =   0.273135000000000     
 Rejecting step, energy  2.495E-05 higher
 Energy calculation finished, energy:  8.170167867E+01
 QM energy (a.u.):   -72.1863709148340     
 XREF energy (a.u.):    153.888072642164     
 R(factor) =   0.278910000000000         R(free) =   0.273135000000000     
 Rejecting step, energy  1.940E-06 higher
 Energy calculation finished, energy:  8.170170173E+01
 QM energy (a.u.):   -72.1863709103430     
 XREF energy (a.u.):    153.888049600862     
 R(factor) =   0.278911000000000         R(free) =   0.273135000000000     
 Rejecting step, energy  2.500E-05 higher
 Step too small, restarting optimiser.
Testing convergence  in cycle   48
    Energy  2.5000E-05 Target: 1.0000E-05 converged?   no
  Max step  2.4587E-08 Target: 1.8000E-02 converged?  yes component    22
  RMS step  9.1767E-09 Target: 1.2000E-02 converged?  yes
  Max grad  3.1382E-02 Target: 4.5000E-03 converged?   no component    54
  RMS grad  7.6010E-03 Target: 3.0000E-03 converged?   no
 Predicted step length 2.0000E-02
 Trust radius          5.0000E-02
 Energy calculation finished, energy:  8.170167869E+01
 QM energy (a.u.):   -72.1885480811280     
 XREF energy (a.u.):    153.888704028853     
 R(factor) =   0.278907000000000         R(free) =   0.273134000000000     
Testing convergence  in cycle   49
    Energy  2.3040E-05 Target: 1.0000E-05 converged?   no
  Max step  7.9455E-03 Target: 1.8000E-02 converged?  yes component    54
  RMS step  1.9245E-03 Target: 1.2000E-02 converged?  yes
  Max grad  3.1380E-02 Target: 4.5000E-03 converged?   no component    54
  RMS grad  7.6011E-03 Target: 3.0000E-03 converged?   no
 Predicted step length 1.0310E+04
 Trust radius          5.0000E-02
 Energy calculation finished, energy:  8.170015595E+01
 QM energy (a.u.):   -72.1884111789470     
 XREF energy (a.u.):    153.890429725786     
 R(factor) =   0.278900000000000         R(free) =   0.273134000000000     
Testing convergence  in cycle   50
    Energy  1.5227E-03 Target: 1.0000E-05 converged?   no
  Max step  1.9900E-02 Target: 1.8000E-02 converged?   no component    54
  RMS step  4.8113E-03 Target: 1.2000E-02 converged?  yes
  Max grad  1.6939E-02 Target: 4.5000E-03 converged?   no component    51
  RMS grad  4.3809E-03 Target: 3.0000E-03 converged?   no
 Predicted step length 7.7198E-02
 Trust radius          5.0000E-02
 Energy calculation finished, energy:  8.170201855E+01
 QM energy (a.u.):   -72.1806918180560     
 XREF energy (a.u.):    153.891840586204     
 R(factor) =   0.278889000000000         R(free) =   0.273135000000000     
 Rejecting step, energy  1.863E-03 higher
 Energy calculation finished, energy:  8.171114877E+01
 QM energy (a.u.):   -72.1855483652250     
 XREF energy (a.u.):    153.891116217330     
 R(factor) =   0.278908000000000         R(free) =   0.273137000000000     
 Rejecting step, energy  1.099E-02 higher
 Energy calculation finished, energy:  8.170556785E+01
 QM energy (a.u.):   -72.1872197682860     
 XREF energy (a.u.):    153.890992987688     
 R(factor) =   0.278914000000000         R(free) =   0.273138000000000     
 Rejecting step, energy  5.412E-03 higher
 Energy calculation finished, energy:  8.170377322E+01
 QM energy (a.u.):   -72.1878743792980     
 XREF energy (a.u.):    153.890880357360     
 R(factor) =   0.278918000000000         R(free) =   0.273138000000000     
 Rejecting step, energy  3.617E-03 higher
 Energy calculation finished, energy:  8.170300598E+01
 QM energy (a.u.):   -72.1881573727240     
 XREF energy (a.u.):    153.890741214728     
 R(factor) =   0.278919000000000         R(free) =   0.273138000000000     
 Rejecting step, energy  2.850E-03 higher
 Energy calculation finished, energy:  8.170258384E+01
 QM energy (a.u.):   -72.1882879071280     
 XREF energy (a.u.):    153.890865184052     
 R(factor) =   0.278920000000000         R(free) =   0.273139000000000     
 Rejecting step, energy  2.428E-03 higher
 Energy calculation finished, energy:  8.170257728E+01
 QM energy (a.u.):   -72.1883504488540     
 XREF energy (a.u.):    153.890761925312     
 R(factor) =   0.278918000000000         R(free) =   0.273139000000000     
 Rejecting step, energy  2.421E-03 higher
 Energy calculation finished, energy:  8.170241148E+01
 QM energy (a.u.):   -72.1883810397990     
 XREF energy (a.u.):    153.890813316681     
 R(factor) =   0.278920000000000         R(free) =   0.273139000000000     
 Rejecting step, energy  2.256E-03 higher
 Energy calculation finished, energy:  8.170243228E+01
 QM energy (a.u.):   -72.1883961666240     
 XREF energy (a.u.):    153.890803757931     
 R(factor) =   0.278920000000000         R(free) =   0.273139000000000     
 Rejecting step, energy  2.276E-03 higher
 Energy calculation finished, energy:  8.170240759E+01
 QM energy (a.u.):   -72.1884036871230     
 XREF energy (a.u.):    153.890847123118     
 R(factor) =   0.278920000000000         R(free) =   0.273139000000000     
 Rejecting step, energy  2.252E-03 higher
 Energy calculation finished, energy:  8.170244344E+01
 QM energy (a.u.):   -72.1884074363260     
 XREF energy (a.u.):    153.890808702605     
 R(factor) =   0.278919000000000         R(free) =   0.273139000000000     
 Rejecting step, energy  2.287E-03 higher
 Energy calculation finished, energy:  8.170240127E+01
 QM energy (a.u.):   -72.1884093082210     
 XREF energy (a.u.):    153.890873085686     
 R(factor) =   0.278920000000000         R(free) =   0.273139000000000     
 Rejecting step, energy  2.245E-03 higher
 Energy calculation finished, energy:  8.170246378E+01
 QM energy (a.u.):   -72.1884102446540     
 XREF energy (a.u.):    153.890802534312     
 R(factor) =   0.278919000000000         R(free) =   0.273139000000000     
 Rejecting step, energy  2.308E-03 higher
 Energy calculation finished, energy:  8.170239229E+01
 QM energy (a.u.):   -72.1884107110210     
 XREF energy (a.u.):    153.890830072482     
 R(factor) =   0.278920000000000         R(free) =   0.273139000000000     
 Rejecting step, energy  2.236E-03 higher
 Energy calculation finished, energy:  8.170241936E+01
 QM energy (a.u.):   -72.1884109459200     
 XREF energy (a.u.):    153.890799182749     
 R(factor) =   0.278919000000000         R(free) =   0.273139000000000     
 Rejecting step, energy  2.263E-03 higher
 Energy calculation finished, energy:  8.170238824E+01
 QM energy (a.u.):   -72.1884110625540     
 XREF energy (a.u.):    153.890835269294     
 R(factor) =   0.278920000000000         R(free) =   0.273139000000000     
 Rejecting step, energy  2.232E-03 higher
 Energy calculation finished, energy:  8.170242421E+01
 QM energy (a.u.):   -72.1884111209980     
 XREF energy (a.u.):    153.890798679594     
 R(factor) =   0.278919000000000         R(free) =   0.273139000000000     
 Rejecting step, energy  2.268E-03 higher
 Energy calculation finished, energy:  8.170238756E+01
 QM energy (a.u.):   -72.1884111501420     
 XREF energy (a.u.):    153.890837282492     
 R(factor) =   0.278920000000000         R(free) =   0.273139000000000     
 Rejecting step, energy  2.232E-03 higher
 Energy calculation finished, energy:  8.170242613E+01
 QM energy (a.u.):   -72.1884111651690     
 XREF energy (a.u.):    153.890803513208     
 R(factor) =   0.278919000000000         R(free) =   0.273139000000000     
 Rejecting step, energy  2.270E-03 higher
 Step too small, restarting optimiser.
Testing convergence  in cycle   69
    Energy  2.2702E-03 Target: 1.0000E-05 converged?   no
  Max step  3.3357E-08 Target: 1.8000E-02 converged?  yes component    51
  RMS step  9.1767E-09 Target: 1.2000E-02 converged?  yes
  Max grad  2.2899E-02 Target: 4.5000E-03 converged?   no component    54
  RMS grad  5.0959E-03 Target: 3.0000E-03 converged?   no
 Predicted step length 2.0000E-02
 Trust radius          5.0000E-02
 Energy calculation finished, energy:  8.170239235E+01
 QM energy (a.u.):   -72.1892931562160     
 XREF energy (a.u.):    153.890023188096     
 R(factor) =   0.278919000000000         R(free) =   0.273138000000000     
Testing convergence  in cycle   70
    Energy  3.3780E-05 Target: 1.0000E-05 converged?   no
  Max step  8.6482E-03 Target: 1.8000E-02 converged?  yes component    54
  RMS step  1.9245E-03 Target: 1.2000E-02 converged?  yes
  Max grad  2.2900E-02 Target: 4.5000E-03 converged?   no component    54
  RMS grad  5.0961E-03 Target: 3.0000E-03 converged?   no
 Predicted step length 8.0290E+02
 Trust radius          5.0000E-02
 Energy calculation finished, energy:  8.170073003E+01
 QM energy (a.u.):   -72.1849527759020     
 XREF energy (a.u.):    153.887855986294     
 R(factor) =   0.278910000000000         R(free) =   0.273135000000000     
Testing convergence  in cycle   71
    Energy  1.6623E-03 Target: 1.0000E-05 converged?   no
  Max step  2.1747E-02 Target: 1.8000E-02 converged?   no component    54
  RMS step  4.8113E-03 Target: 1.2000E-02 converged?  yes
  Max grad  5.3695E-03 Target: 4.5000E-03 converged?   no component    54
  RMS grad  1.4139E-03 Target: 3.0000E-03 converged?  yes
 Predicted step length 9.3478E-02
 Trust radius          5.0000E-02
 Energy calculation finished, energy:  8.170290321E+01
 QM energy (a.u.):   -72.1806909833090     
 XREF energy (a.u.):    153.887733915740     
 R(factor) =   0.278788000000000         R(free) =   0.273136000000000     
 Rejecting step, energy  2.173E-03 higher
 Energy calculation finished, energy:  8.170704293E+01
 QM energy (a.u.):   -72.1834267244270     
 XREF energy (a.u.):    153.887926255266     
 R(factor) =   0.278848000000000         R(free) =   0.273133000000000     
 Rejecting step, energy  6.313E-03 higher
 Energy calculation finished, energy:  8.170449953E+01
 QM energy (a.u.):   -72.1843404690550     
 XREF energy (a.u.):    153.887608390585     
 R(factor) =   0.278880000000000         R(free) =   0.273131000000000     
 Rejecting step, energy  3.770E-03 higher
 Energy calculation finished, energy:  8.170326792E+01
 QM energy (a.u.):   -72.1846842459380     
 XREF energy (a.u.):    153.887506481427     
 R(factor) =   0.278894000000000         R(free) =   0.273130000000000     
 Rejecting step, energy  2.538E-03 higher
 Energy calculation finished, energy:  8.170282224E+01
 QM energy (a.u.):   -72.1848279097240     
 XREF energy (a.u.):    153.887542180231     
 R(factor) =   0.278895000000000         R(free) =   0.273130000000000     
 Rejecting step, energy  2.092E-03 higher
 Energy calculation finished, energy:  8.170271427E+01
 QM energy (a.u.):   -72.1848926910540     
 XREF energy (a.u.):    153.887560128842     
 R(factor) =   0.278900000000000         R(free) =   0.273130000000000     
 Rejecting step, energy  1.984E-03 higher
 Energy calculation finished, energy:  8.170266744E+01
 QM energy (a.u.):   -72.1849233208690     
 XREF energy (a.u.):    153.887517869223     
 R(factor) =   0.278902000000000         R(free) =   0.273130000000000     
 Rejecting step, energy  1.937E-03 higher
 Energy calculation finished, energy:  8.170259455E+01
 QM energy (a.u.):   -72.1849381953600     
 XREF energy (a.u.):    153.887552695836     
 R(factor) =   0.278903000000000         R(free) =   0.273130000000000     
 Rejecting step, energy  1.865E-03 higher
 Energy calculation finished, energy:  8.170261450E+01
 QM energy (a.u.):   -72.1849455206700     
 XREF energy (a.u.):    153.887513585182     
 R(factor) =   0.278901000000000         R(free) =   0.273130000000000     
 Rejecting step, energy  1.884E-03 higher
 Energy calculation finished, energy:  8.170256806E+01
 QM energy (a.u.):   -72.1849491578810     
 XREF energy (a.u.):    153.887544541597     
 R(factor) =   0.278904000000000         R(free) =   0.273130000000000     
 Rejecting step, energy  1.838E-03 higher
 Energy calculation finished, energy:  8.170259538E+01
 QM energy (a.u.):   -72.1849509678980     
 XREF energy (a.u.):    153.887496635205     
 R(factor) =   0.278901000000000         R(free) =   0.273130000000000     
 Rejecting step, energy  1.865E-03 higher
 Energy calculation finished, energy:  8.170254567E+01
 QM energy (a.u.):   -72.1849518732310     
 XREF energy (a.u.):    153.887551167842     
 R(factor) =   0.278904000000000         R(free) =   0.273130000000000     
 Rejecting step, energy  1.816E-03 higher
 Energy calculation finished, energy:  8.170259929E+01
 QM energy (a.u.):   -72.1849523230750     
 XREF energy (a.u.):    153.887478289204     
 R(factor) =   0.278901000000000         R(free) =   0.273130000000000     
 Rejecting step, energy  1.869E-03 higher
 Energy calculation finished, energy:  8.170252597E+01
 QM energy (a.u.):   -72.1849525492120     
 XREF energy (a.u.):    153.887530592434     
 R(factor) =   0.278904000000000         R(free) =   0.273130000000000     
 Rejecting step, energy  1.796E-03 higher
 Energy calculation finished, energy:  8.170257804E+01
 QM energy (a.u.):   -72.1849526624170     
 XREF energy (a.u.):    153.887476794113     
 R(factor) =   0.278901000000000         R(free) =   0.273130000000000     
 Rejecting step, energy  1.848E-03 higher
 Energy calculation finished, energy:  8.170252413E+01
 QM energy (a.u.):   -72.1849527192030     
 XREF energy (a.u.):    153.887538811505     
 R(factor) =   0.278904000000000         R(free) =   0.273130000000000     
 Rejecting step, energy  1.794E-03 higher
 Energy calculation finished, energy:  8.170258609E+01
 QM energy (a.u.):   -72.1849527461590     
 XREF energy (a.u.):    153.887471968553     
 R(factor) =   0.278901000000000         R(free) =   0.273130000000000     
 Rejecting step, energy  1.856E-03 higher
 Energy calculation finished, energy:  8.170251922E+01
 QM energy (a.u.):   -72.1849527609190     
 XREF energy (a.u.):    153.887538843495     
 R(factor) =   0.278904000000000         R(free) =   0.273130000000000     
 Rejecting step, energy  1.789E-03 higher
 Energy calculation finished, energy:  8.170258608E+01
 QM energy (a.u.):   -72.1849527683200     
 XREF energy (a.u.):    153.887471984822     
 R(factor) =   0.278901000000000         R(free) =   0.273130000000000     
 Rejecting step, energy  1.856E-03 higher
 Step too small, restarting optimiser.
Testing convergence  in cycle   90
    Energy  1.8561E-03 Target: 1.0000E-05 converged?   no
  Max step  3.7499E-08 Target: 1.8000E-02 converged?  yes component    64
  RMS step  9.1767E-09 Target: 1.2000E-02 converged?  yes
  Max grad  3.8450E-02 Target: 4.5000E-03 converged?   no component    54
  RMS grad  9.2596E-03 Target: 3.0000E-03 converged?   no
 Predicted step length 2.0000E-02
 Trust radius          5.0000E-02
 Energy calculation finished, energy:  8.170251922E+01
 QM energy (a.u.):   -72.1880496160220     
 XREF energy (a.u.):    153.888342225627     
 R(factor) =   0.278910000000000         R(free) =   0.273133000000000     
Testing convergence  in cycle   91
    Energy  6.6860E-05 Target: 1.0000E-05 converged?   no
  Max step  7.9914E-03 Target: 1.8000E-02 converged?  yes component    54
  RMS step  1.9245E-03 Target: 1.2000E-02 converged?  yes
  Max grad  3.8453E-02 Target: 4.5000E-03 converged?   no component    54
  RMS grad  9.2596E-03 Target: 3.0000E-03 converged?   no
 Predicted step length 3.3171E+04
 Trust radius          5.0000E-02
 Energy calculation finished, energy:  8.170029261E+01
 QM energy (a.u.):   -72.1887784706060     
 XREF energy (a.u.):    153.890488802062     
 R(factor) =   0.278921000000000         R(free) =   0.273141000000000     
Testing convergence  in cycle   92
    Energy  2.2266E-03 Target: 1.0000E-05 converged?   no
  Max step  1.9950E-02 Target: 1.8000E-02 converged?   no component    54
  RMS step  4.8113E-03 Target: 1.2000E-02 converged?  yes
  Max grad  2.0927E-02 Target: 4.5000E-03 converged?   no component    54
  RMS grad  4.9754E-03 Target: 3.0000E-03 converged?   no
 Predicted step length 6.1926E-02
 Trust radius          5.0000E-02
 Energy calculation finished, energy:  8.170171033E+01
 QM energy (a.u.):   -72.1802678632070     
 XREF energy (a.u.):    153.892604502002     
 R(factor) =   0.278939000000000         R(free) =   0.273148000000000     
 Rejecting step, energy  1.418E-03 higher
 Energy calculation finished, energy:  8.171233664E+01
 QM energy (a.u.):   -72.1856601544890     
 XREF energy (a.u.):    153.891297316732     
 R(factor) =   0.278936000000000         R(free) =   0.273148000000000     
 Rejecting step, energy  1.204E-02 higher
 Energy calculation finished, energy:  8.170563716E+01
 QM energy (a.u.):   -72.1875011248090     
 XREF energy (a.u.):    153.890973289426     
 R(factor) =   0.278936000000000         R(free) =   0.273148000000000     
 Rejecting step, energy  5.345E-03 higher
 Energy calculation finished, energy:  8.170347216E+01
 QM energy (a.u.):   -72.1882099791860     
 XREF energy (a.u.):    153.890792392353     
 R(factor) =   0.278935000000000         R(free) =   0.273147000000000     
 Rejecting step, energy  3.180E-03 higher
 Energy calculation finished, energy:  8.170258241E+01
 QM energy (a.u.):   -72.1885117384270     
 XREF energy (a.u.):    153.890796958221     
 R(factor) =   0.278935000000000         R(free) =   0.273146000000000     
 Rejecting step, energy  2.290E-03 higher
 Energy calculation finished, energy:  8.170228522E+01
 QM energy (a.u.):   -72.1886494795780     
 XREF energy (a.u.):    153.890797481772     
 R(factor) =   0.278937000000000         R(free) =   0.273146000000000     
 Rejecting step, energy  1.993E-03 higher
 Energy calculation finished, energy:  8.170214800E+01
 QM energy (a.u.):   -72.1887150677640     
 XREF energy (a.u.):    153.890736926614     
 R(factor) =   0.278939000000000         R(free) =   0.273146000000000     
 Rejecting step, energy  1.855E-03 higher
 Energy calculation finished, energy:  8.170202186E+01
 QM energy (a.u.):   -72.1887470425850     
 XREF energy (a.u.):    153.890816229547     
 R(factor) =   0.278938000000000         R(free) =   0.273146000000000     
 Rejecting step, energy  1.729E-03 higher
 Energy calculation finished, energy:  8.170206919E+01
 QM energy (a.u.):   -72.1887628248250     
 XREF energy (a.u.):    153.890705515213     
 R(factor) =   0.278940000000000         R(free) =   0.273147000000000     
 Rejecting step, energy  1.777E-03 higher
 Energy calculation finished, energy:  8.170194269E+01
 QM energy (a.u.):   -72.1887706652190     
 XREF energy (a.u.):    153.890856410025     
 R(factor) =   0.278938000000000         R(free) =   0.273147000000000     
 Rejecting step, energy  1.650E-03 higher
 Energy calculation finished, energy:  8.170208574E+01
 QM energy (a.u.):   -72.1887745714770     
 XREF energy (a.u.):    153.890750384245     
 R(factor) =   0.278940000000000         R(free) =   0.273147000000000     
 Rejecting step, energy  1.793E-03 higher
 Energy calculation finished, energy:  8.170197581E+01
 QM energy (a.u.):   -72.1887765226400     
 XREF energy (a.u.):    153.890873645319     
 R(factor) =   0.278938000000000         R(free) =   0.273147000000000     
 Rejecting step, energy  1.683E-03 higher
 Energy calculation finished, energy:  8.170209712E+01
 QM energy (a.u.):   -72.1887774965260     
 XREF energy (a.u.):    153.890760720827     
 R(factor) =   0.278940000000000         R(free) =   0.273147000000000     
 Rejecting step, energy  1.805E-03 higher
 Energy calculation finished, energy:  8.170198322E+01
 QM energy (a.u.):   -72.1887779842460     
 XREF energy (a.u.):    153.890852439152     
 R(factor) =   0.278938000000000         R(free) =   0.273147000000000     
 Rejecting step, energy  1.691E-03 higher
 Energy calculation finished, energy:  8.170207445E+01
 QM energy (a.u.):   -72.1887782274830     
 XREF energy (a.u.):    153.890754518774     
 R(factor) =   0.278940000000000         R(free) =   0.273147000000000     
 Rejecting step, energy  1.782E-03 higher
 Energy calculation finished, energy:  8.170197629E+01
 QM energy (a.u.):   -72.1887783486660     
 XREF energy (a.u.):    153.890856372847     
 R(factor) =   0.278938000000000         R(free) =   0.273147000000000     
 Rejecting step, energy  1.684E-03 higher
 Energy calculation finished, energy:  8.170207802E+01
 QM energy (a.u.):   -72.1887784101850     
 XREF energy (a.u.):    153.890752543996     
 R(factor) =   0.278940000000000         R(free) =   0.273147000000000     
 Rejecting step, energy  1.785E-03 higher
 Energy calculation finished, energy:  8.170197413E+01
 QM energy (a.u.):   -72.1887784401480     
 XREF energy (a.u.):    153.890856324874     
 R(factor) =   0.278938000000000         R(free) =   0.273147000000000     
 Rejecting step, energy  1.682E-03 higher
 Energy calculation finished, energy:  8.170207788E+01
 QM energy (a.u.):   -72.1887784555330     
 XREF energy (a.u.):    153.890752519559     
 R(factor) =   0.278940000000000         R(free) =   0.273147000000000     
 Rejecting step, energy  1.785E-03 higher
 Step too small, restarting optimiser.
Testing convergence  in cycle  111
    Energy  1.7853E-03 Target: 1.0000E-05 converged?   no
  Max step  3.8935E-08 Target: 1.8000E-02 converged?  yes component    54
  RMS step  9.1767E-09 Target: 1.2000E-02 converged?  yes
  Max grad  2.1754E-02 Target: 4.5000E-03 converged?   no component     6
  RMS grad  5.8758E-03 Target: 3.0000E-03 converged?   no
 Predicted step length 2.0000E-02
 Trust radius          5.0000E-02
 Energy calculation finished, energy:  8.170197406E+01
 QM energy (a.u.):   -72.1895744531440     
 XREF energy (a.u.):    153.889804155908     
 R(factor) =   0.278934000000000         R(free) =   0.273142000000000     
Testing convergence  in cycle  112
    Energy  1.0382E-04 Target: 1.0000E-05 converged?   no
  Max step  7.1253E-03 Target: 1.8000E-02 converged?  yes component     6
  RMS step  1.9245E-03 Target: 1.2000E-02 converged?  yes
  Max grad  2.1753E-02 Target: 4.5000E-03 converged?   no component     6
  RMS grad  5.8756E-03 Target: 3.0000E-03 converged?   no
 Predicted step length 2.3100E+03
 Trust radius          5.0000E-02
 Energy calculation finished, energy:  8.170022970E+01
 QM energy (a.u.):   -72.1843982216490     
 XREF energy (a.u.):    153.887637523831     
 R(factor) =   0.278928000000000         R(free) =   0.273131000000000     
Testing convergence  in cycle  113
    Energy  1.7444E-03 Target: 1.0000E-05 converged?   no
  Max step  1.8028E-02 Target: 1.8000E-02 converged?   no component    54
  RMS step  4.8113E-03 Target: 1.2000E-02 converged?  yes
  Max grad  7.0639E-03 Target: 4.5000E-03 converged?   no component    54
  RMS grad  1.7530E-03 Target: 3.0000E-03 converged?  yes
 Predicted step length 3.8203E-02
 Trust radius          5.0000E-02
 Energy calculation finished, energy:  8.170323930E+01
 QM energy (a.u.):   -72.1787343071320     
 XREF energy (a.u.):    153.887707034944     
 R(factor) =   0.278968000000000         R(free) =   0.273136000000000     
 Rejecting step, energy  3.010E-03 higher
 Energy calculation finished, energy:  8.170897273E+01
 QM energy (a.u.):   -72.1820364813460     
 XREF energy (a.u.):    153.887551957434     
 R(factor) =   0.278948000000000         R(free) =   0.273130000000000     
 Rejecting step, energy  8.743E-03 higher
 Energy calculation finished, energy:  8.170551548E+01
 QM energy (a.u.):   -72.1833341900640     
 XREF energy (a.u.):    153.887382350373     
 R(factor) =   0.278936000000000         R(free) =   0.273128000000000     
 Rejecting step, energy  5.286E-03 higher
 Energy calculation finished, energy:  8.170404816E+01
 QM energy (a.u.):   -72.1838953322700     
 XREF energy (a.u.):    153.887356122658     
 R(factor) =   0.278930000000000         R(free) =   0.273128000000000     
 Rejecting step, energy  3.818E-03 higher
 Energy calculation finished, energy:  8.170346079E+01
 QM energy (a.u.):   -72.1841540474680     
 XREF energy (a.u.):    153.887315925873     
 R(factor) =   0.278924000000000         R(free) =   0.273127000000000     
 Rejecting step, energy  3.231E-03 higher
 Energy calculation finished, energy:  8.170316188E+01
 QM energy (a.u.):   -72.1842779497570     
 XREF energy (a.u.):    153.887269993333     
 R(factor) =   0.278927000000000         R(free) =   0.273127000000000     
 Rejecting step, energy  2.932E-03 higher
 Energy calculation finished, energy:  8.170299204E+01
 QM energy (a.u.):   -72.1843385404820     
 XREF energy (a.u.):    153.887257929832     
 R(factor) =   0.278919000000000         R(free) =   0.273126000000000     
 Rejecting step, energy  2.762E-03 higher
 Energy calculation finished, energy:  8.170291939E+01
 QM energy (a.u.):   -72.1843684949450     
 XREF energy (a.u.):    153.887281287455     
 R(factor) =   0.278924000000000         R(free) =   0.273126000000000     
 Rejecting step, energy  2.690E-03 higher
 Energy calculation finished, energy:  8.170291279E+01
 QM energy (a.u.):   -72.1843833861820     
 XREF energy (a.u.):    153.887250709550     
 R(factor) =   0.278919000000000         R(free) =   0.273126000000000     
 Rejecting step, energy  2.683E-03 higher
 Energy calculation finished, energy:  8.170286732E+01
 QM energy (a.u.):   -72.1843908114560     
 XREF energy (a.u.):    153.887209216578     
 R(factor) =   0.278923000000000         R(free) =   0.273126000000000     
 Rejecting step, energy  2.638E-03 higher
 Energy calculation finished, energy:  8.170281841E+01
 QM energy (a.u.):   -72.1843945176120     
 XREF energy (a.u.):    153.887185960818     
 R(factor) =   0.278918000000000         R(free) =   0.273126000000000     
 Rejecting step, energy  2.589E-03 higher
 Energy calculation finished, energy:  8.170279144E+01
 QM energy (a.u.):   -72.1843963712620     
 XREF energy (a.u.):    153.887202394656     
 R(factor) =   0.278923000000000         R(free) =   0.273126000000000     
 Rejecting step, energy  2.562E-03 higher
 Energy calculation finished, energy:  8.170280602E+01
 QM energy (a.u.):   -72.1843972965410     
 XREF energy (a.u.):    153.887171023298     
 R(factor) =   0.278919000000000         R(free) =   0.273126000000000     
 Rejecting step, energy  2.576E-03 higher
 Energy calculation finished, energy:  8.170277373E+01
 QM energy (a.u.):   -72.1843977589660     
 XREF energy (a.u.):    153.887202085568     
 R(factor) =   0.278922000000000         R(free) =   0.273126000000000     
 Rejecting step, energy  2.544E-03 higher
 Energy calculation finished, energy:  8.170280433E+01
 QM energy (a.u.):   -72.1843979902510     
 XREF energy (a.u.):    153.887179739114     
 R(factor) =   0.278919000000000         R(free) =   0.273126000000000     
 Rejecting step, energy  2.575E-03 higher
 Energy calculation finished, energy:  8.170278175E+01
 QM energy (a.u.):   -72.1843981051150     
 XREF energy (a.u.):    153.887202115371     
 R(factor) =   0.278922000000000         R(free) =   0.273126000000000     
 Rejecting step, energy  2.552E-03 higher
 Energy calculation finished, energy:  8.170280401E+01
 QM energy (a.u.):   -72.1843981640060     
 XREF energy (a.u.):    153.887179753645     
 R(factor) =   0.278919000000000         R(free) =   0.273126000000000     
 Rejecting step, energy  2.574E-03 higher
 Energy calculation finished, energy:  8.170278159E+01
 QM energy (a.u.):   -72.1843981934510     
 XREF energy (a.u.):    153.887202122772     
 R(factor) =   0.278922000000000         R(free) =   0.273126000000000     
 Rejecting step, energy  2.552E-03 higher
 Energy calculation finished, energy:  8.170280393E+01
 QM energy (a.u.):   -72.1843982070740     
 XREF energy (a.u.):    153.887179756242     
 R(factor) =   0.278919000000000         R(free) =   0.273126000000000     
 Rejecting step, energy  2.574E-03 higher
 Step too small, restarting optimiser.
Testing convergence  in cycle  132
    Energy  2.5742E-03 Target: 1.0000E-05 converged?   no
  Max step  2.9638E-08 Target: 1.8000E-02 converged?  yes component    54
  RMS step  7.0115E-09 Target: 1.2000E-02 converged?  yes
  Max grad  3.2588E-02 Target: 4.5000E-03 converged?   no component     6
  RMS grad  9.6723E-03 Target: 3.0000E-03 converged?   no
 Predicted step length 2.0000E-02
 Trust radius          5.0000E-02
 Energy calculation finished, energy:  8.170278155E+01
 QM energy (a.u.):   -72.1877875485710     
 XREF energy (a.u.):    153.887965921336     
 R(factor) =   0.278931000000000         R(free) =   0.273131000000000     
Testing convergence  in cycle  133
    Energy  2.2380E-05 Target: 1.0000E-05 converged?   no
  Max step  6.4840E-03 Target: 1.8000E-02 converged?  yes component     6
  RMS step  1.9245E-03 Target: 1.2000E-02 converged?  yes
  Max grad  3.2585E-02 Target: 4.5000E-03 converged?   no component     6
  RMS grad  9.6722E-03 Target: 3.0000E-03 converged?   no
 Predicted step length 8.5548E+03
 Trust radius          5.0000E-02
 Energy calculation finished, energy:  8.170017837E+01
 QM energy (a.u.):   -72.1888311800620     
 XREF energy (a.u.):    153.890100032170     
 R(factor) =   0.278945000000000         R(free) =   0.273144000000000     
Testing convergence  in cycle  134
    Energy  2.6032E-03 Target: 1.0000E-05 converged?   no
  Max step  1.6043E-02 Target: 1.8000E-02 converged?  yes component     6
  RMS step  4.8113E-03 Target: 1.2000E-02 converged?  yes
  Max grad  1.6817E-02 Target: 4.5000E-03 converged?   no component     6
  RMS grad  5.0650E-03 Target: 3.0000E-03 converged?   no
 Predicted step length 5.8032E-02
 Trust radius          5.0000E-02
 Energy calculation finished, energy:  8.170126885E+01
 QM energy (a.u.):   -72.1804309925900     
 XREF energy (a.u.):    153.892153488784     
 R(factor) =   0.278966000000000         R(free) =   0.273160000000000     
 Rejecting step, energy  1.090E-03 higher
 Energy calculation finished, energy:  8.171172250E+01
 QM energy (a.u.):   -72.1857744939370     
 XREF energy (a.u.):    153.890897976253     
 R(factor) =   0.278960000000000         R(free) =   0.273154000000000     
 Rejecting step, energy  1.154E-02 higher
 Energy calculation finished, energy:  8.170512348E+01
 QM energy (a.u.):   -72.1875913927300     
 XREF energy (a.u.):    153.890747665434     
 R(factor) =   0.278957000000000         R(free) =   0.273153000000000     
 Rejecting step, energy  4.945E-03 higher
 Energy calculation finished, energy:  8.170315627E+01
 QM energy (a.u.):   -72.1882837879580     
 XREF energy (a.u.):    153.890465552174     
 R(factor) =   0.278955000000000         R(free) =   0.273151000000000     
 Rejecting step, energy  2.978E-03 higher
 Energy calculation finished, energy:  8.170218176E+01
 QM energy (a.u.):   -72.1885756560390     
 XREF energy (a.u.):    153.890370355280     
 R(factor) =   0.278958000000000         R(free) =   0.273151000000000     
 Rejecting step, energy  2.003E-03 higher
 Energy calculation finished, energy:  8.170179470E+01
 QM energy (a.u.):   -72.1887079668660     
 XREF energy (a.u.):    153.890349430061     
 R(factor) =   0.278956000000000         R(free) =   0.273150000000000     
 Rejecting step, energy  1.616E-03 higher
 Energy calculation finished, energy:  8.170164146E+01
 QM energy (a.u.):   -72.1887707110570     
 XREF energy (a.u.):    153.890333624021     
 R(factor) =   0.278958000000000         R(free) =   0.273150000000000     
 Rejecting step, energy  1.463E-03 higher
 Energy calculation finished, energy:  8.170156291E+01
 QM energy (a.u.):   -72.1888012300060     
 XREF energy (a.u.):    153.890334494542     
 R(factor) =   0.278957000000000         R(free) =   0.273150000000000     
 Rejecting step, energy  1.385E-03 higher
 Energy calculation finished, energy:  8.170153326E+01
 QM energy (a.u.):   -72.1888162762700     
 XREF energy (a.u.):    153.890327273044     
 R(factor) =   0.278959000000000         R(free) =   0.273150000000000     
 Rejecting step, energy  1.355E-03 higher
 Energy calculation finished, energy:  8.170151100E+01
 QM energy (a.u.):   -72.1888237457960     
 XREF energy (a.u.):    153.890348266940     
 R(factor) =   0.278958000000000         R(free) =   0.273150000000000     
 Rejecting step, energy  1.333E-03 higher
 Energy calculation finished, energy:  8.170152452E+01
 QM energy (a.u.):   -72.1888274673470     
 XREF energy (a.u.):    153.890309723057     
 R(factor) =   0.278959000000000         R(free) =   0.273150000000000     
 Rejecting step, energy  1.346E-03 higher
 Energy calculation finished, energy:  8.170148226E+01
 QM energy (a.u.):   -72.1888293254070     
 XREF energy (a.u.):    153.890359610650     
 R(factor) =   0.278958000000000         R(free) =   0.273150000000000     
 Rejecting step, energy  1.304E-03 higher
 Energy calculation finished, energy:  8.170153029E+01
 QM energy (a.u.):   -72.1888302528430     
 XREF energy (a.u.):    153.890329124195     
 R(factor) =   0.278959000000000         R(free) =   0.273150000000000     
 Rejecting step, energy  1.352E-03 higher
 Energy calculation finished, energy:  8.170149887E+01
 QM energy (a.u.):   -72.1888307160520     
 XREF energy (a.u.):    153.890354277529     
 R(factor) =   0.278958000000000         R(free) =   0.273150000000000     
 Rejecting step, energy  1.320E-03 higher
 Energy calculation finished, energy:  8.170152356E+01
 QM energy (a.u.):   -72.1888309476250     
 XREF energy (a.u.):    153.890345937578     
 R(factor) =   0.278958000000000         R(free) =   0.273150000000000     
 Rejecting step, energy  1.345E-03 higher
 Energy calculation finished, energy:  8.170151499E+01
 QM energy (a.u.):   -72.1888310646530     
 XREF energy (a.u.):    153.890354084071     
 R(factor) =   0.278958000000000         R(free) =   0.273150000000000     
 Rejecting step, energy  1.337E-03 higher
 Energy calculation finished, energy:  8.170152302E+01
 QM energy (a.u.):   -72.1888311218230     
 XREF energy (a.u.):    153.890345839994     
 R(factor) =   0.278958000000000         R(free) =   0.273150000000000     
 Rejecting step, energy  1.345E-03 higher
 Energy calculation finished, energy:  8.170151472E+01
 QM energy (a.u.):   -72.1888311509810     
 XREF energy (a.u.):    153.890354036244     
 R(factor) =   0.278958000000000         R(free) =   0.273150000000000     
 Rejecting step, energy  1.336E-03 higher
 Energy calculation finished, energy:  8.170152289E+01
 QM energy (a.u.):   -72.1888311654960     
 XREF energy (a.u.):    153.890345817595     
 R(factor) =   0.278958000000000         R(free) =   0.273150000000000     
 Rejecting step, energy  1.345E-03 higher
 Step too small, restarting optimiser.
Testing convergence  in cycle  153
    Energy  1.3445E-03 Target: 1.0000E-05 converged?   no
  Max step  3.3125E-08 Target: 1.8000E-02 converged?  yes component    54
  RMS step  9.1767E-09 Target: 1.2000E-02 converged?  yes
  Max grad  2.1266E-02 Target: 4.5000E-03 converged?   no component     6
  RMS grad  6.1001E-03 Target: 3.0000E-03 converged?   no
 Predicted step length 2.0000E-02
 Trust radius          5.0000E-02
 Energy calculation finished, energy:  8.170151465E+01
 QM energy (a.u.):   -72.1896542162320     
 XREF energy (a.u.):    153.889428643877     
 R(factor) =   0.278952000000000         R(free) =   0.273143000000000     
Testing convergence  in cycle  154
    Energy  8.2400E-06 Target: 1.0000E-05 converged?  yes
  Max step  6.7091E-03 Target: 1.8000E-02 converged?  yes component     6
  RMS step  1.9245E-03 Target: 1.2000E-02 converged?  yes
  Max grad  2.1266E-02 Target: 4.5000E-03 converged?   no component     6
  RMS grad  6.0999E-03 Target: 3.0000E-03 converged?   no
 Predicted step length 1.5823E+03
 Trust radius          5.0000E-02
 Energy calculation finished, energy:  8.169977443E+01
 QM energy (a.u.):   -72.1843304234140     
 XREF energy (a.u.):    153.887355870575     
 R(factor) =   0.278932000000000         R(free) =   0.273127000000000     
Testing convergence  in cycle  155
    Energy  1.7402E-03 Target: 1.0000E-05 converged?   no
  Max step  1.6843E-02 Target: 1.8000E-02 converged?  yes component     6
  RMS step  4.8113E-03 Target: 1.2000E-02 converged?  yes
  Max grad  6.5950E-03 Target: 4.5000E-03 converged?   no component    54
  RMS grad  1.8655E-03 Target: 3.0000E-03 converged?  yes
 Predicted step length 2.4355E-02
 Trust radius          5.0000E-02
 Energy calculation finished, energy:  8.170302545E+01
 QM energy (a.u.):   -72.1790637857790     
 XREF energy (a.u.):    153.886793395190     
 R(factor) =   0.278934000000000         R(free) =   0.273123000000000     
 Rejecting step, energy  3.251E-03 higher
 Energy calculation finished, energy:  8.170772961E+01
 QM energy (a.u.):   -72.1819653711130     
 XREF energy (a.u.):    153.887226445025     
 R(factor) =   0.278931000000000         R(free) =   0.273124000000000     
 Rejecting step, energy  7.955E-03 higher
 Energy calculation finished, energy:  8.170526107E+01
 QM energy (a.u.):   -72.1832141334000     
 XREF energy (a.u.):    153.887216380842     
 R(factor) =   0.278927000000000         R(free) =   0.273124000000000     
 Rejecting step, energy  5.487E-03 higher
 Energy calculation finished, energy:  8.170400225E+01
 QM energy (a.u.):   -72.1837887368400     
 XREF energy (a.u.):    153.887208090000     
 R(factor) =   0.278926000000000         R(free) =   0.273125000000000     
 Rejecting step, energy  4.228E-03 higher
 Energy calculation finished, energy:  8.170341935E+01
 QM energy (a.u.):   -72.1840636804200     
 XREF energy (a.u.):    153.887330552940     
 R(factor) =   0.278926000000000         R(free) =   0.273124000000000     
 Rejecting step, energy  3.645E-03 higher
 Energy calculation finished, energy:  8.170326687E+01
 QM energy (a.u.):   -72.1841980765630     
 XREF energy (a.u.):    153.887123762023     
 R(factor) =   0.278925000000000         R(free) =   0.273125000000000     
 Rejecting step, energy  3.492E-03 higher
 Energy calculation finished, energy:  8.170292569E+01
 QM energy (a.u.):   -72.1842645053700     
 XREF energy (a.u.):    153.887319862664     
 R(factor) =   0.278924000000000         R(free) =   0.273124000000000     
 Rejecting step, energy  3.151E-03 higher
 Energy calculation finished, energy:  8.170305536E+01
 QM energy (a.u.):   -72.1842975298870     
 XREF energy (a.u.):    153.887121070514     
 R(factor) =   0.278923000000000         R(free) =   0.273124000000000     
 Rejecting step, energy  3.281E-03 higher
 Energy calculation finished, energy:  8.170282354E+01
 QM energy (a.u.):   -72.1843139921940     
 XREF energy (a.u.):    153.887305906389     
 R(factor) =   0.278924000000000         R(free) =   0.273124000000000     
 Rejecting step, energy  3.049E-03 higher
 Energy calculation finished, energy:  8.170299191E+01
 QM energy (a.u.):   -72.1843222116760     
 XREF energy (a.u.):    153.887104422843     
 R(factor) =   0.278923000000000         R(free) =   0.273124000000000     
 Rejecting step, energy  3.217E-03 higher
 Energy calculation finished, energy:  8.170278221E+01
 QM energy (a.u.):   -72.1843263197290     
 XREF energy (a.u.):    153.887258485802     
 R(factor) =   0.278924000000000         R(free) =   0.273124000000000     
 Rejecting step, energy  3.008E-03 higher
 Energy calculation finished, energy:  8.170293217E+01
 QM energy (a.u.):   -72.1843283731080     
 XREF energy (a.u.):    153.887079585847     
 R(factor) =   0.278922000000000         R(free) =   0.273124000000000     
 Rejecting step, energy  3.158E-03 higher
 Energy calculation finished, energy:  8.170275121E+01
 QM energy (a.u.):   -72.1843293988470     
 XREF energy (a.u.):    153.887263684389     
 R(factor) =   0.278924000000000         R(free) =   0.273124000000000     
 Rejecting step, energy  2.977E-03 higher
 Energy calculation finished, energy:  8.170293429E+01
 QM energy (a.u.):   -72.1843299119840     
 XREF energy (a.u.):    153.887087784222     
 R(factor) =   0.278923000000000         R(free) =   0.273124000000000     
 Rejecting step, energy  3.160E-03 higher
 Energy calculation finished, energy:  8.170275787E+01
 QM energy (a.u.):   -72.1843301667610     
 XREF energy (a.u.):    153.887263831293     
 R(factor) =   0.278924000000000         R(free) =   0.273124000000000     
 Rejecting step, energy  2.983E-03 higher
 Energy calculation finished, energy:  8.170293366E+01
 QM energy (a.u.):   -72.1843302956220     
 XREF energy (a.u.):    153.887087857727     
 R(factor) =   0.278923000000000         R(free) =   0.273124000000000     
 Rejecting step, energy  3.159E-03 higher
 Energy calculation finished, energy:  8.170275756E+01
 QM energy (a.u.):   -72.1843303598540     
 XREF energy (a.u.):    153.887263867443     
 R(factor) =   0.278924000000000         R(free) =   0.273124000000000     
 Rejecting step, energy  2.983E-03 higher
 Energy calculation finished, energy:  8.170293351E+01
 QM energy (a.u.):   -72.1843303913360     
 XREF energy (a.u.):    153.887087875798     
 R(factor) =   0.278923000000000         R(free) =   0.273124000000000     
 Rejecting step, energy  3.159E-03 higher
 Step too small, restarting optimiser.
Testing convergence  in cycle  173
    Energy  3.1591E-03 Target: 1.0000E-05 converged?   no
  Max step  3.3326E-08 Target: 1.8000E-02 converged?  yes component    54
  RMS step  8.9401E-09 Target: 1.2000E-02 converged?  yes
  Max grad  3.3389E-02 Target: 4.5000E-03 converged?   no component    55
  RMS grad  9.7661E-03 Target: 3.0000E-03 converged?   no
 Predicted step length 2.0000E-02
 Trust radius          5.0000E-02
 Energy calculation finished, energy:  8.170275748E+01
 QM energy (a.u.):   -72.1877774153120     
 XREF energy (a.u.):    153.887960703106     
 R(factor) =   0.278936000000000         R(free) =   0.273131000000000     
Testing convergence  in cycle  174
    Energy  1.7603E-04 Target: 1.0000E-05 converged?   no
  Max step  6.5797E-03 Target: 1.8000E-02 converged?  yes component    55
  RMS step  1.9245E-03 Target: 1.2000E-02 converged?  yes
  Max grad  3.3389E-02 Target: 4.5000E-03 converged?   no component    55
  RMS grad  9.7658E-03 Target: 3.0000E-03 converged?   no
 Predicted step length 1.7072E+03
 Trust radius          5.0000E-02
 Energy calculation finished, energy:  8.170018329E+01
 QM energy (a.u.):   -72.1886854667080     
 XREF energy (a.u.):    153.889451864078     
 R(factor) =   0.278963000000000         R(free) =   0.273149000000000     
Testing convergence  in cycle  175
    Energy  2.5742E-03 Target: 1.0000E-05 converged?   no
  Max step  1.6494E-02 Target: 1.8000E-02 converged?  yes component    55
  RMS step  4.8113E-03 Target: 1.2000E-02 converged?  yes
  Max grad  1.7711E-02 Target: 4.5000E-03 converged?   no component    55
  RMS grad  5.0652E-03 Target: 3.0000E-03 converged?   no
 Predicted step length 7.2461E-02
 Trust radius          5.0000E-02
 Energy calculation finished, energy:  8.170076640E+01
 QM energy (a.u.):   -72.1805218427530     
 XREF energy (a.u.):    153.889487289907     
 R(factor) =   0.279026000000000         R(free) =   0.273159000000000     
 Rejecting step, energy  5.831E-04 higher
 Energy calculation finished, energy:  8.170896545E+01
 QM energy (a.u.):   -72.1855623029300     
 XREF energy (a.u.):    153.889176071456     
 R(factor) =   0.279000000000000         R(free) =   0.273156000000000     
 Rejecting step, energy  8.782E-03 higher
 Energy calculation finished, energy:  8.170361377E+01
 QM energy (a.u.):   -72.1873648541530     
 XREF energy (a.u.):    153.889264879107     
 R(factor) =   0.278987000000000         R(free) =   0.273154000000000     
 Rejecting step, energy  3.430E-03 higher
 Energy calculation finished, energy:  8.170190002E+01
 QM energy (a.u.):   -72.1880855779290     
 XREF energy (a.u.):    153.889257593886     
 R(factor) =   0.278980000000000         R(free) =   0.273153000000000     
 Rejecting step, energy  1.717E-03 higher
 Energy calculation finished, energy:  8.170117202E+01
 QM energy (a.u.):   -72.1884006483340     
 XREF energy (a.u.):    153.889287777368     
 R(factor) =   0.278978000000000         R(free) =   0.273152000000000     
 Rejecting step, energy  9.887E-04 higher
 Energy calculation finished, energy:  8.170088713E+01
 QM energy (a.u.):   -72.1885468416230     
 XREF energy (a.u.):    153.889379833513     
 R(factor) =   0.278974000000000         R(free) =   0.273153000000000     
 Rejecting step, energy  7.038E-04 higher
 Energy calculation finished, energy:  8.170083299E+01
 QM energy (a.u.):   -72.1886171012400     
 XREF energy (a.u.):    153.889429937213     
 R(factor) =   0.278976000000000         R(free) =   0.273152000000000     
 Rejecting step, energy  6.497E-04 higher
 Energy calculation finished, energy:  8.170081284E+01
 QM energy (a.u.):   -72.1886515207200     
 XREF energy (a.u.):    153.889466235884     
 R(factor) =   0.278973000000000         R(free) =   0.273152000000000     
 Rejecting step, energy  6.295E-04 higher
 Energy calculation finished, energy:  8.170081472E+01
 QM energy (a.u.):   -72.1886685528450     
 XREF energy (a.u.):    153.889468875273     
 R(factor) =   0.278974000000000         R(free) =   0.273152000000000     
 Rejecting step, energy  6.314E-04 higher
 Energy calculation finished, energy:  8.170080032E+01
 QM energy (a.u.):   -72.1886770243860     
 XREF energy (a.u.):    153.889441901652     
 R(factor) =   0.278973000000000         R(free) =   0.273152000000000     
 Rejecting step, energy  6.170E-04 higher
 Energy calculation finished, energy:  8.170076488E+01
 QM energy (a.u.):   -72.1886812485330     
 XREF energy (a.u.):    153.889476661144     
 R(factor) =   0.278974000000000         R(free) =   0.273152000000000     
 Rejecting step, energy  5.816E-04 higher
 Energy calculation finished, energy:  8.170079541E+01
 QM energy (a.u.):   -72.1886833582260     
 XREF energy (a.u.):    153.889474885636     
 R(factor) =   0.278973000000000         R(free) =   0.273152000000000     
 Rejecting step, energy  6.121E-04 higher
 Energy calculation finished, energy:  8.170079153E+01
 QM energy (a.u.):   -72.1886844129190     
 XREF energy (a.u.):    153.889519350709     
 R(factor) =   0.278974000000000         R(free) =   0.273152000000000     
 Rejecting step, energy  6.082E-04 higher
 Energy calculation finished, energy:  8.170083494E+01
 QM energy (a.u.):   -72.1886849396010     
 XREF energy (a.u.):    153.889482689670     
 R(factor) =   0.278973000000000         R(free) =   0.273152000000000     
 Rejecting step, energy  6.516E-04 higher
 Energy calculation finished, energy:  8.170079775E+01
 QM energy (a.u.):   -72.1886852036880     
 XREF energy (a.u.):    153.889528677334     
 R(factor) =   0.278974000000000         R(free) =   0.273152000000000     
 Rejecting step, energy  6.145E-04 higher
 Energy calculation finished, energy:  8.170084347E+01
 QM energy (a.u.):   -72.1886853347360     
 XREF energy (a.u.):    153.889482695858     
 R(factor) =   0.278973000000000         R(free) =   0.273152000000000     
 Rejecting step, energy  6.602E-04 higher
 Energy calculation finished, energy:  8.170079736E+01
 QM energy (a.u.):   -72.1886854016280     
 XREF energy (a.u.):    153.889528682053     
 R(factor) =   0.278974000000000         R(free) =   0.273152000000000     
 Rejecting step, energy  6.141E-04 higher
 Energy calculation finished, energy:  8.170084328E+01
 QM energy (a.u.):   -72.1886854338800     
 XREF energy (a.u.):    153.889482698222     
 R(factor) =   0.278973000000000         R(free) =   0.273152000000000     
 Rejecting step, energy  6.600E-04 higher
 Energy calculation finished, energy:  8.170079726E+01
 QM energy (a.u.):   -72.1886854501330     
 XREF energy (a.u.):    153.889528682445     
 R(factor) =   0.278974000000000         R(free) =   0.273152000000000     
 Rejecting step, energy  6.140E-04 higher
 Step too small, restarting optimiser.
Testing convergence  in cycle  194
    Energy  6.1397E-04 Target: 1.0000E-05 converged?   no
  Max step  2.8368E-08 Target: 1.8000E-02 converged?  yes component    32
  RMS step  9.1767E-09 Target: 1.2000E-02 converged?  yes
  Max grad  2.0774E-02 Target: 4.5000E-03 converged?   no component    55
  RMS grad  6.2593E-03 Target: 3.0000E-03 converged?   no
 Predicted step length 2.0000E-02
 Trust radius          5.0000E-02
 Energy calculation finished, energy:  8.170084323E+01
 QM energy (a.u.):   -72.1896520279000     
 XREF energy (a.u.):    153.888862121674     
 R(factor) =   0.278962000000000         R(free) =   0.273144000000000     
 Rejecting step, energy  4.597E-05 higher
 Energy calculation finished, energy:  8.169921009E+01
 QM energy (a.u.):   -72.1893754481140     
 XREF energy (a.u.):    153.889302118038     
 R(factor) =   0.278970000000000         R(free) =   0.273148000000000     
Testing convergence  in cycle  196
    Energy  1.5872E-03 Target: 1.0000E-05 converged?   no
  Max step  3.1935E-03 Target: 1.8000E-02 converged?  yes component    55
  RMS step  9.6225E-04 Target: 1.2000E-02 converged?  yes
  Max grad  6.4306E-03 Target: 4.5000E-03 converged?   no component     6
  RMS grad  1.9498E-03 Target: 3.0000E-03 converged?  yes
 Predicted step length 4.8183E-03
 Trust radius          2.0000E-02
 Energy calculation finished, energy:  8.169992667E+01
 QM energy (a.u.):   -72.1895550651550     
 XREF energy (a.u.):    153.889019026019     
 R(factor) =   0.278967000000000         R(free) =   0.273146000000000     
 Rejecting step, energy  7.166E-04 higher
 Energy calculation finished, energy:  8.169946396E+01
 QM energy (a.u.):   -72.1894749454970     
 XREF energy (a.u.):    153.889249809055     
 R(factor) =   0.278968000000000         R(free) =   0.273147000000000     
 Rejecting step, energy  2.539E-04 higher
 Energy calculation finished, energy:  8.169977486E+01
 QM energy (a.u.):   -72.1894276130710     
 XREF energy (a.u.):    153.889219548790     
 R(factor) =   0.278967000000000         R(free) =   0.273147000000000     
 Rejecting step, energy  5.648E-04 higher
 Energy calculation finished, energy:  8.169979194E+01
 QM energy (a.u.):   -72.1894021341220     
 XREF energy (a.u.):    153.889310644233     
 R(factor) =   0.278968000000000         R(free) =   0.273148000000000     
 Rejecting step, energy  5.819E-04 higher
 Energy calculation finished, energy:  8.169990851E+01
 QM energy (a.u.):   -72.1893889417070     
 XREF energy (a.u.):    153.889235133125     
 R(factor) =   0.278969000000000         R(free) =   0.273148000000000     
 Rejecting step, energy  6.984E-04 higher
 Energy calculation finished, energy:  8.169984619E+01
 QM energy (a.u.):   -72.1893822325580     
 XREF energy (a.u.):    153.889334181509     
 R(factor) =   0.278969000000000         R(free) =   0.273148000000000     
 Rejecting step, energy  6.361E-04 higher
 Energy calculation finished, energy:  8.169995195E+01
 QM energy (a.u.):   -72.1893788490110     
 XREF energy (a.u.):    153.889246269345     
 R(factor) =   0.278969000000000         R(free) =   0.273148000000000     
 Rejecting step, energy  7.419E-04 higher
 Energy calculation finished, energy:  8.169986742E+01
 QM energy (a.u.):   -72.1893771512280     
 XREF energy (a.u.):    153.889338638494     
 R(factor) =   0.278969000000000         R(free) =   0.273148000000000     
 Rejecting step, energy  6.573E-04 higher
 Energy calculation finished, energy:  8.169996149E+01
 QM energy (a.u.):   -72.1893762998970     
 XREF energy (a.u.):    153.889251097894     
 R(factor) =   0.278968000000000         R(free) =   0.273148000000000     
 Rejecting step, energy  7.514E-04 higher
 Energy calculation finished, energy:  8.169987480E+01
 QM energy (a.u.):   -72.1893758740660     
 XREF energy (a.u.):    153.889331503315     
 R(factor) =   0.278969000000000         R(free) =   0.273148000000000     
 Rejecting step, energy  6.647E-04 higher
 Energy calculation finished, energy:  8.169995563E+01
 QM energy (a.u.):   -72.1893756611630     
 XREF energy (a.u.):    153.889238593388     
 R(factor) =   0.278968000000000         R(free) =   0.273148000000000     
 Rejecting step, energy  7.455E-04 higher
 Energy calculation finished, energy:  8.169986293E+01
 QM energy (a.u.):   -72.1893755546240     
 XREF energy (a.u.):    153.889331783330     
 R(factor) =   0.278969000000000         R(free) =   0.273148000000000     
 Rejecting step, energy  6.528E-04 higher
 Energy calculation finished, energy:  8.169995623E+01
 QM energy (a.u.):   -72.1893755009130     
 XREF energy (a.u.):    153.889238732460     
 R(factor) =   0.278968000000000         R(free) =   0.273148000000000     
 Rejecting step, energy  7.461E-04 higher
 Energy calculation finished, energy:  8.169986323E+01
 QM energy (a.u.):   -72.1893754748510     
 XREF energy (a.u.):    153.889331852191     
 R(factor) =   0.278969000000000         R(free) =   0.273148000000000     
 Rejecting step, energy  6.531E-04 higher
 Energy calculation finished, energy:  8.169995638E+01
 QM energy (a.u.):   -72.1893754604690     
 XREF energy (a.u.):    153.889238769078     
 R(factor) =   0.278968000000000         R(free) =   0.273148000000000     
 Rejecting step, energy  7.463E-04 higher
 Energy calculation finished, energy:  8.169986331E+01
 QM energy (a.u.):   -72.1893754548160     
 XREF energy (a.u.):    153.889331868099     
 R(factor) =   0.278969000000000         R(free) =   0.273148000000000     
 Rejecting step, energy  6.532E-04 higher
 Step too small, restarting optimiser.
Testing convergence  in cycle  212
    Energy  6.5322E-04 Target: 1.0000E-05 converged?   no
  Max step  2.3103E-08 Target: 1.8000E-02 converged?  yes component     6
  RMS step  7.0746E-09 Target: 1.2000E-02 converged?  yes
  Max grad  1.3330E-02 Target: 4.5000E-03 converged?   no component     6
  RMS grad  4.0933E-03 Target: 3.0000E-03 converged?   no
 Predicted step length 2.0000E-02
 Trust radius          5.0000E-02
 Energy calculation finished, energy:  8.169995641E+01
 QM energy (a.u.):   -72.1895248938480     
 XREF energy (a.u.):    153.888603968932     
 R(factor) =   0.278957000000000         R(free) =   0.273140000000000     
 Rejecting step, energy  9.310E-05 higher
 Energy calculation finished, energy:  8.169907908E+01
 QM energy (a.u.):   -72.1896557953970     
 XREF energy (a.u.):    153.889105620194     
 R(factor) =   0.278963000000000         R(free) =   0.273144000000000     
Testing convergence  in cycle  214
    Energy  7.8423E-04 Target: 1.0000E-05 converged?   no
  Max step  3.1335E-03 Target: 1.8000E-02 converged?  yes component     6
  RMS step  9.6225E-04 Target: 1.2000E-02 converged?  yes
  Max grad  2.3584E-03 Target: 4.5000E-03 converged?  yes component    69
  RMS grad  8.3660E-04 Target: 3.0000E-03 converged?  yes
 Predicted step length 1.6778E-03
 Trust radius          2.0000E-02
 Energy calculation finished, energy:  8.169944982E+01
 QM energy (a.u.):   -72.1896594981430     
 XREF energy (a.u.):    153.888926761760     
 R(factor) =   0.278962000000000         R(free) =   0.273144000000000     
 Rejecting step, energy  3.707E-04 higher
 Energy calculation finished, energy:  8.169926726E+01
 QM energy (a.u.):   -72.1896579618790     
 XREF energy (a.u.):    153.889072415738     
 R(factor) =   0.278963000000000         R(free) =   0.273145000000000     
 Rejecting step, energy  1.882E-04 higher
 Energy calculation finished, energy:  8.169941445E+01
 QM energy (a.u.):   -72.1896569568790     
 XREF energy (a.u.):    153.888944725145     
 R(factor) =   0.278962000000000         R(free) =   0.273144000000000     
 Rejecting step, energy  3.354E-04 higher
 Energy calculation finished, energy:  8.169928777E+01
 QM energy (a.u.):   -72.1896563954970     
 XREF energy (a.u.):    153.889080954617     
 R(factor) =   0.278962000000000         R(free) =   0.273144000000000     
 Rejecting step, energy  2.087E-04 higher
 Energy calculation finished, energy:  8.169942456E+01
 QM energy (a.u.):   -72.1896561003940     
 XREF energy (a.u.):    153.888940394501     
 R(factor) =   0.278962000000000         R(free) =   0.273144000000000     
 Rejecting step, energy  3.455E-04 higher
 Energy calculation finished, energy:  8.169928429E+01
 QM energy (a.u.):   -72.1896559489710     
 XREF energy (a.u.):    153.889074360843     
 R(factor) =   0.278962000000000         R(free) =   0.273144000000000     
 Rejecting step, energy  2.052E-04 higher
 Energy calculation finished, energy:  8.169941841E+01
 QM energy (a.u.):   -72.1896558726970     
 XREF energy (a.u.):    153.888950069935     
 R(factor) =   0.278962000000000         R(free) =   0.273144000000000     
 Rejecting step, energy  3.393E-04 higher
 Energy calculation finished, energy:  8.169929420E+01
 QM energy (a.u.):   -72.1896558338320     
 XREF energy (a.u.):    153.889068992837     
 R(factor) =   0.278961000000000         R(free) =   0.273144000000000     
 Rejecting step, energy  2.151E-04 higher
 Energy calculation finished, energy:  8.169941316E+01
 QM energy (a.u.):   -72.1896558143910     
 XREF energy (a.u.):    153.888950277340     
 R(factor) =   0.278962000000000         R(free) =   0.273144000000000     
 Rejecting step, energy  3.341E-04 higher
 Energy calculation finished, energy:  8.169929446E+01
 QM energy (a.u.):   -72.1896558041930     
 XREF energy (a.u.):    153.889069097056     
 R(factor) =   0.278961000000000         R(free) =   0.273144000000000     
 Rejecting step, energy  2.154E-04 higher
 Energy calculation finished, energy:  8.169941329E+01
 QM energy (a.u.):   -72.1896557999170     
 XREF energy (a.u.):    153.888950327906     
 R(factor) =   0.278962000000000         R(free) =   0.273144000000000     
 Rejecting step, energy  3.342E-04 higher
 Energy calculation finished, energy:  8.169929453E+01
 QM energy (a.u.):   -72.1896557975030     
 XREF energy (a.u.):    153.889069123240     
 R(factor) =   0.278961000000000         R(free) =   0.273144000000000     
 Rejecting step, energy  2.154E-04 higher
 Energy calculation finished, energy:  8.169941333E+01
 QM energy (a.u.):   -72.1896557961110     
 XREF energy (a.u.):    153.888950341873     
 R(factor) =   0.278962000000000         R(free) =   0.273144000000000     
 Rejecting step, energy  3.342E-04 higher
 Energy calculation finished, energy:  8.169929455E+01
 QM energy (a.u.):   -72.1896557957730     
 XREF energy (a.u.):    153.889069128867     
 R(factor) =   0.278961000000000         R(free) =   0.273144000000000     
 Rejecting step, energy  2.155E-04 higher
 Energy calculation finished, energy:  8.169941333E+01
 QM energy (a.u.):   -72.1896557951760     
 XREF energy (a.u.):    153.888950345340     
 R(factor) =   0.278962000000000         R(free) =   0.273144000000000     
 Rejecting step, energy  3.342E-04 higher
 Step too small, restarting optimiser.
Testing convergence  in cycle  229
    Energy  3.3425E-04 Target: 1.0000E-05 converged?   no
  Max step  1.3942E-08 Target: 1.8000E-02 converged?  yes component    69
  RMS step  4.9269E-09 Target: 1.2000E-02 converged?  yes
  Max grad  6.6154E-03 Target: 4.5000E-03 converged?   no component     6
  RMS grad  1.9719E-03 Target: 3.0000E-03 converged?  yes
 Predicted step length 2.0000E-02
 Trust radius          5.0000E-02
 Energy calculation finished, energy:  8.169929455E+01
 QM energy (a.u.):   -72.1890797641480     
 XREF energy (a.u.):    153.888400179776     
 R(factor) =   0.278952000000000         R(free) =   0.273138000000000     
Testing convergence  in cycle  230
    Energy  1.1878E-04 Target: 1.0000E-05 converged?   no
  Max step  6.4565E-03 Target: 1.8000E-02 converged?  yes component     6
  RMS step  1.9245E-03 Target: 1.2000E-02 converged?  yes
  Max grad  6.6141E-03 Target: 4.5000E-03 converged?   no component     6
  RMS grad  1.9715E-03 Target: 3.0000E-03 converged?  yes
 Predicted step length 2.1088E+02
 Trust radius          5.0000E-02
 Energy calculation finished, energy:  8.169932042E+01
 QM energy (a.u.):   -72.1809467031140     
 XREF energy (a.u.):    153.887244956510     
 R(factor) =   0.278921000000000         R(free) =   0.273125000000000     
 Rejecting step, energy  2.587E-05 higher
 Energy calculation finished, energy:  8.170629825E+01
 QM energy (a.u.):   -72.1862443065470     
 XREF energy (a.u.):    153.887794018329     
 R(factor) =   0.278937000000000         R(free) =   0.273129000000000     
 Rejecting step, energy  7.004E-03 higher
 Energy calculation finished, energy:  8.170154971E+01
 QM energy (a.u.):   -72.1879627438860     
 XREF energy (a.u.):    153.887972602869     
 R(factor) =   0.278945000000000         R(free) =   0.273133000000000     
 Rejecting step, energy  2.255E-03 higher
 Energy calculation finished, energy:  8.170000986E+01
 QM energy (a.u.):   -72.1885955876900     
 XREF energy (a.u.):    153.888104615269     
 R(factor) =   0.278948000000000         R(free) =   0.273134000000000     
 Rejecting step, energy  7.153E-04 higher
 Energy calculation finished, energy:  8.169950903E+01
 QM energy (a.u.):   -72.1888561557110     
 XREF energy (a.u.):    153.888122840479     
 R(factor) =   0.278950000000000         R(free) =   0.273135000000000     
 Rejecting step, energy  2.145E-04 higher
 Energy calculation finished, energy:  8.169926668E+01
 QM energy (a.u.):   -72.1889725678540     
 XREF energy (a.u.):    153.888268711004     
 R(factor) =   0.278950000000000         R(free) =   0.273136000000000     
Testing convergence  in cycle  236
    Energy  2.7870E-05 Target: 1.0000E-05 converged?   no
  Max step  4.9902E-04 Target: 1.8000E-02 converged?  yes component     6
  RMS step  1.5035E-04 Target: 1.2000E-02 converged?  yes
  Max grad  1.0410E-02 Target: 4.5000E-03 converged?   no component    55
  RMS grad  3.1387E-03 Target: 3.0000E-03 converged?   no
 Predicted step length 2.7456E-02
 Trust radius          1.5625E-03
 Energy calculation finished, energy:  8.169929614E+01
 QM energy (a.u.):   -72.1889741715250     
 XREF energy (a.u.):    153.888200137611     
 R(factor) =   0.278949000000000         R(free) =   0.273136000000000     
 Rejecting step, energy  2.946E-05 higher
 Energy calculation finished, energy:  8.169922597E+01
 QM energy (a.u.):   -72.1889740882250     
 XREF energy (a.u.):    153.888247979037     
 R(factor) =   0.278951000000000         R(free) =   0.273136000000000     
Testing convergence  in cycle  238
    Energy  4.0710E-05 Target: 1.0000E-05 converged?   no
  Max step  1.9760E-04 Target: 1.8000E-02 converged?  yes component    31
  RMS step  7.5176E-05 Target: 1.2000E-02 converged?  yes
  Max grad  9.1110E-03 Target: 4.5000E-03 converged?   no component    55
  RMS grad  2.8169E-03 Target: 3.0000E-03 converged?  yes
 Predicted step length 6.0830E-03
 Trust radius          1.5625E-03
 Energy calculation finished, energy:  8.169927389E+01
 QM energy (a.u.):   -72.1890287736390     
 XREF energy (a.u.):    153.888153294980     
 R(factor) =   0.278949000000000         R(free) =   0.273136000000000     
 Rejecting step, energy  4.792E-05 higher
 Energy calculation finished, energy:  8.169912452E+01
 QM energy (a.u.):   -72.1890023013480     
 XREF energy (a.u.):    153.888238164180     
 R(factor) =   0.278953000000000         R(free) =   0.273136000000000     
Testing convergence  in cycle  240
    Energy  1.0145E-04 Target: 1.0000E-05 converged?   no
  Max step  2.3293E-04 Target: 1.8000E-02 converged?  yes component    38
  RMS step  7.5176E-05 Target: 1.2000E-02 converged?  yes
  Max grad  8.8729E-03 Target: 4.5000E-03 converged?   no component    55
  RMS grad  2.6515E-03 Target: 3.0000E-03 converged?  yes
 Predicted step length 3.5780E-03
 Trust radius          1.5625E-03
 Energy calculation finished, energy:  8.169923586E+01
 QM energy (a.u.):   -72.1891037430220     
 XREF energy (a.u.):    153.888177702106     
 R(factor) =   0.278949000000000         R(free) =   0.273136000000000     
 Rejecting step, energy  1.113E-04 higher
 Energy calculation finished, energy:  8.169907396E+01
 QM energy (a.u.):   -72.1890540627340     
 XREF energy (a.u.):    153.888263865125     
 R(factor) =   0.278954000000000         R(free) =   0.273136000000000     
Testing convergence  in cycle  242
    Energy  5.0560E-05 Target: 1.0000E-05 converged?   no
  Max step  2.1517E-04 Target: 1.8000E-02 converged?  yes component    32
  RMS step  7.5176E-05 Target: 1.2000E-02 converged?  yes
  Max grad  8.0811E-03 Target: 4.5000E-03 converged?   no component    55
  RMS grad  2.4351E-03 Target: 3.0000E-03 converged?  yes
 Predicted step length 1.1023E-02
 Trust radius          1.5625E-03
 Energy calculation finished, energy:  8.169920980E+01
 QM energy (a.u.):   -72.1891403136350     
 XREF energy (a.u.):    153.888171744304     
 R(factor) =   0.278950000000000         R(free) =   0.273136000000000     
 Rejecting step, energy  1.358E-04 higher
 Energy calculation finished, energy:  8.169903143E+01
 QM energy (a.u.):   -72.1890980116170     
 XREF energy (a.u.):    153.888263184888     
 R(factor) =   0.278955000000000         R(free) =   0.273136000000000     
Testing convergence  in cycle  244
    Energy  4.2530E-05 Target: 1.0000E-05 converged?   no
  Max step  2.0570E-04 Target: 1.8000E-02 converged?  yes component    32
  RMS step  7.5176E-05 Target: 1.2000E-02 converged?  yes
  Max grad  7.7402E-03 Target: 4.5000E-03 converged?   no component    55
  RMS grad  2.3250E-03 Target: 3.0000E-03 converged?  yes
 Predicted step length 1.9365E-02
 Trust radius          1.5625E-03
 Energy calculation finished, energy:  8.169916517E+01
 QM energy (a.u.):   -72.1891719019600     
 XREF energy (a.u.):    153.888168394739     
 R(factor) =   0.278951000000000         R(free) =   0.273137000000000     
 Rejecting step, energy  1.337E-04 higher
 Energy calculation finished, energy:  8.169899649E+01
 QM energy (a.u.):   -72.1891355518980     
 XREF energy (a.u.):    153.888256283490     
 R(factor) =   0.278955000000000         R(free) =   0.273136000000000     
Testing convergence  in cycle  246
    Energy  3.4940E-05 Target: 1.0000E-05 converged?   no
  Max step  1.8765E-04 Target: 1.8000E-02 converged?  yes component    69
  RMS step  7.5176E-05 Target: 1.2000E-02 converged?  yes
  Max grad  7.3841E-03 Target: 4.5000E-03 converged?   no component    55
  RMS grad  2.2300E-03 Target: 3.0000E-03 converged?  yes
 Predicted step length 2.5709E-02
 Trust radius          1.5625E-03
 Energy calculation finished, energy:  8.169912073E+01
 QM energy (a.u.):   -72.1891980125320     
 XREF energy (a.u.):    153.888158263376     
 R(factor) =   0.278951000000000         R(free) =   0.273137000000000     
 Rejecting step, energy  1.242E-04 higher
 Energy calculation finished, energy:  8.169896025E+01
 QM energy (a.u.):   -72.1891672273070     
 XREF energy (a.u.):    153.888256478256     
 R(factor) =   0.278955000000000         R(free) =   0.273136000000000     
Testing convergence  in cycle  248
    Energy  3.6240E-05 Target: 1.0000E-05 converged?   no
  Max step  1.8921E-04 Target: 1.8000E-02 converged?  yes component    87
  RMS step  7.5176E-05 Target: 1.2000E-02 converged?  yes
  Max grad  7.1488E-03 Target: 4.5000E-03 converged?   no component    55
  RMS grad  2.1501E-03 Target: 3.0000E-03 converged?  yes
 Predicted step length 3.1918E-02
 Trust radius          1.5625E-03
 Energy calculation finished, energy:  8.169908925E+01
 QM energy (a.u.):   -72.1892217041930     
 XREF energy (a.u.):    153.888146916331     
 R(factor) =   0.278952000000000         R(free) =   0.273137000000000     
 Rejecting step, energy  1.290E-04 higher
 Energy calculation finished, energy:  8.169892521E+01
 QM energy (a.u.):   -72.1891948111550     
 XREF energy (a.u.):    153.888254663002     
 R(factor) =   0.278956000000000         R(free) =   0.273137000000000     
Testing convergence  in cycle  250
    Energy  3.5040E-05 Target: 1.0000E-05 converged?   no
  Max step  2.0178E-04 Target: 1.8000E-02 converged?  yes component    87
  RMS step  7.5176E-05 Target: 1.2000E-02 converged?  yes
  Max grad  6.8306E-03 Target: 4.5000E-03 converged?   no component    55
  RMS grad  2.0764E-03 Target: 3.0000E-03 converged?  yes
 Predicted step length 3.6917E-02
 Trust radius          1.5625E-03
 Energy calculation finished, energy:  8.169905985E+01
 QM energy (a.u.):   -72.1892430022340     
 XREF energy (a.u.):    153.888160442966     
 R(factor) =   0.278952000000000         R(free) =   0.273137000000000     
 Rejecting step, energy  1.346E-04 higher
 Energy calculation finished, energy:  8.169891744E+01
 QM energy (a.u.):   -72.1892191828220     
 XREF energy (a.u.):    153.888251858789     
 R(factor) =   0.278956000000000         R(free) =   0.273137000000000     
Testing convergence  in cycle  252
    Energy  7.7700E-06 Target: 1.0000E-05 converged?  yes
  Max step  2.0878E-04 Target: 1.8000E-02 converged?  yes component    87
  RMS step  7.5176E-05 Target: 1.2000E-02 converged?  yes
  Max grad  6.6517E-03 Target: 4.5000E-03 converged?   no component    55
  RMS grad  2.0104E-03 Target: 3.0000E-03 converged?  yes
 Predicted step length 4.0543E-02
 Trust radius          1.5625E-03
 Energy calculation finished, energy:  8.169903268E+01
 QM energy (a.u.):   -72.1892621282020     
 XREF energy (a.u.):    153.888146103399     
 R(factor) =   0.278952000000000         R(free) =   0.273137000000000     
 Rejecting step, energy  1.152E-04 higher
 Energy calculation finished, energy:  8.169888398E+01
 QM energy (a.u.):   -72.1892408762570     
 XREF energy (a.u.):    153.888239851838     
 R(factor) =   0.278956000000000         R(free) =   0.273137000000000     
Testing convergence  in cycle  254
    Energy  3.3460E-05 Target: 1.0000E-05 converged?   no
  Max step  2.1523E-04 Target: 1.8000E-02 converged?  yes component    87
  RMS step  7.5176E-05 Target: 1.2000E-02 converged?  yes
  Max grad  6.3870E-03 Target: 4.5000E-03 converged?   no component    55
  RMS grad  1.9495E-03 Target: 3.0000E-03 converged?  yes
 Predicted step length 4.4702E-02
 Trust radius          1.5625E-03
 Energy calculation finished, energy:  8.169899898E+01
 QM energy (a.u.):   -72.1892793258900     
 XREF energy (a.u.):    153.888160117630     
 R(factor) =   0.278953000000000         R(free) =   0.273137000000000     
 Rejecting step, energy  1.150E-04 higher
 Energy calculation finished, energy:  8.169888079E+01
 QM energy (a.u.):   -72.1892602799850     
 XREF energy (a.u.):    153.888243063144     
 R(factor) =   0.278956000000000         R(free) =   0.273137000000000     
Testing convergence  in cycle  256
    Energy  3.1900E-06 Target: 1.0000E-05 converged?  yes
  Max step  2.1958E-04 Target: 1.8000E-02 converged?  yes component    87
  RMS step  7.5176E-05 Target: 1.2000E-02 converged?  yes
  Max grad  6.2282E-03 Target: 4.5000E-03 converged?   no component    55
  RMS grad  1.8956E-03 Target: 3.0000E-03 converged?  yes
 Predicted step length 4.9940E-02
 Trust radius          1.5625E-03
 Energy calculation finished, energy:  8.169898278E+01
 QM energy (a.u.):   -72.1892947688850     
 XREF energy (a.u.):    153.888152480001     
 R(factor) =   0.278953000000000         R(free) =   0.273137000000000     
 Rejecting step, energy  1.020E-04 higher
 Energy calculation finished, energy:  8.169885771E+01
 QM energy (a.u.):   -72.1892776700130     
 XREF energy (a.u.):    153.888249171863     
 R(factor) =   0.278956000000000         R(free) =   0.273137000000000     
Testing convergence  in cycle  258
    Energy  2.3080E-05 Target: 1.0000E-05 converged?   no
  Max step  2.2368E-04 Target: 1.8000E-02 converged?  yes component    87
  RMS step  7.5176E-05 Target: 1.2000E-02 converged?  yes
  Max grad  6.0190E-03 Target: 4.5000E-03 converged?   no component    55
  RMS grad  1.8464E-03 Target: 3.0000E-03 converged?  yes
 Predicted step length 5.6503E-02
 Trust radius          1.5625E-03
 Energy calculation finished, energy:  8.169897150E+01
 QM energy (a.u.):   -72.1893084255890     
 XREF energy (a.u.):    153.888178866862     
 R(factor) =   0.278954000000000         R(free) =   0.273137000000000     
 Rejecting step, energy  1.138E-04 higher
 Energy calculation finished, energy:  8.169887044E+01
 QM energy (a.u.):   -72.1892931691960     
 XREF energy (a.u.):    153.888272782972     
 R(factor) =   0.278957000000000         R(free) =   0.273137000000000     
 Rejecting step, energy  1.273E-05 higher
 Energy calculation finished, energy:  8.169897961E+01
 QM energy (a.u.):   -72.1892854497550     
 XREF energy (a.u.):    153.888178527966     
 R(factor) =   0.278953000000000         R(free) =   0.273137000000000     
 Rejecting step, energy  1.219E-04 higher
 Energy calculation finished, energy:  8.169889308E+01
 QM energy (a.u.):   -72.1892815676710     
 XREF energy (a.u.):    153.888275124077     
 R(factor) =   0.278957000000000         R(free) =   0.273137000000000     
 Rejecting step, energy  3.537E-05 higher
 Energy calculation finished, energy:  8.169899356E+01
 QM energy (a.u.):   -72.1892796213150     
 XREF energy (a.u.):    153.888178512652     
 R(factor) =   0.278953000000000         R(free) =   0.273137000000000     
 Rejecting step, energy  1.359E-04 higher
 Energy calculation finished, energy:  8.169889889E+01
 QM energy (a.u.):   -72.1892786461950     
 XREF energy (a.u.):    153.888275118185     
 R(factor) =   0.278956000000000         R(free) =   0.273137000000000     
 Rejecting step, energy  4.118E-05 higher
 Energy calculation finished, energy:  8.169899647E+01
 QM energy (a.u.):   -72.1892781576130     
 XREF energy (a.u.):    153.888178509458     
 R(factor) =   0.278953000000000         R(free) =   0.273137000000000     
 Rejecting step, energy  1.388E-04 higher
 Energy calculation finished, energy:  8.169890035E+01
 QM energy (a.u.):   -72.1892779140150     
 XREF energy (a.u.):    153.888275116665     
 R(factor) =   0.278956000000000         R(free) =   0.273137000000000     
 Rejecting step, energy  4.264E-05 higher
 Energy calculation finished, energy:  8.169899720E+01
 QM energy (a.u.):   -72.1892777926630     
 XREF energy (a.u.):    153.888178508841     
 R(factor) =   0.278953000000000         R(free) =   0.273137000000000     
 Rejecting step, energy  1.395E-04 higher
 Energy calculation finished, energy:  8.169890072E+01
 QM energy (a.u.):   -72.1892777317150     
 XREF energy (a.u.):    153.888275116757     
 R(factor) =   0.278956000000000         R(free) =   0.273137000000000     
 Rejecting step, energy  4.301E-05 higher
 Energy calculation finished, energy:  8.169899739E+01
 QM energy (a.u.):   -72.1892777011290     
 XREF energy (a.u.):    153.888178508886     
 R(factor) =   0.278953000000000         R(free) =   0.273137000000000     
 Rejecting step, energy  1.397E-04 higher
 Energy calculation finished, energy:  8.169890081E+01
 QM energy (a.u.):   -72.1892776861380     
 XREF energy (a.u.):    153.888275115302     
 R(factor) =   0.278956000000000         R(free) =   0.273137000000000     
 Rejecting step, energy  4.310E-05 higher
 Energy calculation finished, energy:  8.169899743E+01
 QM energy (a.u.):   -72.1892776783150     
 XREF energy (a.u.):    153.888178508072     
 R(factor) =   0.278953000000000         R(free) =   0.273137000000000     
 Rejecting step, energy  1.397E-04 higher
 Energy calculation finished, energy:  8.169890083E+01
 QM energy (a.u.):   -72.1892776737680     
 XREF energy (a.u.):    153.888275116335     
 R(factor) =   0.278956000000000         R(free) =   0.273137000000000     
 Rejecting step, energy  4.312E-05 higher
 Step too small, restarting optimiser.
Testing convergence  in cycle  272
    Energy  4.3120E-05 Target: 1.0000E-05 converged?   no
  Max step  2.7633E-08 Target: 1.8000E-02 converged?  yes component    87
  RMS step  9.1767E-09 Target: 1.2000E-02 converged?  yes
  Max grad  6.2322E-03 Target: 4.5000E-03 converged?   no component    55
  RMS grad  1.9016E-03 Target: 3.0000E-03 converged?  yes
 Predicted step length 2.0000E-02
 Trust radius          5.0000E-02
 Energy calculation finished, energy:  8.169899744E+01
 QM energy (a.u.):   -72.1896873431090     
 XREF energy (a.u.):    153.888666991651     
 R(factor) =   0.278965000000000         R(free) =   0.273145000000000     
 Rejecting step, energy  9.661E-05 higher
 Energy calculation finished, energy:  8.169897965E+01
 QM energy (a.u.):   -72.1896709230140     
 XREF energy (a.u.):    153.888382552710     
 R(factor) =   0.278963000000000         R(free) =   0.273141000000000     
 Rejecting step, energy  7.882E-05 higher
 Energy calculation finished, energy:  8.169871163E+01
 QM energy (a.u.):   -72.1895217565390     
 XREF energy (a.u.):    153.888266274402     
 R(factor) =   0.278956000000000         R(free) =   0.273139000000000     
Testing convergence  in cycle  275
    Energy  1.8920E-04 Target: 1.0000E-05 converged?   no
  Max step  1.5768E-03 Target: 1.8000E-02 converged?  yes component    55
  RMS step  4.8113E-04 Target: 1.2000E-02 converged?  yes
  Max grad  2.0732E-03 Target: 4.5000E-03 converged?  yes component     6
  RMS grad  7.5531E-04 Target: 3.0000E-03 converged?  yes
 Predicted step length 1.5725E-03
 Trust radius          1.0000E-02
 Energy calculation finished, energy:  8.169874452E+01
 QM energy (a.u.):   -72.1895122038070     
 XREF energy (a.u.):    153.888304377182     
 R(factor) =   0.278960000000000         R(free) =   0.273139000000000     
 Rejecting step, energy  3.289E-05 higher
 Energy calculation finished, energy:  8.169879217E+01
 QM energy (a.u.):   -72.1895170467970     
 XREF energy (a.u.):    153.888211783738     
 R(factor) =   0.278955000000000         R(free) =   0.273139000000000     
 Rejecting step, energy  8.054E-05 higher
 Energy calculation finished, energy:  8.169869474E+01
 QM energy (a.u.):   -72.1895194187800     
 XREF energy (a.u.):    153.888293857971     
 R(factor) =   0.278960000000000         R(free) =   0.273139000000000     
Testing convergence  in cycle  278
    Energy  1.6890E-05 Target: 1.0000E-05 converged?   no
  Max step  1.1310E-04 Target: 1.8000E-02 converged?  yes component    87
  RMS step  3.7828E-05 Target: 1.2000E-02 converged?  yes
  Max grad  2.6404E-03 Target: 4.5000E-03 converged?  yes component    55
  RMS grad  9.8792E-04 Target: 3.0000E-03 converged?  yes
 Predicted step length 5.8042E-02
 Trust radius          7.8624E-04
 Energy calculation finished, energy:  8.169877444E+01
 QM energy (a.u.):   -72.1895200782730     
 XREF energy (a.u.):    153.888211336735     
 R(factor) =   0.278955000000000         R(free) =   0.273139000000000     
 Rejecting step, energy  7.970E-05 higher
 Energy calculation finished, energy:  8.169869126E+01
 QM energy (a.u.):   -72.1895197558110     
 XREF energy (a.u.):    153.888292207557     
 R(factor) =   0.278960000000000         R(free) =   0.273139000000000     
Testing convergence  in cycle  280
    Energy  3.4800E-06 Target: 1.0000E-05 converged?  yes
  Max step  1.1452E-04 Target: 1.8000E-02 converged?  yes component    87
  RMS step  3.7828E-05 Target: 1.2000E-02 converged?  yes
  Max grad  2.5982E-03 Target: 4.5000E-03 converged?  yes component    55
  RMS grad  9.7634E-04 Target: 3.0000E-03 converged?  yes
Convergence reached

 Optimisation converged
 ----------------------
 Final converged energy:      81.698691260000


DL-FIND Report:
===============
Optimisation algorithm: L-BFGS
Number of steps in L-BFGS memory ...............        100
 
Trust radius based on energy
Maximum step length ............................  5.000E-02
 
Coordinate system: Cartesian coordinates
 
Number of atoms ................................       4020
Number of input geometries .....................          1
Variables to be optimised ......................        108
No restart information is written
This run has not been restarted.
Number of energy evaluations on this processor .        280
Number of steps ................................        280
Number of accepted steps / line searches .......         54
 

Timing report
=============
Module                                      CPU time            Wall clock time
Total .................................    33.466 (100.00%)  5331.842 (100.00%) seconds
Energy and Gradient ...................     2.404 (  7.18%)     3.550 (  0.07%) seconds
Step direction ........................     1.252 (  3.74%)     3.402 (  0.06%) seconds
Coordinate transformation .............     0.142 (  0.42%)     0.141 (  0.00%) seconds
Checkpoint file I/O ...................     0.000 (  0.00%)     0.000 (  0.00%) seconds
XYZ-file I/O ..........................     0.000 (  0.00%)     0.000 (  0.00%) seconds
Maximum memory usage ........................... 7.8240E+03 kB
Tue Jan  2 19:10:00 CST 2024
