This job is running on host node32
Current directory: /share/home/chem-zhonglh/yanzy/QR/NC_more/1pf7/QRs/MlatomSEMM_R1/DFTSEMM_R1
Thu Jan 11 21:46:25 CST 2024
 using Gaussian + CNS
 QM energy (a.u.):   -1299.21099798196     
 XREF energy (a.u.):    91.2550493627986     
 R(factor) =   0.192905000000000         R(free) =   0.198256000000000     
 External sizes:       14175           1        9450

***********************************************************************
**                                                                   **
**                       ---------------------                       **
**                              DL-FIND                              **
**                       Geometry Optimisation                       **
**                       ---------------------                       **
**                                                                   **
**                 J. Kaestner, J.M. Carr, T.W. Keal,                **
**                W. Thiel, A. Wander and P. Sherwood                **
**                                                                   **
**              J. Phys. Chem. A, 2009, 113 (43), 11856.             **
**                                                                   **
**   Please include this reference in published work using DL-FIND.  **
**                                                                   **
**               Copyright:  STFC Daresbury Laboratory               **
**                           Revision: Unversioned directory         **
**                                                                   **
***********************************************************************


DL-FIND Report:
===============
Optimisation algorithm: L-BFGS
Number of steps in L-BFGS memory ...............        100
 
Trust radius based on energy
Maximum step length ............................  2.000E-02
 
Coordinate system: Cartesian coordinates
 
Number of atoms ................................       4725
Number of input geometries .....................          1
Variables to be optimised ......................        102
No restart information is written
This run has not been restarted.
Maximum number of steps ........................       2000
Maximum number of energy evaluations ...........      10000
 
 Energy calculation finished, energy: -1.207955949E+03
 QM energy (a.u.):   -1299.21099797796     
 XREF energy (a.u.):    91.2550493625245     
 R(factor) =   0.192905000000000         R(free) =   0.198256000000000     
Testing convergence  in cycle    1
  Max grad  1.4040E-02 Target: 4.5000E-03 converged?   no component    13
  RMS grad  4.3821E-03 Target: 3.0000E-03 converged?   no
 Predicted step length 2.0000E-02
 Trust radius          2.0000E-02
 Energy calculation finished, energy: -1.207955949E+03
 QM energy (a.u.):   -1299.21248470203     
 XREF energy (a.u.):    91.2555139071381     
 R(factor) =   0.192911000000000         R(free) =   0.198260000000000     
 Rejecting step, energy  0.000E+00 higher
 Energy calculation finished, energy: -1.207956971E+03
Thu Jan 11 21:57:31 CST 2024
