This job is running on host node97
Current directory: /share/home/yanz/QR_App/DFT_Pro/5HLS/DFTMM_EE_R1
Wed May  1 18:06:44 CST 2019
 using Gaussian + CNS
 QM energy (a.u.):   -1542.90530146194     
 XREF energy (a.u.):    70.8462092374817     
 R(factor) =   0.262501000000000         R(free) =   0.233343000000000     
 External sizes:        7857           1        5238

***********************************************************************
**                                                                   **
**                       ---------------------                       **
**                              DL-FIND                              **
**                       Geometry Optimisation                       **
**                       ---------------------                       **
**                                                                   **
**                 J. Kaestner, J.M. Carr, T.W. Keal,                **
**                W. Thiel, A. Wander and P. Sherwood                **
**                                                                   **
**              J. Phys. Chem. A, 2009, 113 (43), 11856.             **
**                                                                   **
**   Please include this reference in published work using DL-FIND.  **
**                                                                   **
**               Copyright:  STFC Daresbury Laboratory               **
**                           Revision: Unversioned directory         **
**                                                                   **
***********************************************************************


DL-FIND Report:
===============
Optimisation algorithm: L-BFGS
Number of steps in L-BFGS memory ...............        100
 
Trust radius based on energy
Maximum step length ............................  5.000E-02
 
Coordinate system: Cartesian coordinates
 
Number of atoms ................................       2619
Number of input geometries .....................          1
Variables to be optimised ......................        126
No restart information is written
This run has not been restarted.
Maximum number of steps ........................       5000
Maximum number of energy evaluations ...........      10000
 
 Energy calculation finished, energy: -1.472059092E+03
 QM energy (a.u.):   -1542.90530146189     
 XREF energy (a.u.):    70.8462092396777     
 R(factor) =   0.262501000000000         R(free) =   0.233343000000000     
Testing convergence  in cycle    1
  Max grad  3.1970E-02 Target: 4.5000E-03 converged?   no component   115
  RMS grad  8.0828E-03 Target: 3.0000E-03 converged?   no
 Predicted step length 2.0000E-02
 Trust radius          5.0000E-02
 Energy calculation finished, energy: -1.472059092E+03
 QM energy (a.u.):   -1542.90765506113     
 XREF energy (a.u.):    70.8448663508659     
 R(factor) =   0.262475000000000         R(free) =   0.233316000000000     
 Rejecting step, energy  0.000E+00 higher
 Energy calculation finished, energy: -1.472062789E+03
 QM energy (a.u.):   -1542.90664649511     
 XREF energy (a.u.):    70.8455522624450     
 R(factor) =   0.262487000000000         R(free) =   0.233329000000000     
Testing convergence  in cycle    3
    Energy  3.6965E-03 Target: 1.0000E-05 converged?   no
  Max step  3.5236E-03 Target: 1.8000E-02 converged?  yes component   115
  RMS step  8.9087E-04 Target: 1.2000E-02 converged?  yes
  Max grad  1.8204E-02 Target: 4.5000E-03 converged?   no component    89
  RMS grad  4.9306E-03 Target: 3.0000E-03 converged?   no
 Predicted step length 1.9931E-02
 Trust radius          2.0000E-02
 Energy calculation finished, energy: -1.472061094E+03
 QM energy (a.u.):   -1542.90821578618     
 XREF energy (a.u.):    70.8434130528201     
 R(factor) =   0.262452000000000         R(free) =   0.233296000000000     
 Rejecting step, energy  1.694E-03 higher
 Energy calculation finished, energy: -1.472064803E+03
 QM energy (a.u.):   -1542.90752959827     
 XREF energy (a.u.):    70.8447599111129     
 R(factor) =   0.262478000000000         R(free) =   0.233315000000000     
Testing convergence  in cycle    5
    Energy  2.0140E-03 Target: 1.0000E-05 converged?   no
  Max step  3.4956E-03 Target: 1.8000E-02 converged?  yes component    89
  RMS step  8.8781E-04 Target: 1.2000E-02 converged?  yes
  Max grad  1.4536E-02 Target: 4.5000E-03 converged?   no component   115
  RMS grad  4.1322E-03 Target: 3.0000E-03 converged?   no
 Predicted step length 6.2824E-02
 Trust radius          1.9931E-02
 Energy calculation finished, energy: -1.472062770E+03
 QM energy (a.u.):   -1542.90883879846     
 XREF energy (a.u.):    70.8430912968071     
 R(factor) =   0.262456000000000         R(free) =   0.233286000000000     
 Rejecting step, energy  2.033E-03 higher
 Energy calculation finished, energy: -1.472065748E+03
 QM energy (a.u.):   -1542.90830118573     
 XREF energy (a.u.):    70.8441909842134     
 R(factor) =   0.262475000000000         R(free) =   0.233303000000000     
Testing convergence  in cycle    7
    Energy  9.4477E-04 Target: 1.0000E-05 converged?   no
  Max step  3.0583E-03 Target: 1.8000E-02 converged?  yes component    89
  RMS step  8.8781E-04 Target: 1.2000E-02 converged?  yes
  Max grad  1.1465E-02 Target: 4.5000E-03 converged?   no component    89
  RMS grad  3.0636E-03 Target: 3.0000E-03 converged?   no
 Predicted step length 3.0793E-02
 Trust radius          1.9931E-02
 Energy calculation finished, energy: -1.472064110E+03
 QM energy (a.u.):   -1542.90913666779     
 XREF energy (a.u.):    70.8423083217298     
 R(factor) =   0.262448000000000         R(free) =   0.233273000000000     
 Rejecting step, energy  1.637E-03 higher
 Energy calculation finished, energy: -1.472066828E+03
 QM energy (a.u.):   -1542.90880036663     
 XREF energy (a.u.):    70.8429385533098     
 R(factor) =   0.262453000000000         R(free) =   0.233285000000000     
Testing convergence  in cycle    9
    Energy  1.0808E-03 Target: 1.0000E-05 converged?   no
  Max step  3.2589E-03 Target: 1.8000E-02 converged?  yes component    89
  RMS step  8.8781E-04 Target: 1.2000E-02 converged?  yes
  Max grad  7.7592E-03 Target: 4.5000E-03 converged?   no component    89
  RMS grad  2.1408E-03 Target: 3.0000E-03 converged?  yes
 Predicted step length 3.6374E-02
 Trust radius          1.9931E-02
 Energy calculation finished, energy: -1.472065862E+03
 QM energy (a.u.):   -1542.90938589433     
 XREF energy (a.u.):    70.8420212316642     
 R(factor) =   0.262457000000000         R(free) =   0.233264000000000     
 Rejecting step, energy  9.665E-04 higher
 Energy calculation finished, energy: -1.472067365E+03
 QM energy (a.u.):   -1542.90915726839     
 XREF energy (a.u.):    70.8424598064132     
 R(factor) =   0.262455000000000         R(free) =   0.233275000000000     
Testing convergence  in cycle   11
    Energy  5.3631E-04 Target: 1.0000E-05 converged?   no
  Max step  3.0894E-03 Target: 1.8000E-02 converged?  yes component    16
  RMS step  8.8781E-04 Target: 1.2000E-02 converged?  yes
  Max grad  5.7720E-03 Target: 4.5000E-03 converged?   no component    91
  RMS grad  1.8039E-03 Target: 3.0000E-03 converged?  yes
 Predicted step length 3.3151E-02
 Trust radius          1.9931E-02
 Energy calculation finished, energy: -1.472066697E+03
 QM energy (a.u.):   -1542.90952778507     
 XREF energy (a.u.):    70.8415196014820     
 R(factor) =   0.262457000000000         R(free) =   0.233257000000000     
 Rejecting step, energy  6.672E-04 higher
 Energy calculation finished, energy: -1.472068008E+03
 QM energy (a.u.):   -1542.90939056937     
 XREF energy (a.u.):    70.8419782746545     
 R(factor) =   0.262456000000000         R(free) =   0.233265000000000     
Testing convergence  in cycle   13
    Energy  6.4352E-04 Target: 1.0000E-05 converged?   no
  Max step  2.8880E-03 Target: 1.8000E-02 converged?  yes component    16
  RMS step  8.8781E-04 Target: 1.2000E-02 converged?  yes
  Max grad  4.2011E-03 Target: 4.5000E-03 converged?  yes component   119
  RMS grad  1.3629E-03 Target: 3.0000E-03 converged?  yes
 Predicted step length 3.5286E-02
 Trust radius          1.9931E-02
 Energy calculation finished, energy: -1.472067412E+03
 QM energy (a.u.):   -1542.90963889900     
 XREF energy (a.u.):    70.8411867433505     
 R(factor) =   0.262462000000000         R(free) =   0.233250000000000     
 Rejecting step, energy  5.959E-04 higher
 Energy calculation finished, energy: -1.472068452E+03
 QM energy (a.u.):   -1542.90954821451     
 XREF energy (a.u.):    70.8415776290268     
 R(factor) =   0.262459000000000         R(free) =   0.233257000000000     
Testing convergence  in cycle   15
    Energy  4.4398E-04 Target: 1.0000E-05 converged?   no
  Max step  2.7766E-03 Target: 1.8000E-02 converged?  yes component    16
  RMS step  8.8781E-04 Target: 1.2000E-02 converged?  yes
  Max grad  5.3659E-03 Target: 4.5000E-03 converged?   no component   112
  RMS grad  1.2701E-03 Target: 3.0000E-03 converged?  yes
 Predicted step length 4.2835E-02
 Trust radius          1.9931E-02
 Energy calculation finished, energy: -1.472067971E+03
 QM energy (a.u.):   -1542.90970988581     
 XREF energy (a.u.):    70.8409233425382     
 R(factor) =   0.262472000000000         R(free) =   0.233245000000000     
 Rejecting step, energy  4.816E-04 higher
 Energy calculation finished, energy: -1.472068787E+03
 QM energy (a.u.):   -1542.90965372391     
 XREF energy (a.u.):    70.8412525397707     
 R(factor) =   0.262465000000000         R(free) =   0.233251000000000     
Testing convergence  in cycle   17
    Energy  3.3438E-04 Target: 1.0000E-05 converged?   no
  Max step  2.8950E-03 Target: 1.8000E-02 converged?  yes component   119
  RMS step  8.8781E-04 Target: 1.2000E-02 converged?  yes
  Max grad  4.1455E-03 Target: 4.5000E-03 converged?  yes component   112
  RMS grad  1.2591E-03 Target: 3.0000E-03 converged?  yes
 Predicted step length 4.5474E-02
 Trust radius          1.9931E-02
 Energy calculation finished, energy: -1.472068401E+03
 QM energy (a.u.):   -1542.90979495672     
 XREF energy (a.u.):    70.8405980987026     
 R(factor) =   0.262474000000000         R(free) =   0.233241000000000     
 Rejecting step, energy  3.854E-04 higher
 Energy calculation finished, energy: -1.472069197E+03
 QM energy (a.u.):   -1542.90974153577     
 XREF energy (a.u.):    70.8409112281138     
 R(factor) =   0.262470000000000         R(free) =   0.233246000000000     
Testing convergence  in cycle   19
    Energy  4.1032E-04 Target: 1.0000E-05 converged?   no
  Max step  2.9926E-03 Target: 1.8000E-02 converged?  yes component   119
  RMS step  8.8781E-04 Target: 1.2000E-02 converged?  yes
  Max grad  4.7539E-03 Target: 4.5000E-03 converged?   no component   112
  RMS grad  1.2446E-03 Target: 3.0000E-03 converged?  yes
 Predicted step length 5.3469E-02
 Trust radius          1.9931E-02
 Energy calculation finished, energy: -1.472068830E+03
 QM energy (a.u.):   -1542.90984167648     
 XREF energy (a.u.):    70.8404338511450     
 R(factor) =   0.262485000000000         R(free) =   0.233237000000000     
 Rejecting step, energy  3.665E-04 higher
 Energy calculation finished, energy: -1.472069408E+03
 QM energy (a.u.):   -1542.90980357745     
 XREF energy (a.u.):    70.8406648286998     
 R(factor) =   0.262477000000000         R(free) =   0.233242000000000     
Testing convergence  in cycle   21
    Energy  2.1097E-04 Target: 1.0000E-05 converged?   no
  Max step  3.0447E-03 Target: 1.8000E-02 converged?  yes component   119
  RMS step  8.8781E-04 Target: 1.2000E-02 converged?  yes
  Max grad  3.6841E-03 Target: 4.5000E-03 converged?  yes component   112
  RMS grad  1.2609E-03 Target: 3.0000E-03 converged?  yes
 Predicted step length 6.8531E-02
 Trust radius          1.9931E-02
 Energy calculation finished, energy: -1.472069139E+03
 QM energy (a.u.):   -1542.90992384553     
 XREF energy (a.u.):    70.8402234017860     
 R(factor) =   0.262490000000000         R(free) =   0.233235000000000     
 Rejecting step, energy  2.691E-04 higher
 Energy calculation finished, energy: -1.472069700E+03
 QM energy (a.u.):   -1542.90987218425     
 XREF energy (a.u.):    70.8404408878237     
 R(factor) =   0.262484000000000         R(free) =   0.233238000000000     
Testing convergence  in cycle   23
    Energy  2.9261E-04 Target: 1.0000E-05 converged?   no
  Max step  3.1218E-03 Target: 1.8000E-02 converged?  yes component   119
  RMS step  8.8781E-04 Target: 1.2000E-02 converged?  yes
  Max grad  4.2799E-03 Target: 4.5000E-03 converged?  yes component   115
  RMS grad  1.2982E-03 Target: 3.0000E-03 converged?  yes
 Predicted step length 8.7397E-02
 Trust radius          1.9931E-02
 Energy calculation finished, energy: -1.472069431E+03
 QM energy (a.u.):   -1542.90996327054     
 XREF energy (a.u.):    70.8409424030529     
 R(factor) =   0.262497000000000         R(free) =   0.233246000000000     
 Rejecting step, energy  2.691E-04 higher
 Energy calculation finished, energy: -1.472069021E+03
 QM energy (a.u.):   -1542.90992413419     
 XREF energy (a.u.):    70.8402490389556     
 R(factor) =   0.262490000000000         R(free) =   0.233235000000000     
 Rejecting step, energy  6.796E-04 higher
 Energy calculation finished, energy: -1.472069675E+03
 QM energy (a.u.):   -1542.90989975857     
 XREF energy (a.u.):    70.8403433362655     
 R(factor) =   0.262487000000000         R(free) =   0.233237000000000     
 Rejecting step, energy  2.534E-05 higher
 Energy calculation finished, energy: -1.472069556E+03
 QM energy (a.u.):   -1542.90988637071     
 XREF energy (a.u.):    70.8403918348135     
 R(factor) =   0.262485000000000         R(free) =   0.233238000000000     
 Rejecting step, energy  1.440E-04 higher
 Energy calculation finished, energy: -1.472069495E+03
 QM energy (a.u.):   -1542.90987937722     
 XREF energy (a.u.):    70.8404162930184     
 R(factor) =   0.262484000000000         R(free) =   0.233238000000000     
 Rejecting step, energy  2.059E-04 higher
 Energy calculation finished, energy: -1.472069463E+03
 QM energy (a.u.):   -1542.90987580543     
 XREF energy (a.u.):    70.8404285861096     
 R(factor) =   0.262484000000000         R(free) =   0.233238000000000     
 Rejecting step, energy  2.374E-04 higher
 Energy calculation finished, energy: -1.472069447E+03
 QM energy (a.u.):   -1542.90987400104     
 XREF energy (a.u.):    70.8404347245525     
 R(factor) =   0.262484000000000         R(free) =   0.233238000000000     
 Rejecting step, energy  2.532E-04 higher
 Energy calculation finished, energy: -1.472069439E+03
 QM energy (a.u.):   -1542.90987309380     
 XREF energy (a.u.):    70.8404378045546     
 R(factor) =   0.262484000000000         R(free) =   0.233238000000000     
 Rejecting step, energy  2.612E-04 higher
 Energy calculation finished, energy: -1.472069435E+03
 QM energy (a.u.):   -1542.90987263969     
 XREF energy (a.u.):    70.8404393455812     
 R(factor) =   0.262484000000000         R(free) =   0.233238000000000     
 Rejecting step, energy  2.651E-04 higher
 Energy calculation finished, energy: -1.472069433E+03
 QM energy (a.u.):   -1542.90987241148     
 XREF energy (a.u.):    70.8404401147176     
 R(factor) =   0.262484000000000         R(free) =   0.233238000000000     
 Rejecting step, energy  2.671E-04 higher
 Energy calculation finished, energy: -1.472069432E+03
 QM energy (a.u.):   -1542.90987229780     
 XREF energy (a.u.):    70.8404405013687     
 R(factor) =   0.262484000000000         R(free) =   0.233238000000000     
 Rejecting step, energy  2.681E-04 higher
 Energy calculation finished, energy: -1.472069432E+03
 QM energy (a.u.):   -1542.90987224090     
 XREF energy (a.u.):    70.8404406956512     
 R(factor) =   0.262484000000000         R(free) =   0.233238000000000     
 Rejecting step, energy  2.686E-04 higher
 Energy calculation finished, energy: -1.472069432E+03
 QM energy (a.u.):   -1542.90987221197     
 XREF energy (a.u.):    70.8404407922761     
 R(factor) =   0.262484000000000         R(free) =   0.233238000000000     
 Rejecting step, energy  2.689E-04 higher
 Energy calculation finished, energy: -1.472069431E+03
 QM energy (a.u.):   -1542.90987219782     
 XREF energy (a.u.):    70.8404408397734     
 R(factor) =   0.262484000000000         R(free) =   0.233238000000000     
 Rejecting step, energy  2.690E-04 higher
 Energy calculation finished, energy: -1.472069431E+03
 QM energy (a.u.):   -1542.90987219098     
 XREF energy (a.u.):    70.8404408635691     
 R(factor) =   0.262484000000000         R(free) =   0.233238000000000     
 Rejecting step, energy  2.691E-04 higher
 Energy calculation finished, energy: -1.472069431E+03
 QM energy (a.u.):   -1542.90987218744     
 XREF energy (a.u.):    70.8404408749585     
 R(factor) =   0.262484000000000         R(free) =   0.233238000000000     
 Rejecting step, energy  2.691E-04 higher
 Energy calculation finished, energy: -1.472069431E+03
 QM energy (a.u.):   -1542.90987218574     
 XREF energy (a.u.):    70.8404408818668     
 R(factor) =   0.262484000000000         R(free) =   0.233238000000000     
 Rejecting step, energy  2.691E-04 higher
 Energy calculation finished, energy: -1.472069431E+03
 QM energy (a.u.):   -1542.90987218477     
 XREF energy (a.u.):    70.8404408853504     
 R(factor) =   0.262484000000000         R(free) =   0.233238000000000     
 Rejecting step, energy  2.691E-04 higher
 Step too small, restarting optimiser.
Testing convergence  in cycle   41
    Energy  2.6914E-04 Target: 1.0000E-05 converged?   no
  Max step  2.4549E-08 Target: 1.8000E-02 converged?  yes component    59
  RMS step  6.7734E-09 Target: 1.2000E-02 converged?  yes
  Max grad  3.8878E-03 Target: 4.5000E-03 converged?  yes component   115
  RMS grad  1.2016E-03 Target: 3.0000E-03 converged?  yes
 Predicted step length 2.0000E-02
 Trust radius          5.0000E-02
 Energy calculation finished, energy: -1.472069431E+03
 QM energy (a.u.):   -1542.90982912458     
 XREF energy (a.u.):    70.8407824644712     
 R(factor) =   0.262507000000000         R(free) =   0.233251000000000     
 Rejecting step, energy  0.000E+00 higher
 Energy calculation finished, energy: -1.472069047E+03
 QM energy (a.u.):   -1542.90995245176     
 XREF energy (a.u.):    70.8405990034131     
 R(factor) =   0.262495000000000         R(free) =   0.233245000000000     
 Rejecting step, energy  3.846E-04 higher
 Energy calculation finished, energy: -1.472069353E+03
 QM energy (a.u.):   -1542.90993815627     
 XREF energy (a.u.):    70.8405176813615     
 R(factor) =   0.262489000000000         R(free) =   0.233241000000000     
 Rejecting step, energy  7.785E-05 higher
 Energy calculation finished, energy: -1.472069420E+03
 QM energy (a.u.):   -1542.90991167938     
 XREF energy (a.u.):    70.8404774414238     
 R(factor) =   0.262487000000000         R(free) =   0.233240000000000     
 Rejecting step, energy  1.083E-05 higher
 Energy calculation finished, energy: -1.472069434E+03
 QM energy (a.u.):   -1542.90989356573     
 XREF energy (a.u.):    70.8404576782928     
 R(factor) =   0.262485000000000         R(free) =   0.233239000000000     
Testing convergence  in cycle   46
    Energy  2.9400E-06 Target: 1.0000E-05 converged?  yes
  Max step  3.6030E-04 Target: 1.8000E-02 converged?  yes component   115
  RMS step  1.1136E-04 Target: 1.2000E-02 converged?  yes
  Max grad  3.3359E-03 Target: 4.5000E-03 converged?  yes component    59
  RMS grad  9.8379E-04 Target: 3.0000E-03 converged?  yes
Convergence reached

 Optimisation converged
 ----------------------
 Final converged energy:   -1472.069434240000


DL-FIND Report:
===============
Optimisation algorithm: L-BFGS
Number of steps in L-BFGS memory ...............        100
 
Trust radius based on energy
Maximum step length ............................  5.000E-02
 
Coordinate system: Cartesian coordinates
 
Number of atoms ................................       2619
Number of input geometries .....................          1
Variables to be optimised ......................        126
No restart information is written
This run has not been restarted.
Number of energy evaluations on this processor .         46
Number of steps ................................         46
Number of accepted steps / line searches .......         14
 

Timing report
=============
Module                                      CPU time            Wall clock time
Total .................................     4.456 (100.00%)********** (******%) seconds
Energy and Gradient ...................     0.177 (  3.98%)     1.452 (100.00%) seconds
Step direction ........................     0.339 (  7.60%)     0.668 ( 45.97%) seconds
Coordinate transformation .............     0.012 (  0.27%)     0.012 (  0.83%) seconds
Checkpoint file I/O ...................     0.000 (  0.00%)     0.000 (  0.00%) seconds
XYZ-file I/O ..........................     0.000 (  0.00%)     0.000 (  0.00%) seconds
Maximum memory usage ........................... 5.1879E+03 kB
Wed May  1 21:34:36 CST 2019
