This job is running on host node28
Current directory: /home/chem-zhonglh/yanzy/QR_APP/5HLS/QRs/SEHMMM_R1
Wed Nov  9 10:53:45 CST 2022
 using Gaussian + CNS
 QM energy (a.u.):   -381.856527486048     
 XREF energy (a.u.):    71.0490126716164     
 R(factor) =   0.251586000000000         R(free) =   0.240322000000000     
 External sizes:        7857           1        5238

***********************************************************************
**                                                                   **
**                       ---------------------                       **
**                              DL-FIND                              **
**                       Geometry Optimisation                       **
**                       ---------------------                       **
**                                                                   **
**                 J. Kaestner, J.M. Carr, T.W. Keal,                **
**                W. Thiel, A. Wander and P. Sherwood                **
**                                                                   **
**              J. Phys. Chem. A, 2009, 113 (43), 11856.             **
**                                                                   **
**   Please include this reference in published work using DL-FIND.  **
**                                                                   **
**               Copyright:  STFC Daresbury Laboratory               **
**                           Revision: Unversioned directory         **
**                                                                   **
***********************************************************************


DL-FIND Report:
===============
Optimisation algorithm: L-BFGS
Number of steps in L-BFGS memory ...............        100
 
Trust radius based on energy
Maximum step length ............................  2.000E-02
 
Coordinate system: Cartesian coordinates
 
Number of atoms ................................       2619
Number of input geometries .....................          1
Variables to be optimised ......................        126
No restart information is written
This run has not been restarted.
Maximum number of steps ........................       5000
Maximum number of energy evaluations ...........      10000
 
 Energy calculation finished, energy: -3.108075148E+02
 QM energy (a.u.):   -381.856527486048     
 XREF energy (a.u.):    71.0165076991273     
 R(factor) =   0.251165000000000         R(free) =   0.240024000000000     
Testing convergence  in cycle    1
  Max grad  3.8370E-02 Target: 4.5000E-03 converged?   no component    89
  RMS grad  1.3119E-02 Target: 3.0000E-03 converged?   no
 Predicted step length 2.0000E-02
 Trust radius          2.0000E-02
 Energy calculation finished, energy: -3.108400198E+02
 QM energy (a.u.):   -381.859035735441     
 XREF energy (a.u.):    70.9955299022083     
 R(factor) =   0.251617000000000         R(free) =   0.239446000000000     
Testing convergence  in cycle    2
    Energy  3.2505E-02 Target: 1.0000E-05 converged?   no
  Max step  5.2111E-03 Target: 1.8000E-02 converged?  yes component    89
  RMS step  1.7817E-03 Target: 1.2000E-02 converged?  yes
  Max grad  3.8642E-02 Target: 4.5000E-03 converged?   no component    89
  RMS grad  1.3099E-02 Target: 3.0000E-03 converged?   no
 Predicted step length 2.3426E+01
 Trust radius          2.0000E-02
 Energy calculation finished, energy: -3.108635058E+02
 QM energy (a.u.):   -381.860547663572     
 XREF energy (a.u.):    70.9761353962987     
 R(factor) =   0.251980000000000         R(free) =   0.239023000000000     
Testing convergence  in cycle    3
    Energy  2.3486E-02 Target: 1.0000E-05 converged?   no
  Max step  5.3328E-03 Target: 1.8000E-02 converged?  yes component    89
  RMS step  1.7817E-03 Target: 1.2000E-02 converged?  yes
  Max grad  3.3344E-02 Target: 4.5000E-03 converged?   no component    89
  RMS grad  1.0526E-02 Target: 3.0000E-03 converged?   no
 Predicted step length 1.0279E-01
 Trust radius          2.0000E-02
 Energy calculation finished, energy: -3.108844123E+02
 QM energy (a.u.):   -381.861171053150     
 XREF energy (a.u.):    70.9580227552225     
 R(factor) =   0.252421000000000         R(free) =   0.238595000000000     
Testing convergence  in cycle    4
    Energy  2.0906E-02 Target: 1.0000E-05 converged?   no
  Max step  6.4075E-03 Target: 1.8000E-02 converged?  yes component    89
  RMS step  1.7817E-03 Target: 1.2000E-02 converged?  yes
  Max grad  2.7844E-02 Target: 4.5000E-03 converged?   no component    89
  RMS grad  8.1625E-03 Target: 3.0000E-03 converged?   no
 Predicted step length 1.1375E-01
 Trust radius          2.0000E-02
 Energy calculation finished, energy: -3.109031483E+02
 QM energy (a.u.):   -381.861307863829     
 XREF energy (a.u.):    70.9416078732178     
 R(factor) =   0.252913000000000         R(free) =   0.238168000000000     
Testing convergence  in cycle    5
    Energy  1.8736E-02 Target: 1.0000E-05 converged?   no
  Max step  6.5844E-03 Target: 1.8000E-02 converged?  yes component    89
  RMS step  1.7817E-03 Target: 1.2000E-02 converged?  yes
  Max grad  2.1673E-02 Target: 4.5000E-03 converged?   no component    89
  RMS grad  6.5077E-03 Target: 3.0000E-03 converged?   no
 Predicted step length 1.2566E-01
 Trust radius          2.0000E-02
 Energy calculation finished, energy: -3.109197000E+02
 QM energy (a.u.):   -381.861190183290     
 XREF energy (a.u.):    70.9257582517524     
 R(factor) =   0.253347000000000         R(free) =   0.237918000000000     
Testing convergence  in cycle    6
    Energy  1.6552E-02 Target: 1.0000E-05 converged?   no
  Max step  5.9614E-03 Target: 1.8000E-02 converged?  yes component    89
  RMS step  1.7817E-03 Target: 1.2000E-02 converged?  yes
  Max grad  1.9024E-02 Target: 4.5000E-03 converged?   no component    16
  RMS grad  5.4138E-03 Target: 3.0000E-03 converged?   no
 Predicted step length 1.5436E-01
 Trust radius          2.0000E-02
 Energy calculation finished, energy: -3.109354319E+02
 QM energy (a.u.):   -381.861024949524     
 XREF energy (a.u.):    70.9123943322597     
 R(factor) =   0.254014000000000         R(free) =   0.237514000000000     
Testing convergence  in cycle    7
    Energy  1.5732E-02 Target: 1.0000E-05 converged?   no
  Max step  7.0439E-03 Target: 1.8000E-02 converged?  yes component    90
  RMS step  1.7817E-03 Target: 1.2000E-02 converged?  yes
  Max grad  1.8983E-02 Target: 4.5000E-03 converged?   no component    90
  RMS grad  4.7091E-03 Target: 3.0000E-03 converged?   no
 Predicted step length 2.1471E-01
 Trust radius          2.0000E-02
 Energy calculation finished, energy: -3.109486306E+02
 QM energy (a.u.):   -381.860861087559     
 XREF energy (a.u.):    70.8990936855500     
 R(factor) =   0.254669000000000         R(free) =   0.237001000000000     
Testing convergence  in cycle    8
    Energy  1.3199E-02 Target: 1.0000E-05 converged?   no
  Max step  7.8189E-03 Target: 1.8000E-02 converged?  yes component    90
  RMS step  1.7817E-03 Target: 1.2000E-02 converged?  yes
  Max grad  1.8202E-02 Target: 4.5000E-03 converged?   no component    90
  RMS grad  4.1648E-03 Target: 3.0000E-03 converged?   no
 Predicted step length 2.1545E-01
 Trust radius          2.0000E-02
 Energy calculation finished, energy: -3.109617674E+02
 QM energy (a.u.):   -381.860728086591     
 XREF energy (a.u.):    70.8866895971461     
 R(factor) =   0.255196000000000         R(free) =   0.236725000000000     
Testing convergence  in cycle    9
    Energy  1.3137E-02 Target: 1.0000E-05 converged?   no
  Max step  8.4184E-03 Target: 1.8000E-02 converged?  yes component    90
  RMS step  1.7817E-03 Target: 1.2000E-02 converged?  yes
  Max grad  1.6348E-02 Target: 4.5000E-03 converged?   no component    90
  RMS grad  3.7730E-03 Target: 3.0000E-03 converged?   no
 Predicted step length 2.7148E-01
 Trust radius          2.0000E-02
 Energy calculation finished, energy: -3.109740385E+02
 QM energy (a.u.):   -381.860555998483     
 XREF energy (a.u.):    70.8541043276696     
 R(factor) =   0.257277000000000         R(free) =   0.235257000000000     
Testing convergence  in cycle   10
    Energy  1.2271E-02 Target: 1.0000E-05 converged?   no
  Max step  8.1944E-03 Target: 1.8000E-02 converged?  yes component    90
  RMS step  1.7817E-03 Target: 1.2000E-02 converged?  yes
  Max grad  1.3651E-02 Target: 4.5000E-03 converged?   no component    90
  RMS grad  3.4885E-03 Target: 3.0000E-03 converged?   no
 Predicted step length 2.5916E-01
 Trust radius          2.0000E-02
 Energy calculation finished, energy: -3.110064517E+02
 QM energy (a.u.):   -381.860289980089     
 XREF energy (a.u.):    70.8408049301866     
 R(factor) =   0.258832000000000         R(free) =   0.234424000000000     
Testing convergence  in cycle   11
    Energy  3.2413E-02 Target: 1.0000E-05 converged?   no
  Max step  7.0659E-03 Target: 1.8000E-02 converged?  yes component    90
  RMS step  1.7817E-03 Target: 1.2000E-02 converged?  yes
  Max grad  1.0625E-02 Target: 4.5000E-03 converged?   no component    16
  RMS grad  3.1733E-03 Target: 3.0000E-03 converged?   no
 Predicted step length 2.4534E-01
 Trust radius          2.0000E-02
 Energy calculation finished, energy: -3.110194851E+02
 QM energy (a.u.):   -381.860110045506     
 XREF energy (a.u.):    70.8368351277496     
 R(factor) =   0.259376000000000         R(free) =   0.234122000000000     
Testing convergence  in cycle   12
    Energy  1.3033E-02 Target: 1.0000E-05 converged?   no
  Max step  5.9284E-03 Target: 1.8000E-02 converged?  yes component    41
  RMS step  1.7817E-03 Target: 1.2000E-02 converged?  yes
  Max grad  9.1389E-03 Target: 4.5000E-03 converged?   no component    16
  RMS grad  2.9777E-03 Target: 3.0000E-03 converged?  yes
 Predicted step length 2.6200E-01
 Trust radius          2.0000E-02
 Energy calculation finished, energy: -3.110232749E+02
 QM energy (a.u.):   -381.860006698257     
 XREF energy (a.u.):    70.8347971516047     
 R(factor) =   0.259746000000000         R(free) =   0.233949000000000     
Testing convergence  in cycle   13
    Energy  3.7899E-03 Target: 1.0000E-05 converged?   no
  Max step  5.8455E-03 Target: 1.8000E-02 converged?  yes component    41
  RMS step  1.7817E-03 Target: 1.2000E-02 converged?  yes
  Max grad  9.3995E-03 Target: 4.5000E-03 converged?   no component    90
  RMS grad  2.7465E-03 Target: 3.0000E-03 converged?  yes
 Predicted step length 2.3559E-01
 Trust radius          2.0000E-02
 Energy calculation finished, energy: -3.110252095E+02
 QM energy (a.u.):   -381.859912039004     
 XREF energy (a.u.):    70.8332946549284     
 R(factor) =   0.260156000000000         R(free) =   0.233808000000000     
Testing convergence  in cycle   14
    Energy  1.9346E-03 Target: 1.0000E-05 converged?   no
  Max step  6.0355E-03 Target: 1.8000E-02 converged?  yes component    90
  RMS step  1.7817E-03 Target: 1.2000E-02 converged?  yes
  Max grad  9.6606E-03 Target: 4.5000E-03 converged?   no component    90
  RMS grad  2.4857E-03 Target: 3.0000E-03 converged?  yes
 Predicted step length 2.4422E-01
 Trust radius          2.0000E-02
 Energy calculation finished, energy: -3.110266174E+02
 QM energy (a.u.):   -381.859722054778     
 XREF energy (a.u.):    70.8328118178114     
 R(factor) =   0.260510000000000         R(free) =   0.233675000000000     
Testing convergence  in cycle   15
    Energy  1.4078E-03 Target: 1.0000E-05 converged?   no
  Max step  6.2055E-03 Target: 1.8000E-02 converged?  yes component    90
  RMS step  1.7817E-03 Target: 1.2000E-02 converged?  yes
  Max grad  8.9890E-03 Target: 4.5000E-03 converged?   no component    90
  RMS grad  2.1882E-03 Target: 3.0000E-03 converged?  yes
 Predicted step length 2.1893E-01
 Trust radius          2.0000E-02
 Energy calculation finished, energy: -3.110269102E+02
 QM energy (a.u.):   -381.859488670702     
 XREF energy (a.u.):    70.8336095323210     
 R(factor) =   0.260872000000000         R(free) =   0.233571000000000     
Testing convergence  in cycle   16
    Energy  2.9286E-04 Target: 1.0000E-05 converged?   no
  Max step  6.5251E-03 Target: 1.8000E-02 converged?  yes component   119
  RMS step  1.7817E-03 Target: 1.2000E-02 converged?  yes
  Max grad  7.6871E-03 Target: 4.5000E-03 converged?   no component    90
  RMS grad  1.9751E-03 Target: 3.0000E-03 converged?  yes
 Predicted step length 2.3445E-01
 Trust radius          2.0000E-02
 Energy calculation finished, energy: -3.110258791E+02
 QM energy (a.u.):   -381.859272022672     
 XREF energy (a.u.):    70.8345263639848     
 R(factor) =   0.261171000000000         R(free) =   0.233480000000000     
 Rejecting step, energy  1.031E-03 higher
 Energy calculation finished, energy: -3.110247457E+02
 QM energy (a.u.):   -381.859390443313     
 XREF energy (a.u.):    70.8364317342043     
 R(factor) =   0.261436000000000         R(free) =   0.233419000000000     
 Rejecting step, energy  2.165E-03 higher
 Energy calculation finished, energy: -3.110229587E+02
 QM energy (a.u.):   -381.859442078092     
 XREF energy (a.u.):    70.8387468912657     
 R(factor) =   0.261636000000000         R(free) =   0.233370000000000     
 Rejecting step, energy  3.952E-03 higher
 Energy calculation finished, energy: -3.110206952E+02
 QM energy (a.u.):   -381.859466005488     
 XREF energy (a.u.):    70.8413720825825     
 R(factor) =   0.261893000000000         R(free) =   0.233331000000000     
 Rejecting step, energy  6.215E-03 higher
 Energy calculation finished, energy: -3.110180939E+02
 QM energy (a.u.):   -381.859477495054     
 XREF energy (a.u.):    70.8414071386215     
 R(factor) =   0.261891000000000         R(free) =   0.233331000000000     
 Rejecting step, energy  8.816E-03 higher
 Energy calculation finished, energy: -3.110180704E+02
 QM energy (a.u.):   -381.859483122072     
 XREF energy (a.u.):    70.8414252679018     
 R(factor) =   0.261890000000000         R(free) =   0.233331000000000     
 Rejecting step, energy  8.840E-03 higher
 Energy calculation finished, energy: -3.110180578E+02
 QM energy (a.u.):   -381.859485906354     
 XREF energy (a.u.):    70.8414339676865     
 R(factor) =   0.261889000000000         R(free) =   0.233332000000000     
 Rejecting step, energy  8.852E-03 higher
 Energy calculation finished, energy: -3.110180519E+02
 QM energy (a.u.):   -381.859487290504     
 XREF energy (a.u.):    70.8414453151577     
 R(factor) =   0.261889000000000         R(free) =   0.233332000000000     
 Rejecting step, energy  8.858E-03 higher
 Energy calculation finished, energy: -3.110180420E+02
 QM energy (a.u.):   -381.859487981621     
 XREF energy (a.u.):    70.8414476417332     
 R(factor) =   0.261889000000000         R(free) =   0.233332000000000     
 Rejecting step, energy  8.868E-03 higher
 Energy calculation finished, energy: -3.110180403E+02
 QM energy (a.u.):   -381.859488326715     
 XREF energy (a.u.):    70.8414488053915     
 R(factor) =   0.261889000000000         R(free) =   0.233332000000000     
 Rejecting step, energy  8.870E-03 higher
 Energy calculation finished, energy: -3.110180395E+02
 QM energy (a.u.):   -381.859488498771     
 XREF energy (a.u.):    70.8414493862103     
 R(factor) =   0.261889000000000         R(free) =   0.233332000000000     
 Rejecting step, energy  8.871E-03 higher
 Energy calculation finished, energy: -3.110180391E+02
 QM energy (a.u.):   -381.859488584631     
 XREF energy (a.u.):    70.8414496784340     
 R(factor) =   0.261889000000000         R(free) =   0.233332000000000     
 Rejecting step, energy  8.871E-03 higher
 Energy calculation finished, energy: -3.110180389E+02
 QM energy (a.u.):   -381.859488628080     
 XREF energy (a.u.):    70.8414498229228     
 R(factor) =   0.261889000000000         R(free) =   0.233332000000000     
 Rejecting step, energy  8.871E-03 higher
 Energy calculation finished, energy: -3.110180388E+02
 QM energy (a.u.):   -381.859488648966     
 XREF energy (a.u.):    70.8414498963177     
 R(factor) =   0.261889000000000         R(free) =   0.233332000000000     
 Rejecting step, energy  8.871E-03 higher
 Energy calculation finished, energy: -3.110180388E+02
 QM energy (a.u.):   -381.859488659935     
 XREF energy (a.u.):    70.8414499326439     
 R(factor) =   0.261889000000000         R(free) =   0.233332000000000     
 Rejecting step, energy  8.871E-03 higher
 Energy calculation finished, energy: -3.110180387E+02
 QM energy (a.u.):   -381.859488665319     
 XREF energy (a.u.):    70.8414499510628     
 R(factor) =   0.261889000000000         R(free) =   0.233332000000000     
 Rejecting step, energy  8.872E-03 higher
 Energy calculation finished, energy: -3.110180387E+02
 QM energy (a.u.):   -381.859488667953     
 XREF energy (a.u.):    70.8414499590403     
 R(factor) =   0.261889000000000         R(free) =   0.233332000000000     
 Rejecting step, energy  8.872E-03 higher
 Energy calculation finished, energy: -3.110180387E+02
 QM energy (a.u.):   -381.859488668971     
 XREF energy (a.u.):    70.8414499641160     
 R(factor) =   0.261889000000000         R(free) =   0.233332000000000     
 Rejecting step, energy  8.872E-03 higher
 Step too small, restarting optimiser.
Testing convergence  in cycle   34
    Energy  8.8715E-03 Target: 1.0000E-05 converged?   no
  Max step  2.4668E-08 Target: 1.8000E-02 converged?  yes component   119
  RMS step  6.7968E-09 Target: 1.2000E-02 converged?  yes
  Max grad  6.2364E-03 Target: 4.5000E-03 converged?   no component    90
  RMS grad  1.8271E-03 Target: 3.0000E-03 converged?  yes
 Predicted step length 2.0000E-02
 Trust radius          2.0000E-02
 Energy calculation finished, energy: -3.110180387E+02
 QM energy (a.u.):   -381.859874795277     
 XREF energy (a.u.):    70.8418597040184     
 R(factor) =   0.261925000000000         R(free) =   0.233338000000000     
 Rejecting step, energy  1.000E-08 higher
 Energy calculation finished, energy: -3.110180151E+02
 QM energy (a.u.):   -381.859718495153     
 XREF energy (a.u.):    70.8416346140909     
 R(factor) =   0.261908000000000         R(free) =   0.233335000000000     
 Rejecting step, energy  2.362E-05 higher
 Energy calculation finished, energy: -3.110180839E+02
 QM energy (a.u.):   -381.859612793004     
 XREF energy (a.u.):    70.8415340098067     
 R(factor) =   0.261898000000000         R(free) =   0.233333000000000     
Testing convergence  in cycle   37
    Energy  4.5170E-05 Target: 1.0000E-05 converged?   no
  Max step  1.5204E-03 Target: 1.8000E-02 converged?  yes component    90
  RMS step  4.4544E-04 Target: 1.2000E-02 converged?  yes
  Max grad  5.3098E-03 Target: 4.5000E-03 converged?   no component   119
  RMS grad  1.5662E-03 Target: 3.0000E-03 converged?  yes
 Predicted step length 3.6442E-02
 Trust radius          1.0000E-02
 Energy calculation finished, energy: -3.110180788E+02
 QM energy (a.u.):   -381.859660722629     
 XREF energy (a.u.):    70.8408575622373     
 R(factor) =   0.261898000000000         R(free) =   0.233328000000000     
 Rejecting step, energy  5.100E-06 higher
 Energy calculation finished, energy: -3.110188032E+02
 QM energy (a.u.):   -381.859639252943     
 XREF energy (a.u.):    70.8408904460237     
 R(factor) =   0.261890000000000         R(free) =   0.233328000000000     
Testing convergence  in cycle   39
    Energy  7.1928E-04 Target: 1.0000E-05 converged?   no
  Max step  1.4949E-03 Target: 1.8000E-02 converged?  yes component    90
  RMS step  4.4544E-04 Target: 1.2000E-02 converged?  yes
  Max grad  5.0509E-03 Target: 4.5000E-03 converged?   no component   119
  RMS grad  1.5258E-03 Target: 3.0000E-03 converged?  yes
 Predicted step length 3.6635E-01
 Trust radius          1.0000E-02
 Energy calculation finished, energy: -3.110187488E+02
 QM energy (a.u.):   -381.859695244836     
 XREF energy (a.u.):    70.8408522247885     
 R(factor) =   0.261905000000000         R(free) =   0.233328000000000     
 Rejecting step, energy  5.435E-05 higher
 Energy calculation finished, energy: -3.110188430E+02
 QM energy (a.u.):   -381.859669973464     
 XREF energy (a.u.):    70.8408520887171     
 R(factor) =   0.261897000000000         R(free) =   0.233328000000000     
Testing convergence  in cycle   41
    Energy  3.9860E-05 Target: 1.0000E-05 converged?   no
  Max step  1.4340E-03 Target: 1.8000E-02 converged?  yes component   119
  RMS step  4.4544E-04 Target: 1.2000E-02 converged?  yes
  Max grad  5.0422E-03 Target: 4.5000E-03 converged?   no component   119
  RMS grad  1.4846E-03 Target: 3.0000E-03 converged?  yes
 Predicted step length 1.2781E-01
 Trust radius          1.0000E-02
 Energy calculation finished, energy: -3.110188179E+02
 QM energy (a.u.):   -381.859692848498     
 XREF energy (a.u.):    70.8407703453553     
 R(factor) =   0.261912000000000         R(free) =   0.233328000000000     
 Rejecting step, energy  2.514E-05 higher
 Energy calculation finished, energy: -3.110189225E+02
 QM energy (a.u.):   -381.859683204409     
 XREF energy (a.u.):    70.8408308621824     
 R(factor) =   0.261904000000000         R(free) =   0.233328000000000     
Testing convergence  in cycle   43
    Energy  7.9480E-05 Target: 1.0000E-05 converged?   no
  Max step  1.4476E-03 Target: 1.8000E-02 converged?  yes component   119
  RMS step  4.4544E-04 Target: 1.2000E-02 converged?  yes
  Max grad  4.9504E-03 Target: 4.5000E-03 converged?   no component   119
  RMS grad  1.4487E-03 Target: 3.0000E-03 converged?  yes
 Predicted step length 2.6092E-01
 Trust radius          1.0000E-02
 Energy calculation finished, energy: -3.110188523E+02
 QM energy (a.u.):   -381.859677702748     
 XREF energy (a.u.):    70.8406216298593     
 R(factor) =   0.261917000000000         R(free) =   0.233327000000000     
 Rejecting step, energy  7.016E-05 higher
 Energy calculation finished, energy: -3.110190561E+02
 QM energy (a.u.):   -381.859682330847     
 XREF energy (a.u.):    70.8407219552711     
 R(factor) =   0.261910000000000         R(free) =   0.233327000000000     
Testing convergence  in cycle   45
    Energy  1.3357E-04 Target: 1.0000E-05 converged?   no
  Max step  1.4694E-03 Target: 1.8000E-02 converged?  yes component   119
  RMS step  4.4544E-04 Target: 1.2000E-02 converged?  yes
  Max grad  4.7546E-03 Target: 4.5000E-03 converged?   no component   119
  RMS grad  1.4421E-03 Target: 3.0000E-03 converged?  yes
 Predicted step length 2.0753E-01
 Trust radius          1.0000E-02
 Energy calculation finished, energy: -3.110189604E+02
 QM energy (a.u.):   -381.859676555641     
 XREF energy (a.u.):    70.8405514835523     
 R(factor) =   0.261924000000000         R(free) =   0.233326000000000     
 Rejecting step, energy  9.569E-05 higher
 Energy calculation finished, energy: -3.110191251E+02
 QM energy (a.u.):   -381.859680664340     
 XREF energy (a.u.):    70.8406227748549     
 R(factor) =   0.261918000000000         R(free) =   0.233327000000000     
Testing convergence  in cycle   47
    Energy  6.9000E-05 Target: 1.0000E-05 converged?   no
  Max step  1.4505E-03 Target: 1.8000E-02 converged?  yes component   119
  RMS step  4.4544E-04 Target: 1.2000E-02 converged?  yes
  Max grad  4.7114E-03 Target: 4.5000E-03 converged?   no component   119
  RMS grad  1.4024E-03 Target: 3.0000E-03 converged?  yes
 Predicted step length 2.2927E-01
 Trust radius          1.0000E-02
 Energy calculation finished, energy: -3.110190579E+02
 QM energy (a.u.):   -381.859667596925     
 XREF energy (a.u.):    70.8404495284954     
 R(factor) =   0.261929000000000         R(free) =   0.233325000000000     
 Rejecting step, energy  6.718E-05 higher
 Energy calculation finished, energy: -3.110192181E+02
 QM energy (a.u.):   -381.859675249215     
 XREF energy (a.u.):    70.8405365322984     
 R(factor) =   0.261923000000000         R(free) =   0.233326000000000     
Testing convergence  in cycle   49
    Energy  9.3000E-05 Target: 1.0000E-05 converged?   no
  Max step  1.4543E-03 Target: 1.8000E-02 converged?  yes component   119
  RMS step  4.4544E-04 Target: 1.2000E-02 converged?  yes
  Max grad  4.5583E-03 Target: 4.5000E-03 converged?   no component   119
  RMS grad  1.3917E-03 Target: 3.0000E-03 converged?  yes
 Predicted step length 2.4278E-01
 Trust radius          1.0000E-02
 Energy calculation finished, energy: -3.110191387E+02
 QM energy (a.u.):   -381.859640785372     
 XREF energy (a.u.):    70.8402943991405     
 R(factor) =   0.261935000000000         R(free) =   0.233324000000000     
 Rejecting step, energy  7.935E-05 higher
 Energy calculation finished, energy: -3.110193464E+02
 QM energy (a.u.):   -381.859659041326     
 XREF energy (a.u.):    70.8404325229808     
 R(factor) =   0.261929000000000         R(free) =   0.233325000000000     
Testing convergence  in cycle   51
    Energy  1.2832E-04 Target: 1.0000E-05 converged?   no
  Max step  1.4341E-03 Target: 1.8000E-02 converged?  yes component   119
  RMS step  4.4544E-04 Target: 1.2000E-02 converged?  yes
  Max grad  4.4553E-03 Target: 4.5000E-03 converged?  yes component   119
  RMS grad  1.3718E-03 Target: 3.0000E-03 converged?  yes
 Predicted step length 3.0023E-01
 Trust radius          1.0000E-02
 Energy calculation finished, energy: -3.110192265E+02
 QM energy (a.u.):   -381.859645492130     
 XREF energy (a.u.):    70.8402132986587     
 R(factor) =   0.261940000000000         R(free) =   0.233323000000000     
 Rejecting step, energy  1.199E-04 higher
 Energy calculation finished, energy: -3.110194322E+02
 QM energy (a.u.):   -381.859653171575     
 XREF energy (a.u.):    70.8403052549869     
 R(factor) =   0.261935000000000         R(free) =   0.233324000000000     
Testing convergence  in cycle   53
    Energy  8.5800E-05 Target: 1.0000E-05 converged?   no
  Max step  1.4177E-03 Target: 1.8000E-02 converged?  yes component   119
  RMS step  4.4544E-04 Target: 1.2000E-02 converged?  yes
  Max grad  4.3655E-03 Target: 4.5000E-03 converged?  yes component   119
  RMS grad  1.3514E-03 Target: 3.0000E-03 converged?  yes
 Predicted step length 2.7815E-01
 Trust radius          1.0000E-02
 Energy calculation finished, energy: -3.110193479E+02
 QM energy (a.u.):   -381.859623508834     
 XREF energy (a.u.):    70.8400949721036     
 R(factor) =   0.261945000000000         R(free) =   0.233322000000000     
 Rejecting step, energy  8.427E-05 higher
 Energy calculation finished, energy: -3.110195285E+02
 QM energy (a.u.):   -381.859639110145     
 XREF energy (a.u.):    70.8401946690048     
 R(factor) =   0.261940000000000         R(free) =   0.233323000000000     
Testing convergence  in cycle   55
    Energy  9.6350E-05 Target: 1.0000E-05 converged?   no
  Max step  1.4144E-03 Target: 1.8000E-02 converged?  yes component   119
  RMS step  4.4544E-04 Target: 1.2000E-02 converged?  yes
  Max grad  4.2266E-03 Target: 4.5000E-03 converged?  yes component   119
  RMS grad  1.3338E-03 Target: 3.0000E-03 converged?  yes
 Predicted step length 2.7810E-01
 Trust radius          1.0000E-02
 Energy calculation finished, energy: -3.110194444E+02
 QM energy (a.u.):   -381.859612710797     
 XREF energy (a.u.):    70.8399770828346     
 R(factor) =   0.261950000000000         R(free) =   0.233321000000000     
 Rejecting step, energy  8.410E-05 higher
 Energy calculation finished, energy: -3.110196356E+02
 QM energy (a.u.):   -381.859626620816     
 XREF energy (a.u.):    70.8401000114992     
 R(factor) =   0.261945000000000         R(free) =   0.233322000000000     
Testing convergence  in cycle   57
    Energy  1.0709E-04 Target: 1.0000E-05 converged?   no
  Max step  1.3858E-03 Target: 1.8000E-02 converged?  yes component   119
  RMS step  4.4544E-04 Target: 1.2000E-02 converged?  yes
  Max grad  4.1458E-03 Target: 4.5000E-03 converged?  yes component   119
  RMS grad  1.3149E-03 Target: 3.0000E-03 converged?  yes
 Predicted step length 3.1225E-01
 Trust radius          1.0000E-02
 Energy calculation finished, energy: -3.110195266E+02
 QM energy (a.u.):   -381.859617316454     
 XREF energy (a.u.):    70.8399277945178     
 R(factor) =   0.261953000000000         R(free) =   0.233320000000000     
 Rejecting step, energy  1.090E-04 higher
 Energy calculation finished, energy: -3.110196895E+02
 QM energy (a.u.):   -381.859622726352     
 XREF energy (a.u.):    70.8399718010392     
 R(factor) =   0.261949000000000         R(free) =   0.233321000000000     
Testing convergence  in cycle   59
    Energy  5.3890E-05 Target: 1.0000E-05 converged?   no
  Max step  1.3628E-03 Target: 1.8000E-02 converged?  yes component   119
  RMS step  4.4544E-04 Target: 1.2000E-02 converged?  yes
  Max grad  4.0213E-03 Target: 4.5000E-03 converged?  yes component   119
  RMS grad  1.2987E-03 Target: 3.0000E-03 converged?  yes
 Predicted step length 3.3297E-01
 Trust radius          1.0000E-02
 Energy calculation finished, energy: -3.110196509E+02
 QM energy (a.u.):   -381.859591580313     
 XREF energy (a.u.):    70.8398509096681     
 R(factor) =   0.261959000000000         R(free) =   0.233319000000000     
 Rejecting step, energy  3.859E-05 higher
 Energy calculation finished, energy: -3.110197407E+02
 QM energy (a.u.):   -381.859607786701     
 XREF energy (a.u.):    70.8399302508636     
 R(factor) =   0.261954000000000         R(free) =   0.233320000000000     
Testing convergence  in cycle   61
    Energy  5.1150E-05 Target: 1.0000E-05 converged?   no
  Max step  1.3514E-03 Target: 1.8000E-02 converged?  yes component   119
  RMS step  4.4544E-04 Target: 1.2000E-02 converged?  yes
  Max grad  3.9066E-03 Target: 4.5000E-03 converged?  yes component   119
  RMS grad  1.2798E-03 Target: 3.0000E-03 converged?  yes
 Predicted step length 3.3407E-01
 Trust radius          1.0000E-02
 Energy calculation finished, energy: -3.110196775E+02
 QM energy (a.u.):   -381.859595511729     
 XREF energy (a.u.):    70.8396956926859     
 R(factor) =   0.261961000000000         R(free) =   0.233318000000000     
 Rejecting step, energy  6.313E-05 higher
 Energy calculation finished, energy: -3.110198998E+02
 QM energy (a.u.):   -381.859602248004     
 XREF energy (a.u.):    70.8398440283466     
 R(factor) =   0.261958000000000         R(free) =   0.233319000000000     
Testing convergence  in cycle   63
    Energy  1.5915E-04 Target: 1.0000E-05 converged?   no
  Max step  1.3209E-03 Target: 1.8000E-02 converged?  yes component   119
  RMS step  4.4544E-04 Target: 1.2000E-02 converged?  yes
  Max grad  3.8348E-03 Target: 4.5000E-03 converged?  yes component   119
  RMS grad  1.2628E-03 Target: 3.0000E-03 converged?  yes
 Predicted step length 3.3377E-01
 Trust radius          1.0000E-02
 Energy calculation finished, energy: -3.110197582E+02
 QM energy (a.u.):   -381.859583243225     
 XREF energy (a.u.):    70.8396128079076     
 R(factor) =   0.261966000000000         R(free) =   0.233317000000000     
 Rejecting step, energy  1.416E-04 higher
 Energy calculation finished, energy: -3.110199704E+02
 QM energy (a.u.):   -381.859593332532     
 XREF energy (a.u.):    70.8397462554832     
 R(factor) =   0.261962000000000         R(free) =   0.233318000000000     
Testing convergence  in cycle   65
    Energy  7.0620E-05 Target: 1.0000E-05 converged?   no
  Max step  1.3113E-03 Target: 1.8000E-02 converged?  yes component   119
  RMS step  4.4544E-04 Target: 1.2000E-02 converged?  yes
  Max grad  3.6663E-03 Target: 4.5000E-03 converged?  yes component   119
  RMS grad  1.2456E-03 Target: 3.0000E-03 converged?  yes
 Predicted step length 3.7171E-01
 Trust radius          1.0000E-02
 Energy calculation finished, energy: -3.110198471E+02
 QM energy (a.u.):   -381.859573788749     
 XREF energy (a.u.):    70.8395196578292     
 R(factor) =   0.261970000000000         R(free) =   0.233316000000000     
 Rejecting step, energy  1.234E-04 higher
 Energy calculation finished, energy: -3.110200541E+02
 QM energy (a.u.):   -381.859584142836     
 XREF energy (a.u.):    70.8396110128098     
 R(factor) =   0.261966000000000         R(free) =   0.233317000000000     
Testing convergence  in cycle   67
    Energy  8.3690E-05 Target: 1.0000E-05 converged?   no
  Max step  1.3266E-03 Target: 1.8000E-02 converged?  yes component    59
  RMS step  4.4544E-04 Target: 1.2000E-02 converged?  yes
  Max grad  3.6780E-03 Target: 4.5000E-03 converged?  yes component   119
  RMS grad  1.2299E-03 Target: 3.0000E-03 converged?  yes
 Predicted step length 3.7484E-01
 Trust radius          1.0000E-02
 Energy calculation finished, energy: -3.110199731E+02
 QM energy (a.u.):   -381.859574862350     
 XREF energy (a.u.):    70.8394202693283     
 R(factor) =   0.261972000000000         R(free) =   0.233314000000000     
 Rejecting step, energy  8.100E-05 higher
 Energy calculation finished, energy: -3.110201546E+02
 QM energy (a.u.):   -381.859580023533     
 XREF energy (a.u.):    70.8395152983536     
 R(factor) =   0.261969000000000         R(free) =   0.233316000000000     
Testing convergence  in cycle   69
    Energy  1.0046E-04 Target: 1.0000E-05 converged?   no
  Max step  1.3539E-03 Target: 1.8000E-02 converged?  yes component    59
  RMS step  4.4544E-04 Target: 1.2000E-02 converged?  yes
  Max grad  3.4739E-03 Target: 4.5000E-03 converged?  yes component   119
  RMS grad  1.2121E-03 Target: 3.0000E-03 converged?  yes
 Predicted step length 3.8183E-01
 Trust radius          1.0000E-02
 Energy calculation finished, energy: -3.110200647E+02
 QM energy (a.u.):   -381.859563762632     
 XREF energy (a.u.):    70.8393630104769     
 R(factor) =   0.261977000000000         R(free) =   0.233314000000000     
 Rejecting step, energy  8.986E-05 higher
 Energy calculation finished, energy: -3.110202008E+02
 QM energy (a.u.):   -381.859572415115     
 XREF energy (a.u.):    70.8394456374788     
 R(factor) =   0.261973000000000         R(free) =   0.233315000000000     
Testing convergence  in cycle   71
    Energy  4.6160E-05 Target: 1.0000E-05 converged?   no
  Max step  1.3768E-03 Target: 1.8000E-02 converged?  yes component    59
  RMS step  4.4544E-04 Target: 1.2000E-02 converged?  yes
  Max grad  3.4850E-03 Target: 4.5000E-03 converged?  yes component   119
  RMS grad  1.1965E-03 Target: 3.0000E-03 converged?  yes
 Predicted step length 3.8774E-01
 Trust radius          1.0000E-02
 Energy calculation finished, energy: -3.110201268E+02
 QM energy (a.u.):   -381.859561882145     
 XREF energy (a.u.):    70.8392546900799     
 R(factor) =   0.261979000000000         R(free) =   0.233312000000000     
 Rejecting step, energy  7.397E-05 higher
 Energy calculation finished, energy: -3.110203072E+02
 QM energy (a.u.):   -381.859567645968     
 XREF energy (a.u.):    70.8393511331408     
 R(factor) =   0.261976000000000         R(free) =   0.233313000000000     
Testing convergence  in cycle   73
    Energy  1.0644E-04 Target: 1.0000E-05 converged?   no
  Max step  1.3959E-03 Target: 1.8000E-02 converged?  yes component    59
  RMS step  4.4544E-04 Target: 1.2000E-02 converged?  yes
  Max grad  3.3099E-03 Target: 4.5000E-03 converged?  yes component   119
  RMS grad  1.1804E-03 Target: 3.0000E-03 converged?  yes
 Predicted step length 3.9944E-01
 Trust radius          1.0000E-02
 Energy calculation finished, energy: -3.110202165E+02
 QM energy (a.u.):   -381.859560488922     
 XREF energy (a.u.):    70.8391448335407     
 R(factor) =   0.261984000000000         R(free) =   0.233311000000000     
 Rejecting step, energy  9.068E-05 higher
 Energy calculation finished, energy: -3.110204157E+02
 QM energy (a.u.):   -381.859564539136     
 XREF energy (a.u.):    70.8392634346067     
 R(factor) =   0.261979000000000         R(free) =   0.233312000000000     
Testing convergence  in cycle   75
    Energy  1.0847E-04 Target: 1.0000E-05 converged?   no
  Max step  1.4168E-03 Target: 1.8000E-02 converged?  yes component    59
  RMS step  4.4544E-04 Target: 1.2000E-02 converged?  yes
  Max grad  3.2719E-03 Target: 4.5000E-03 converged?  yes component   119
  RMS grad  1.1643E-03 Target: 3.0000E-03 converged?  yes
 Predicted step length 3.9765E-01
 Trust radius          1.0000E-02
 Energy calculation finished, energy: -3.110203011E+02
 QM energy (a.u.):   -381.859553205814     
 XREF energy (a.u.):    70.8390646604113     
 R(factor) =   0.261988000000000         R(free) =   0.233310000000000     
 Rejecting step, energy  1.146E-04 higher
 Energy calculation finished, energy: -3.110204885E+02
 QM energy (a.u.):   -381.859559326982     
 XREF energy (a.u.):    70.8391432358169     
 R(factor) =   0.261984000000000         R(free) =   0.233311000000000     
Testing convergence  in cycle   77
    Energy  7.2890E-05 Target: 1.0000E-05 converged?   no
  Max step  1.4377E-03 Target: 1.8000E-02 converged?  yes component    59
  RMS step  4.4544E-04 Target: 1.2000E-02 converged?  yes
  Max grad  3.2427E-03 Target: 4.5000E-03 converged?  yes component    59
  RMS grad  1.1488E-03 Target: 3.0000E-03 converged?  yes
 Predicted step length 4.0664E-01
 Trust radius          1.0000E-02
 Energy calculation finished, energy: -3.110204161E+02
 QM energy (a.u.):   -381.859557596325     
 XREF energy (a.u.):    70.8389778961396     
 R(factor) =   0.261990000000000         R(free) =   0.233309000000000     
 Rejecting step, energy  7.246E-05 higher
 Energy calculation finished, energy: -3.110205797E+02
 QM energy (a.u.):   -381.859558904233     
 XREF energy (a.u.):    70.8390602242039     
 R(factor) =   0.261987000000000         R(free) =   0.233310000000000     
Testing convergence  in cycle   79
    Energy  9.1150E-05 Target: 1.0000E-05 converged?   no
  Max step  1.4553E-03 Target: 1.8000E-02 converged?  yes component    59
  RMS step  4.4544E-04 Target: 1.2000E-02 converged?  yes
  Max grad  3.2366E-03 Target: 4.5000E-03 converged?  yes component    59
  RMS grad  1.1344E-03 Target: 3.0000E-03 converged?  yes
 Predicted step length 4.2629E-01
 Trust radius          1.0000E-02
 Energy calculation finished, energy: -3.110204987E+02
 QM energy (a.u.):   -381.859552932871     
 XREF energy (a.u.):    70.8389255993590     
 R(factor) =   0.261993000000000         R(free) =   0.233308000000000     
 Rejecting step, energy  8.102E-05 higher
 Energy calculation finished, energy: -3.110206273E+02
 QM energy (a.u.):   -381.859556373663     
 XREF energy (a.u.):    70.8389842743926     
 R(factor) =   0.261990000000000         R(free) =   0.233309000000000     
Testing convergence  in cycle   81
    Energy  4.7630E-05 Target: 1.0000E-05 converged?   no
  Max step  1.4764E-03 Target: 1.8000E-02 converged?  yes component    59
  RMS step  4.4544E-04 Target: 1.2000E-02 converged?  yes
  Max grad  3.2253E-03 Target: 4.5000E-03 converged?  yes component    59
  RMS grad  1.1196E-03 Target: 3.0000E-03 converged?  yes
 Predicted step length 4.3536E-01
 Trust radius          1.0000E-02
 Energy calculation finished, energy: -3.110205721E+02
 QM energy (a.u.):   -381.859552250858     
 XREF energy (a.u.):    70.8388123973123     
 R(factor) =   0.261997000000000         R(free) =   0.233307000000000     
 Rejecting step, energy  5.523E-05 higher
 Energy calculation finished, energy: -3.110207398E+02
 QM energy (a.u.):   -381.859554727749     
 XREF energy (a.u.):    70.8389196536735     
 R(factor) =   0.261993000000000         R(free) =   0.233308000000000     
Testing convergence  in cycle   83
    Energy  1.1252E-04 Target: 1.0000E-05 converged?   no
  Max step  1.4906E-03 Target: 1.8000E-02 converged?  yes component    59
  RMS step  4.4544E-04 Target: 1.2000E-02 converged?  yes
  Max grad  3.2160E-03 Target: 4.5000E-03 converged?  yes component    59
  RMS grad  1.1050E-03 Target: 3.0000E-03 converged?  yes
 Predicted step length 4.3531E-01
 Trust radius          1.0000E-02
 Energy calculation finished, energy: -3.110206351E+02
 QM energy (a.u.):   -381.859555185679     
 XREF energy (a.u.):    70.8387364348080     
 R(factor) =   0.262000000000000         R(free) =   0.233305000000000     
 Rejecting step, energy  1.048E-04 higher
 Energy calculation finished, energy: -3.110208187E+02
 QM energy (a.u.):   -381.859555369575     
 XREF energy (a.u.):    70.8388163883612     
 R(factor) =   0.261996000000000         R(free) =   0.233307000000000     
Testing convergence  in cycle   85
    Energy  7.8900E-05 Target: 1.0000E-05 converged?   no
  Max step  1.5046E-03 Target: 1.8000E-02 converged?  yes component    59
  RMS step  4.4544E-04 Target: 1.2000E-02 converged?  yes
  Max grad  3.2043E-03 Target: 4.5000E-03 converged?  yes component    59
  RMS grad  1.0912E-03 Target: 3.0000E-03 converged?  yes
 Predicted step length 4.4026E-01
 Trust radius          1.0000E-02
 Energy calculation finished, energy: -3.110207390E+02
 QM energy (a.u.):   -381.859552190623     
 XREF energy (a.u.):    70.8386455841150     
 R(factor) =   0.262005000000000         R(free) =   0.233304000000000     
 Rejecting step, energy  7.977E-05 higher
 Energy calculation finished, energy: -3.110209066E+02
 QM energy (a.u.):   -381.859554186248     
 XREF energy (a.u.):    70.8387333734637     
 R(factor) =   0.262001000000000         R(free) =   0.233305000000000     
Testing convergence  in cycle   87
    Energy  8.7860E-05 Target: 1.0000E-05 converged?   no
  Max step  1.5206E-03 Target: 1.8000E-02 converged?  yes component    59
  RMS step  4.4544E-04 Target: 1.2000E-02 converged?  yes
  Max grad  3.1937E-03 Target: 4.5000E-03 converged?  yes component    59
  RMS grad  1.0770E-03 Target: 3.0000E-03 converged?  yes
 Predicted step length 4.4538E-01
 Trust radius          1.0000E-02
 Energy calculation finished, energy: -3.110208208E+02
 QM energy (a.u.):   -381.859552695965     
 XREF energy (a.u.):    70.8385730214887     
 R(factor) =   0.262007000000000         R(free) =   0.233303000000000     
 Rejecting step, energy  8.580E-05 higher
 Energy calculation finished, energy: -3.110209797E+02
 QM energy (a.u.):   -381.859553833607     
 XREF energy (a.u.):    70.8386519882130     
 R(factor) =   0.262004000000000         R(free) =   0.233304000000000     
Testing convergence  in cycle   89
    Energy  7.3060E-05 Target: 1.0000E-05 converged?   no
  Max step  1.5340E-03 Target: 1.8000E-02 converged?  yes component    59
  RMS step  4.4544E-04 Target: 1.2000E-02 converged?  yes
  Max grad  3.1772E-03 Target: 4.5000E-03 converged?  yes component    59
  RMS grad  1.0635E-03 Target: 3.0000E-03 converged?  yes
 Predicted step length 4.5006E-01
 Trust radius          1.0000E-02
 Energy calculation finished, energy: -3.110209018E+02
 QM energy (a.u.):   -381.859560404819     
 XREF energy (a.u.):    70.8384871595212     
 R(factor) =   0.262009000000000         R(free) =   0.233302000000000     
 Rejecting step, energy  7.782E-05 higher
 Energy calculation finished, energy: -3.110210732E+02
 QM energy (a.u.):   -381.859557499997     
 XREF energy (a.u.):    70.8385696682937     
 R(factor) =   0.262008000000000         R(free) =   0.233303000000000     
Testing convergence  in cycle   91
    Energy  9.3580E-05 Target: 1.0000E-05 converged?   no
  Max step  1.5443E-03 Target: 1.8000E-02 converged?  yes component    59
  RMS step  4.4544E-04 Target: 1.2000E-02 converged?  yes
  Max grad  3.1697E-03 Target: 4.5000E-03 converged?  yes component    59
  RMS grad  1.0502E-03 Target: 3.0000E-03 converged?  yes
 Predicted step length 4.5141E-01
 Trust radius          1.0000E-02
 Energy calculation finished, energy: -3.110209878E+02
 QM energy (a.u.):   -381.859548216518     
 XREF energy (a.u.):    70.8384068019658     
 R(factor) =   0.262012000000000         R(free) =   0.233301000000000     
 Rejecting step, energy  8.542E-05 higher
 Energy calculation finished, energy: -3.110211414E+02
 QM energy (a.u.):   -381.859553235642     
 XREF energy (a.u.):    70.8384869197302     
 R(factor) =   0.262008000000000         R(free) =   0.233302000000000     
Testing convergence  in cycle   93
    Energy  6.8160E-05 Target: 1.0000E-05 converged?   no
  Max step  1.5607E-03 Target: 1.8000E-02 converged?  yes component    59
  RMS step  4.4544E-04 Target: 1.2000E-02 converged?  yes
  Max grad  3.1482E-03 Target: 4.5000E-03 converged?  yes component    59
  RMS grad  1.0370E-03 Target: 3.0000E-03 converged?  yes
 Predicted step length 4.5777E-01
 Trust radius          1.0000E-02
 Energy calculation finished, energy: -3.110210663E+02
 QM energy (a.u.):   -381.859569471961     
 XREF energy (a.u.):    70.8383477915681     
 R(factor) =   0.262015000000000         R(free) =   0.233300000000000     
 Rejecting step, energy  7.509E-05 higher
 Energy calculation finished, energy: -3.110212217E+02
 QM energy (a.u.):   -381.859561725295     
 XREF energy (a.u.):    70.8384144647184     
 R(factor) =   0.262012000000000         R(free) =   0.233301000000000     
Testing convergence  in cycle   95
    Energy  8.0270E-05 Target: 1.0000E-05 converged?   no
  Max step  1.5689E-03 Target: 1.8000E-02 converged?  yes component    59
  RMS step  4.4544E-04 Target: 1.2000E-02 converged?  yes
  Max grad  3.1397E-03 Target: 4.5000E-03 converged?  yes component    59
  RMS grad  1.0242E-03 Target: 3.0000E-03 converged?  yes
 Predicted step length 4.6596E-01
 Trust radius          1.0000E-02
 Energy calculation finished, energy: -3.110211473E+02
 QM energy (a.u.):   -381.859552458850     
 XREF energy (a.u.):    70.8382519694466     
 R(factor) =   0.262018000000000         R(free) =   0.233298000000000     
 Rejecting step, energy  7.442E-05 higher
 Energy calculation finished, energy: -3.110213005E+02
 QM energy (a.u.):   -381.859557449695     
 XREF energy (a.u.):    70.8383342006485     
 R(factor) =   0.262015000000000         R(free) =   0.233299000000000     
Testing convergence  in cycle   97
    Energy  7.8810E-05 Target: 1.0000E-05 converged?   no
  Max step  1.5810E-03 Target: 1.8000E-02 converged?  yes component    59
  RMS step  4.4544E-04 Target: 1.2000E-02 converged?  yes
  Max grad  3.1214E-03 Target: 4.5000E-03 converged?  yes component    59
  RMS grad  1.0115E-03 Target: 3.0000E-03 converged?  yes
 Predicted step length 4.6700E-01
 Trust radius          1.0000E-02
 Energy calculation finished, energy: -3.110212232E+02
 QM energy (a.u.):   -381.859568568045     
 XREF energy (a.u.):    70.8382030317112     
 R(factor) =   0.262021000000000         R(free) =   0.233297000000000     
 Rejecting step, energy  7.724E-05 higher
 Energy calculation finished, energy: -3.110213655E+02
 QM energy (a.u.):   -381.859563368154     
 XREF energy (a.u.):    70.8382666716475     
 R(factor) =   0.262018000000000         R(free) =   0.233298000000000     
Testing convergence  in cycle   99
    Energy  6.5050E-05 Target: 1.0000E-05 converged?   no
  Max step  1.5926E-03 Target: 1.8000E-02 converged?  yes component    59
  RMS step  4.4544E-04 Target: 1.2000E-02 converged?  yes
  Max grad  3.1033E-03 Target: 4.5000E-03 converged?  yes component    59
  RMS grad  9.9905E-04 Target: 3.0000E-03 converged?  yes
 Predicted step length 4.7064E-01
 Trust radius          1.0000E-02
 Energy calculation finished, energy: -3.110212967E+02
 QM energy (a.u.):   -381.859566144915     
 XREF energy (a.u.):    70.8381196570197     
 R(factor) =   0.262025000000000         R(free) =   0.233296000000000     
 Rejecting step, energy  6.884E-05 higher
 Energy calculation finished, energy: -3.110214465E+02
 QM energy (a.u.):   -381.859565096541     
 XREF energy (a.u.):    70.8381942902521     
 R(factor) =   0.262021000000000         R(free) =   0.233297000000000     
Testing convergence  in cycle  101
    Energy  8.0950E-05 Target: 1.0000E-05 converged?   no
  Max step  1.5997E-03 Target: 1.8000E-02 converged?  yes component    59
  RMS step  4.4544E-04 Target: 1.2000E-02 converged?  yes
  Max grad  3.0928E-03 Target: 4.5000E-03 converged?  yes component    59
  RMS grad  9.8696E-04 Target: 3.0000E-03 converged?  yes
 Predicted step length 4.7364E-01
 Trust radius          1.0000E-02
 Energy calculation finished, energy: -3.110213708E+02
 QM energy (a.u.):   -381.859566586232     
 XREF energy (a.u.):    70.8379798256581     
 R(factor) =   0.262116000000000         R(free) =   0.233290000000000     
 Rejecting step, energy  7.568E-05 higher
 Energy calculation finished, energy: -3.110215868E+02
 QM energy (a.u.):   -381.859566191369     
 XREF energy (a.u.):    70.8381198123705     
 R(factor) =   0.262024000000000         R(free) =   0.233296000000000     
Testing convergence  in cycle  103
    Energy  1.4027E-04 Target: 1.0000E-05 converged?   no
  Max step  1.6122E-03 Target: 1.8000E-02 converged?  yes component    59
  RMS step  4.4544E-04 Target: 1.2000E-02 converged?  yes
  Max grad  3.0671E-03 Target: 4.5000E-03 converged?  yes component    59
  RMS grad  9.7452E-04 Target: 3.0000E-03 converged?  yes
 Predicted step length 4.5002E-01
 Trust radius          1.0000E-02
 Energy calculation finished, energy: -3.110214464E+02
 QM energy (a.u.):   -381.859579383357     
 XREF energy (a.u.):    70.8378945105146     
 R(factor) =   0.262118000000000         R(free) =   0.233288000000000     
 Rejecting step, energy  1.404E-04 higher
 Energy calculation finished, energy: -3.110216849E+02
 QM energy (a.u.):   -381.859573105348     
 XREF energy (a.u.):    70.8379726339968     
 R(factor) =   0.262116000000000         R(free) =   0.233290000000000     
Testing convergence  in cycle  105
    Energy  9.8110E-05 Target: 1.0000E-05 converged?   no
  Max step  1.6156E-03 Target: 1.8000E-02 converged?  yes component    59
  RMS step  4.4544E-04 Target: 1.2000E-02 converged?  yes
  Max grad  3.0569E-03 Target: 4.5000E-03 converged?  yes component    59
  RMS grad  9.6206E-04 Target: 3.0000E-03 converged?  yes
 Predicted step length 4.7435E-01
 Trust radius          1.0000E-02
 Energy calculation finished, energy: -3.110216005E+02
 QM energy (a.u.):   -381.859575762542     
 XREF energy (a.u.):    70.8377947993188     
 R(factor) =   0.262119000000000         R(free) =   0.233287000000000     
 Rejecting step, energy  8.440E-05 higher
 Energy calculation finished, energy: -3.110217810E+02
 QM energy (a.u.):   -381.859574789534     
 XREF energy (a.u.):    70.8378820369129     
 R(factor) =   0.262117000000000         R(free) =   0.233288000000000     
Testing convergence  in cycle  107
    Energy  9.6090E-05 Target: 1.0000E-05 converged?   no
  Max step  1.6272E-03 Target: 1.8000E-02 converged?  yes component    59
  RMS step  4.4544E-04 Target: 1.2000E-02 converged?  yes
  Max grad  3.0315E-03 Target: 4.5000E-03 converged?  yes component    59
  RMS grad  9.5239E-04 Target: 3.0000E-03 converged?  yes
 Predicted step length 4.6868E-01
 Trust radius          1.0000E-02
 Energy calculation finished, energy: -3.110216927E+02
 QM energy (a.u.):   -381.859583858548     
 XREF energy (a.u.):    70.8377285775501     
 R(factor) =   0.262122000000000         R(free) =   0.233286000000000     
 Rejecting step, energy  8.821E-05 higher
 Energy calculation finished, energy: -3.110218553E+02
 QM energy (a.u.):   -381.859579644084     
 XREF energy (a.u.):    70.8378152516064     
 R(factor) =   0.262119000000000         R(free) =   0.233287000000000     
Testing convergence  in cycle  109
    Energy  7.4320E-05 Target: 1.0000E-05 converged?   no
  Max step  1.6364E-03 Target: 1.8000E-02 converged?  yes component    59
  RMS step  4.4544E-04 Target: 1.2000E-02 converged?  yes
  Max grad  3.0186E-03 Target: 4.5000E-03 converged?  yes component    59
  RMS grad  9.3961E-04 Target: 3.0000E-03 converged?  yes
 Predicted step length 5.0590E-01
 Trust radius          1.0000E-02
 Energy calculation finished, energy: -3.110217644E+02
 QM energy (a.u.):   -381.859590346571     
 XREF energy (a.u.):    70.8376574104322     
 R(factor) =   0.262124000000000         R(free) =   0.233284000000000     
 Rejecting step, energy  9.089E-05 higher
 Energy calculation finished, energy: -3.110219329E+02
 QM energy (a.u.):   -381.859585329773     
 XREF energy (a.u.):    70.8377312812453     
 R(factor) =   0.262122000000000         R(free) =   0.233285000000000     
Testing convergence  in cycle  111
    Energy  7.7660E-05 Target: 1.0000E-05 converged?   no
  Max step  1.6455E-03 Target: 1.8000E-02 converged?  yes component    59
  RMS step  4.4544E-04 Target: 1.2000E-02 converged?  yes
  Max grad  2.9940E-03 Target: 4.5000E-03 converged?  yes component    59
  RMS grad  9.2937E-04 Target: 3.0000E-03 converged?  yes
 Predicted step length 4.7802E-01
 Trust radius          1.0000E-02
 Energy calculation finished, energy: -3.110218541E+02
 QM energy (a.u.):   -381.859588237379     
 XREF energy (a.u.):    70.8375635031072     
 R(factor) =   0.262126000000000         R(free) =   0.233283000000000     
 Rejecting step, energy  7.889E-05 higher
 Energy calculation finished, energy: -3.110220247E+02
 QM energy (a.u.):   -381.859587089666     
 XREF energy (a.u.):    70.8376476509861     
 R(factor) =   0.262124000000000         R(free) =   0.233284000000000     
Testing convergence  in cycle  113
    Energy  9.1790E-05 Target: 1.0000E-05 converged?   no
  Max step  1.6508E-03 Target: 1.8000E-02 converged?  yes component    59
  RMS step  4.4544E-04 Target: 1.2000E-02 converged?  yes
  Max grad  2.9794E-03 Target: 4.5000E-03 converged?  yes component    59
  RMS grad  9.1768E-04 Target: 3.0000E-03 converged?  yes
 Predicted step length 4.8578E-01
 Trust radius          1.0000E-02
 Energy calculation finished, energy: -3.110219394E+02
 QM energy (a.u.):   -381.859603710188     
 XREF energy (a.u.):    70.8375299942094     
 R(factor) =   0.262130000000000         R(free) =   0.233282000000000     
 Rejecting step, energy  8.529E-05 higher
 Energy calculation finished, energy: -3.110220737E+02
 QM energy (a.u.):   -381.859595715560     
 XREF energy (a.u.):    70.8375829451893     
 R(factor) =   0.262127000000000         R(free) =   0.233283000000000     
Testing convergence  in cycle  115
    Energy  4.8990E-05 Target: 1.0000E-05 converged?   no
  Max step  1.6608E-03 Target: 1.8000E-02 converged?  yes component    59
  RMS step  4.4544E-04 Target: 1.2000E-02 converged?  yes
  Max grad  2.9540E-03 Target: 4.5000E-03 converged?  yes component    59
  RMS grad  9.0714E-04 Target: 3.0000E-03 converged?  yes
 Predicted step length 4.8657E-01
 Trust radius          1.0000E-02
 Energy calculation finished, energy: -3.110220128E+02
 QM energy (a.u.):   -381.859596026798     
 XREF energy (a.u.):    70.8374436256292     
 R(factor) =   0.262132000000000         R(free) =   0.233280000000000     
 Rejecting step, energy  6.095E-05 higher
 Energy calculation finished, energy: -3.110221524E+02
 QM energy (a.u.):   -381.859596188388     
 XREF energy (a.u.):    70.8375147107100     
 R(factor) =   0.262129000000000         R(free) =   0.233282000000000     
Testing convergence  in cycle  117
    Energy  7.8680E-05 Target: 1.0000E-05 converged?   no
  Max step  1.6657E-03 Target: 1.8000E-02 converged?  yes component    59
  RMS step  4.4544E-04 Target: 1.2000E-02 converged?  yes
  Max grad  2.9388E-03 Target: 4.5000E-03 converged?  yes component    59
  RMS grad  8.9636E-04 Target: 3.0000E-03 converged?  yes
 Predicted step length 4.9648E-01
 Trust radius          1.0000E-02
 Energy calculation finished, energy: -3.110220815E+02
 QM energy (a.u.):   -381.859611233761     
 XREF energy (a.u.):    70.8373887141211     
 R(factor) =   0.262135000000000         R(free) =   0.233279000000000     
 Rejecting step, energy  7.092E-05 higher
 Energy calculation finished, energy: -3.110222225E+02
 QM energy (a.u.):   -381.859604009738     
 XREF energy (a.u.):    70.8374535855967     
 R(factor) =   0.262132000000000         R(free) =   0.233280000000000     
Testing convergence  in cycle  119
    Energy  7.0120E-05 Target: 1.0000E-05 converged?   no
  Max step  1.6728E-03 Target: 1.8000E-02 converged?  yes component    59
  RMS step  4.4544E-04 Target: 1.2000E-02 converged?  yes
  Max grad  2.9141E-03 Target: 4.5000E-03 converged?  yes component    59
  RMS grad  8.8548E-04 Target: 3.0000E-03 converged?  yes
 Predicted step length 4.8257E-01
 Trust radius          1.0000E-02
 Energy calculation finished, energy: -3.110221504E+02
 QM energy (a.u.):   -381.859608929049     
 XREF energy (a.u.):    70.8373233576341     
 R(factor) =   0.262137000000000         R(free) =   0.233277000000000     
 Rejecting step, energy  7.210E-05 higher
 Energy calculation finished, energy: -3.110222856E+02
 QM energy (a.u.):   -381.859606765568     
 XREF energy (a.u.):    70.8373876657090     
 R(factor) =   0.262135000000000         R(free) =   0.233279000000000     
Testing convergence  in cycle  121
    Energy  6.3050E-05 Target: 1.0000E-05 converged?   no
  Max step  1.6787E-03 Target: 1.8000E-02 converged?  yes component    59
  RMS step  4.4544E-04 Target: 1.2000E-02 converged?  yes
  Max grad  2.8957E-03 Target: 4.5000E-03 converged?  yes component    59
  RMS grad  8.7497E-04 Target: 3.0000E-03 converged?  yes
 Predicted step length 4.8765E-01
 Trust radius          1.0000E-02
 Energy calculation finished, energy: -3.110222191E+02
 QM energy (a.u.):   -381.859617299555     
 XREF energy (a.u.):    70.8372542262990     
 R(factor) =   0.262139000000000         R(free) =   0.233276000000000     
 Rejecting step, energy  6.647E-05 higher
 Energy calculation finished, energy: -3.110223631E+02
 QM energy (a.u.):   -381.859612339400     
 XREF energy (a.u.):    70.8373156894074     
 R(factor) =   0.262137000000000         R(free) =   0.233277000000000     
Testing convergence  in cycle  123
    Energy  7.7500E-05 Target: 1.0000E-05 converged?   no
  Max step  1.6849E-03 Target: 1.8000E-02 converged?  yes component    59
  RMS step  4.4544E-04 Target: 1.2000E-02 converged?  yes
  Max grad  2.8721E-03 Target: 4.5000E-03 converged?  yes component    59
  RMS grad  8.6484E-04 Target: 3.0000E-03 converged?  yes
 Predicted step length 4.9314E-01
 Trust radius          1.0000E-02
 Energy calculation finished, energy: -3.110222966E+02
 QM energy (a.u.):   -381.859621603999     
 XREF energy (a.u.):    70.8372235393498     
 R(factor) =   0.262142000000000         R(free) =   0.233275000000000     
 Rejecting step, energy  6.642E-05 higher
 Energy calculation finished, energy: -3.110223981E+02
 QM energy (a.u.):   -381.859617259425     
 XREF energy (a.u.):    70.8372594666289     
 R(factor) =   0.262140000000000         R(free) =   0.233276000000000     
Testing convergence  in cycle  125
    Energy  3.4990E-05 Target: 1.0000E-05 converged?   no
  Max step  1.6896E-03 Target: 1.8000E-02 converged?  yes component    59
  RMS step  4.4544E-04 Target: 1.2000E-02 converged?  yes
  Max grad  2.8528E-03 Target: 4.5000E-03 converged?  yes component    59
  RMS grad  8.5424E-04 Target: 3.0000E-03 converged?  yes
 Predicted step length 4.8849E-01
 Trust radius          1.0000E-02
 Energy calculation finished, energy: -3.110223578E+02
 QM energy (a.u.):   -381.859625984863     
 XREF energy (a.u.):    70.8371709876183     
 R(factor) =   0.262144000000000         R(free) =   0.233274000000000     
 Rejecting step, energy  4.027E-05 higher
 Energy calculation finished, energy: -3.110224550E+02
 QM energy (a.u.):   -381.859621909991     
 XREF energy (a.u.):    70.8372244203475     
 R(factor) =   0.262142000000000         R(free) =   0.233275000000000     
Testing convergence  in cycle  127
    Energy  5.6940E-05 Target: 1.0000E-05 converged?   no
  Max step  1.6962E-03 Target: 1.8000E-02 converged?  yes component    59
  RMS step  4.4544E-04 Target: 1.2000E-02 converged?  yes
  Max grad  2.8275E-03 Target: 4.5000E-03 converged?  yes component    59
  RMS grad  8.4405E-04 Target: 3.0000E-03 converged?  yes
 Predicted step length 4.8252E-01
 Trust radius          1.0000E-02
 Energy calculation finished, energy: -3.110223975E+02
 QM energy (a.u.):   -381.859630668425     
 XREF energy (a.u.):    70.8371082050084     
 R(factor) =   0.262147000000000         R(free) =   0.233272000000000     
 Rejecting step, energy  5.751E-05 higher
 Energy calculation finished, energy: -3.110225225E+02
 QM energy (a.u.):   -381.859626578050     
 XREF energy (a.u.):    70.8371693880459     
 R(factor) =   0.262144000000000         R(free) =   0.233274000000000     
Testing convergence  in cycle  129
    Energy  6.7460E-05 Target: 1.0000E-05 converged?   no
  Max step  1.6999E-03 Target: 1.8000E-02 converged?  yes component    59
  RMS step  4.4544E-04 Target: 1.2000E-02 converged?  yes
  Max grad  2.8096E-03 Target: 4.5000E-03 converged?  yes component    59
  RMS grad  8.3423E-04 Target: 3.0000E-03 converged?  yes
 Predicted step length 4.9337E-01
 Trust radius          1.0000E-02
 Energy calculation finished, energy: -3.110224572E+02
 QM energy (a.u.):   -381.859638558287     
 XREF energy (a.u.):    70.8370688394788     
 R(factor) =   0.262149000000000         R(free) =   0.233271000000000     
 Rejecting step, energy  6.527E-05 higher
 Energy calculation finished, energy: -3.110225697E+02
 QM energy (a.u.):   -381.859632852632     
 XREF energy (a.u.):    70.8371302929667     
 R(factor) =   0.262147000000000         R(free) =   0.233272000000000     
Testing convergence  in cycle  131
    Energy  4.7260E-05 Target: 1.0000E-05 converged?   no
  Max step  1.7063E-03 Target: 1.8000E-02 converged?  yes component    59
  RMS step  4.4544E-04 Target: 1.2000E-02 converged?  yes
  Max grad  2.7817E-03 Target: 4.5000E-03 converged?  yes component    59
  RMS grad  8.2424E-04 Target: 3.0000E-03 converged?  yes
 Predicted step length 4.8937E-01
 Trust radius          1.0000E-02
 Energy calculation finished, energy: -3.110225026E+02
 QM energy (a.u.):   -381.859638130402     
 XREF energy (a.u.):    70.8369920102283     
 R(factor) =   0.262151000000000         R(free) =   0.233270000000000     
 Rejecting step, energy  6.716E-05 higher
 Energy calculation finished, energy: -3.110226461E+02
 QM energy (a.u.):   -381.859635774966     
 XREF energy (a.u.):    70.8370584727649     
 R(factor) =   0.262149000000000         R(free) =   0.233271000000000     
Testing convergence  in cycle  133
    Energy  7.6400E-05 Target: 1.0000E-05 converged?   no
  Max step  1.7098E-03 Target: 1.8000E-02 converged?  yes component    59
  RMS step  4.4544E-04 Target: 1.2000E-02 converged?  yes
  Max grad  2.7630E-03 Target: 4.5000E-03 converged?  yes component    59
  RMS grad  8.1430E-04 Target: 3.0000E-03 converged?  yes
 Predicted step length 4.8607E-01
 Trust radius          1.0000E-02
 Energy calculation finished, energy: -3.110225773E+02
 QM energy (a.u.):   -381.859650376038     
 XREF energy (a.u.):    70.8369604269939     
 R(factor) =   0.262154000000000         R(free) =   0.233268000000000     
 Rejecting step, energy  6.882E-05 higher
 Energy calculation finished, energy: -3.110226899E+02
 QM energy (a.u.):   -381.859643351242     
 XREF energy (a.u.):    70.8370052981642     
 R(factor) =   0.262152000000000         R(free) =   0.233269000000000     
Testing convergence  in cycle  135
    Energy  4.3830E-05 Target: 1.0000E-05 converged?   no
  Max step  1.7151E-03 Target: 1.8000E-02 converged?  yes component    59
  RMS step  4.4544E-04 Target: 1.2000E-02 converged?  yes
  Max grad  2.7369E-03 Target: 4.5000E-03 converged?  yes component    59
  RMS grad  8.0487E-04 Target: 3.0000E-03 converged?  yes
 Predicted step length 4.9392E-01
 Trust radius          1.0000E-02
 Energy calculation finished, energy: -3.110226381E+02
 QM energy (a.u.):   -381.859648143514     
 XREF energy (a.u.):    70.8368825833404     
 R(factor) =   0.262156000000000         R(free) =   0.233267000000000     
 Rejecting step, energy  5.190E-05 higher
 Energy calculation finished, energy: -3.110227656E+02
 QM energy (a.u.):   -381.859646030914     
 XREF energy (a.u.):    70.8369504129697     
 R(factor) =   0.262154000000000         R(free) =   0.233268000000000     
Testing convergence  in cycle  137
    Energy  7.5610E-05 Target: 1.0000E-05 converged?   no
  Max step  1.7182E-03 Target: 1.8000E-02 converged?  yes component    59
  RMS step  4.4544E-04 Target: 1.2000E-02 converged?  yes
  Max grad  2.7146E-03 Target: 4.5000E-03 converged?  yes component    59
  RMS grad  7.9555E-04 Target: 3.0000E-03 converged?  yes
 Predicted step length 4.9456E-01
 Trust radius          1.0000E-02
 Energy calculation finished, energy: -3.110226956E+02
 QM energy (a.u.):   -381.859657295750     
 XREF energy (a.u.):    70.8368401673078     
 R(factor) =   0.262159000000000         R(free) =   0.233265000000000     
 Rejecting step, energy  6.994E-05 higher
 Energy calculation finished, energy: -3.110228171E+02
 QM energy (a.u.):   -381.859651939989     
 XREF energy (a.u.):    70.8368928099368     
 R(factor) =   0.262156000000000         R(free) =   0.233267000000000     
Testing convergence  in cycle  139
    Energy  5.1570E-05 Target: 1.0000E-05 converged?   no
  Max step  1.7222E-03 Target: 1.8000E-02 converged?  yes component    59
  RMS step  4.4544E-04 Target: 1.2000E-02 converged?  yes
  Max grad  2.6903E-03 Target: 4.5000E-03 converged?  yes component    59
  RMS grad  7.8558E-04 Target: 3.0000E-03 converged?  yes
 Predicted step length 4.8889E-01
 Trust radius          1.0000E-02
 Energy calculation finished, energy: -3.110227591E+02
 QM energy (a.u.):   -381.859660852457     
 XREF energy (a.u.):    70.8367353041665     
 R(factor) =   0.262161000000000         R(free) =   0.233264000000000     
 Rejecting step, energy  5.800E-05 higher
 Energy calculation finished, energy: -3.110229256E+02
 QM energy (a.u.):   -381.859656656620     
 XREF energy (a.u.):    70.8368328253809     
 R(factor) =   0.262159000000000         R(free) =   0.233265000000000     
Testing convergence  in cycle  141
    Energy  1.0842E-04 Target: 1.0000E-05 converged?   no
  Max step  1.7254E-03 Target: 1.8000E-02 converged?  yes component    59
  RMS step  4.4544E-04 Target: 1.2000E-02 converged?  yes
  Max grad  2.6666E-03 Target: 4.5000E-03 converged?  yes component    59
  RMS grad  7.7657E-04 Target: 3.0000E-03 converged?  yes
 Predicted step length 4.8481E-01
 Trust radius          1.0000E-02
 Energy calculation finished, energy: -3.110228238E+02
 QM energy (a.u.):   -381.859664856391     
 XREF energy (a.u.):    70.8366931483565     
 R(factor) =   0.262164000000000         R(free) =   0.233263000000000     
 Rejecting step, energy  1.017E-04 higher
 Energy calculation finished, energy: -3.110229717E+02
 QM energy (a.u.):   -381.859661038216     
 XREF energy (a.u.):    70.8367386357077     
 R(factor) =   0.262161000000000         R(free) =   0.233264000000000     
Testing convergence  in cycle  143
    Energy  4.6160E-05 Target: 1.0000E-05 converged?   no
  Max step  1.7285E-03 Target: 1.8000E-02 converged?  yes component    59
  RMS step  4.4544E-04 Target: 1.2000E-02 converged?  yes
  Max grad  2.6421E-03 Target: 4.5000E-03 converged?  yes component    59
  RMS grad  7.6724E-04 Target: 3.0000E-03 converged?  yes
 Predicted step length 4.8511E-01
 Trust radius          1.0000E-02
 Energy calculation finished, energy: -3.110229224E+02
 QM energy (a.u.):   -381.859670322244     
 XREF energy (a.u.):    70.8366384850887     
 R(factor) =   0.262166000000000         R(free) =   0.233261000000000     
 Rejecting step, energy  4.931E-05 higher
 Energy calculation finished, energy: -3.110230318E+02
 QM energy (a.u.):   -381.859665941399     
 XREF energy (a.u.):    70.8366924672794     
 R(factor) =   0.262163000000000         R(free) =   0.233263000000000     
Testing convergence  in cycle  145
    Energy  6.0130E-05 Target: 1.0000E-05 converged?   no
  Max step  1.7317E-03 Target: 1.8000E-02 converged?  yes component    59
  RMS step  4.4544E-04 Target: 1.2000E-02 converged?  yes
  Max grad  2.6175E-03 Target: 4.5000E-03 converged?  yes component    59
  RMS grad  7.5764E-04 Target: 3.0000E-03 converged?  yes
 Predicted step length 4.7635E-01
 Trust radius          1.0000E-02
 Energy calculation finished, energy: -3.110229735E+02
 QM energy (a.u.):   -381.859675945257     
 XREF energy (a.u.):    70.8366112694221     
 R(factor) =   0.262168000000000         R(free) =   0.233260000000000     
 Rejecting step, energy  5.837E-05 higher
 Energy calculation finished, energy: -3.110230647E+02
 QM energy (a.u.):   -381.859671200214     
 XREF energy (a.u.):    70.8366389815645     
 R(factor) =   0.262166000000000         R(free) =   0.233261000000000     
Testing convergence  in cycle  147
    Energy  3.2840E-05 Target: 1.0000E-05 converged?   no
  Max step  1.7346E-03 Target: 1.8000E-02 converged?  yes component    59
  RMS step  4.4544E-04 Target: 1.2000E-02 converged?  yes
  Max grad  2.5933E-03 Target: 4.5000E-03 converged?  yes component    59
  RMS grad  7.4851E-04 Target: 3.0000E-03 converged?  yes
 Predicted step length 4.6833E-01
 Trust radius          1.0000E-02
 Energy calculation finished, energy: -3.110230322E+02
 QM energy (a.u.):   -381.859677636576     
 XREF energy (a.u.):    70.8365440221095     
 R(factor) =   0.262170000000000         R(free) =   0.233259000000000     
 Rejecting step, energy  3.246E-05 higher
 Energy calculation finished, energy: -3.110231336E+02
 QM energy (a.u.):   -381.859674684861     
 XREF energy (a.u.):    70.8366110112935     
 R(factor) =   0.262168000000000         R(free) =   0.233260000000000     
Testing convergence  in cycle  149
    Energy  6.8930E-05 Target: 1.0000E-05 converged?   no
  Max step  1.7378E-03 Target: 1.8000E-02 converged?  yes component    59
  RMS step  4.4544E-04 Target: 1.2000E-02 converged?  yes
  Max grad  2.5673E-03 Target: 4.5000E-03 converged?  yes component    59
  RMS grad  7.3963E-04 Target: 3.0000E-03 converged?  yes
 Predicted step length 4.8177E-01
 Trust radius          1.0000E-02
 Energy calculation finished, energy: -3.110230637E+02
 QM energy (a.u.):   -381.859686704129     
 XREF energy (a.u.):    70.8364992081176     
 R(factor) =   0.262173000000000         R(free) =   0.233258000000000     
 Rejecting step, energy  6.994E-05 higher
 Energy calculation finished, energy: -3.110231875E+02
 QM energy (a.u.):   -381.859680957994     
 XREF energy (a.u.):    70.8365464587695     
 R(factor) =   0.262170000000000         R(free) =   0.233259000000000     
Testing convergence  in cycle  151
    Energy  5.3890E-05 Target: 1.0000E-05 converged?   no
  Max step  1.7399E-03 Target: 1.8000E-02 converged?  yes component    59
  RMS step  4.4544E-04 Target: 1.2000E-02 converged?  yes
  Max grad  2.5437E-03 Target: 4.5000E-03 converged?  yes component    59
  RMS grad  7.3081E-04 Target: 3.0000E-03 converged?  yes
 Predicted step length 4.8287E-01
 Trust radius          1.0000E-02
 Energy calculation finished, energy: -3.110231345E+02
 QM energy (a.u.):   -381.859689463260     
 XREF energy (a.u.):    70.8364509933632     
 R(factor) =   0.262175000000000         R(free) =   0.233256000000000     
 Rejecting step, energy  5.300E-05 higher
 Energy calculation finished, energy: -3.110232385E+02
 QM energy (a.u.):   -381.859685471244     
 XREF energy (a.u.):    70.8364972993417     
 R(factor) =   0.262173000000000         R(free) =   0.233258000000000     
Testing convergence  in cycle  153
    Energy  5.0970E-05 Target: 1.0000E-05 converged?   no
  Max step  1.7429E-03 Target: 1.8000E-02 converged?  yes component    59
  RMS step  4.4544E-04 Target: 1.2000E-02 converged?  yes
  Max grad  2.5175E-03 Target: 4.5000E-03 converged?  yes component    59
  RMS grad  7.2180E-04 Target: 3.0000E-03 converged?  yes
 Predicted step length 4.7952E-01
 Trust radius          1.0000E-02
 Energy calculation finished, energy: -3.110231882E+02
 QM energy (a.u.):   -381.859692080767     
 XREF energy (a.u.):    70.8364055966401     
 R(factor) =   0.262177000000000         R(free) =   0.233255000000000     
 Rejecting step, energy  5.030E-05 higher
 Energy calculation finished, energy: -3.110232865E+02
 QM energy (a.u.):   -381.859689035468     
 XREF energy (a.u.):    70.8364531624971     
 R(factor) =   0.262175000000000         R(free) =   0.233256000000000     
Testing convergence  in cycle  155
    Energy  4.8010E-05 Target: 1.0000E-05 converged?   no
  Max step  1.7448E-03 Target: 1.8000E-02 converged?  yes component    59
  RMS step  4.4544E-04 Target: 1.2000E-02 converged?  yes
  Max grad  2.4918E-03 Target: 4.5000E-03 converged?  yes component    59
  RMS grad  7.1308E-04 Target: 3.0000E-03 converged?  yes
 Predicted step length 4.7150E-01
 Trust radius          1.0000E-02
 Energy calculation finished, energy: -3.110232359E+02
 QM energy (a.u.):   -381.859702250712     
 XREF energy (a.u.):    70.8363663396381     
 R(factor) =   0.262179000000000         R(free) =   0.233254000000000     
 Rejecting step, energy  5.061E-05 higher
 Energy calculation finished, energy: -3.110233359E+02
 QM energy (a.u.):   -381.859695892755     
 XREF energy (a.u.):    70.8364076992093     
 R(factor) =   0.262177000000000         R(free) =   0.233255000000000     
Testing convergence  in cycle  157
    Energy  4.9430E-05 Target: 1.0000E-05 converged?   no
  Max step  1.7467E-03 Target: 1.8000E-02 converged?  yes component    59
  RMS step  4.4544E-04 Target: 1.2000E-02 converged?  yes
  Max grad  2.4674E-03 Target: 4.5000E-03 converged?  yes component    59
  RMS grad  7.0406E-04 Target: 3.0000E-03 converged?  yes
 Predicted step length 4.6544E-01
 Trust radius          1.0000E-02
 Energy calculation finished, energy: -3.110232882E+02
 QM energy (a.u.):   -381.859699604619     
 XREF energy (a.u.):    70.8363124169940     
 R(factor) =   0.262182000000000         R(free) =   0.233252000000000     
 Rejecting step, energy  4.772E-05 higher
 Energy calculation finished, energy: -3.110233872E+02
 QM energy (a.u.):   -381.859697998059     
 XREF energy (a.u.):    70.8363628003947     
 R(factor) =   0.262179000000000         R(free) =   0.233254000000000     
Testing convergence  in cycle  159
    Energy  5.1280E-05 Target: 1.0000E-05 converged?   no
  Max step  1.7492E-03 Target: 1.8000E-02 converged?  yes component    59
  RMS step  4.4544E-04 Target: 1.2000E-02 converged?  yes
  Max grad  2.4399E-03 Target: 4.5000E-03 converged?  yes component    59
  RMS grad  6.9533E-04 Target: 3.0000E-03 converged?  yes
 Predicted step length 4.5788E-01
 Trust radius          1.0000E-02
 Energy calculation finished, energy: -3.110233352E+02
 QM energy (a.u.):   -381.859711634339     
 XREF energy (a.u.):    70.8362732682884     
 R(factor) =   0.262183000000000         R(free) =   0.233251000000000     
 Rejecting step, energy  5.199E-05 higher
 Energy calculation finished, energy: -3.110234384E+02
 QM energy (a.u.):   -381.859705063274     
 XREF energy (a.u.):    70.8363176093086     
 R(factor) =   0.262181000000000         R(free) =   0.233252000000000     
Testing convergence  in cycle  161
    Energy  5.1180E-05 Target: 1.0000E-05 converged?   no
  Max step  1.7502E-03 Target: 1.8000E-02 converged?  yes component    59
  RMS step  4.4544E-04 Target: 1.2000E-02 converged?  yes
  Max grad  2.4154E-03 Target: 4.5000E-03 converged?  yes component    59
  RMS grad  6.8682E-04 Target: 3.0000E-03 converged?  yes
 Predicted step length 4.6612E-01
 Trust radius          1.0000E-02
 Energy calculation finished, energy: -3.110233874E+02
 QM energy (a.u.):   -381.859710132035     
 XREF energy (a.u.):    70.8362246614535     
 R(factor) =   0.262186000000000         R(free) =   0.233250000000000     
 Rejecting step, energy  5.092E-05 higher
 Energy calculation finished, energy: -3.110234855E+02
 QM energy (a.u.):   -381.859707856902     
 XREF energy (a.u.):    70.8362690851354     
 R(factor) =   0.262184000000000         R(free) =   0.233251000000000     
Testing convergence  in cycle  163
    Energy  4.7100E-05 Target: 1.0000E-05 converged?   no
  Max step  1.7522E-03 Target: 1.8000E-02 converged?  yes component    59
  RMS step  4.4544E-04 Target: 1.2000E-02 converged?  yes
  Max grad  2.3888E-03 Target: 4.5000E-03 converged?  yes component    59
  RMS grad  6.7865E-04 Target: 3.0000E-03 converged?  yes
 Predicted step length 4.7232E-01
 Trust radius          1.0000E-02
 Energy calculation finished, energy: -3.110234388E+02
 QM energy (a.u.):   -381.859717776455     
 XREF energy (a.u.):    70.8361826871676     
 R(factor) =   0.262188000000000         R(free) =   0.233248000000000     
 Rejecting step, energy  4.670E-05 higher
 Energy calculation finished, energy: -3.110235351E+02
 QM energy (a.u.):   -381.859713064510     
 XREF energy (a.u.):    70.8362264910241     
 R(factor) =   0.262186000000000         R(free) =   0.233250000000000     
Testing convergence  in cycle  165
    Energy  4.9620E-05 Target: 1.0000E-05 converged?   no
  Max step  1.7536E-03 Target: 1.8000E-02 converged?  yes component    59
  RMS step  4.4544E-04 Target: 1.2000E-02 converged?  yes
  Max grad  2.3615E-03 Target: 4.5000E-03 converged?  yes component    59
  RMS grad  6.6982E-04 Target: 3.0000E-03 converged?  yes
 Predicted step length 4.6272E-01
 Trust radius          1.0000E-02
 Energy calculation finished, energy: -3.110234866E+02
 QM energy (a.u.):   -381.859720873783     
 XREF energy (a.u.):    70.8361415615899     
 R(factor) =   0.262190000000000         R(free) =   0.233247000000000     
 Rejecting step, energy  4.852E-05 higher
 Energy calculation finished, energy: -3.110235793E+02
 QM energy (a.u.):   -381.859717216013     
 XREF energy (a.u.):    70.8361846140245     
 R(factor) =   0.262188000000000         R(free) =   0.233248000000000     
Testing convergence  in cycle  167
    Energy  4.4220E-05 Target: 1.0000E-05 converged?   no
  Max step  1.7543E-03 Target: 1.8000E-02 converged?  yes component    59
  RMS step  4.4544E-04 Target: 1.2000E-02 converged?  yes
  Max grad  2.3369E-03 Target: 4.5000E-03 converged?  yes component    59
  RMS grad  6.6148E-04 Target: 3.0000E-03 converged?  yes
 Predicted step length 4.5532E-01
 Trust radius          1.0000E-02
 Energy calculation finished, energy: -3.110235326E+02
 QM energy (a.u.):   -381.859725168555     
 XREF energy (a.u.):    70.8360891535838     
 R(factor) =   0.262191000000000         R(free) =   0.233246000000000     
 Rejecting step, energy  4.671E-05 higher
 Energy calculation finished, energy: -3.110236360E+02
 QM energy (a.u.):   -381.859721435167     
 XREF energy (a.u.):    70.8361373010038     
 R(factor) =   0.262190000000000         R(free) =   0.233247000000000     
Testing convergence  in cycle  169
    Energy  5.6700E-05 Target: 1.0000E-05 converged?   no
  Max step  1.7564E-03 Target: 1.8000E-02 converged?  yes component    59
  RMS step  4.4544E-04 Target: 1.2000E-02 converged?  yes
  Max grad  2.3078E-03 Target: 4.5000E-03 converged?  yes component    59
  RMS grad  6.5320E-04 Target: 3.0000E-03 converged?  yes
 Predicted step length 4.5711E-01
 Trust radius          1.0000E-02
 Energy calculation finished, energy: -3.110235841E+02
 QM energy (a.u.):   -381.859729531435     
 XREF energy (a.u.):    70.8360587312045     
 R(factor) =   0.262194000000000         R(free) =   0.233245000000000     
 Rejecting step, energy  5.188E-05 higher
 Energy calculation finished, energy: -3.110236708E+02
 QM energy (a.u.):   -381.859725736300     
 XREF energy (a.u.):    70.8360952922132     
 R(factor) =   0.262192000000000         R(free) =   0.233246000000000     
Testing convergence  in cycle  171
    Energy  3.4790E-05 Target: 1.0000E-05 converged?   no
  Max step  1.7561E-03 Target: 1.8000E-02 converged?  yes component    59
  RMS step  4.4544E-04 Target: 1.2000E-02 converged?  yes
  Max grad  2.2836E-03 Target: 4.5000E-03 converged?  yes component    59
  RMS grad  6.4482E-04 Target: 3.0000E-03 converged?  yes
 Predicted step length 4.5401E-01
 Trust radius          1.0000E-02
 Energy calculation finished, energy: -3.110236304E+02
 QM energy (a.u.):   -381.859733345167     
 XREF energy (a.u.):    70.8360291567875     
 R(factor) =   0.262196000000000         R(free) =   0.233243000000000     
 Rejecting step, energy  4.036E-05 higher
 Energy calculation finished, energy: -3.110237042E+02
 QM energy (a.u.):   -381.859729776716     
 XREF energy (a.u.):    70.8360543808332     
 R(factor) =   0.262194000000000         R(free) =   0.233244000000000     
Testing convergence  in cycle  173
    Energy  3.3390E-05 Target: 1.0000E-05 converged?   no
  Max step  1.7577E-03 Target: 1.8000E-02 converged?  yes component    59
  RMS step  4.4544E-04 Target: 1.2000E-02 converged?  yes
  Max grad  2.2548E-03 Target: 4.5000E-03 converged?  yes component    59
  RMS grad  6.3657E-04 Target: 3.0000E-03 converged?  yes
 Predicted step length 4.4857E-01
 Trust radius          1.0000E-02
 Energy calculation finished, energy: -3.110236754E+02
 QM energy (a.u.):   -381.859737302923     
 XREF energy (a.u.):    70.8359863300150     
 R(factor) =   0.262198000000000         R(free) =   0.233242000000000     
 Rejecting step, energy  2.879E-05 higher
 Energy calculation finished, energy: -3.110237510E+02
 QM energy (a.u.):   -381.859733784494     
 XREF energy (a.u.):    70.8360307968262     
 R(factor) =   0.262196000000000         R(free) =   0.233243000000000     
Testing convergence  in cycle  175
    Energy  4.6780E-05 Target: 1.0000E-05 converged?   no
  Max step  1.7582E-03 Target: 1.8000E-02 converged?  yes component    59
  RMS step  4.4544E-04 Target: 1.2000E-02 converged?  yes
  Max grad  2.2291E-03 Target: 4.5000E-03 converged?  yes component    59
  RMS grad  6.2826E-04 Target: 3.0000E-03 converged?  yes
 Predicted step length 4.4168E-01
 Trust radius          1.0000E-02
 Energy calculation finished, energy: -3.110237030E+02
 QM energy (a.u.):   -381.859741577667     
 XREF energy (a.u.):    70.8359534130163     
 R(factor) =   0.262201000000000         R(free) =   0.233241000000000     
 Rejecting step, energy  4.798E-05 higher
 Energy calculation finished, energy: -3.110237882E+02
 QM energy (a.u.):   -381.859737916259     
 XREF energy (a.u.):    70.8359881345023     
 R(factor) =   0.262198000000000         R(free) =   0.233242000000000     
Testing convergence  in cycle  177
    Energy  3.7190E-05 Target: 1.0000E-05 converged?   no
  Max step  1.7585E-03 Target: 1.8000E-02 converged?  yes component    59
  RMS step  4.4544E-04 Target: 1.2000E-02 converged?  yes
  Max grad  2.2014E-03 Target: 4.5000E-03 converged?  yes component    59
  RMS grad  6.2004E-04 Target: 3.0000E-03 converged?  yes
 Predicted step length 4.3620E-01
 Trust radius          1.0000E-02
 Energy calculation finished, energy: -3.110237498E+02
 QM energy (a.u.):   -381.859744171017     
 XREF energy (a.u.):    70.8359095514985     
 R(factor) =   0.262202000000000         R(free) =   0.233239000000000     
 Rejecting step, energy  3.838E-05 higher
 Energy calculation finished, energy: -3.110238346E+02
 QM energy (a.u.):   -381.859741278246     
 XREF energy (a.u.):    70.8359498310293     
 R(factor) =   0.262200000000000         R(free) =   0.233240000000000     
Testing convergence  in cycle  179
    Energy  4.6460E-05 Target: 1.0000E-05 converged?   no
  Max step  1.7589E-03 Target: 1.8000E-02 converged?  yes component    59
  RMS step  4.4544E-04 Target: 1.2000E-02 converged?  yes
  Max grad  2.1745E-03 Target: 4.5000E-03 converged?  yes component    59
  RMS grad  6.1196E-04 Target: 3.0000E-03 converged?  yes
 Predicted step length 4.3335E-01
 Trust radius          1.0000E-02
 Energy calculation finished, energy: -3.110237914E+02
 QM energy (a.u.):   -381.859750521413     
 XREF energy (a.u.):    70.8358774209794     
 R(factor) =   0.262205000000000         R(free) =   0.233238000000000     
 Rejecting step, energy  4.317E-05 higher
 Energy calculation finished, energy: -3.110238731E+02
 QM energy (a.u.):   -381.859746138127     
 XREF energy (a.u.):    70.8359142534679     
 R(factor) =   0.262202000000000         R(free) =   0.233239000000000     
Testing convergence  in cycle  181
    Energy  3.8480E-05 Target: 1.0000E-05 converged?   no
  Max step  1.7592E-03 Target: 1.8000E-02 converged?  yes component    59
  RMS step  4.4544E-04 Target: 1.2000E-02 converged?  yes
  Max grad  2.1469E-03 Target: 4.5000E-03 converged?  yes component    59
  RMS grad  6.0394E-04 Target: 3.0000E-03 converged?  yes
 Predicted step length 4.3649E-01
 Trust radius          1.0000E-02
 Energy calculation finished, energy: -3.110238319E+02
 QM energy (a.u.):   -381.859749957475     
 XREF energy (a.u.):    70.8358439821476     
 R(factor) =   0.262206000000000         R(free) =   0.233236000000000     
 Rejecting step, energy  4.122E-05 higher
 Energy calculation finished, energy: -3.110239060E+02
 QM energy (a.u.):   -381.859748279461     
 XREF energy (a.u.):    70.8358779230710     
 R(factor) =   0.262204000000000         R(free) =   0.233238000000000     
Testing convergence  in cycle  183
    Energy  3.2880E-05 Target: 1.0000E-05 converged?   no
  Max step  1.7585E-03 Target: 1.8000E-02 converged?  yes component    59
  RMS step  4.4544E-04 Target: 1.2000E-02 converged?  yes
  Max grad  2.1200E-03 Target: 4.5000E-03 converged?  yes component    59
  RMS grad  5.9612E-04 Target: 3.0000E-03 converged?  yes
 Predicted step length 4.3450E-01
 Trust radius          1.0000E-02
 Energy calculation finished, energy: -3.110238704E+02
 QM energy (a.u.):   -381.859758898482     
 XREF energy (a.u.):    70.8363907512795     
 R(factor) =   0.262225000000000         R(free) =   0.233241000000000     
 Rejecting step, energy  3.562E-05 higher
 Energy calculation finished, energy: -3.110233682E+02
 QM energy (a.u.):   -381.859753824774     
 XREF energy (a.u.):    70.8358446845120     
 R(factor) =   0.262207000000000         R(free) =   0.233237000000000     
 Rejecting step, energy  5.378E-04 higher
 Energy calculation finished, energy: -3.110239091E+02
 QM energy (a.u.):   -381.859751110890     
 XREF energy (a.u.):    70.8358627979901     
 R(factor) =   0.262205000000000         R(free) =   0.233237000000000     
Testing convergence  in cycle  186
    Energy  3.1600E-06 Target: 1.0000E-05 converged?  yes
  Max step  8.7937E-04 Target: 1.8000E-02 converged?  yes component    59
  RMS step  2.2272E-04 Target: 1.2000E-02 converged?  yes
  Max grad  2.1194E-03 Target: 4.5000E-03 converged?  yes component    59
  RMS grad  5.9536E-04 Target: 3.0000E-03 converged?  yes
Convergence reached

 Optimisation converged
 ----------------------
 Final converged energy:    -311.023909140000


DL-FIND Report:
===============
Optimisation algorithm: L-BFGS
Number of steps in L-BFGS memory ...............        100
 
Trust radius based on energy
Maximum step length ............................  2.000E-02
 
Coordinate system: Cartesian coordinates
 
Number of atoms ................................       2619
Number of input geometries .....................          1
Variables to be optimised ......................        126
No restart information is written
This run has not been restarted.
Number of energy evaluations on this processor .        186
Number of steps ................................        186
Number of accepted steps / line searches .......         92
 

Timing report
=============
Module                                      CPU time            Wall clock time
Total .................................    24.412 (100.00%)  6017.816 (100.00%) seconds
Energy and Gradient ...................     0.931 (  3.81%)     1.582 (  0.03%) seconds
Step direction ........................     9.028 ( 36.98%)    25.985 (  0.43%) seconds
Coordinate transformation .............     0.063 (  0.26%)     0.062 (  0.00%) seconds
Checkpoint file I/O ...................     0.000 (  0.00%)     0.000 (  0.00%) seconds
XYZ-file I/O ..........................     0.000 (  0.00%)     0.000 (  0.00%) seconds
Maximum memory usage ........................... 5.1879E+03 kB
Wed Nov  9 12:34:45 CST 2022
