This job is running on host node41
Current directory: /share/home/chem-zhonglh/yanzy/QR/NC_more/1uyg/QRs/ANISEMM_R1
Tue Jan  2 17:41:15 CST 2024
 using Gaussian + CNS
 QM energy (a.u.):   -1519.21786854703     
 XREF energy (a.u.):    153.892527583131     
 R(factor) =   0.278938000000000         R(free) =   0.273142000000000     
 External sizes:       12060           1        8040

***********************************************************************
**                                                                   **
**                       ---------------------                       **
**                              DL-FIND                              **
**                       Geometry Optimisation                       **
**                       ---------------------                       **
**                                                                   **
**                 J. Kaestner, J.M. Carr, T.W. Keal,                **
**                W. Thiel, A. Wander and P. Sherwood                **
**                                                                   **
**              J. Phys. Chem. A, 2009, 113 (43), 11856.             **
**                                                                   **
**   Please include this reference in published work using DL-FIND.  **
**                                                                   **
**               Copyright:  STFC Daresbury Laboratory               **
**                           Revision: Unversioned directory         **
**                                                                   **
***********************************************************************


DL-FIND Report:
===============
Optimisation algorithm: L-BFGS
Number of steps in L-BFGS memory ...............        100
 
Trust radius based on energy
Maximum step length ............................  5.000E-02
 
Coordinate system: Cartesian coordinates
 
Number of atoms ................................       4020
Number of input geometries .....................          1
Variables to be optimised ......................        108
No restart information is written
This run has not been restarted.
Maximum number of steps ........................       2000
Maximum number of energy evaluations ...........      10000
 
 Energy calculation finished, energy: -1.365325341E+03
 QM energy (a.u.):   -1519.21786854703     
 XREF energy (a.u.):    153.892617898075     
 R(factor) =   0.278936000000000         R(free) =   0.273142000000000     
Testing convergence  in cycle    1
  Max grad  9.3196E-03 Target: 4.5000E-03 converged?   no component    55
  RMS grad  2.7562E-03 Target: 3.0000E-03 converged?  yes
 Predicted step length 2.0000E-02
 Trust radius          5.0000E-02
 Energy calculation finished, energy: -1.365325251E+03
 QM energy (a.u.):   -1519.21787333837     
 XREF energy (a.u.):    153.892101303941     
 R(factor) =   0.278930000000000         R(free) =   0.273133000000000     
 Rejecting step, energy  9.031E-05 higher
 Energy calculation finished, energy: -1.365325772E+03
 QM energy (a.u.):   -1519.21803707345     
 XREF energy (a.u.):    153.892338637526     
 R(factor) =   0.278934000000000         R(free) =   0.273138000000000     
Testing convergence  in cycle    3
    Energy  4.3107E-04 Target: 1.0000E-05 converged?   no
  Max step  3.2536E-03 Target: 1.8000E-02 converged?  yes component    55
  RMS step  9.6225E-04 Target: 1.2000E-02 converged?  yes
  Max grad  9.3685E-03 Target: 4.5000E-03 converged?   no component    55
  RMS grad  2.1598E-03 Target: 3.0000E-03 converged?  yes
 Predicted step length 3.3631E-03
 Trust radius          2.0000E-02
 Energy calculation finished, energy: -1.365325698E+03
 QM energy (a.u.):   -1519.21812498143     
 XREF energy (a.u.):    153.892216079470     
 R(factor) =   0.278933000000000         R(free) =   0.273139000000000     
 Rejecting step, energy  7.359E-05 higher
 Energy calculation finished, energy: -1.365325909E+03
 QM energy (a.u.):   -1519.21808458782     
 XREF energy (a.u.):    153.892246981978     
 R(factor) =   0.278933000000000         R(free) =   0.273138000000000     
Testing convergence  in cycle    5
    Energy  1.3687E-04 Target: 1.0000E-05 converged?   no
  Max step  5.8753E-04 Target: 1.8000E-02 converged?  yes component    55
  RMS step  1.6181E-04 Target: 1.2000E-02 converged?  yes
  Max grad  4.7849E-03 Target: 4.5000E-03 converged?   no component    29
  RMS grad  1.5230E-03 Target: 3.0000E-03 converged?  yes
 Predicted step length 9.9159E-03
 Trust radius          3.3631E-03
 Energy calculation finished, energy: -1.365325838E+03
 QM energy (a.u.):   -1519.21816237800     
 XREF energy (a.u.):    153.892093260829     
 R(factor) =   0.278931000000000         R(free) =   0.273138000000000     
 Rejecting step, energy  7.129E-05 higher
 Energy calculation finished, energy: -1.365326069E+03
 QM energy (a.u.):   -1519.21812453921     
 XREF energy (a.u.):    153.892204116460     
 R(factor) =   0.278932000000000         R(free) =   0.273138000000000     
Testing convergence  in cycle    7
    Energy  1.6022E-04 Target: 1.0000E-05 converged?   no
  Max step  5.9227E-04 Target: 1.8000E-02 converged?  yes component    29
  RMS step  1.6181E-04 Target: 1.2000E-02 converged?  yes
  Max grad  4.4321E-03 Target: 4.5000E-03 converged?  yes component    35
  RMS grad  1.3636E-03 Target: 3.0000E-03 converged?  yes
 Predicted step length 3.8159E-02
 Trust radius          3.3631E-03
 Energy calculation finished, energy: -1.365325920E+03
 QM energy (a.u.):   -1519.21819044329     
 XREF energy (a.u.):    153.892049177209     
 R(factor) =   0.278931000000000         R(free) =   0.273138000000000     
 Rejecting step, energy  1.487E-04 higher
 Energy calculation finished, energy: -1.365326141E+03
 QM energy (a.u.):   -1519.21815839336     
 XREF energy (a.u.):    153.892139138791     
 R(factor) =   0.278931000000000         R(free) =   0.273138000000000     
Testing convergence  in cycle    9
    Energy  7.2150E-05 Target: 1.0000E-05 converged?   no
  Max step  5.7128E-04 Target: 1.8000E-02 converged?  yes component    29
  RMS step  1.6181E-04 Target: 1.2000E-02 converged?  yes
  Max grad  4.4202E-03 Target: 4.5000E-03 converged?  yes component    35
  RMS grad  1.3541E-03 Target: 3.0000E-03 converged?  yes
 Predicted step length 4.8668E-02
 Trust radius          3.3631E-03
 Energy calculation finished, energy: -1.365326019E+03
 QM energy (a.u.):   -1519.21819772936     
 XREF energy (a.u.):    153.892091375077     
 R(factor) =   0.278929000000000         R(free) =   0.273138000000000     
 Rejecting step, energy  1.220E-04 higher
 Energy calculation finished, energy: -1.365326106E+03
 QM energy (a.u.):   -1519.21817851558     
 XREF energy (a.u.):    153.892194440034     
 R(factor) =   0.278929000000000         R(free) =   0.273138000000000     
 Rejecting step, energy  3.492E-05 higher
 Energy calculation finished, energy: -1.365325984E+03
 QM energy (a.u.):   -1519.21816856655     
 XREF energy (a.u.):    153.892161762833     
 R(factor) =   0.278929000000000         R(free) =   0.273138000000000     
 Rejecting step, energy  1.572E-04 higher
 Energy calculation finished, energy: -1.365326007E+03
 QM energy (a.u.):   -1519.21816350695     
 XREF energy (a.u.):    153.892111799587     
 R(factor) =   0.278930000000000         R(free) =   0.273138000000000     
 Rejecting step, energy  1.345E-04 higher
 Energy calculation finished, energy: -1.365326052E+03
 QM energy (a.u.):   -1519.21816095673     
 XREF energy (a.u.):    153.892071903796     
 R(factor) =   0.278931000000000         R(free) =   0.273138000000000     
 Rejecting step, energy  8.956E-05 higher
 Energy calculation finished, energy: -1.365326089E+03
 QM energy (a.u.):   -1519.21815967720     
 XREF energy (a.u.):    153.892139255749     
 R(factor) =   0.278932000000000         R(free) =   0.273138000000000     
 Rejecting step, energy  5.222E-05 higher
 Energy calculation finished, energy: -1.365326020E+03
 QM energy (a.u.):   -1519.21815903519     
 XREF energy (a.u.):    153.892091629322     
 R(factor) =   0.278932000000000         R(free) =   0.273138000000000     
 Rejecting step, energy  1.209E-04 higher
 Energy calculation finished, energy: -1.365326067E+03
 QM energy (a.u.):   -1519.21815871536     
 XREF energy (a.u.):    153.892141566075     
 R(factor) =   0.278932000000000         R(free) =   0.273138000000000     
 Rejecting step, energy  7.386E-05 higher
 Energy calculation finished, energy: -1.365326017E+03
 QM energy (a.u.):   -1519.21815855323     
 XREF energy (a.u.):    153.892092785177     
 R(factor) =   0.278932000000000         R(free) =   0.273138000000000     
 Rejecting step, energy  1.241E-04 higher
 Energy calculation finished, energy: -1.365326066E+03
 QM energy (a.u.):   -1519.21815847411     
 XREF energy (a.u.):    153.892142143480     
 R(factor) =   0.278932000000000         R(free) =   0.273138000000000     
 Rejecting step, energy  7.550E-05 higher
 Energy calculation finished, energy: -1.365326016E+03
 QM energy (a.u.):   -1519.21815843369     
 XREF energy (a.u.):    153.892093073876     
 R(factor) =   0.278932000000000         R(free) =   0.273138000000000     
 Rejecting step, energy  1.249E-04 higher
 Energy calculation finished, energy: -1.365326065E+03
 QM energy (a.u.):   -1519.21815841249     
 XREF energy (a.u.):    153.892142288466     
 R(factor) =   0.278932000000000         R(free) =   0.273138000000000     
 Rejecting step, energy  7.591E-05 higher
 Energy calculation finished, energy: -1.365326016E+03
 QM energy (a.u.):   -1519.21815840374     
 XREF energy (a.u.):    153.892093146150     
 R(factor) =   0.278932000000000         R(free) =   0.273138000000000     
 Rejecting step, energy  1.252E-04 higher
 Energy calculation finished, energy: -1.365326065E+03
 QM energy (a.u.):   -1519.21815839769     
 XREF energy (a.u.):    153.892142325225     
 R(factor) =   0.278932000000000         R(free) =   0.273138000000000     
 Rejecting step, energy  7.601E-05 higher
 Energy calculation finished, energy: -1.365326016E+03
 QM energy (a.u.):   -1519.21815839579     
 XREF energy (a.u.):    153.892093163901     
 R(factor) =   0.278932000000000         R(free) =   0.273138000000000     
 Rejecting step, energy  1.252E-04 higher
 Energy calculation finished, energy: -1.365326065E+03
 QM energy (a.u.):   -1519.21815839492     
 XREF energy (a.u.):    153.892142334099     
 R(factor) =   0.278932000000000         R(free) =   0.273138000000000     
 Rejecting step, energy  7.604E-05 higher
 Step too small, restarting optimiser.
Testing convergence  in cycle   25
    Energy  7.6040E-05 Target: 1.0000E-05 converged?   no
  Max step  1.4835E-08 Target: 1.8000E-02 converged?  yes component    29
  RMS step  4.9379E-09 Target: 1.2000E-02 converged?  yes
  Max grad  4.4218E-03 Target: 4.5000E-03 converged?  yes component    35
  RMS grad  1.3717E-03 Target: 3.0000E-03 converged?  yes
 Predicted step length 2.0000E-02
 Trust radius          5.0000E-02
 Energy calculation finished, energy: -1.365326016E+03
 QM energy (a.u.):   -1519.21807767638     
 XREF energy (a.u.):    153.891599947200     
 R(factor) =   0.278923000000000         R(free) =   0.273131000000000     
 Rejecting step, energy  4.917E-05 higher
 Energy calculation finished, energy: -1.365326478E+03
 QM energy (a.u.):   -1519.21818334394     
 XREF energy (a.u.):    153.891969741908     
 R(factor) =   0.278928000000000         R(free) =   0.273134000000000     
Testing convergence  in cycle   27
    Energy  4.1250E-04 Target: 1.0000E-05 converged?   no
  Max step  3.1019E-03 Target: 1.8000E-02 converged?  yes component    35
  RMS step  9.6225E-04 Target: 1.2000E-02 converged?  yes
  Max grad  8.2317E-03 Target: 4.5000E-03 converged?   no component    55
  RMS grad  1.8706E-03 Target: 3.0000E-03 converged?  yes
 Predicted step length 7.3879E-03
 Trust radius          2.0000E-02
 Energy calculation finished, energy: -1.365326214E+03
 QM energy (a.u.):   -1519.21828846966     
 XREF energy (a.u.):    153.891727224463     
 R(factor) =   0.278926000000000         R(free) =   0.273134000000000     
 Rejecting step, energy  2.641E-04 higher
 Energy calculation finished, energy: -1.365326561E+03
 QM energy (a.u.):   -1519.21823938973     
 XREF energy (a.u.):    153.891813918641     
 R(factor) =   0.278926000000000         R(free) =   0.273134000000000     
Testing convergence  in cycle   29
    Energy  8.3520E-05 Target: 1.0000E-05 converged?   no
  Max step  1.0716E-03 Target: 1.8000E-02 converged?  yes component    29
  RMS step  3.5545E-04 Target: 1.2000E-02 converged?  yes
  Max grad  2.8104E-03 Target: 4.5000E-03 converged?  yes component    81
  RMS grad  9.2896E-04 Target: 3.0000E-03 converged?  yes
 Predicted step length 1.0172E-01
 Trust radius          7.3879E-03
 Energy calculation finished, energy: -1.365326425E+03
 QM energy (a.u.):   -1519.21830773316     
 XREF energy (a.u.):    153.891638420305     
 R(factor) =   0.278925000000000         R(free) =   0.273134000000000     
 Rejecting step, energy  1.358E-04 higher
 Energy calculation finished, energy: -1.365326669E+03
 QM energy (a.u.):   -1519.21827615985     
 XREF energy (a.u.):    153.891723223680     
 R(factor) =   0.278925000000000         R(free) =   0.273134000000000     
Testing convergence  in cycle   31
    Energy  1.0806E-04 Target: 1.0000E-05 converged?   no
  Max step  1.1260E-03 Target: 1.8000E-02 converged?  yes component    29
  RMS step  3.5545E-04 Target: 1.2000E-02 converged?  yes
  Max grad  2.7082E-03 Target: 4.5000E-03 converged?  yes component    81
  RMS grad  9.0803E-04 Target: 3.0000E-03 converged?  yes
 Predicted step length 6.8886E-02
 Trust radius          7.3879E-03
 Energy calculation finished, energy: -1.365326553E+03
 QM energy (a.u.):   -1519.21829948733     
 XREF energy (a.u.):    153.891543108953     
 R(factor) =   0.278926000000000         R(free) =   0.273133000000000     
 Rejecting step, energy  1.164E-04 higher
 Energy calculation finished, energy: -1.365326756E+03
 QM energy (a.u.):   -1519.21828921611     
 XREF energy (a.u.):    153.891609641035     
 R(factor) =   0.278926000000000         R(free) =   0.273133000000000     
Testing convergence  in cycle   33
    Energy  8.7070E-05 Target: 1.0000E-05 converged?   no
  Max step  1.0757E-03 Target: 1.8000E-02 converged?  yes component    81
  RMS step  3.5545E-04 Target: 1.2000E-02 converged?  yes
  Max grad  2.5521E-03 Target: 4.5000E-03 converged?  yes component    81
  RMS grad  8.5923E-04 Target: 3.0000E-03 converged?  yes
 Predicted step length 1.3058E-01
 Trust radius          7.3879E-03
 Energy calculation finished, energy: -1.365326680E+03
 QM energy (a.u.):   -1519.21833239703     
 XREF energy (a.u.):    153.891414996841     
 R(factor) =   0.278928000000000         R(free) =   0.273133000000000     
 Rejecting step, energy  7.680E-05 higher
 Energy calculation finished, energy: -1.365326917E+03
 QM energy (a.u.):   -1519.21831214497     
 XREF energy (a.u.):    153.891513066302     
 R(factor) =   0.278927000000000         R(free) =   0.273133000000000     
Testing convergence  in cycle   35
    Energy  1.6102E-04 Target: 1.0000E-05 converged?   no
  Max step  1.0628E-03 Target: 1.8000E-02 converged?  yes component    81
  RMS step  3.5545E-04 Target: 1.2000E-02 converged?  yes
  Max grad  2.4208E-03 Target: 4.5000E-03 converged?  yes component    81
  RMS grad  8.2929E-04 Target: 3.0000E-03 converged?  yes
 Predicted step length 8.8487E-02
 Trust radius          7.3879E-03
 Energy calculation finished, energy: -1.365326799E+03
 QM energy (a.u.):   -1519.21834287338     
 XREF energy (a.u.):    153.891361249407     
 R(factor) =   0.278932000000000         R(free) =   0.273132000000000     
 Rejecting step, energy  1.183E-04 higher
 Energy calculation finished, energy: -1.365326982E+03
 QM energy (a.u.):   -1519.21832832549     
 XREF energy (a.u.):    153.891398993479     
 R(factor) =   0.278929000000000         R(free) =   0.273132000000000     
Testing convergence  in cycle   37
    Energy  6.4220E-05 Target: 1.0000E-05 converged?   no
  Max step  1.0482E-03 Target: 1.8000E-02 converged?  yes component    81
  RMS step  3.5545E-04 Target: 1.2000E-02 converged?  yes
  Max grad  2.3045E-03 Target: 4.5000E-03 converged?  yes component    81
  RMS grad  7.9596E-04 Target: 3.0000E-03 converged?  yes
 Predicted step length 1.2813E-01
 Trust radius          7.3879E-03
 Energy calculation finished, energy: -1.365326929E+03
 QM energy (a.u.):   -1519.21833859177     
 XREF energy (a.u.):    153.891213207498     
 R(factor) =   0.278935000000000         R(free) =   0.273132000000000     
 Rejecting step, energy  5.229E-05 higher
 Energy calculation finished, energy: -1.365327125E+03
 QM energy (a.u.):   -1519.21833445537     
 XREF energy (a.u.):    153.891298586974     
 R(factor) =   0.278929000000000         R(free) =   0.273131000000000     
Testing convergence  in cycle   39
    Energy  1.4376E-04 Target: 1.0000E-05 converged?   no
  Max step  1.0369E-03 Target: 1.8000E-02 converged?  yes component    81
  RMS step  3.5545E-04 Target: 1.2000E-02 converged?  yes
  Max grad  2.2483E-03 Target: 4.5000E-03 converged?  yes component    87
  RMS grad  7.7771E-04 Target: 3.0000E-03 converged?  yes
 Predicted step length 1.2704E-01
 Trust radius          7.3879E-03
 Energy calculation finished, energy: -1.365327036E+03
 QM energy (a.u.):   -1519.21836769774     
 XREF energy (a.u.):    153.891178153692     
 R(factor) =   0.278935000000000         R(free) =   0.273131000000000     
 Rejecting step, energy  8.951E-05 higher
 Energy calculation finished, energy: -1.365327190E+03
 QM energy (a.u.):   -1519.21835189793     
 XREF energy (a.u.):    153.891174940232     
 R(factor) =   0.278931000000000         R(free) =   0.273131000000000     
Testing convergence  in cycle   41
    Energy  6.4160E-05 Target: 1.0000E-05 converged?   no
  Max step  1.0171E-03 Target: 1.8000E-02 converged?  yes component    87
  RMS step  3.5545E-04 Target: 1.2000E-02 converged?  yes
  Max grad  2.2379E-03 Target: 4.5000E-03 converged?  yes component    87
  RMS grad  7.4878E-04 Target: 3.0000E-03 converged?  yes
 Predicted step length 1.3522E-01
 Trust radius          7.3879E-03
 Energy calculation finished, energy: -1.365327177E+03
 QM energy (a.u.):   -1519.21835643594     
 XREF energy (a.u.):    153.891057327448     
 R(factor) =   0.278938000000000         R(free) =   0.273131000000000     
 Rejecting step, energy  1.258E-05 higher
 Energy calculation finished, energy: -1.365327299E+03
 QM energy (a.u.):   -1519.21835483968     
 XREF energy (a.u.):    153.891062567722     
 R(factor) =   0.278933000000000         R(free) =   0.273131000000000     
Testing convergence  in cycle   43
    Energy  1.0957E-04 Target: 1.0000E-05 converged?   no
  Max step  1.0464E-03 Target: 1.8000E-02 converged?  yes component    87
  RMS step  3.5545E-04 Target: 1.2000E-02 converged?  yes
  Max grad  2.2289E-03 Target: 4.5000E-03 converged?  yes component    87
  RMS grad  7.3245E-04 Target: 3.0000E-03 converged?  yes
 Predicted step length 1.4363E-01
 Trust radius          7.3879E-03
 Energy calculation finished, energy: -1.365327292E+03
 QM energy (a.u.):   -1519.21838175552     
 XREF energy (a.u.):    153.890963393575     
 R(factor) =   0.278939000000000         R(free) =   0.273130000000000     
 Rejecting step, energy  6.840E-06 higher
 Energy calculation finished, energy: -1.365327418E+03
 QM energy (a.u.):   -1519.21836886602     
 XREF energy (a.u.):    153.890964241337     
 R(factor) =   0.278935000000000         R(free) =   0.273130000000000     
Testing convergence  in cycle   45
    Energy  1.1925E-04 Target: 1.0000E-05 converged?   no
  Max step  1.0730E-03 Target: 1.8000E-02 converged?  yes component    87
  RMS step  3.5545E-04 Target: 1.2000E-02 converged?  yes
  Max grad  2.2223E-03 Target: 4.5000E-03 converged?  yes component    87
  RMS grad  7.1450E-04 Target: 3.0000E-03 converged?  yes
 Predicted step length 1.6961E-01
 Trust radius          7.3879E-03
 Energy calculation finished, energy: -1.365327405E+03
 QM energy (a.u.):   -1519.21837920582     
 XREF energy (a.u.):    153.890876131935     
 R(factor) =   0.278940000000000         R(free) =   0.273130000000000     
 Rejecting step, energy  1.374E-05 higher
 Energy calculation finished, energy: -1.365327503E+03
 QM energy (a.u.):   -1519.21837454984     
 XREF energy (a.u.):    153.890889125656     
 R(factor) =   0.278936000000000         R(free) =   0.273130000000000     
Testing convergence  in cycle   47
    Energy  8.4710E-05 Target: 1.0000E-05 converged?   no
  Max step  1.0956E-03 Target: 1.8000E-02 converged?  yes component    87
  RMS step  3.5545E-04 Target: 1.2000E-02 converged?  yes
  Max grad  2.2157E-03 Target: 4.5000E-03 converged?  yes component    87
  RMS grad  6.9935E-04 Target: 3.0000E-03 converged?  yes
 Predicted step length 1.6999E-01
 Trust radius          7.3879E-03
 Energy calculation finished, energy: -1.365327485E+03
 QM energy (a.u.):   -1519.21838455475     
 XREF energy (a.u.):    153.890781766021     
 R(factor) =   0.278941000000000         R(free) =   0.273129000000000     
 Rejecting step, energy  1.765E-05 higher
 Energy calculation finished, energy: -1.365327603E+03
 QM energy (a.u.):   -1519.21838006234     
 XREF energy (a.u.):    153.890795163112     
 R(factor) =   0.278936000000000         R(free) =   0.273129000000000     
Testing convergence  in cycle   49
    Energy  9.9720E-05 Target: 1.0000E-05 converged?   no
  Max step  1.1153E-03 Target: 1.8000E-02 converged?  yes component    87
  RMS step  3.5545E-04 Target: 1.2000E-02 converged?  yes
  Max grad  2.2083E-03 Target: 4.5000E-03 converged?  yes component    87
  RMS grad  6.8444E-04 Target: 3.0000E-03 converged?  yes
 Predicted step length 1.8326E-01
 Trust radius          7.3879E-03
 Energy calculation finished, energy: -1.365327585E+03
 QM energy (a.u.):   -1519.21839836542     
 XREF energy (a.u.):    153.890702837817     
 R(factor) =   0.278942000000000         R(free) =   0.273129000000000     
 Rejecting step, energy  1.789E-05 higher
 Energy calculation finished, energy: -1.365327696E+03
 QM energy (a.u.):   -1519.21838963230     
 XREF energy (a.u.):    153.890723558834     
 R(factor) =   0.278938000000000         R(free) =   0.273129000000000     
Testing convergence  in cycle   51
    Energy  9.2740E-05 Target: 1.0000E-05 converged?   no
  Max step  1.1344E-03 Target: 1.8000E-02 converged?  yes component    87
  RMS step  3.5545E-04 Target: 1.2000E-02 converged?  yes
  Max grad  2.2028E-03 Target: 4.5000E-03 converged?  yes component    87
  RMS grad  6.7289E-04 Target: 3.0000E-03 converged?  yes
 Predicted step length 1.9615E-01
 Trust radius          7.3879E-03
 Energy calculation finished, energy: -1.365327666E+03
 QM energy (a.u.):   -1519.21838907407     
 XREF energy (a.u.):    153.890643020964     
 R(factor) =   0.278946000000000         R(free) =   0.273129000000000     
 Rejecting step, energy  2.946E-05 higher
 Energy calculation finished, energy: -1.365327746E+03
 QM energy (a.u.):   -1519.21838976192     
 XREF energy (a.u.):    153.890653330524     
 R(factor) =   0.278940000000000         R(free) =   0.273129000000000     
Testing convergence  in cycle   53
    Energy  5.0520E-05 Target: 1.0000E-05 converged?   no
  Max step  1.1527E-03 Target: 1.8000E-02 converged?  yes component    87
  RMS step  3.5545E-04 Target: 1.2000E-02 converged?  yes
  Max grad  2.1946E-03 Target: 4.5000E-03 converged?  yes component    87
  RMS grad  6.6137E-04 Target: 3.0000E-03 converged?  yes
 Predicted step length 2.0752E-01
 Trust radius          7.3879E-03
 Energy calculation finished, energy: -1.365327736E+03
 QM energy (a.u.):   -1519.21840286393     
 XREF energy (a.u.):    153.890596945317     
 R(factor) =   0.278948000000000         R(free) =   0.273129000000000     
 Rejecting step, energy  9.620E-06 higher
 Energy calculation finished, energy: -1.365327806E+03
 QM energy (a.u.):   -1519.21839666664     
 XREF energy (a.u.):    153.890600740708     
 R(factor) =   0.278941000000000         R(free) =   0.273129000000000     
Testing convergence  in cycle   55
    Energy  5.9870E-05 Target: 1.0000E-05 converged?   no
  Max step  1.1678E-03 Target: 1.8000E-02 converged?  yes component    87
  RMS step  3.5545E-04 Target: 1.2000E-02 converged?  yes
  Max grad  2.1892E-03 Target: 4.5000E-03 converged?  yes component    87
  RMS grad  6.5014E-04 Target: 3.0000E-03 converged?  yes
 Predicted step length 2.1050E-01
 Trust radius          7.3879E-03
 Energy calculation finished, energy: -1.365327796E+03
 QM energy (a.u.):   -1519.21840156325     
 XREF energy (a.u.):    153.890519212312     
 R(factor) =   0.278949000000000         R(free) =   0.273129000000000     
 Rejecting step, energy  9.990E-06 higher
 Energy calculation finished, energy: -1.365327882E+03
 QM energy (a.u.):   -1519.21839944188     
 XREF energy (a.u.):    153.890480650154     
 R(factor) =   0.278943000000000         R(free) =   0.273128000000000     
Testing convergence  in cycle   57
    Energy  7.6430E-05 Target: 1.0000E-05 converged?   no
  Max step  1.1844E-03 Target: 1.8000E-02 converged?  yes component    87
  RMS step  3.5545E-04 Target: 1.2000E-02 converged?  yes
  Max grad  2.1834E-03 Target: 4.5000E-03 converged?  yes component    87
  RMS grad  6.4157E-04 Target: 3.0000E-03 converged?  yes
 Predicted step length 2.2926E-01
 Trust radius          7.3879E-03
 Energy calculation finished, energy: -1.365327919E+03
 QM energy (a.u.):   -1519.21840140985     
 XREF energy (a.u.):    153.890420603231     
 R(factor) =   0.278950000000000         R(free) =   0.273129000000000     
Testing convergence  in cycle   58
    Energy  3.6440E-05 Target: 1.0000E-05 converged?   no
  Max step  2.4005E-03 Target: 1.8000E-02 converged?  yes component    87
  RMS step  7.1090E-04 Target: 1.2000E-02 converged?  yes
  Max grad  2.1893E-03 Target: 4.5000E-03 converged?  yes component    87
  RMS grad  6.4994E-04 Target: 3.0000E-03 converged?  yes
 Predicted step length 4.5062E-01
 Trust radius          7.3879E-03
 Energy calculation finished, energy: -1.365327981E+03
 QM energy (a.u.):   -1519.21839742248     
 XREF energy (a.u.):    153.890188295393     
 R(factor) =   0.278948000000000         R(free) =   0.273128000000000     
Testing convergence  in cycle   59
    Energy  6.2020E-05 Target: 1.0000E-05 converged?   no
  Max step  2.4689E-03 Target: 1.8000E-02 converged?  yes component    87
  RMS step  7.1090E-04 Target: 1.2000E-02 converged?  yes
  Max grad  2.1756E-03 Target: 4.5000E-03 converged?  yes component    87
  RMS grad  6.3304E-04 Target: 3.0000E-03 converged?  yes
 Predicted step length 2.2999E-01
 Trust radius          1.4776E-02
 Energy calculation finished, energy: -1.365328209E+03
 QM energy (a.u.):   -1519.21843390891     
 XREF energy (a.u.):    153.890074550407     
 R(factor) =   0.278954000000000         R(free) =   0.273128000000000     
Testing convergence  in cycle   60
    Energy  2.2832E-04 Target: 1.0000E-05 converged?   no
  Max step  5.1604E-03 Target: 1.8000E-02 converged?  yes component    87
  RMS step  1.4218E-03 Target: 1.2000E-02 converged?  yes
  Max grad  2.1490E-03 Target: 4.5000E-03 converged?  yes component    87
  RMS grad  6.4465E-04 Target: 3.0000E-03 converged?  yes
 Predicted step length 8.3116E-01
 Trust radius          2.9552E-02
 Energy calculation finished, energy: -1.365328359E+03
 QM energy (a.u.):   -1519.21850809965     
 XREF energy (a.u.):    153.889471326927     
 R(factor) =   0.278958000000000         R(free) =   0.273126000000000     
Testing convergence  in cycle   61
    Energy  1.5023E-04 Target: 1.0000E-05 converged?   no
  Max step  1.0410E-02 Target: 1.8000E-02 converged?  yes component    87
  RMS step  2.8436E-03 Target: 1.2000E-02 converged?  yes
  Max grad  2.0736E-03 Target: 4.5000E-03 converged?  yes component    87
  RMS grad  6.2848E-04 Target: 3.0000E-03 converged?  yes
 Predicted step length 6.5245E-01
 Trust radius          5.0000E-02
 Energy calculation finished, energy: -1.365329037E+03
 QM energy (a.u.):   -1519.21838167949     
 XREF energy (a.u.):    153.888577254076     
 R(factor) =   0.278976000000000         R(free) =   0.273124000000000     
Testing convergence  in cycle   62
    Energy  6.7741E-04 Target: 1.0000E-05 converged?   no
  Max step  1.7614E-02 Target: 1.8000E-02 converged?  yes component    87
  RMS step  4.8113E-03 Target: 1.2000E-02 converged?  yes
  Max grad  2.1827E-03 Target: 4.5000E-03 converged?  yes component    25
  RMS grad  7.9652E-04 Target: 3.0000E-03 converged?  yes
 Predicted step length 1.0716E+00
 Trust radius          5.0000E-02
 Energy calculation finished, energy: -1.365329804E+03
 QM energy (a.u.):   -1519.21796390572     
 XREF energy (a.u.):    153.887032342165     
 R(factor) =   0.278991000000000         R(free) =   0.273121000000000     
Testing convergence  in cycle   63
    Energy  7.6766E-04 Target: 1.0000E-05 converged?   no
  Max step  1.7477E-02 Target: 1.8000E-02 converged?  yes component    87
  RMS step  4.8113E-03 Target: 1.2000E-02 converged?  yes
  Max grad  4.0560E-03 Target: 4.5000E-03 converged?  yes component    55
  RMS grad  9.7244E-04 Target: 3.0000E-03 converged?  yes
 Predicted step length 1.6508E-01
 Trust radius          5.0000E-02
 Energy calculation finished, energy: -1.365330932E+03
 QM energy (a.u.):   -1519.21775251105     
 XREF energy (a.u.):    153.886338400572     
 R(factor) =   0.279015000000000         R(free) =   0.273119000000000     
Testing convergence  in cycle   64
    Energy  1.1271E-03 Target: 1.0000E-05 converged?   no
  Max step  1.7762E-02 Target: 1.8000E-02 converged?  yes component    87
  RMS step  4.8113E-03 Target: 1.2000E-02 converged?  yes
  Max grad  7.0440E-03 Target: 4.5000E-03 converged?   no component     6
  RMS grad  2.1146E-03 Target: 3.0000E-03 converged?  yes
 Predicted step length 4.9915E-01
 Trust radius          5.0000E-02
 Energy calculation finished, energy: -1.365331414E+03
 QM energy (a.u.):   -1519.21764159237     
 XREF energy (a.u.):    153.885723475995     
 R(factor) =   0.279044000000000         R(free) =   0.273118000000000     
Testing convergence  in cycle   65
    Energy  4.8255E-04 Target: 1.0000E-05 converged?   no
  Max step  1.7745E-02 Target: 1.8000E-02 converged?  yes component    87
  RMS step  4.8113E-03 Target: 1.2000E-02 converged?  yes
  Max grad  7.3912E-03 Target: 4.5000E-03 converged?   no component     6
  RMS grad  2.2214E-03 Target: 3.0000E-03 converged?  yes
 Predicted step length 2.1958E-01
 Trust radius          5.0000E-02
 Energy calculation finished, energy: -1.365331918E+03
 QM energy (a.u.):   -1519.21753876058     
 XREF energy (a.u.):    153.885192850000     
 R(factor) =   0.279066000000000         R(free) =   0.273125000000000     
Testing convergence  in cycle   66
    Energy  5.0401E-04 Target: 1.0000E-05 converged?   no
  Max step  1.8156E-02 Target: 1.8000E-02 converged?   no component    87
  RMS step  4.8113E-03 Target: 1.2000E-02 converged?  yes
  Max grad  5.9075E-03 Target: 4.5000E-03 converged?   no component    19
  RMS grad  1.9430E-03 Target: 3.0000E-03 converged?  yes
 Predicted step length 2.2989E-01
 Trust radius          5.0000E-02
 Energy calculation finished, energy: -1.365332346E+03
 QM energy (a.u.):   -1519.21728138838     
 XREF energy (a.u.):    153.884388342000     
 R(factor) =   0.279105000000000         R(free) =   0.273124000000000     
Testing convergence  in cycle   67
    Energy  4.2779E-04 Target: 1.0000E-05 converged?   no
  Max step  1.8276E-02 Target: 1.8000E-02 converged?   no component    87
  RMS step  4.8113E-03 Target: 1.2000E-02 converged?  yes
  Max grad  4.4551E-03 Target: 4.5000E-03 converged?  yes component    22
  RMS grad  1.4888E-03 Target: 3.0000E-03 converged?  yes
 Predicted step length 5.5740E-02
 Trust radius          5.0000E-02
 Energy calculation finished, energy: -1.365332893E+03
 QM energy (a.u.):   -1519.21693863547     
 XREF energy (a.u.):    153.883765901309     
 R(factor) =   0.279145000000000         R(free) =   0.273124000000000     
Testing convergence  in cycle   68
    Energy  5.4714E-04 Target: 1.0000E-05 converged?   no
  Max step  1.9111E-02 Target: 1.8000E-02 converged?   no component    87
  RMS step  4.8113E-03 Target: 1.2000E-02 converged?  yes
  Max grad  4.6450E-03 Target: 4.5000E-03 converged?   no component    81
  RMS grad  1.7443E-03 Target: 3.0000E-03 converged?  yes
 Predicted step length 5.5225E-02
 Trust radius          5.0000E-02
 Energy calculation finished, energy: -1.365333173E+03
 QM energy (a.u.):   -1519.21637307258     
 XREF energy (a.u.):    153.883650033044     
 R(factor) =   0.279181000000000         R(free) =   0.273121000000000     
Testing convergence  in cycle   69
    Energy  2.7968E-04 Target: 1.0000E-05 converged?   no
  Max step  1.9483E-02 Target: 1.8000E-02 converged?   no component    87
  RMS step  4.8113E-03 Target: 1.2000E-02 converged?  yes
  Max grad  5.4456E-03 Target: 4.5000E-03 converged?   no component    60
  RMS grad  2.1753E-03 Target: 3.0000E-03 converged?  yes
 Predicted step length 1.2713E-02
 Trust radius          5.0000E-02
 Energy calculation finished, energy: -1.365332723E+03
 QM energy (a.u.):   -1519.21631839837     
 XREF energy (a.u.):    153.883628789605     
 R(factor) =   0.279186000000000         R(free) =   0.273120000000000     
 Rejecting step, energy  4.497E-04 higher
 Energy calculation finished, energy: -1.365332690E+03
 QM energy (a.u.):   -1519.21637797752     
 XREF energy (a.u.):    153.883773270866     
 R(factor) =   0.279186000000000         R(free) =   0.273122000000000     
 Rejecting step, energy  4.831E-04 higher
 Energy calculation finished, energy: -1.365332605E+03
 QM energy (a.u.):   -1519.21638359051     
 XREF energy (a.u.):    153.883629884359     
 R(factor) =   0.279190000000000         R(free) =   0.273122000000000     
 Rejecting step, energy  5.680E-04 higher
 Energy calculation finished, energy: -1.365332754E+03
 QM energy (a.u.):   -1519.21638039094     
 XREF energy (a.u.):    153.883685023691     
 R(factor) =   0.279189000000000         R(free) =   0.273122000000000     
 Rejecting step, energy  4.190E-04 higher
 Energy calculation finished, energy: -1.365332695E+03
 QM energy (a.u.):   -1519.21637721481     
 XREF energy (a.u.):    153.883435919550     
 R(factor) =   0.279189000000000         R(free) =   0.273123000000000     
 Rejecting step, energy  4.774E-04 higher
 Energy calculation finished, energy: -1.365332941E+03
 QM energy (a.u.):   -1519.21637484503     
 XREF energy (a.u.):    153.883529513791     
 R(factor) =   0.279192000000000         R(free) =   0.273122000000000     
 Rejecting step, energy  2.314E-04 higher
 Energy calculation finished, energy: -1.365332845E+03
 QM energy (a.u.):   -1519.21637379170     
 XREF energy (a.u.):    153.883437859254     
 R(factor) =   0.279196000000000         R(free) =   0.273122000000000     
 Rejecting step, energy  3.274E-04 higher
 Energy calculation finished, energy: -1.365332936E+03
 QM energy (a.u.):   -1519.21637364861     
 XREF energy (a.u.):    153.883524836104     
 R(factor) =   0.279194000000000         R(free) =   0.273122000000000     
 Rejecting step, energy  2.368E-04 higher
 Energy calculation finished, energy: -1.365332849E+03
 QM energy (a.u.):   -1519.21637336335     
 XREF energy (a.u.):    153.883422871722     
 R(factor) =   0.279200000000000         R(free) =   0.273122000000000     
 Rejecting step, energy  3.239E-04 higher
 Energy calculation finished, energy: -1.365332950E+03
 QM energy (a.u.):   -1519.21637321736     
 XREF energy (a.u.):    153.883517457345     
 R(factor) =   0.279198000000000         R(free) =   0.273122000000000     
 Rejecting step, energy  2.222E-04 higher
 Energy calculation finished, energy: -1.365332856E+03
 QM energy (a.u.):   -1519.21637314550     
 XREF energy (a.u.):    153.883413279872     
 R(factor) =   0.279203000000000         R(free) =   0.273122000000000     
 Rejecting step, energy  3.170E-04 higher
 Energy calculation finished, energy: -1.365332960E+03
 QM energy (a.u.):   -1519.21637310943     
 XREF energy (a.u.):    153.883570728368     
 R(factor) =   0.279201000000000         R(free) =   0.273122000000000     
 Rejecting step, energy  2.129E-04 higher
 Energy calculation finished, energy: -1.365332802E+03
 QM energy (a.u.):   -1519.21637309136     
 XREF energy (a.u.):    153.883433063837     
 R(factor) =   0.279207000000000         R(free) =   0.273122000000000     
 Rejecting step, energy  3.703E-04 higher
 Energy calculation finished, energy: -1.365332940E+03
 QM energy (a.u.):   -1519.21637308231     
 XREF energy (a.u.):    153.883530809098     
 R(factor) =   0.279203000000000         R(free) =   0.273122000000000     
 Rejecting step, energy  2.327E-04 higher
 Energy calculation finished, energy: -1.365332842E+03
 QM energy (a.u.):   -1519.21637307711     
 XREF energy (a.u.):    153.883396225349     
 R(factor) =   0.279208000000000         R(free) =   0.273122000000000     
 Rejecting step, energy  3.305E-04 higher
 Energy calculation finished, energy: -1.365332977E+03
 QM energy (a.u.):   -1519.21637307514     
 XREF energy (a.u.):    153.883509480150     
 R(factor) =   0.279202000000000         R(free) =   0.273122000000000     
 Rejecting step, energy  1.959E-04 higher
 Energy calculation finished, energy: -1.365332864E+03
 QM energy (a.u.):   -1519.21637307386     
 XREF energy (a.u.):    153.883409330966     
 R(factor) =   0.279208000000000         R(free) =   0.273122000000000     
 Rejecting step, energy  3.091E-04 higher
 Step too small, restarting optimiser.
Testing convergence  in cycle   86
    Energy  3.0914E-04 Target: 1.0000E-05 converged?   no
  Max step  2.7716E-08 Target: 1.8000E-02 converged?  yes component    26
  RMS step  9.3331E-09 Target: 1.2000E-02 converged?  yes
  Max grad  1.1687E-02 Target: 4.5000E-03 converged?   no component     2
  RMS grad  3.2508E-03 Target: 3.0000E-03 converged?   no
 Predicted step length 2.0000E-02
 Trust radius          5.0000E-02
 Energy calculation finished, energy: -1.365332964E+03
 QM energy (a.u.):   -1519.21700926726     
 XREF energy (a.u.):    153.883887232888     
 R(factor) =   0.279195000000000         R(free) =   0.273125000000000     
Testing convergence  in cycle   87
    Energy  1.0015E-04 Target: 1.0000E-05 converged?   no
  Max step  6.9188E-03 Target: 1.8000E-02 converged?  yes component     2
  RMS step  1.9245E-03 Target: 1.2000E-02 converged?  yes
  Max grad  1.1686E-02 Target: 4.5000E-03 converged?   no component     2
  RMS grad  3.2503E-03 Target: 3.0000E-03 converged?   no
 Predicted step length 2.4646E+02
 Trust radius          5.0000E-02
 Energy calculation finished, energy: -1.365333122E+03
 QM energy (a.u.):   -1519.21356317473     
 XREF energy (a.u.):    153.884966833107     
 R(factor) =   0.279179000000000         R(free) =   0.273132000000000     
Testing convergence  in cycle   88
    Energy  1.5829E-04 Target: 1.0000E-05 converged?   no
  Max step  1.7349E-02 Target: 1.8000E-02 converged?  yes component     2
  RMS step  4.8113E-03 Target: 1.2000E-02 converged?  yes
  Max grad  4.5090E-03 Target: 4.5000E-03 converged?   no component    35
  RMS grad  1.5109E-03 Target: 3.0000E-03 converged?  yes
 Predicted step length 7.6602E-02
 Trust radius          5.0000E-02
 Energy calculation finished, energy: -1.365328596E+03
 QM energy (a.u.):   -1519.21177229158     
 XREF energy (a.u.):    153.887633010746     
 R(factor) =   0.279097000000000         R(free) =   0.273130000000000     
 Rejecting step, energy  4.526E-03 higher
 Energy calculation finished, energy: -1.365324139E+03
 QM energy (a.u.):   -1519.21336163470     
 XREF energy (a.u.):    153.885852322851     
 R(factor) =   0.279148000000000         R(free) =   0.273131000000000     
 Rejecting step, energy  8.983E-03 higher
 Energy calculation finished, energy: -1.365327509E+03
 QM energy (a.u.):   -1519.21363664837     
 XREF energy (a.u.):    153.885312748260     
 R(factor) =   0.279166000000000         R(free) =   0.273131000000000     
 Rejecting step, energy  5.613E-03 higher
 Energy calculation finished, energy: -1.365328324E+03
 QM energy (a.u.):   -1519.21364362204     
 XREF energy (a.u.):    153.884720541360     
 R(factor) =   0.279177000000000         R(free) =   0.273131000000000     
 Rejecting step, energy  4.798E-03 higher
 Energy calculation finished, energy: -1.365328923E+03
 QM energy (a.u.):   -1519.21361438481     
 XREF energy (a.u.):    153.884632293572     
 R(factor) =   0.279182000000000         R(free) =   0.273132000000000     
 Rejecting step, energy  4.199E-03 higher
 Energy calculation finished, energy: -1.365328982E+03
 QM energy (a.u.):   -1519.21359150389     
 XREF energy (a.u.):    153.884526508098     
 R(factor) =   0.279187000000000         R(free) =   0.273132000000000     
 Rejecting step, energy  4.140E-03 higher
 Energy calculation finished, energy: -1.365329065E+03
 QM energy (a.u.):   -1519.21357801433     
 XREF energy (a.u.):    153.884514701530     
 R(factor) =   0.279189000000000         R(free) =   0.273132000000000     
 Rejecting step, energy  4.057E-03 higher
 Energy calculation finished, energy: -1.365329063E+03
 QM energy (a.u.):   -1519.21357076439     
 XREF energy (a.u.):    153.884504721157     
 R(factor) =   0.279190000000000         R(free) =   0.273132000000000     
 Rejecting step, energy  4.059E-03 higher
 Energy calculation finished, energy: -1.365329066E+03
 QM energy (a.u.):   -1519.21356701201     
 XREF energy (a.u.):    153.884449990205     
 R(factor) =   0.279189000000000         R(free) =   0.273132000000000     
 Rejecting step, energy  4.056E-03 higher
 Energy calculation finished, energy: -1.365329117E+03
 QM energy (a.u.):   -1519.21356510473     
 XREF energy (a.u.):    153.884493299051     
 R(factor) =   0.279191000000000         R(free) =   0.273133000000000     
 Rejecting step, energy  4.005E-03 higher
 Energy calculation finished, energy: -1.365329072E+03
 QM energy (a.u.):   -1519.21356414231     
 XREF energy (a.u.):    153.884432184363     
 R(factor) =   0.279190000000000         R(free) =   0.273132000000000     
 Rejecting step, energy  4.050E-03 higher
 Energy calculation finished, energy: -1.365329132E+03
 QM energy (a.u.):   -1519.21356365932     
 XREF energy (a.u.):    153.884475229113     
 R(factor) =   0.279190000000000         R(free) =   0.273133000000000     
 Rejecting step, energy  3.990E-03 higher
 Energy calculation finished, energy: -1.365329088E+03
 QM energy (a.u.):   -1519.21356341655     
 XREF energy (a.u.):    153.884400153627     
 R(factor) =   0.279190000000000         R(free) =   0.273132000000000     
 Rejecting step, energy  4.034E-03 higher
 Energy calculation finished, energy: -1.365329163E+03
 QM energy (a.u.):   -1519.21356329668     
 XREF energy (a.u.):    153.884471060765     
 R(factor) =   0.279191000000000         R(free) =   0.273133000000000     
 Rejecting step, energy  3.959E-03 higher
 Energy calculation finished, energy: -1.365329092E+03
 QM energy (a.u.):   -1519.21356323424     
 XREF energy (a.u.):    153.884411740069     
 R(factor) =   0.279190000000000         R(free) =   0.273132000000000     
 Rejecting step, energy  4.030E-03 higher
 Energy calculation finished, energy: -1.365329151E+03
 QM energy (a.u.):   -1519.21356320478     
 XREF energy (a.u.):    153.884468418203     
 R(factor) =   0.279191000000000         R(free) =   0.273133000000000     
 Rejecting step, energy  3.971E-03 higher
 Energy calculation finished, energy: -1.365329095E+03
 QM energy (a.u.):   -1519.21356319011     
 XREF energy (a.u.):    153.884415089445     
 R(factor) =   0.279190000000000         R(free) =   0.273133000000000     
 Rejecting step, energy  4.027E-03 higher
 Energy calculation finished, energy: -1.365329148E+03
 QM energy (a.u.):   -1519.21356318137     
 XREF energy (a.u.):    153.884452622531     
 R(factor) =   0.279191000000000         R(free) =   0.273133000000000     
 Rejecting step, energy  3.974E-03 higher
 Energy calculation finished, energy: -1.365329111E+03
 QM energy (a.u.):   -1519.21356317751     
 XREF energy (a.u.):    153.884417335182     
 R(factor) =   0.279190000000000         R(free) =   0.273133000000000     
 Rejecting step, energy  4.011E-03 higher
 Step too small, restarting optimiser.
Testing convergence  in cycle  107
    Energy  4.0115E-03 Target: 1.0000E-05 converged?   no
  Max step  2.9444E-08 Target: 1.8000E-02 converged?  yes component     6
  RMS step  9.1767E-09 Target: 1.2000E-02 converged?  yes
  Max grad  4.2334E-02 Target: 4.5000E-03 converged?   no component     2
  RMS grad  9.3802E-03 Target: 3.0000E-03 converged?   no
 Predicted step length 2.0000E-02
 Trust radius          5.0000E-02
 Energy calculation finished, energy: -1.365329146E+03
 QM energy (a.u.):   -1519.21626213973     
 XREF energy (a.u.):    153.884203056939     
 R(factor) =   0.279189000000000         R(free) =   0.273129000000000     
Testing convergence  in cycle  108
    Energy  3.5280E-05 Target: 1.0000E-05 converged?   no
  Max step  8.6855E-03 Target: 1.8000E-02 converged?  yes component     2
  RMS step  1.9245E-03 Target: 1.2000E-02 converged?  yes
  Max grad  4.2335E-02 Target: 4.5000E-03 converged?   no component     2
  RMS grad  9.3804E-03 Target: 3.0000E-03 converged?   no
 Predicted step length 1.6846E+03
 Trust radius          5.0000E-02
 Energy calculation finished, energy: -1.365332059E+03
 QM energy (a.u.):   -1519.21599907848     
 XREF energy (a.u.):    153.883639352230     
 R(factor) =   0.279182000000000         R(free) =   0.273124000000000     
Testing convergence  in cycle  109
    Energy  2.9132E-03 Target: 1.0000E-05 converged?   no
  Max step  2.1573E-02 Target: 1.8000E-02 converged?   no component     2
  RMS step  4.8113E-03 Target: 1.2000E-02 converged?  yes
  Max grad  2.1510E-02 Target: 4.5000E-03 converged?   no component     2
  RMS grad  5.1272E-03 Target: 3.0000E-03 converged?   no
 Predicted step length 2.2466E-01
 Trust radius          5.0000E-02
 Energy calculation finished, energy: -1.365332360E+03
 QM energy (a.u.):   -1519.21031037231     
 XREF energy (a.u.):    153.883401146679     
 R(factor) =   0.279231000000000         R(free) =   0.273113000000000     
Testing convergence  in cycle  110
    Energy  3.0065E-04 Target: 1.0000E-05 converged?   no
  Max step  1.2336E-02 Target: 1.8000E-02 converged?  yes component    65
  RMS step  4.8113E-03 Target: 1.2000E-02 converged?  yes
  Max grad  2.9523E-02 Target: 4.5000E-03 converged?   no component     2
  RMS grad  6.5423E-03 Target: 3.0000E-03 converged?   no
 Predicted step length 1.2853E-01
 Trust radius          5.0000E-02
 Energy calculation finished, energy: -1.365326909E+03
 QM energy (a.u.):   -1519.21413160596     
 XREF energy (a.u.):    153.883253239328     
 R(factor) =   0.279181000000000         R(free) =   0.273122000000000     
 Rejecting step, energy  5.451E-03 higher
 Energy calculation finished, energy: -1.365330878E+03
 QM energy (a.u.):   -1519.21291271026     
 XREF energy (a.u.):    153.883331010726     
 R(factor) =   0.279199000000000         R(free) =   0.273118000000000     
 Rejecting step, energy  1.481E-03 higher
 Energy calculation finished, energy: -1.365329582E+03
 QM energy (a.u.):   -1519.21178529779     
 XREF energy (a.u.):    153.883425268981     
 R(factor) =   0.279213000000000         R(free) =   0.273114000000000     
 Rejecting step, energy  2.778E-03 higher
 Energy calculation finished, energy: -1.365328360E+03
 QM energy (a.u.):   -1519.21109137659     
 XREF energy (a.u.):    153.883405818005     
 R(factor) =   0.279215000000000         R(free) =   0.273114000000000     
 Rejecting step, energy  4.000E-03 higher
 Energy calculation finished, energy: -1.365327686E+03
 QM energy (a.u.):   -1519.21071175759     
 XREF energy (a.u.):    153.883401710185     
 R(factor) =   0.279223000000000         R(free) =   0.273112000000000     
 Rejecting step, energy  4.674E-03 higher
 Energy calculation finished, energy: -1.365327310E+03
 QM energy (a.u.):   -1519.21051380902     
 XREF energy (a.u.):    153.883410688366     
 R(factor) =   0.279219000000000         R(free) =   0.273112000000000     
 Rejecting step, energy  5.050E-03 higher
 Energy calculation finished, energy: -1.365327103E+03
 QM energy (a.u.):   -1519.21041276933     
 XREF energy (a.u.):    153.883448443909     
 R(factor) =   0.279220000000000         R(free) =   0.273111000000000     
 Rejecting step, energy  5.257E-03 higher
 Energy calculation finished, energy: -1.365326964E+03
 QM energy (a.u.):   -1519.21036174197     
 XREF energy (a.u.):    153.883388405917     
 R(factor) =   0.279216000000000         R(free) =   0.273112000000000     
 Rejecting step, energy  5.395E-03 higher
 Energy calculation finished, energy: -1.365326973E+03
 QM energy (a.u.):   -1519.21033609905     
 XREF energy (a.u.):    153.883383894246     
 R(factor) =   0.279220000000000         R(free) =   0.273111000000000     
 Rejecting step, energy  5.386E-03 higher
 Energy calculation finished, energy: -1.365326952E+03
 QM energy (a.u.):   -1519.21032324579     
 XREF energy (a.u.):    153.883419543041     
 R(factor) =   0.279216000000000         R(free) =   0.273112000000000     
 Rejecting step, energy  5.408E-03 higher
 Energy calculation finished, energy: -1.365326904E+03
 QM energy (a.u.):   -1519.21031680987     
 XREF energy (a.u.):    153.883448277626     
 R(factor) =   0.279219000000000         R(free) =   0.273112000000000     
 Rejecting step, energy  5.456E-03 higher
 Energy calculation finished, energy: -1.365326869E+03
 QM energy (a.u.):   -1519.21031359270     
 XREF energy (a.u.):    153.883475634639     
 R(factor) =   0.279216000000000         R(free) =   0.273112000000000     
 Rejecting step, energy  5.491E-03 higher
 Energy calculation finished, energy: -1.365326838E+03
 QM energy (a.u.):   -1519.21031198160     
 XREF energy (a.u.):    153.883508027041     
 R(factor) =   0.279219000000000         R(free) =   0.273112000000000     
 Rejecting step, energy  5.522E-03 higher
 Energy calculation finished, energy: -1.365326804E+03
 QM energy (a.u.):   -1519.21031117635     
 XREF energy (a.u.):    153.883524526393     
 R(factor) =   0.279216000000000         R(free) =   0.273112000000000     
 Rejecting step, energy  5.556E-03 higher
 Energy calculation finished, energy: -1.365326787E+03
 QM energy (a.u.):   -1519.21031077281     
 XREF energy (a.u.):    153.883530828240     
 R(factor) =   0.279217000000000         R(free) =   0.273112000000000     
 Rejecting step, energy  5.573E-03 higher
 Energy calculation finished, energy: -1.365326780E+03
 QM energy (a.u.):   -1519.21031057373     
 XREF energy (a.u.):    153.883522800820     
 R(factor) =   0.279215000000000         R(free) =   0.273112000000000     
 Rejecting step, energy  5.580E-03 higher
 Energy calculation finished, energy: -1.365326788E+03
 QM energy (a.u.):   -1519.21031047237     
 XREF energy (a.u.):    153.883533643540     
 R(factor) =   0.279217000000000         R(free) =   0.273112000000000     
 Rejecting step, energy  5.572E-03 higher
 Energy calculation finished, energy: -1.365326777E+03
 QM energy (a.u.):   -1519.21031042353     
 XREF energy (a.u.):    153.883533056425     
 R(factor) =   0.279215000000000         R(free) =   0.273112000000000     
 Rejecting step, energy  5.583E-03 higher
 Energy calculation finished, energy: -1.365326777E+03
 QM energy (a.u.):   -1519.21031039701     
 XREF energy (a.u.):    153.883537250301     
 R(factor) =   0.279217000000000         R(free) =   0.273112000000000     
 Rejecting step, energy  5.582E-03 higher
 Step too small, restarting optimiser.
Testing convergence  in cycle  129
    Energy  5.5824E-03 Target: 1.0000E-05 converged?   no
  Max step  2.6584E-08 Target: 1.8000E-02 converged?  yes component    49
  RMS step  9.1767E-09 Target: 1.2000E-02 converged?  yes
  Max grad  5.4639E-02 Target: 4.5000E-03 converged?   no component     2
  RMS grad  1.2459E-02 Target: 3.0000E-03 converged?   no
 Predicted step length 2.0000E-02
 Trust radius          5.0000E-02
 Energy calculation finished, energy: -1.365326773E+03
 QM energy (a.u.):   -1519.21433975561     
 XREF energy (a.u.):    153.883288408655     
 R(factor) =   0.279227000000000         R(free) =   0.273119000000000     
 Rejecting step, energy  4.220E-06 higher
 Energy calculation finished, energy: -1.365331051E+03
 QM energy (a.u.):   -1519.21256484158     
 XREF energy (a.u.):    153.883351182251     
 R(factor) =   0.279221000000000         R(free) =   0.273115000000000     
Testing convergence  in cycle  131
    Energy  4.2740E-03 Target: 1.0000E-05 converged?   no
  Max step  4.2201E-03 Target: 1.8000E-02 converged?  yes component     2
  RMS step  9.6225E-04 Target: 1.2000E-02 converged?  yes
  Max grad  3.2313E-02 Target: 4.5000E-03 converged?   no component     2
  RMS grad  7.4220E-03 Target: 3.0000E-03 converged?   no
 Predicted step length 1.5579E-02
 Trust radius          2.0000E-02
 Energy calculation finished, energy: -1.365329214E+03
 QM energy (a.u.):   -1519.21511675545     
 XREF energy (a.u.):    153.883240410504     
 R(factor) =   0.279225000000000         R(free) =   0.273120000000000     
 Rejecting step, energy  1.838E-03 higher
 Energy calculation finished, energy: -1.365331876E+03
 QM energy (a.u.):   -1519.21397184587     
 XREF energy (a.u.):    153.883282335054     
 R(factor) =   0.279223000000000         R(free) =   0.273117000000000     
Testing convergence  in cycle  133
    Energy  8.2499E-04 Target: 1.0000E-05 converged?   no
  Max step  3.1789E-03 Target: 1.8000E-02 converged?  yes component     2
  RMS step  7.4953E-04 Target: 1.2000E-02 converged?  yes
  Max grad  2.6546E-02 Target: 4.5000E-03 converged?   no component     2
  RMS grad  6.2581E-03 Target: 3.0000E-03 converged?   no
 Predicted step length 4.7251E-02
 Trust radius          1.5579E-02
 Energy calculation finished, energy: -1.365330690E+03
 QM energy (a.u.):   -1519.21597915026     
 XREF energy (a.u.):    153.883330047094     
 R(factor) =   0.279222000000000         R(free) =   0.273124000000000     
 Rejecting step, energy  1.187E-03 higher
 Energy calculation finished, energy: -1.365332649E+03
 QM energy (a.u.):   -1519.21511059131     
 XREF energy (a.u.):    153.883103577388     
 R(factor) =   0.279221000000000         R(free) =   0.273120000000000     
Testing convergence  in cycle  135
    Energy  7.7276E-04 Target: 1.0000E-05 converged?   no
  Max step  2.7177E-03 Target: 1.8000E-02 converged?  yes component     2
  RMS step  7.4953E-04 Target: 1.2000E-02 converged?  yes
  Max grad  2.0590E-02 Target: 4.5000E-03 converged?   no component     2
  RMS grad  4.5606E-03 Target: 3.0000E-03 converged?   no
 Predicted step length 2.4137E-02
 Trust radius          1.5579E-02
 Energy calculation finished, energy: -1.365332007E+03
 QM energy (a.u.):   -1519.21659501043     
 XREF energy (a.u.):    153.883427019791     
 R(factor) =   0.279225000000000         R(free) =   0.273124000000000     
 Rejecting step, energy  6.421E-04 higher
 Energy calculation finished, energy: -1.365333168E+03
 QM energy (a.u.):   -1519.21597013090     
 XREF energy (a.u.):    153.883372021101     
 R(factor) =   0.279219000000000         R(free) =   0.273122000000000     
Testing convergence  in cycle  137
    Energy  5.1889E-04 Target: 1.0000E-05 converged?   no
  Max step  3.1632E-03 Target: 1.8000E-02 converged?  yes component     2
  RMS step  7.4953E-04 Target: 1.2000E-02 converged?  yes
  Max grad  1.1056E-02 Target: 4.5000E-03 converged?   no component     2
  RMS grad  2.9934E-03 Target: 3.0000E-03 converged?  yes
 Predicted step length 1.8550E-02
 Trust radius          1.5579E-02
 Energy calculation finished, energy: -1.365332598E+03
 QM energy (a.u.):   -1519.21708931892     
 XREF energy (a.u.):    153.883539370362     
 R(factor) =   0.279218000000000         R(free) =   0.273129000000000     
 Rejecting step, energy  5.699E-04 higher
 Energy calculation finished, energy: -1.365333550E+03
 QM energy (a.u.):   -1519.21663496286     
 XREF energy (a.u.):    153.883420884029     
 R(factor) =   0.279217000000000         R(free) =   0.273126000000000     
Testing convergence  in cycle  139
    Energy  3.8196E-04 Target: 1.0000E-05 converged?   no
  Max step  2.4778E-03 Target: 1.8000E-02 converged?  yes component    35
  RMS step  7.4953E-04 Target: 1.2000E-02 converged?  yes
  Max grad  6.9188E-03 Target: 4.5000E-03 converged?   no component     2
  RMS grad  1.6774E-03 Target: 3.0000E-03 converged?  yes
 Predicted step length 1.0898E-02
 Trust radius          1.5579E-02
 Energy calculation finished, energy: -1.365333214E+03
 QM energy (a.u.):   -1519.21716800153     
 XREF energy (a.u.):    153.883613768543     
 R(factor) =   0.279216000000000         R(free) =   0.273128000000000     
 Rejecting step, energy  3.359E-04 higher
 Energy calculation finished, energy: -1.365333554E+03
 QM energy (a.u.):   -1519.21694190179     
 XREF energy (a.u.):    153.883465777239     
 R(factor) =   0.279215000000000         R(free) =   0.273127000000000     
Testing convergence  in cycle  141
    Energy  4.2800E-06 Target: 1.0000E-05 converged?  yes
  Max step  1.7751E-03 Target: 1.8000E-02 converged?  yes component     2
  RMS step  5.2431E-04 Target: 1.2000E-02 converged?  yes
  Max grad  4.3785E-03 Target: 4.5000E-03 converged?  yes component    35
  RMS grad  1.2226E-03 Target: 3.0000E-03 converged?  yes
Convergence reached

 Optimisation converged
 ----------------------
 Final converged energy:   -1365.333554230000


DL-FIND Report:
===============
Optimisation algorithm: L-BFGS
Number of steps in L-BFGS memory ...............        100
 
Trust radius based on energy
Maximum step length ............................  5.000E-02
 
Coordinate system: Cartesian coordinates
 
Number of atoms ................................       4020
Number of input geometries .....................          1
Variables to be optimised ......................        108
No restart information is written
This run has not been restarted.
Number of energy evaluations on this processor .        141
Number of steps ................................        141
Number of accepted steps / line searches .......         48
 

Timing report
=============
Module                                      CPU time            Wall clock time
Total .................................    17.620 (100.00%)  5953.946 (100.00%) seconds
Energy and Gradient ...................     1.130 (  6.41%)     1.553 (  0.03%) seconds
Step direction ........................     2.049 ( 11.63%)     4.673 (  0.08%) seconds
Coordinate transformation .............     0.069 (  0.39%)     0.068 (  0.00%) seconds
Checkpoint file I/O ...................     0.000 (  0.00%)     0.000 (  0.00%) seconds
XYZ-file I/O ..........................     0.000 (  0.00%)     0.000 (  0.00%) seconds
Maximum memory usage ........................... 7.8240E+03 kB
Tue Jan  2 19:21:07 CST 2024
