This job is running on host node28
Current directory: /home/chem-zhonglh/yanzy/QR_APP/5HLS/QRs/MlatomONIOMSEMM_R1
Wed Nov  9 09:01:04 CST 2022
 using Gaussian + CNS
 QM energy (a.u.):   -1855.02738488445     
 XREF energy (a.u.):    71.0490126716164     
 R(factor) =   0.251586000000000         R(free) =   0.240322000000000     
 External sizes:        7857           1        5238

***********************************************************************
**                                                                   **
**                       ---------------------                       **
**                              DL-FIND                              **
**                       Geometry Optimisation                       **
**                       ---------------------                       **
**                                                                   **
**                 J. Kaestner, J.M. Carr, T.W. Keal,                **
**                W. Thiel, A. Wander and P. Sherwood                **
**                                                                   **
**              J. Phys. Chem. A, 2009, 113 (43), 11856.             **
**                                                                   **
**   Please include this reference in published work using DL-FIND.  **
**                                                                   **
**               Copyright:  STFC Daresbury Laboratory               **
**                           Revision: Unversioned directory         **
**                                                                   **
***********************************************************************


DL-FIND Report:
===============
Optimisation algorithm: L-BFGS
Number of steps in L-BFGS memory ...............        100
 
Trust radius based on energy
Maximum step length ............................  3.000E-02
 
Coordinate system: Cartesian coordinates
 
Number of atoms ................................       2619
Number of input geometries .....................          1
Variables to be optimised ......................        126
No restart information is written
This run has not been restarted.
Maximum number of steps ........................       5000
Maximum number of energy evaluations ...........      10000
 
 Energy calculation finished, energy: -1.783978372E+03
 QM energy (a.u.):   -1855.02738488445     
 XREF energy (a.u.):    71.0165076991273     
 R(factor) =   0.251165000000000         R(free) =   0.240024000000000     
Testing convergence  in cycle    1
  Max grad  3.5733E-02 Target: 4.5000E-03 converged?   no component    99
  RMS grad  1.2990E-02 Target: 3.0000E-03 converged?   no
 Predicted step length 2.0000E-02
 Trust radius          3.0000E-02
 Energy calculation finished, energy: -1.784010877E+03
 QM energy (a.u.):   -1855.02982002114     
 XREF energy (a.u.):    70.9955318446602     
 R(factor) =   0.251613000000000         R(free) =   0.239446000000000     
Testing convergence  in cycle    2
    Energy  3.2505E-02 Target: 1.0000E-05 converged?   no
  Max step  4.9013E-03 Target: 1.8000E-02 converged?  yes component    99
  RMS step  1.7817E-03 Target: 1.2000E-02 converged?  yes
  Max grad  3.5440E-02 Target: 4.5000E-03 converged?   no component    99
  RMS grad  1.2955E-02 Target: 3.0000E-03 converged?   no
 Predicted step length 1.3799E+01
 Trust radius          3.0000E-02
 Energy calculation finished, energy: -1.784034288E+03
 QM energy (a.u.):   -1855.03158602618     
 XREF energy (a.u.):    70.9746849806419     
 R(factor) =   0.251920000000000         R(free) =   0.239001000000000     
Testing convergence  in cycle    3
    Energy  2.3411E-02 Target: 1.0000E-05 converged?   no
  Max step  7.1919E-03 Target: 1.8000E-02 converged?  yes component    57
  RMS step  2.6726E-03 Target: 1.2000E-02 converged?  yes
  Max grad  2.9265E-02 Target: 4.5000E-03 converged?   no component    90
  RMS grad  1.0409E-02 Target: 3.0000E-03 converged?   no
 Predicted step length 1.6021E-01
 Trust radius          3.0000E-02
 Energy calculation finished, energy: -1.784056901E+03
 QM energy (a.u.):   -1855.03204018731     
 XREF energy (a.u.):    70.9556992489259     
 R(factor) =   0.252392000000000         R(free) =   0.238562000000000     
Testing convergence  in cycle    4
    Energy  2.2613E-02 Target: 1.0000E-05 converged?   no
  Max step  8.7666E-03 Target: 1.8000E-02 converged?  yes component    90
  RMS step  2.6726E-03 Target: 1.2000E-02 converged?  yes
  Max grad  2.6391E-02 Target: 4.5000E-03 converged?   no component    90
  RMS grad  7.3046E-03 Target: 3.0000E-03 converged?   no
 Predicted step length 1.2517E-01
 Trust radius          3.0000E-02
 Energy calculation finished, energy: -1.784076341E+03
 QM energy (a.u.):   -1855.03220069164     
 XREF energy (a.u.):    70.9383259396848     
 R(factor) =   0.252894000000000         R(free) =   0.238133000000000     
Testing convergence  in cycle    5
    Energy  1.9440E-02 Target: 1.0000E-05 converged?   no
  Max step  9.9715E-03 Target: 1.8000E-02 converged?  yes component    90
  RMS step  2.6726E-03 Target: 1.2000E-02 converged?  yes
  Max grad  2.3612E-02 Target: 4.5000E-03 converged?   no component    90
  RMS grad  5.8573E-03 Target: 3.0000E-03 converged?   no
 Predicted step length 1.5189E-01
 Trust radius          3.0000E-02
 Energy calculation finished, energy: -1.784093875E+03
 QM energy (a.u.):   -1855.03232530150     
 XREF energy (a.u.):    70.9176443091941     
 R(factor) =   0.252401000000000         R(free) =   0.237810000000000     
Testing convergence  in cycle    6
    Energy  1.7534E-02 Target: 1.0000E-05 converged?   no
  Max step  1.0631E-02 Target: 1.8000E-02 converged?  yes component    90
  RMS step  2.6726E-03 Target: 1.2000E-02 converged?  yes
  Max grad  2.0968E-02 Target: 4.5000E-03 converged?   no component    90
  RMS grad  5.2790E-03 Target: 3.0000E-03 converged?   no
 Predicted step length 2.0036E-01
 Trust radius          3.0000E-02
 Energy calculation finished, energy: -1.784114681E+03
 QM energy (a.u.):   -1855.03251292134     
 XREF energy (a.u.):    70.9089703195168     
 R(factor) =   0.254018000000000         R(free) =   0.237333000000000     
Testing convergence  in cycle    7
    Energy  2.0806E-02 Target: 1.0000E-05 converged?   no
  Max step  1.1065E-02 Target: 1.8000E-02 converged?  yes component    90
  RMS step  2.6726E-03 Target: 1.2000E-02 converged?  yes
  Max grad  1.8275E-02 Target: 4.5000E-03 converged?   no component    90
  RMS grad  4.9592E-03 Target: 3.0000E-03 converged?   no
 Predicted step length 2.8293E-01
 Trust radius          3.0000E-02
 Energy calculation finished, energy: -1.784123543E+03
 QM energy (a.u.):   -1855.03266864347     
 XREF energy (a.u.):    70.8955155050449     
 R(factor) =   0.254646000000000         R(free) =   0.237091000000000     
Testing convergence  in cycle    8
    Energy  8.8616E-03 Target: 1.0000E-05 converged?   no
  Max step  1.0930E-02 Target: 1.8000E-02 converged?  yes component    90
  RMS step  2.6726E-03 Target: 1.2000E-02 converged?  yes
  Max grad  1.6073E-02 Target: 4.5000E-03 converged?   no component    90
  RMS grad  4.5942E-03 Target: 3.0000E-03 converged?   no
 Predicted step length 2.9704E-01
 Trust radius          3.0000E-02
 Energy calculation finished, energy: -1.784137153E+03
 QM energy (a.u.):   -1855.03297350796     
 XREF energy (a.u.):    70.8833583036783     
 R(factor) =   0.255213000000000         R(free) =   0.236600000000000     
Testing convergence  in cycle    9
    Energy  1.3611E-02 Target: 1.0000E-05 converged?   no
  Max step  1.1096E-02 Target: 1.8000E-02 converged?  yes component    90
  RMS step  2.6726E-03 Target: 1.2000E-02 converged?  yes
  Max grad  1.3751E-02 Target: 4.5000E-03 converged?   no component    90
  RMS grad  4.3470E-03 Target: 3.0000E-03 converged?   no
 Predicted step length 3.6615E-01
 Trust radius          3.0000E-02
 Energy calculation finished, energy: -1.784149615E+03
 QM energy (a.u.):   -1855.03313041297     
 XREF energy (a.u.):    70.8513149776689     
 R(factor) =   0.257374000000000         R(free) =   0.235234000000000     
Testing convergence  in cycle   10
    Energy  1.2462E-02 Target: 1.0000E-05 converged?   no
  Max step  1.0797E-02 Target: 1.8000E-02 converged?  yes component    90
  RMS step  2.6726E-03 Target: 1.2000E-02 converged?  yes
  Max grad  1.0135E-02 Target: 4.5000E-03 converged?   no component    90
  RMS grad  4.1255E-03 Target: 3.0000E-03 converged?   no
 Predicted step length 2.3052E-01
 Trust radius          3.0000E-02
 Energy calculation finished, energy: -1.784181815E+03
 QM energy (a.u.):   -1855.03319847161     
 XREF energy (a.u.):    70.8382129075413     
 R(factor) =   0.258959000000000         R(free) =   0.234402000000000     
Testing convergence  in cycle   11
    Energy  3.2200E-02 Target: 1.0000E-05 converged?   no
  Max step  9.5400E-03 Target: 1.8000E-02 converged?  yes component    90
  RMS step  2.6726E-03 Target: 1.2000E-02 converged?  yes
  Max grad  1.3107E-02 Target: 4.5000E-03 converged?   no component    73
  RMS grad  4.2534E-03 Target: 3.0000E-03 converged?   no
 Predicted step length 3.3053E-01
 Trust radius          3.0000E-02
 Energy calculation finished, energy: -1.784194986E+03
 QM energy (a.u.):   -1855.03320284220     
 XREF energy (a.u.):    70.8345933183438     
 R(factor) =   0.259549000000000         R(free) =   0.234237000000000     
Testing convergence  in cycle   12
    Energy  1.3170E-02 Target: 1.0000E-05 converged?   no
  Max step  8.7740E-03 Target: 1.8000E-02 converged?  yes component    90
  RMS step  2.6726E-03 Target: 1.2000E-02 converged?  yes
  Max grad  1.5530E-02 Target: 4.5000E-03 converged?   no component    73
  RMS grad  4.0732E-03 Target: 3.0000E-03 converged?   no
 Predicted step length 2.3635E-01
 Trust radius          3.0000E-02
 Energy calculation finished, energy: -1.784198610E+03
 QM energy (a.u.):   -1855.03336786813     
 XREF energy (a.u.):    70.8327182165203     
 R(factor) =   0.259957000000000         R(free) =   0.234059000000000     
Testing convergence  in cycle   13
    Energy  3.6240E-03 Target: 1.0000E-05 converged?   no
  Max step  8.9000E-03 Target: 1.8000E-02 converged?  yes component   119
  RMS step  2.6726E-03 Target: 1.2000E-02 converged?  yes
  Max grad  1.4759E-02 Target: 4.5000E-03 converged?   no component    73
  RMS grad  3.6690E-03 Target: 3.0000E-03 converged?   no
 Predicted step length 2.6788E-01
 Trust radius          3.0000E-02
 Energy calculation finished, energy: -1.784200650E+03
 QM energy (a.u.):   -1855.03355132574     
 XREF energy (a.u.):    70.8321298988956     
 R(factor) =   0.260395000000000         R(free) =   0.233913000000000     
Testing convergence  in cycle   14
    Energy  2.0401E-03 Target: 1.0000E-05 converged?   no
  Max step  8.9831E-03 Target: 1.8000E-02 converged?  yes component   119
  RMS step  2.6726E-03 Target: 1.2000E-02 converged?  yes
  Max grad  1.1721E-02 Target: 4.5000E-03 converged?   no component    73
  RMS grad  3.0861E-03 Target: 3.0000E-03 converged?   no
 Predicted step length 1.8518E-01
 Trust radius          3.0000E-02
 Energy calculation finished, energy: -1.784201421E+03
 QM energy (a.u.):   -1855.03361898231     
 XREF energy (a.u.):    70.8320000701112     
 R(factor) =   0.260772000000000         R(free) =   0.233692000000000     
Testing convergence  in cycle   15
    Energy  7.7178E-04 Target: 1.0000E-05 converged?   no
  Max step  9.6246E-03 Target: 1.8000E-02 converged?  yes component   119
  RMS step  2.6726E-03 Target: 1.2000E-02 converged?  yes
  Max grad  7.7330E-03 Target: 4.5000E-03 converged?   no component    73
  RMS grad  2.4721E-03 Target: 3.0000E-03 converged?  yes
 Predicted step length 1.8271E-01
 Trust radius          3.0000E-02
 Energy calculation finished, energy: -1.784201619E+03
 QM energy (a.u.):   -1855.03355432485     
 XREF energy (a.u.):    70.8333567779589     
 R(factor) =   0.261165000000000         R(free) =   0.233596000000000     
Testing convergence  in cycle   16
    Energy  1.9748E-04 Target: 1.0000E-05 converged?   no
  Max step  1.0011E-02 Target: 1.8000E-02 converged?  yes component   119
  RMS step  2.6726E-03 Target: 1.2000E-02 converged?  yes
  Max grad  5.0662E-03 Target: 4.5000E-03 converged?   no component    99
  RMS grad  2.1448E-03 Target: 3.0000E-03 converged?  yes
 Predicted step length 1.6868E-01
 Trust radius          3.0000E-02
 Energy calculation finished, energy: -1.784200198E+03
 QM energy (a.u.):   -1855.03352791591     
 XREF energy (a.u.):    70.8344832132616     
 R(factor) =   0.261490000000000         R(free) =   0.233484000000000     
 Rejecting step, energy  1.421E-03 higher
 Energy calculation finished, energy: -1.784199045E+03
 QM energy (a.u.):   -1855.03356252257     
 XREF energy (a.u.):    70.8367782524863     
 R(factor) =   0.261742000000000         R(free) =   0.233413000000000     
 Rejecting step, energy  2.574E-03 higher
 Energy calculation finished, energy: -1.784196784E+03
 QM energy (a.u.):   -1855.03356566848     
 XREF energy (a.u.):    70.8374219569318     
 R(factor) =   0.261899000000000         R(free) =   0.233357000000000     
 Rejecting step, energy  4.835E-03 higher
 Energy calculation finished, energy: -1.784196144E+03
 QM energy (a.u.):   -1855.03355990127     
 XREF energy (a.u.):    70.8415275589683     
 R(factor) =   0.262166000000000         R(free) =   0.233318000000000     
 Rejecting step, energy  5.475E-03 higher
 Energy calculation finished, energy: -1.784192032E+03
 QM energy (a.u.):   -1855.03355708846     
 XREF energy (a.u.):    70.8415186761646     
 R(factor) =   0.262186000000000         R(free) =   0.233315000000000     
 Rejecting step, energy  9.587E-03 higher
 Energy calculation finished, energy: -1.784192038E+03
 QM energy (a.u.):   -1855.03355569846     
 XREF energy (a.u.):    70.8437160264514     
 R(factor) =   0.262390000000000         R(free) =   0.233299000000000     
 Rejecting step, energy  9.581E-03 higher
 Energy calculation finished, energy: -1.784189840E+03
 QM energy (a.u.):   -1855.03355882568     
 XREF energy (a.u.):    70.8437162100456     
 R(factor) =   0.262389000000000         R(free) =   0.233299000000000     
 Rejecting step, energy  1.178E-02 higher
 Energy calculation finished, energy: -1.784189843E+03
 QM energy (a.u.):   -1855.03355657544     
 XREF energy (a.u.):    70.8437163233333     
 R(factor) =   0.262388000000000         R(free) =   0.233299000000000     
 Rejecting step, energy  1.178E-02 higher
 Energy calculation finished, energy: -1.784189840E+03
 QM energy (a.u.):   -1855.03355544947     
 XREF energy (a.u.):    70.8437163812257     
 R(factor) =   0.262388000000000         R(free) =   0.233299000000000     
 Rejecting step, energy  1.178E-02 higher
 Energy calculation finished, energy: -1.784189839E+03
 QM energy (a.u.):   -1855.03355488557     
 XREF energy (a.u.):    70.8437164108969     
 R(factor) =   0.262388000000000         R(free) =   0.233299000000000     
 Rejecting step, energy  1.178E-02 higher
 Energy calculation finished, energy: -1.784189838E+03
 QM energy (a.u.):   -1855.03355460553     
 XREF energy (a.u.):    70.8437164236601     
 R(factor) =   0.262388000000000         R(free) =   0.233299000000000     
 Rejecting step, energy  1.178E-02 higher
 Energy calculation finished, energy: -1.784189838E+03
 QM energy (a.u.):   -1855.03355446586     
 XREF energy (a.u.):    70.8437164314815     
 R(factor) =   0.262388000000000         R(free) =   0.233299000000000     
 Rejecting step, energy  1.178E-02 higher
 Energy calculation finished, energy: -1.784189838E+03
 QM energy (a.u.):   -1855.03355439570     
 XREF energy (a.u.):    70.8437164375579     
 R(factor) =   0.262388000000000         R(free) =   0.233299000000000     
 Rejecting step, energy  1.178E-02 higher
 Energy calculation finished, energy: -1.784189838E+03
 QM energy (a.u.):   -1855.03355435896     
 XREF energy (a.u.):    70.8437164376806     
 R(factor) =   0.262388000000000         R(free) =   0.233299000000000     
 Rejecting step, energy  1.178E-02 higher
 Energy calculation finished, energy: -1.784189838E+03
 QM energy (a.u.):   -1855.03355434229     
 XREF energy (a.u.):    70.8437164373460     
 R(factor) =   0.262388000000000         R(free) =   0.233299000000000     
 Rejecting step, energy  1.178E-02 higher
 Energy calculation finished, energy: -1.784189838E+03
 QM energy (a.u.):   -1855.03355433348     
 XREF energy (a.u.):    70.8437164384981     
 R(factor) =   0.262388000000000         R(free) =   0.233299000000000     
 Rejecting step, energy  1.178E-02 higher
 Energy calculation finished, energy: -1.784189838E+03
 QM energy (a.u.):   -1855.03355432802     
 XREF energy (a.u.):    70.8437164403053     
 R(factor) =   0.262388000000000         R(free) =   0.233299000000000     
 Rejecting step, energy  1.178E-02 higher
 Energy calculation finished, energy: -1.784189838E+03
 QM energy (a.u.):   -1855.03355432786     
 XREF energy (a.u.):    70.8437164400009     
 R(factor) =   0.262388000000000         R(free) =   0.233299000000000     
 Rejecting step, energy  1.178E-02 higher
 Energy calculation finished, energy: -1.784189838E+03
 QM energy (a.u.):   -1855.03355432611     
 XREF energy (a.u.):    70.8437164391945     
 R(factor) =   0.262388000000000         R(free) =   0.233299000000000     
 Rejecting step, energy  1.178E-02 higher
 Step too small, restarting optimiser.
Testing convergence  in cycle   35
    Energy  1.1781E-02 Target: 1.0000E-05 converged?   no
  Max step  1.8766E-08 Target: 1.8000E-02 converged?  yes component   119
  RMS step  5.0976E-09 Target: 1.2000E-02 converged?  yes
  Max grad  4.8980E-03 Target: 4.5000E-03 converged?   no component    59
  RMS grad  2.1810E-03 Target: 3.0000E-03 converged?  yes
 Predicted step length 2.0000E-02
 Trust radius          3.0000E-02
 Energy calculation finished, energy: -1.784189838E+03
 QM energy (a.u.):   -1855.03460402046     
 XREF energy (a.u.):    70.8448009754437     
 R(factor) =   0.262405000000000         R(free) =   0.233313000000000     
 Rejecting step, energy  0.000E+00 higher
 Energy calculation finished, energy: -1.784189803E+03
 QM energy (a.u.):   -1855.03418232513     
 XREF energy (a.u.):    70.8442845369331     
 R(factor) =   0.262396000000000         R(free) =   0.233306000000000     
 Rejecting step, energy  3.484E-05 higher
 Energy calculation finished, energy: -1.784189898E+03
 QM energy (a.u.):   -1855.03389124701     
 XREF energy (a.u.):    70.8439742302305     
 R(factor) =   0.262392000000000         R(free) =   0.233302000000000     
Testing convergence  in cycle   38
    Energy  5.9900E-05 Target: 1.0000E-05 converged?   no
  Max step  1.0004E-03 Target: 1.8000E-02 converged?  yes component    59
  RMS step  4.4544E-04 Target: 1.2000E-02 converged?  yes
  Max grad  4.8407E-03 Target: 4.5000E-03 converged?   no component    59
  RMS grad  1.5383E-03 Target: 3.0000E-03 converged?  yes
 Predicted step length 1.2822E-02
 Trust radius          1.0000E-02
 Energy calculation finished, energy: -1.784189917E+03
 QM energy (a.u.):   -1855.03437959891     
 XREF energy (a.u.):    70.8442687909463     
 R(factor) =   0.262396000000000         R(free) =   0.233307000000000     
Testing convergence  in cycle   39
    Energy  1.9230E-05 Target: 1.0000E-05 converged?   no
  Max step  2.6633E-03 Target: 1.8000E-02 converged?  yes component    59
  RMS step  8.9087E-04 Target: 1.2000E-02 converged?  yes
  Max grad  4.8707E-03 Target: 4.5000E-03 converged?   no component    59
  RMS grad  1.7569E-03 Target: 3.0000E-03 converged?  yes
 Predicted step length 7.6262E-02
 Trust radius          1.0000E-02
 Energy calculation finished, energy: -1.784190111E+03
 QM energy (a.u.):   -1855.03480104943     
 XREF energy (a.u.):    70.8445722187974     
 R(factor) =   0.262401000000000         R(free) =   0.233311000000000     
Testing convergence  in cycle   40
    Energy  1.9379E-04 Target: 1.0000E-05 converged?   no
  Max step  2.6725E-03 Target: 1.8000E-02 converged?  yes component    59
  RMS step  8.9087E-04 Target: 1.2000E-02 converged?  yes
  Max grad  4.7896E-03 Target: 4.5000E-03 converged?   no component    59
  RMS grad  1.4644E-03 Target: 3.0000E-03 converged?  yes
 Predicted step length 7.0696E-02
 Trust radius          2.0000E-02
 Energy calculation finished, energy: -1.784190229E+03
 QM energy (a.u.):   -1855.03535542756     
 XREF energy (a.u.):    70.8447509926891     
 R(factor) =   0.262412000000000         R(free) =   0.233315000000000     
Testing convergence  in cycle   41
    Energy  1.1802E-04 Target: 1.0000E-05 converged?   no
  Max step  5.8075E-03 Target: 1.8000E-02 converged?  yes component    59
  RMS step  1.7817E-03 Target: 1.2000E-02 converged?  yes
  Max grad  4.7024E-03 Target: 4.5000E-03 converged?   no component    59
  RMS grad  1.3875E-03 Target: 3.0000E-03 converged?  yes
 Predicted step length 1.7153E-01
 Trust radius          3.0000E-02
 Energy calculation finished, energy: -1.784190604E+03
 QM energy (a.u.):   -1855.03586134652     
 XREF energy (a.u.):    70.8448436904186     
 R(factor) =   0.262427000000000         R(free) =   0.233319000000000     
Testing convergence  in cycle   42
    Energy  3.7560E-04 Target: 1.0000E-05 converged?   no
  Max step  8.9352E-03 Target: 1.8000E-02 converged?  yes component    59
  RMS step  2.6726E-03 Target: 1.2000E-02 converged?  yes
  Max grad  4.5002E-03 Target: 4.5000E-03 converged?   no component    59
  RMS grad  1.5959E-03 Target: 3.0000E-03 converged?  yes
 Predicted step length 1.4695E-01
 Trust radius          3.0000E-02
 Energy calculation finished, energy: -1.784191018E+03
 QM energy (a.u.):   -1855.03627713513     
 XREF energy (a.u.):    70.8448253394810     
 R(factor) =   0.262440000000000         R(free) =   0.233322000000000     
Testing convergence  in cycle   43
    Energy  4.1323E-04 Target: 1.0000E-05 converged?   no
  Max step  9.2374E-03 Target: 1.8000E-02 converged?  yes component    59
  RMS step  2.6726E-03 Target: 1.2000E-02 converged?  yes
  Max grad  9.2925E-03 Target: 4.5000E-03 converged?   no component   112
  RMS grad  2.3201E-03 Target: 3.0000E-03 converged?  yes
 Predicted step length 1.4269E-01
 Trust radius          3.0000E-02
 Energy calculation finished, energy: -1.784191452E+03
 QM energy (a.u.):   -1855.03675746190     
 XREF energy (a.u.):    70.8448805476669     
 R(factor) =   0.262452000000000         R(free) =   0.233325000000000     
Testing convergence  in cycle   44
    Energy  4.3414E-04 Target: 1.0000E-05 converged?   no
  Max step  9.3856E-03 Target: 1.8000E-02 converged?  yes component    59
  RMS step  2.6726E-03 Target: 1.2000E-02 converged?  yes
  Max grad  1.2234E-02 Target: 4.5000E-03 converged?   no component   112
  RMS grad  2.8335E-03 Target: 3.0000E-03 converged?  yes
 Predicted step length 1.6877E-01
 Trust radius          3.0000E-02
 Energy calculation finished, energy: -1.784191877E+03
 QM energy (a.u.):   -1855.03717599586     
 XREF energy (a.u.):    70.8449337944881     
 R(factor) =   0.262463000000000         R(free) =   0.233327000000000     
Testing convergence  in cycle   45
    Energy  4.2511E-04 Target: 1.0000E-05 converged?   no
  Max step  9.5772E-03 Target: 1.8000E-02 converged?  yes component    59
  RMS step  2.6726E-03 Target: 1.2000E-02 converged?  yes
  Max grad  9.3744E-03 Target: 4.5000E-03 converged?   no component   112
  RMS grad  2.9413E-03 Target: 3.0000E-03 converged?  yes
 Predicted step length 1.8129E-01
 Trust radius          3.0000E-02
 Energy calculation finished, energy: -1.784192242E+03
 QM energy (a.u.):   -1855.03742566443     
 XREF energy (a.u.):    70.8448345482816     
 R(factor) =   0.262474000000000         R(free) =   0.233326000000000     
Testing convergence  in cycle   46
    Energy  3.6529E-04 Target: 1.0000E-05 converged?   no
  Max step  9.7794E-03 Target: 1.8000E-02 converged?  yes component    59
  RMS step  2.6726E-03 Target: 1.2000E-02 converged?  yes
  Max grad  9.7277E-03 Target: 4.5000E-03 converged?   no component    57
  RMS grad  2.9329E-03 Target: 3.0000E-03 converged?  yes
 Predicted step length 2.5697E-01
 Trust radius          3.0000E-02
 Energy calculation finished, energy: -1.784192591E+03
 QM energy (a.u.):   -1855.03749730109     
 XREF energy (a.u.):    70.8445245674867     
 R(factor) =   0.262487000000000         R(free) =   0.233324000000000     
Testing convergence  in cycle   47
    Energy  3.4892E-04 Target: 1.0000E-05 converged?   no
  Max step  9.8386E-03 Target: 1.8000E-02 converged?  yes component    59
  RMS step  2.6726E-03 Target: 1.2000E-02 converged?  yes
  Max grad  9.7705E-03 Target: 4.5000E-03 converged?   no component    49
  RMS grad  2.7757E-03 Target: 3.0000E-03 converged?  yes
 Predicted step length 2.2274E-01
 Trust radius          3.0000E-02
 Energy calculation finished, energy: -1.784192973E+03
 QM energy (a.u.):   -1855.03749334985     
 XREF energy (a.u.):    70.8442151616222     
 R(factor) =   0.262506000000000         R(free) =   0.233319000000000     
Testing convergence  in cycle   48
    Energy  3.8161E-04 Target: 1.0000E-05 converged?   no
  Max step  1.0014E-02 Target: 1.8000E-02 converged?  yes component    59
  RMS step  2.6726E-03 Target: 1.2000E-02 converged?  yes
  Max grad  8.9306E-03 Target: 4.5000E-03 converged?   no component    49
  RMS grad  2.6337E-03 Target: 3.0000E-03 converged?  yes
 Predicted step length 3.0159E-01
 Trust radius          3.0000E-02
 Energy calculation finished, energy: -1.784193278E+03
 QM energy (a.u.):   -1855.03744443831     
 XREF energy (a.u.):    70.8437955901999     
 R(factor) =   0.262529000000000         R(free) =   0.233312000000000     
Testing convergence  in cycle   49
    Energy  3.0546E-04 Target: 1.0000E-05 converged?   no
  Max step  1.0056E-02 Target: 1.8000E-02 converged?  yes component    59
  RMS step  2.6726E-03 Target: 1.2000E-02 converged?  yes
  Max grad  7.9896E-03 Target: 4.5000E-03 converged?   no component    99
  RMS grad  2.4213E-03 Target: 3.0000E-03 converged?  yes
 Predicted step length 1.9932E-01
 Trust radius          3.0000E-02
 Energy calculation finished, energy: -1.784193649E+03
 QM energy (a.u.):   -1855.03740273777     
 XREF energy (a.u.):    70.8434724742111     
 R(factor) =   0.262519000000000         R(free) =   0.233297000000000     
Testing convergence  in cycle   50
    Energy  3.7066E-04 Target: 1.0000E-05 converged?   no
  Max step  1.0324E-02 Target: 1.8000E-02 converged?  yes component    59
  RMS step  2.6726E-03 Target: 1.2000E-02 converged?  yes
  Max grad  6.8848E-03 Target: 4.5000E-03 converged?   no component    99
  RMS grad  2.2145E-03 Target: 3.0000E-03 converged?  yes
 Predicted step length 2.4673E-01
 Trust radius          3.0000E-02
 Energy calculation finished, energy: -1.784193930E+03
 QM energy (a.u.):   -1855.03733260055     
 XREF energy (a.u.):    70.8430640358837     
 R(factor) =   0.262527000000000         R(free) =   0.233289000000000     
Testing convergence  in cycle   51
    Energy  2.8141E-04 Target: 1.0000E-05 converged?   no
  Max step  1.0402E-02 Target: 1.8000E-02 converged?  yes component    59
  RMS step  2.6726E-03 Target: 1.2000E-02 converged?  yes
  Max grad  5.7034E-03 Target: 4.5000E-03 converged?   no component   112
  RMS grad  2.0363E-03 Target: 3.0000E-03 converged?  yes
 Predicted step length 1.9733E-01
 Trust radius          3.0000E-02
 Energy calculation finished, energy: -1.784194269E+03
 QM energy (a.u.):   -1855.03724658510     
 XREF energy (a.u.):    70.8418561803667     
 R(factor) =   0.262517000000000         R(free) =   0.233277000000000     
Testing convergence  in cycle   52
    Energy  3.3830E-04 Target: 1.0000E-05 converged?   no
  Max step  1.0653E-02 Target: 1.8000E-02 converged?  yes component    59
  RMS step  2.6726E-03 Target: 1.2000E-02 converged?  yes
  Max grad  5.6752E-03 Target: 4.5000E-03 converged?   no component   112
  RMS grad  1.8749E-03 Target: 3.0000E-03 converged?  yes
 Predicted step length 2.6348E-01
 Trust radius          3.0000E-02
 Energy calculation finished, energy: -1.784195390E+03
 QM energy (a.u.):   -1855.03713220112     
 XREF energy (a.u.):    70.8415288318759     
 R(factor) =   0.262529000000000         R(free) =   0.233268000000000     
Testing convergence  in cycle   53
    Energy  1.1218E-03 Target: 1.0000E-05 converged?   no
  Max step  1.0698E-02 Target: 1.8000E-02 converged?  yes component    59
  RMS step  2.6726E-03 Target: 1.2000E-02 converged?  yes
  Max grad  5.2016E-03 Target: 4.5000E-03 converged?   no component    56
  RMS grad  1.6632E-03 Target: 3.0000E-03 converged?  yes
 Predicted step length 2.1600E-01
 Trust radius          3.0000E-02
 Energy calculation finished, energy: -1.784195603E+03
 QM energy (a.u.):   -1855.03697870593     
 XREF energy (a.u.):    70.8411666689618     
 R(factor) =   0.262541000000000         R(free) =   0.233258000000000     
Testing convergence  in cycle   54
    Energy  2.1297E-04 Target: 1.0000E-05 converged?   no
  Max step  1.0876E-02 Target: 1.8000E-02 converged?  yes component    59
  RMS step  2.6726E-03 Target: 1.2000E-02 converged?  yes
  Max grad  4.3657E-03 Target: 4.5000E-03 converged?  yes component    49
  RMS grad  1.3857E-03 Target: 3.0000E-03 converged?  yes
 Predicted step length 1.9637E-01
 Trust radius          3.0000E-02
 Energy calculation finished, energy: -1.784195812E+03
 QM energy (a.u.):   -1855.03673814907     
 XREF energy (a.u.):    70.8408119113203     
 R(factor) =   0.262537000000000         R(free) =   0.233250000000000     
Testing convergence  in cycle   55
    Energy  2.0867E-04 Target: 1.0000E-05 converged?   no
  Max step  1.0971E-02 Target: 1.8000E-02 converged?  yes component    59
  RMS step  2.6726E-03 Target: 1.2000E-02 converged?  yes
  Max grad  3.2555E-03 Target: 4.5000E-03 converged?  yes component    16
  RMS grad  1.1524E-03 Target: 3.0000E-03 converged?  yes
 Predicted step length 1.2843E-01
 Trust radius          3.0000E-02
 Energy calculation finished, energy: -1.784195926E+03
 QM energy (a.u.):   -1855.03640458230     
 XREF energy (a.u.):    70.8406748119101     
 R(factor) =   0.262588000000000         R(free) =   0.233238000000000     
Testing convergence  in cycle   56
    Energy  1.1420E-04 Target: 1.0000E-05 converged?   no
  Max step  1.1214E-02 Target: 1.8000E-02 converged?  yes component    59
  RMS step  2.6726E-03 Target: 1.2000E-02 converged?  yes
  Max grad  3.0946E-03 Target: 4.5000E-03 converged?  yes component   112
  RMS grad  1.1542E-03 Target: 3.0000E-03 converged?  yes
 Predicted step length 1.3290E-01
 Trust radius          3.0000E-02
 Energy calculation finished, energy: -1.784195730E+03
 QM energy (a.u.):   -1855.03606015692     
 XREF energy (a.u.):    70.8402182672172     
 R(factor) =   0.262592000000000         R(free) =   0.233224000000000     
 Rejecting step, energy  1.965E-04 higher
 Energy calculation finished, energy: -1.784195842E+03
 QM energy (a.u.):   -1855.03624081614     
 XREF energy (a.u.):    70.8404259244918     
 R(factor) =   0.262590000000000         R(free) =   0.233231000000000     
 Rejecting step, energy  8.435E-05 higher
 Energy calculation finished, energy: -1.784195815E+03
 QM energy (a.u.):   -1855.03632671762     
 XREF energy (a.u.):    70.8405606806192     
 R(factor) =   0.262589000000000         R(free) =   0.233235000000000     
 Rejecting step, energy  1.113E-04 higher
 Energy calculation finished, energy: -1.784195766E+03
 QM energy (a.u.):   -1855.03636570168     
 XREF energy (a.u.):    70.8406216958791     
 R(factor) =   0.262588000000000         R(free) =   0.233236000000000     
 Rejecting step, energy  1.602E-04 higher
 Energy calculation finished, energy: -1.784195744E+03
 QM energy (a.u.):   -1855.03638515659     
 XREF energy (a.u.):    70.8406495024138     
 R(factor) =   0.262588000000000         R(free) =   0.233237000000000     
 Rejecting step, energy  1.822E-04 higher
 Energy calculation finished, energy: -1.784195736E+03
 QM energy (a.u.):   -1855.03639487231     
 XREF energy (a.u.):    70.8406641785450     
 R(factor) =   0.262588000000000         R(free) =   0.233238000000000     
 Rejecting step, energy  1.906E-04 higher
 Energy calculation finished, energy: -1.784195731E+03
 QM energy (a.u.):   -1855.03640354517     
 XREF energy (a.u.):    70.8406675190438     
 R(factor) =   0.262588000000000         R(free) =   0.233238000000000     
 Rejecting step, energy  1.956E-04 higher
 Energy calculation finished, energy: -1.784195736E+03
 QM energy (a.u.):   -1855.03640406333     
 XREF energy (a.u.):    70.8406711620993     
 R(factor) =   0.262588000000000         R(free) =   0.233238000000000     
 Rejecting step, energy  1.902E-04 higher
 Energy calculation finished, energy: -1.784195733E+03
 QM energy (a.u.):   -1855.03640432454     
 XREF energy (a.u.):    70.8406729869099     
 R(factor) =   0.262588000000000         R(free) =   0.233238000000000     
 Rejecting step, energy  1.933E-04 higher
 Energy calculation finished, energy: -1.784195731E+03
 QM energy (a.u.):   -1855.03640445360     
 XREF energy (a.u.):    70.8406738982339     
 R(factor) =   0.262588000000000         R(free) =   0.233238000000000     
 Rejecting step, energy  1.949E-04 higher
 Energy calculation finished, energy: -1.784195731E+03
 QM energy (a.u.):   -1855.03640451816     
 XREF energy (a.u.):    70.8406743550959     
 R(factor) =   0.262588000000000         R(free) =   0.233238000000000     
 Rejecting step, energy  1.957E-04 higher
 Energy calculation finished, energy: -1.784195730E+03
 QM energy (a.u.):   -1855.03640455033     
 XREF energy (a.u.):    70.8406745836281     
 R(factor) =   0.262588000000000         R(free) =   0.233238000000000     
 Rejecting step, energy  1.961E-04 higher
 Energy calculation finished, energy: -1.784195730E+03
 QM energy (a.u.):   -1855.03640456842     
 XREF energy (a.u.):    70.8406746970942     
 R(factor) =   0.262588000000000         R(free) =   0.233238000000000     
 Rejecting step, energy  1.963E-04 higher
 Energy calculation finished, energy: -1.784195730E+03
 QM energy (a.u.):   -1855.03640457507     
 XREF energy (a.u.):    70.8406747544161     
 R(factor) =   0.262588000000000         R(free) =   0.233238000000000     
 Rejecting step, energy  1.964E-04 higher
 Energy calculation finished, energy: -1.784195730E+03
 QM energy (a.u.):   -1855.03640457906     
 XREF energy (a.u.):    70.8406747835647     
 R(factor) =   0.262588000000000         R(free) =   0.233238000000000     
 Rejecting step, energy  1.964E-04 higher
 Energy calculation finished, energy: -1.784195730E+03
 QM energy (a.u.):   -1855.03640458259     
 XREF energy (a.u.):    70.8406747968155     
 R(factor) =   0.262588000000000         R(free) =   0.233238000000000     
 Rejecting step, energy  1.964E-04 higher
 Energy calculation finished, energy: -1.784195730E+03
 QM energy (a.u.):   -1855.03640458398     
 XREF energy (a.u.):    70.8406748053572     
 R(factor) =   0.262588000000000         R(free) =   0.233238000000000     
 Rejecting step, energy  1.964E-04 higher
 Energy calculation finished, energy: -1.784195730E+03
 QM energy (a.u.):   -1855.03640458271     
 XREF energy (a.u.):    70.8406748076695     
 R(factor) =   0.262588000000000         R(free) =   0.233238000000000     
 Rejecting step, energy  1.965E-04 higher
 Energy calculation finished, energy: -1.784195730E+03
 QM energy (a.u.):   -1855.03640458172     
 XREF energy (a.u.):    70.8406748101380     
 R(factor) =   0.262588000000000         R(free) =   0.233238000000000     
 Rejecting step, energy  1.965E-04 higher
 Step too small, restarting optimiser.
Testing convergence  in cycle   75
    Energy  1.9646E-04 Target: 1.0000E-05 converged?   no
  Max step  2.1617E-08 Target: 1.8000E-02 converged?  yes component    59
  RMS step  5.0976E-09 Target: 1.2000E-02 converged?  yes
  Max grad  3.6596E-03 Target: 4.5000E-03 converged?  yes component   112
  RMS grad  1.3263E-03 Target: 3.0000E-03 converged?  yes
 Predicted step length 2.0000E-02
 Trust radius          3.0000E-02
 Energy calculation finished, energy: -1.784195730E+03
 QM energy (a.u.):   -1855.03618137394     
 XREF energy (a.u.):    70.8401534414046     
 R(factor) =   0.262574000000000         R(free) =   0.233230000000000     
 Rejecting step, energy  1.000E-08 higher
 Energy calculation finished, energy: -1.784196028E+03
 QM energy (a.u.):   -1855.03642903961     
 XREF energy (a.u.):    70.8404009854333     
 R(factor) =   0.262581000000000         R(free) =   0.233234000000000     
Testing convergence  in cycle   77
    Energy  2.9815E-04 Target: 1.0000E-05 converged?   no
  Max step  2.4580E-03 Target: 1.8000E-02 converged?  yes component   112
  RMS step  8.9087E-04 Target: 1.2000E-02 converged?  yes
  Max grad  1.1575E-02 Target: 4.5000E-03 converged?   no component   112
  RMS grad  2.4076E-03 Target: 3.0000E-03 converged?  yes
 Predicted step length 4.0110E-03
 Trust radius          1.0000E-02
 Energy calculation finished, energy: -1.784196028E+03
 QM energy (a.u.):   -1855.03647159904     
 XREF energy (a.u.):    70.8404608271179     
 R(factor) =   0.262581000000000         R(free) =   0.233234000000000     
Testing convergence  in cycle   78
    Energy  1.2000E-07 Target: 1.0000E-05 converged?  yes
  Max step  1.6309E-03 Target: 1.8000E-02 converged?  yes component   112
  RMS step  3.5733E-04 Target: 1.2000E-02 converged?  yes
  Max grad  4.0858E-03 Target: 4.5000E-03 converged?  yes component   112
  RMS grad  1.0121E-03 Target: 3.0000E-03 converged?  yes
Convergence reached

 Optimisation converged
 ----------------------
 Final converged energy:   -1784.196028050000


DL-FIND Report:
===============
Optimisation algorithm: L-BFGS
Number of steps in L-BFGS memory ...............        100
 
Trust radius based on energy
Maximum step length ............................  3.000E-02
 
Coordinate system: Cartesian coordinates
 
Number of atoms ................................       2619
Number of input geometries .....................          1
Variables to be optimised ......................        126
No restart information is written
This run has not been restarted.
Number of energy evaluations on this processor .         78
Number of steps ................................         78
Number of accepted steps / line searches .......         39
 

Timing report
=============
Module                                      CPU time            Wall clock time
Total .................................     8.570 (100.00%)  6599.963 (100.00%) seconds
Energy and Gradient ...................     0.416 (  4.86%)     0.962 (  0.01%) seconds
Step direction ........................     1.553 ( 18.12%)     4.752 (  0.07%) seconds
Coordinate transformation .............     0.027 (  0.32%)     0.027 (  0.00%) seconds
Checkpoint file I/O ...................     0.000 (  0.00%)     0.000 (  0.00%) seconds
XYZ-file I/O ..........................     0.000 (  0.00%)     0.000 (  0.00%) seconds
Maximum memory usage ........................... 5.1879E+03 kB
Wed Nov  9 10:53:41 CST 2022
