This job is running on host node32
Current directory: /home/chem-zhonglh/yanzy/QR_APP/5HLS/QRs/DFTMM_R1/DFT3
Sat Nov  5 14:07:27 CST 2022
 using Gaussian + CNS
 QM energy (a.u.):   -1855.39106912794     
 XREF energy (a.u.):    70.8388524181568     
 R(factor) =   0.262243000000000         R(free) =   0.233325000000000     
 External sizes:        7857           1        5238

***********************************************************************
**                                                                   **
**                       ---------------------                       **
**                              DL-FIND                              **
**                       Geometry Optimisation                       **
**                       ---------------------                       **
**                                                                   **
**                 J. Kaestner, J.M. Carr, T.W. Keal,                **
**                W. Thiel, A. Wander and P. Sherwood                **
**                                                                   **
**              J. Phys. Chem. A, 2009, 113 (43), 11856.             **
**                                                                   **
**   Please include this reference in published work using DL-FIND.  **
**                                                                   **
**               Copyright:  STFC Daresbury Laboratory               **
**                           Revision: Unversioned directory         **
**                                                                   **
***********************************************************************


DL-FIND Report:
===============
Optimisation algorithm: L-BFGS
Number of steps in L-BFGS memory ...............        100
 
Trust radius based on energy
Maximum step length ............................  5.000E-02
 
Coordinate system: Cartesian coordinates
 
Number of atoms ................................       2619
Number of input geometries .....................          1
Variables to be optimised ......................        126
No restart information is written
This run has not been restarted.
Maximum number of steps ........................       5000
Maximum number of energy evaluations ...........      10000
 
 Energy calculation finished, energy: -1.784552217E+03
 QM energy (a.u.):   -1855.39106912795     
 XREF energy (a.u.):    70.8388524178285     
 R(factor) =   0.262243000000000         R(free) =   0.233325000000000     
Testing convergence  in cycle    1
  Max grad  6.8349E-03 Target: 4.5000E-03 converged?   no component    90
  RMS grad  1.6461E-03 Target: 3.0000E-03 converged?  yes
 Predicted step length 2.0000E-02
 Trust radius          5.0000E-02
 Energy calculation finished, energy: -1.784552217E+03
 QM energy (a.u.):   -1855.39110669659     
 XREF energy (a.u.):    70.8390459523187     
 R(factor) =   0.262283000000000         R(free) =   0.233328000000000     
 Rejecting step, energy  0.000E+00 higher
 Energy calculation finished, energy: -1.784552061E+03
 QM energy (a.u.):   -1855.39116642989     
 XREF energy (a.u.):    70.8389166013443     
 R(factor) =   0.262263000000000         R(free) =   0.233326000000000     
 Rejecting step, energy  1.560E-04 higher
 Energy calculation finished, energy: -1.784552250E+03
 QM energy (a.u.):   -1855.39113754603     
 XREF energy (a.u.):    70.8388695181051     
 R(factor) =   0.262253000000000         R(free) =   0.233325000000000     
Testing convergence  in cycle    4
    Energy  3.3120E-05 Target: 1.0000E-05 converged?   no
  Max step  1.8495E-03 Target: 1.8000E-02 converged?  yes component    90
  RMS step  4.4544E-04 Target: 1.2000E-02 converged?  yes
  Max grad  4.0535E-03 Target: 4.5000E-03 converged?  yes component    90
  RMS grad  1.0774E-03 Target: 3.0000E-03 converged?  yes
 Predicted step length 1.0621E-02
 Trust radius          1.0000E-02
 Energy calculation finished, energy: -1.784552268E+03
 QM energy (a.u.):   -1855.39117776600     
 XREF energy (a.u.):    70.8389403993578     
 R(factor) =   0.262277000000000         R(free) =   0.233324000000000     
Testing convergence  in cycle    5
    Energy  1.8200E-05 Target: 1.0000E-05 converged?   no
  Max step  3.6208E-03 Target: 1.8000E-02 converged?  yes component    90
  RMS step  8.9087E-04 Target: 1.2000E-02 converged?  yes
  Max grad  5.4347E-03 Target: 4.5000E-03 converged?   no component    90
  RMS grad  1.2859E-03 Target: 3.0000E-03 converged?  yes
 Predicted step length 6.6065E-02
 Trust radius          1.0000E-02
 Energy calculation finished, energy: -1.784552237E+03
 QM energy (a.u.):   -1855.39115705851     
 XREF energy (a.u.):    70.8389908734154     
 R(factor) =   0.262300000000000         R(free) =   0.233323000000000     
 Rejecting step, energy  3.066E-05 higher
 Energy calculation finished, energy: -1.784552166E+03
 QM energy (a.u.):   -1855.39117490616     
 XREF energy (a.u.):    70.8389595648686     
 R(factor) =   0.262288000000000         R(free) =   0.233323000000000     
 Rejecting step, energy  1.018E-04 higher
 Energy calculation finished, energy: -1.784552215E+03
 QM energy (a.u.):   -1855.39117821647     
 XREF energy (a.u.):    70.8389514171588     
 R(factor) =   0.262283000000000         R(free) =   0.233324000000000     
 Rejecting step, energy  5.269E-05 higher
 Energy calculation finished, energy: -1.784552227E+03
 QM energy (a.u.):   -1855.39117846158     
 XREF energy (a.u.):    70.8389458700493     
 R(factor) =   0.262280000000000         R(free) =   0.233324000000000     
 Rejecting step, energy  4.123E-05 higher
 Energy calculation finished, energy: -1.784552233E+03
 QM energy (a.u.):   -1855.39117823238     
 XREF energy (a.u.):    70.8389434665522     
 R(factor) =   0.262278000000000         R(free) =   0.233324000000000     
 Rejecting step, energy  3.544E-05 higher
 Energy calculation finished, energy: -1.784552235E+03
 QM energy (a.u.):   -1855.39117802847     
 XREF energy (a.u.):    70.8389345951651     
 R(factor) =   0.262277000000000         R(free) =   0.233324000000000     
 Rejecting step, energy  3.326E-05 higher
 Energy calculation finished, energy: -1.784552243E+03
 QM energy (a.u.):   -1855.39117790504     
 XREF energy (a.u.):    70.8389409065601     
 R(factor) =   0.262277000000000         R(free) =   0.233324000000000     
 Rejecting step, energy  2.460E-05 higher
 Energy calculation finished, energy: -1.784552237E+03
 QM energy (a.u.):   -1855.39117783731     
 XREF energy (a.u.):    70.8389406502881     
 R(factor) =   0.262277000000000         R(free) =   0.233324000000000     
 Rejecting step, energy  3.103E-05 higher
 Energy calculation finished, energy: -1.784552237E+03
 QM energy (a.u.):   -1855.39117780220     
 XREF energy (a.u.):    70.8389405242102     
 R(factor) =   0.262277000000000         R(free) =   0.233324000000000     
 Rejecting step, energy  3.084E-05 higher
 Energy calculation finished, energy: -1.784552237E+03
 QM energy (a.u.):   -1855.39117778480     
 XREF energy (a.u.):    70.8389404632230     
 R(factor) =   0.262277000000000         R(free) =   0.233324000000000     
 Rejecting step, energy  3.075E-05 higher
 Energy calculation finished, energy: -1.784552237E+03
 QM energy (a.u.):   -1855.39117777512     
 XREF energy (a.u.):    70.8389404299231     
 R(factor) =   0.262277000000000         R(free) =   0.233324000000000     
 Rejecting step, energy  3.071E-05 higher
 Energy calculation finished, energy: -1.784552237E+03
 QM energy (a.u.):   -1855.39117777182     
 XREF energy (a.u.):    70.8389404136062     
 R(factor) =   0.262277000000000         R(free) =   0.233324000000000     
 Rejecting step, energy  3.068E-05 higher
 Energy calculation finished, energy: -1.784552237E+03
 QM energy (a.u.):   -1855.39117776858     
 XREF energy (a.u.):    70.8389404074294     
 R(factor) =   0.262277000000000         R(free) =   0.233324000000000     
 Rejecting step, energy  3.067E-05 higher
 Energy calculation finished, energy: -1.784552237E+03
 QM energy (a.u.):   -1855.39117776796     
 XREF energy (a.u.):    70.8389404026374     
 R(factor) =   0.262277000000000         R(free) =   0.233324000000000     
 Rejecting step, energy  3.067E-05 higher
 Energy calculation finished, energy: -1.784552237E+03
 QM energy (a.u.):   -1855.39117776709     
 XREF energy (a.u.):    70.8389404007745     
 R(factor) =   0.262277000000000         R(free) =   0.233324000000000     
 Rejecting step, energy  3.066E-05 higher
 Energy calculation finished, energy: -1.784552237E+03
 QM energy (a.u.):   -1855.39117776637     
 XREF energy (a.u.):    70.8389403998789     
 R(factor) =   0.262277000000000         R(free) =   0.233324000000000     
 Rejecting step, energy  3.066E-05 higher
 Energy calculation finished, energy: -1.784552237E+03
 QM energy (a.u.):   -1855.39117776641     
 XREF energy (a.u.):    70.8389404000335     
 R(factor) =   0.262277000000000         R(free) =   0.233324000000000     
 Rejecting step, energy  3.066E-05 higher
 Step too small, restarting optimiser.
Testing convergence  in cycle   22
    Energy  3.0660E-05 Target: 1.0000E-05 converged?   no
  Max step  2.7535E-08 Target: 1.8000E-02 converged?  yes component    90
  RMS step  6.7968E-09 Target: 1.2000E-02 converged?  yes
  Max grad  3.4167E-03 Target: 4.5000E-03 converged?  yes component   109
  RMS grad  9.8290E-04 Target: 3.0000E-03 converged?  yes
 Predicted step length 2.0000E-02
 Trust radius          5.0000E-02
 Energy calculation finished, energy: -1.784552237E+03
 QM energy (a.u.):   -1855.39100898916     
 XREF energy (a.u.):    70.8388560530132     
 R(factor) =   0.262310000000000         R(free) =   0.233319000000000     
 Rejecting step, energy  0.000E+00 higher
 Energy calculation finished, energy: -1.784552153E+03
 QM energy (a.u.):   -1855.39112433648     
 XREF energy (a.u.):    70.8388984075582     
 R(factor) =   0.262293000000000         R(free) =   0.233321000000000     
 Rejecting step, energy  8.443E-05 higher
 Energy calculation finished, energy: -1.784552226E+03
 QM energy (a.u.):   -1855.39115882664     
 XREF energy (a.u.):    70.8389144873331     
 R(factor) =   0.262285000000000         R(free) =   0.233323000000000     
 Rejecting step, energy  1.144E-05 higher
 Energy calculation finished, energy: -1.784552244E+03
 QM energy (a.u.):   -1855.39117024497     
 XREF energy (a.u.):    70.8389299475184     
 R(factor) =   0.262281000000000         R(free) =   0.233323000000000     
Testing convergence  in cycle   26
    Energy  6.9700E-06 Target: 1.0000E-05 converged?  yes
  Max step  7.7419E-04 Target: 1.8000E-02 converged?  yes component   109
  RMS step  2.2272E-04 Target: 1.2000E-02 converged?  yes
  Max grad  3.0838E-03 Target: 4.5000E-03 converged?  yes component   109
  RMS grad  8.7185E-04 Target: 3.0000E-03 converged?  yes
Convergence reached

 Optimisation converged
 ----------------------
 Final converged energy:   -1784.552244340000


DL-FIND Report:
===============
Optimisation algorithm: L-BFGS
Number of steps in L-BFGS memory ...............        100
 
Trust radius based on energy
Maximum step length ............................  5.000E-02
 
Coordinate system: Cartesian coordinates
 
Number of atoms ................................       2619
Number of input geometries .....................          1
Variables to be optimised ......................        126
No restart information is written
This run has not been restarted.
Number of energy evaluations on this processor .         26
Number of steps ................................         26
Number of accepted steps / line searches .......          5
 

Timing report
=============
Module                                      CPU time            Wall clock time
Total .................................     2.166 (100.00%)  2143.271 (100.00%) seconds
Energy and Gradient ...................     0.153 (  7.08%)     0.182 (  0.01%) seconds
Step direction ........................     0.036 (  1.67%)     0.047 (  0.00%) seconds
Coordinate transformation .............     0.009 (  0.43%)     0.009 (  0.00%) seconds
Checkpoint file I/O ...................     0.000 (  0.00%)     0.000 (  0.00%) seconds
XYZ-file I/O ..........................     0.000 (  0.00%)     0.000 (  0.00%) seconds
Maximum memory usage ........................... 5.1879E+03 kB
Sat Nov  5 14:44:30 CST 2022
