This job is running on host node94
Current directory: /share/home/yanz/QR_App/ChemHPC/NC_more/2p7z/QRs/ANIMM_R1
Tue Dec 19 19:06:20 CST 2023
 using Gaussian + CNS
 QM energy (a.u.):   -1215.53878160541     
 XREF energy (a.u.):    81.3783261757953     
 R(factor) =   0.219144000000000         R(free) =   0.216388000000000     
 External sizes:       11040           1        7360

***********************************************************************
**                                                                   **
**                       ---------------------                       **
**                              DL-FIND                              **
**                       Geometry Optimisation                       **
**                       ---------------------                       **
**                                                                   **
**                 J. Kaestner, J.M. Carr, T.W. Keal,                **
**                W. Thiel, A. Wander and P. Sherwood                **
**                                                                   **
**              J. Phys. Chem. A, 2009, 113 (43), 11856.             **
**                                                                   **
**   Please include this reference in published work using DL-FIND.  **
**                                                                   **
**               Copyright:  STFC Daresbury Laboratory               **
**                           Revision: Unversioned directory         **
**                                                                   **
***********************************************************************


DL-FIND Report:
===============
Optimisation algorithm: L-BFGS
Number of steps in L-BFGS memory ...............        100
 
Trust radius based on energy
Maximum step length ............................  5.000E-02
 
Coordinate system: Cartesian coordinates
 
Number of atoms ................................       3680
Number of input geometries .....................          1
Variables to be optimised ......................        174
No restart information is written
This run has not been restarted.
Maximum number of steps ........................       2000
Maximum number of energy evaluations ...........      10000
 
 Energy calculation finished, energy: -1.134160455E+03
 QM energy (a.u.):   -1215.53878160541     
 XREF energy (a.u.):    81.3523956953246     
 R(factor) =   0.219910000000000         R(free) =   0.216181000000000     
Testing convergence  in cycle    1
  Max grad  1.3561E-01 Target: 4.5000E-03 converged?   no component    11
  RMS grad  2.1418E-02 Target: 3.0000E-03 converged?   no
 Predicted step length 2.0000E-02
 Trust radius          5.0000E-02
 Energy calculation finished, energy: -1.134186386E+03
 QM energy (a.u.):   -1215.54818451809     
 XREF energy (a.u.):    81.3295875461270     
 R(factor) =   0.220701000000000         R(free) =   0.215989000000000     
Testing convergence  in cycle    2
    Energy  2.5930E-02 Target: 1.0000E-05 converged?   no
  Max step  9.5997E-03 Target: 1.8000E-02 converged?  yes component    11
  RMS step  1.5162E-03 Target: 1.2000E-02 converged?  yes
  Max grad  1.3573E-01 Target: 4.5000E-03 converged?   no component    11
  RMS grad  2.1410E-02 Target: 3.0000E-03 converged?   no
 Predicted step length 1.0761E+02
 Trust radius          5.0000E-02
 Energy calculation finished, energy: -1.134218597E+03
 QM energy (a.u.):   -1215.56713725046     
 XREF energy (a.u.):    81.3070339028092     
 R(factor) =   0.221487000000000         R(free) =   0.215800000000000     
Testing convergence  in cycle    3
    Energy  3.2211E-02 Target: 1.0000E-05 converged?   no
  Max step  2.4687E-02 Target: 1.8000E-02 converged?   no component    11
  RMS step  3.7905E-03 Target: 1.2000E-02 converged?  yes
  Max grad  1.2492E-01 Target: 4.5000E-03 converged?   no component    11
  RMS grad  1.9573E-02 Target: 3.0000E-03 converged?   no
 Predicted step length 6.9816E-01
 Trust radius          5.0000E-02
 Energy calculation finished, energy: -1.134260103E+03
 QM energy (a.u.):   -1215.57882743284     
 XREF energy (a.u.):    81.2872358874755     
 R(factor) =   0.222207000000000         R(free) =   0.215622000000000     
Testing convergence  in cycle    4
    Energy  4.1506E-02 Target: 1.0000E-05 converged?   no
  Max step  2.4445E-02 Target: 1.8000E-02 converged?   no component    11
  RMS step  3.7905E-03 Target: 1.2000E-02 converged?  yes
  Max grad  8.1308E-02 Target: 4.5000E-03 converged?   no component    11
  RMS grad  1.4014E-02 Target: 3.0000E-03 converged?   no
 Predicted step length 2.1283E-01
 Trust radius          5.0000E-02
 Energy calculation finished, energy: -1.134291592E+03
 QM energy (a.u.):   -1215.58356127906     
 XREF energy (a.u.):    81.2693318126299     
 R(factor) =   0.222867000000000         R(free) =   0.215452000000000     
Testing convergence  in cycle    5
    Energy  3.1488E-02 Target: 1.0000E-05 converged?   no
  Max step  2.1315E-02 Target: 1.8000E-02 converged?   no component    14
  RMS step  3.7905E-03 Target: 1.2000E-02 converged?  yes
  Max grad  5.1608E-02 Target: 4.5000E-03 converged?   no component    48
  RMS grad  9.0707E-03 Target: 3.0000E-03 converged?   no
 Predicted step length 1.5673E-01
 Trust radius          5.0000E-02
 Energy calculation finished, energy: -1.134314229E+03
 QM energy (a.u.):   -1215.58582667621     
 XREF energy (a.u.):    81.2530790609445     
 R(factor) =   0.223482000000000         R(free) =   0.215288000000000     
Testing convergence  in cycle    6
    Energy  2.2638E-02 Target: 1.0000E-05 converged?   no
  Max step  2.2728E-02 Target: 1.8000E-02 converged?   no component    48
  RMS step  3.7905E-03 Target: 1.2000E-02 converged?  yes
  Max grad  4.5559E-02 Target: 4.5000E-03 converged?   no component    48
  RMS grad  8.4896E-03 Target: 3.0000E-03 converged?   no
 Predicted step length 2.2351E-01
 Trust radius          5.0000E-02
 Energy calculation finished, energy: -1.134332748E+03
 QM energy (a.u.):   -1215.58772605933     
 XREF energy (a.u.):    81.2375025215411     
 R(factor) =   0.224022000000000         R(free) =   0.215135000000000     
Testing convergence  in cycle    7
    Energy  1.8518E-02 Target: 1.0000E-05 converged?   no
  Max step  2.2068E-02 Target: 1.8000E-02 converged?   no component    48
  RMS step  3.7905E-03 Target: 1.2000E-02 converged?  yes
  Max grad  7.1030E-02 Target: 4.5000E-03 converged?   no component    11
  RMS grad  9.9857E-03 Target: 3.0000E-03 converged?   no
 Predicted step length 2.4573E-01
 Trust radius          5.0000E-02
 Energy calculation finished, energy: -1.134350224E+03
 QM energy (a.u.):   -1215.58952314667     
 XREF energy (a.u.):    81.2242274700797     
 R(factor) =   0.224505000000000         R(free) =   0.214997000000000     
Testing convergence  in cycle    8
    Energy  1.7476E-02 Target: 1.0000E-05 converged?   no
  Max step  2.2782E-02 Target: 1.8000E-02 converged?   no component    48
  RMS step  3.7905E-03 Target: 1.2000E-02 converged?  yes
  Max grad  7.2156E-02 Target: 4.5000E-03 converged?   no component    11
  RMS grad  1.0040E-02 Target: 3.0000E-03 converged?   no
 Predicted step length 2.7483E-01
 Trust radius          5.0000E-02
 Energy calculation finished, energy: -1.134365296E+03
 QM energy (a.u.):   -1215.59214771574     
 XREF energy (a.u.):    81.2132188673913     
 R(factor) =   0.224919000000000         R(free) =   0.214877000000000     
Testing convergence  in cycle    9
    Energy  1.5072E-02 Target: 1.0000E-05 converged?   no
  Max step  2.4226E-02 Target: 1.8000E-02 converged?   no component    48
  RMS step  3.7905E-03 Target: 1.2000E-02 converged?  yes
  Max grad  5.8550E-02 Target: 4.5000E-03 converged?   no component    11
  RMS grad  9.3733E-03 Target: 3.0000E-03 converged?   no
 Predicted step length 3.6083E-01
 Trust radius          5.0000E-02
 Energy calculation finished, energy: -1.134378929E+03
 QM energy (a.u.):   -1215.59470713616     
 XREF energy (a.u.):    81.2059826111091     
 R(factor) =   0.225058000000000         R(free) =   0.214755000000000     
Testing convergence  in cycle   10
    Energy  1.3633E-02 Target: 1.0000E-05 converged?   no
  Max step  2.4326E-02 Target: 1.8000E-02 converged?   no component    48
  RMS step  3.7905E-03 Target: 1.2000E-02 converged?  yes
  Max grad  4.8242E-02 Target: 4.5000E-03 converged?   no component    11
  RMS grad  8.5505E-03 Target: 3.0000E-03 converged?   no
 Predicted step length 3.0437E-01
 Trust radius          5.0000E-02
 Energy calculation finished, energy: -1.134388725E+03
 QM energy (a.u.):   -1215.59700926613     
 XREF energy (a.u.):    81.1977832975212     
 R(factor) =   0.225375000000000         R(free) =   0.214658000000000     
Testing convergence  in cycle   11
    Energy  9.7957E-03 Target: 1.0000E-05 converged?   no
  Max step  2.4182E-02 Target: 1.8000E-02 converged?   no component    48
  RMS step  3.7905E-03 Target: 1.2000E-02 converged?  yes
  Max grad  4.3663E-02 Target: 4.5000E-03 converged?   no component    11
  RMS grad  7.9314E-03 Target: 3.0000E-03 converged?   no
 Predicted step length 3.7904E-01
 Trust radius          5.0000E-02
 Energy calculation finished, energy: -1.134399226E+03
 QM energy (a.u.):   -1215.59905274238     
 XREF energy (a.u.):    81.1907378888353     
 R(factor) =   0.225675000000000         R(free) =   0.214575000000000     
Testing convergence  in cycle   12
    Energy  1.0501E-02 Target: 1.0000E-05 converged?   no
  Max step  2.3515E-02 Target: 1.8000E-02 converged?   no component    48
  RMS step  3.7905E-03 Target: 1.2000E-02 converged?  yes
  Max grad  4.1115E-02 Target: 4.5000E-03 converged?   no component    11
  RMS grad  7.3809E-03 Target: 3.0000E-03 converged?   no
 Predicted step length 4.1031E-01
 Trust radius          5.0000E-02
 Energy calculation finished, energy: -1.134408315E+03
 QM energy (a.u.):   -1215.60089645577     
 XREF energy (a.u.):    81.1838906356046     
 R(factor) =   0.225943000000000         R(free) =   0.214502000000000     
Testing convergence  in cycle   13
    Energy  9.0889E-03 Target: 1.0000E-05 converged?   no
  Max step  2.2479E-02 Target: 1.8000E-02 converged?   no component    48
  RMS step  3.7905E-03 Target: 1.2000E-02 converged?  yes
  Max grad  3.7112E-02 Target: 4.5000E-03 converged?   no component    11
  RMS grad  6.6631E-03 Target: 3.0000E-03 converged?   no
 Predicted step length 4.7182E-01
 Trust radius          5.0000E-02
 Energy calculation finished, energy: -1.134417006E+03
 QM energy (a.u.):   -1215.60250237370     
 XREF energy (a.u.):    81.1778390940403     
 R(factor) =   0.226224000000000         R(free) =   0.214447000000000     
Testing convergence  in cycle   14
    Energy  8.6910E-03 Target: 1.0000E-05 converged?   no
  Max step  2.1109E-02 Target: 1.8000E-02 converged?   no component    48
  RMS step  3.7905E-03 Target: 1.2000E-02 converged?  yes
  Max grad  3.1228E-02 Target: 4.5000E-03 converged?   no component    11
  RMS grad  6.0009E-03 Target: 3.0000E-03 converged?   no
 Predicted step length 4.5167E-01
 Trust radius          5.0000E-02
 Energy calculation finished, energy: -1.134424663E+03
 QM energy (a.u.):   -1215.60400076087     
 XREF energy (a.u.):    81.1722732480064     
 R(factor) =   0.226464000000000         R(free) =   0.214389000000000     
Testing convergence  in cycle   15
    Energy  7.6575E-03 Target: 1.0000E-05 converged?   no
  Max step  1.9472E-02 Target: 1.8000E-02 converged?   no component    48
  RMS step  3.7905E-03 Target: 1.2000E-02 converged?  yes
  Max grad  2.4864E-02 Target: 4.5000E-03 converged?   no component    11
  RMS grad  5.6094E-03 Target: 3.0000E-03 converged?   no
 Predicted step length 5.2274E-01
 Trust radius          5.0000E-02
 Energy calculation finished, energy: -1.134431728E+03
 QM energy (a.u.):   -1215.60544980611     
 XREF energy (a.u.):    81.1674380442937     
 R(factor) =   0.226686000000000         R(free) =   0.214340000000000     
Testing convergence  in cycle   16
    Energy  7.0642E-03 Target: 1.0000E-05 converged?   no
  Max step  1.8139E-02 Target: 1.8000E-02 converged?   no component    48
  RMS step  3.7905E-03 Target: 1.2000E-02 converged?  yes
  Max grad  2.0397E-02 Target: 4.5000E-03 converged?   no component    14
  RMS grad  5.2266E-03 Target: 3.0000E-03 converged?   no
 Predicted step length 4.7974E-01
 Trust radius          5.0000E-02
 Energy calculation finished, energy: -1.134438012E+03
 QM energy (a.u.):   -1215.60696501594     
 XREF energy (a.u.):    81.1632041786203     
 R(factor) =   0.226902000000000         R(free) =   0.214295000000000     
Testing convergence  in cycle   17
    Energy  6.2843E-03 Target: 1.0000E-05 converged?   no
  Max step  1.6850E-02 Target: 1.8000E-02 converged?  yes component    48
  RMS step  3.7905E-03 Target: 1.2000E-02 converged?  yes
  Max grad  1.8041E-02 Target: 4.5000E-03 converged?   no component    14
  RMS grad  4.6728E-03 Target: 3.0000E-03 converged?   no
 Predicted step length 4.7105E-01
 Trust radius          5.0000E-02
 Energy calculation finished, energy: -1.134443761E+03
 QM energy (a.u.):   -1215.60852161273     
 XREF energy (a.u.):    81.1595976440154     
 R(factor) =   0.227094000000000         R(free) =   0.214258000000000     
Testing convergence  in cycle   18
    Energy  5.7491E-03 Target: 1.0000E-05 converged?   no
  Max step  1.6069E-02 Target: 1.8000E-02 converged?  yes component    48
  RMS step  3.7905E-03 Target: 1.2000E-02 converged?  yes
  Max grad  1.5312E-02 Target: 4.5000E-03 converged?   no component    14
  RMS grad  4.1198E-03 Target: 3.0000E-03 converged?   no
 Predicted step length 4.3382E-01
 Trust radius          5.0000E-02
 Energy calculation finished, energy: -1.134448924E+03
 QM energy (a.u.):   -1215.61003537271     
 XREF energy (a.u.):    81.1564406275186     
 R(factor) =   0.227274000000000         R(free) =   0.214228000000000     
Testing convergence  in cycle   19
    Energy  5.1631E-03 Target: 1.0000E-05 converged?   no
  Max step  1.5801E-02 Target: 1.8000E-02 converged?  yes component    48
  RMS step  3.7905E-03 Target: 1.2000E-02 converged?  yes
  Max grad  1.1549E-02 Target: 4.5000E-03 converged?   no component    14
  RMS grad  3.6222E-03 Target: 3.0000E-03 converged?   no
 Predicted step length 4.3156E-01
 Trust radius          5.0000E-02
 Energy calculation finished, energy: -1.134453595E+03
 QM energy (a.u.):   -1215.61142039889     
 XREF energy (a.u.):    81.1543185407596     
 R(factor) =   0.227449000000000         R(free) =   0.214207000000000     
Testing convergence  in cycle   20
    Energy  4.6708E-03 Target: 1.0000E-05 converged?   no
  Max step  1.5564E-02 Target: 1.8000E-02 converged?  yes component    48
  RMS step  3.7905E-03 Target: 1.2000E-02 converged?  yes
  Max grad  9.4615E-03 Target: 4.5000E-03 converged?   no component   129
  RMS grad  3.1726E-03 Target: 3.0000E-03 converged?   no
 Predicted step length 4.0703E-01
 Trust radius          5.0000E-02
 Energy calculation finished, energy: -1.134457102E+03
 QM energy (a.u.):   -1215.61265081279     
 XREF energy (a.u.):    81.1518812004970     
 R(factor) =   0.227607000000000         R(free) =   0.214188000000000     
Testing convergence  in cycle   21
    Energy  3.5071E-03 Target: 1.0000E-05 converged?   no
  Max step  1.4631E-02 Target: 1.8000E-02 converged?  yes component    48
  RMS step  3.7905E-03 Target: 1.2000E-02 converged?  yes
  Max grad  9.2119E-03 Target: 4.5000E-03 converged?   no component   129
  RMS grad  2.8123E-03 Target: 3.0000E-03 converged?  yes
 Predicted step length 4.3019E-01
 Trust radius          5.0000E-02
 Energy calculation finished, energy: -1.134460770E+03
 QM energy (a.u.):   -1215.61383751393     
 XREF energy (a.u.):    81.1509462700147     
 R(factor) =   0.227607000000000         R(free) =   0.214184000000000     
Testing convergence  in cycle   22
    Energy  3.6677E-03 Target: 1.0000E-05 converged?   no
  Max step  1.4027E-02 Target: 1.8000E-02 converged?  yes component    15
  RMS step  3.7905E-03 Target: 1.2000E-02 converged?  yes
  Max grad  8.9785E-03 Target: 4.5000E-03 converged?   no component   129
  RMS grad  2.6869E-03 Target: 3.0000E-03 converged?  yes
 Predicted step length 4.8856E-01
 Trust radius          5.0000E-02
 Energy calculation finished, energy: -1.134462891E+03
 QM energy (a.u.):   -1215.61499635821     
 XREF energy (a.u.):    81.1501680870872     
 R(factor) =   0.227606000000000         R(free) =   0.214180000000000     
Testing convergence  in cycle   23
    Energy  2.1216E-03 Target: 1.0000E-05 converged?   no
  Max step  1.3520E-02 Target: 1.8000E-02 converged?  yes component    15
  RMS step  3.7905E-03 Target: 1.2000E-02 converged?  yes
  Max grad  8.6155E-03 Target: 4.5000E-03 converged?   no component   129
  RMS grad  2.5667E-03 Target: 3.0000E-03 converged?  yes
 Predicted step length 4.7661E-01
 Trust radius          5.0000E-02
 Energy calculation finished, energy: -1.134464828E+03
 QM energy (a.u.):   -1215.61619786918     
 XREF energy (a.u.):    81.1482093609374     
 R(factor) =   0.227764000000000         R(free) =   0.214165000000000     
Testing convergence  in cycle   24
    Energy  1.9370E-03 Target: 1.0000E-05 converged?   no
  Max step  1.2868E-02 Target: 1.8000E-02 converged?  yes component    15
  RMS step  3.7905E-03 Target: 1.2000E-02 converged?  yes
  Max grad  8.6914E-03 Target: 4.5000E-03 converged?   no component   126
  RMS grad  2.4953E-03 Target: 3.0000E-03 converged?  yes
 Predicted step length 4.9314E-01
 Trust radius          5.0000E-02
 Energy calculation finished, energy: -1.134467989E+03
 QM energy (a.u.):   -1215.61735637853     
 XREF energy (a.u.):    81.1476095286264     
 R(factor) =   0.227776000000000         R(free) =   0.214164000000000     
Testing convergence  in cycle   25
    Energy  3.1602E-03 Target: 1.0000E-05 converged?   no
  Max step  1.3122E-02 Target: 1.8000E-02 converged?  yes component   129
  RMS step  3.7905E-03 Target: 1.2000E-02 converged?  yes
  Max grad  8.9149E-03 Target: 4.5000E-03 converged?   no component   126
  RMS grad  2.4229E-03 Target: 3.0000E-03 converged?  yes
 Predicted step length 4.2394E-01
 Trust radius          5.0000E-02
 Energy calculation finished, energy: -1.134469747E+03
 QM energy (a.u.):   -1215.61854784803     
 XREF energy (a.u.):    81.1471819186321     
 R(factor) =   0.227791000000000         R(free) =   0.214162000000000     
Testing convergence  in cycle   26
    Energy  1.7583E-03 Target: 1.0000E-05 converged?   no
  Max step  1.3466E-02 Target: 1.8000E-02 converged?  yes component   129
  RMS step  3.7905E-03 Target: 1.2000E-02 converged?  yes
  Max grad  8.9756E-03 Target: 4.5000E-03 converged?   no component   126
  RMS grad  2.5069E-03 Target: 3.0000E-03 converged?  yes
 Predicted step length 4.8173E-01
 Trust radius          5.0000E-02
 Energy calculation finished, energy: -1.134471366E+03
 QM energy (a.u.):   -1215.61974528957     
 XREF energy (a.u.):    81.1467838487860     
 R(factor) =   0.227808000000000         R(free) =   0.214163000000000     
Testing convergence  in cycle   27
    Energy  1.6191E-03 Target: 1.0000E-05 converged?   no
  Max step  1.3701E-02 Target: 1.8000E-02 converged?  yes component   129
  RMS step  3.7905E-03 Target: 1.2000E-02 converged?  yes
  Max grad  9.2766E-03 Target: 4.5000E-03 converged?   no component    11
  RMS grad  2.5551E-03 Target: 3.0000E-03 converged?  yes
 Predicted step length 4.6677E-01
 Trust radius          5.0000E-02
 Energy calculation finished, energy: -1.134472961E+03
 QM energy (a.u.):   -1215.62097486097     
 XREF energy (a.u.):    81.1471662522649     
 R(factor) =   0.227820000000000         R(free) =   0.214162000000000     
Testing convergence  in cycle   28
    Energy  1.5955E-03 Target: 1.0000E-05 converged?   no
  Max step  1.4003E-02 Target: 1.8000E-02 converged?  yes component   129
  RMS step  3.7905E-03 Target: 1.2000E-02 converged?  yes
  Max grad  9.7414E-03 Target: 4.5000E-03 converged?   no component    11
  RMS grad  2.5636E-03 Target: 3.0000E-03 converged?  yes
 Predicted step length 5.7986E-01
 Trust radius          5.0000E-02
 Energy calculation finished, energy: -1.134473809E+03
 QM energy (a.u.):   -1215.62215605104     
 XREF energy (a.u.):    81.1470298439619     
 R(factor) =   0.227839000000000         R(free) =   0.214164000000000     
Testing convergence  in cycle   29
    Energy  8.4717E-04 Target: 1.0000E-05 converged?   no
  Max step  1.4141E-02 Target: 1.8000E-02 converged?  yes component   129
  RMS step  3.7905E-03 Target: 1.2000E-02 converged?  yes
  Max grad  1.0178E-02 Target: 4.5000E-03 converged?   no component    11
  RMS grad  2.5203E-03 Target: 3.0000E-03 converged?  yes
 Predicted step length 4.9775E-01
 Trust radius          5.0000E-02
 Energy calculation finished, energy: -1.134475126E+03
 QM energy (a.u.):   -1215.62331677861     
 XREF energy (a.u.):    81.1468193009245     
 R(factor) =   0.227859000000000         R(free) =   0.214167000000000     
Testing convergence  in cycle   30
    Energy  1.3176E-03 Target: 1.0000E-05 converged?   no
  Max step  1.4207E-02 Target: 1.8000E-02 converged?  yes component   129
  RMS step  3.7905E-03 Target: 1.2000E-02 converged?  yes
  Max grad  1.0794E-02 Target: 4.5000E-03 converged?   no component    11
  RMS grad  2.5487E-03 Target: 3.0000E-03 converged?  yes
 Predicted step length 6.2973E-01
 Trust radius          5.0000E-02
 Energy calculation finished, energy: -1.134476497E+03
 QM energy (a.u.):   -1215.62439875961     
 XREF energy (a.u.):    81.1466819599464     
 R(factor) =   0.227878000000000         R(free) =   0.214169000000000     
Testing convergence  in cycle   31
    Energy  1.3713E-03 Target: 1.0000E-05 converged?   no
  Max step  1.4469E-02 Target: 1.8000E-02 converged?  yes component   126
  RMS step  3.7905E-03 Target: 1.2000E-02 converged?  yes
  Max grad  1.1129E-02 Target: 4.5000E-03 converged?   no component    14
  RMS grad  2.5833E-03 Target: 3.0000E-03 converged?  yes
 Predicted step length 4.9711E-01
 Trust radius          5.0000E-02
 Energy calculation finished, energy: -1.134477717E+03
 QM energy (a.u.):   -1215.62548715160     
 XREF energy (a.u.):    81.1464956933268     
 R(factor) =   0.227896000000000         R(free) =   0.214170000000000     
Testing convergence  in cycle   32
    Energy  1.2193E-03 Target: 1.0000E-05 converged?   no
  Max step  1.5196E-02 Target: 1.8000E-02 converged?  yes component   126
  RMS step  3.7905E-03 Target: 1.2000E-02 converged?  yes
  Max grad  1.2141E-02 Target: 4.5000E-03 converged?   no component    14
  RMS grad  2.6756E-03 Target: 3.0000E-03 converged?  yes
 Predicted step length 6.8990E-01
 Trust radius          5.0000E-02
 Energy calculation finished, energy: -1.134478991E+03
 QM energy (a.u.):   -1215.62653379912     
 XREF energy (a.u.):    81.1463773017941     
 R(factor) =   0.227913000000000         R(free) =   0.214171000000000     
Testing convergence  in cycle   33
    Energy  1.2747E-03 Target: 1.0000E-05 converged?   no
  Max step  1.5561E-02 Target: 1.8000E-02 converged?  yes component   126
  RMS step  3.7905E-03 Target: 1.2000E-02 converged?  yes
  Max grad  1.2648E-02 Target: 4.5000E-03 converged?   no component    14
  RMS grad  2.6418E-03 Target: 3.0000E-03 converged?  yes
 Predicted step length 5.3576E-01
 Trust radius          5.0000E-02
 Energy calculation finished, energy: -1.134480157E+03
 QM energy (a.u.):   -1215.62759545469     
 XREF energy (a.u.):    81.1461034676983     
 R(factor) =   0.227929000000000         R(free) =   0.214173000000000     
Testing convergence  in cycle   34
    Energy  1.1650E-03 Target: 1.0000E-05 converged?   no
  Max step  1.6161E-02 Target: 1.8000E-02 converged?  yes component   126
  RMS step  3.7905E-03 Target: 1.2000E-02 converged?  yes
  Max grad  1.2840E-02 Target: 4.5000E-03 converged?   no component    14
  RMS grad  2.5896E-03 Target: 3.0000E-03 converged?  yes
 Predicted step length 6.9413E-01
 Trust radius          5.0000E-02
 Energy calculation finished, energy: -1.134481492E+03
 QM energy (a.u.):   -1215.62859882773     
 XREF energy (a.u.):    81.1444364751748     
 R(factor) =   0.228091000000000         R(free) =   0.214161000000000     
Testing convergence  in cycle   35
    Energy  1.3355E-03 Target: 1.0000E-05 converged?   no
  Max step  1.6477E-02 Target: 1.8000E-02 converged?  yes component   126
  RMS step  3.7905E-03 Target: 1.2000E-02 converged?  yes
  Max grad  1.2348E-02 Target: 4.5000E-03 converged?   no component    14
  RMS grad  2.4836E-03 Target: 3.0000E-03 converged?  yes
 Predicted step length 5.1145E-01
 Trust radius          5.0000E-02
 Energy calculation finished, energy: -1.134484162E+03
 QM energy (a.u.):   -1215.62953725668     
 XREF energy (a.u.):    81.1438792546752     
 R(factor) =   0.228103000000000         R(free) =   0.214162000000000     
Testing convergence  in cycle   36
    Energy  2.6704E-03 Target: 1.0000E-05 converged?   no
  Max step  1.6897E-02 Target: 1.8000E-02 converged?  yes component   126
  RMS step  3.7905E-03 Target: 1.2000E-02 converged?  yes
  Max grad  1.1458E-02 Target: 4.5000E-03 converged?   no component    14
  RMS grad  2.3948E-03 Target: 3.0000E-03 converged?  yes
 Predicted step length 7.3140E-01
 Trust radius          5.0000E-02
 Energy calculation finished, energy: -1.134485658E+03
 QM energy (a.u.):   -1215.63035895120     
 XREF energy (a.u.):    81.1439119495942     
 R(factor) =   0.228115000000000         R(free) =   0.214164000000000     
Testing convergence  in cycle   37
    Energy  1.4957E-03 Target: 1.0000E-05 converged?   no
  Max step  1.7042E-02 Target: 1.8000E-02 converged?  yes component   126
  RMS step  3.7905E-03 Target: 1.2000E-02 converged?  yes
  Max grad  1.0730E-02 Target: 4.5000E-03 converged?   no component    14
  RMS grad  2.3002E-03 Target: 3.0000E-03 converged?  yes
 Predicted step length 5.1795E-01
 Trust radius          5.0000E-02
 Energy calculation finished, energy: -1.134486447E+03
 QM energy (a.u.):   -1215.63118005004     
 XREF energy (a.u.):    81.1437097453905     
 R(factor) =   0.228124000000000         R(free) =   0.214165000000000     
Testing convergence  in cycle   38
    Energy  7.8900E-04 Target: 1.0000E-05 converged?   no
  Max step  1.7341E-02 Target: 1.8000E-02 converged?  yes component   126
  RMS step  3.7905E-03 Target: 1.2000E-02 converged?  yes
  Max grad  1.0162E-02 Target: 4.5000E-03 converged?   no component    14
  RMS grad  2.2934E-03 Target: 3.0000E-03 converged?  yes
 Predicted step length 7.9581E-01
 Trust radius          5.0000E-02
 Energy calculation finished, energy: -1.134487470E+03
 QM energy (a.u.):   -1215.63192420575     
 XREF energy (a.u.):    81.1434701475925     
 R(factor) =   0.228131000000000         R(free) =   0.214166000000000     
Testing convergence  in cycle   39
    Energy  1.0233E-03 Target: 1.0000E-05 converged?   no
  Max step  1.7447E-02 Target: 1.8000E-02 converged?  yes component   126
  RMS step  3.7905E-03 Target: 1.2000E-02 converged?  yes
  Max grad  9.5377E-03 Target: 4.5000E-03 converged?   no component    14
  RMS grad  2.1667E-03 Target: 3.0000E-03 converged?  yes
 Predicted step length 4.6258E-01
 Trust radius          5.0000E-02
 Energy calculation finished, energy: -1.134488454E+03
 QM energy (a.u.):   -1215.63259986139     
 XREF energy (a.u.):    81.1431105687816     
 R(factor) =   0.228138000000000         R(free) =   0.214166000000000     
Testing convergence  in cycle   40
    Energy  9.8376E-04 Target: 1.0000E-05 converged?   no
  Max step  1.7485E-02 Target: 1.8000E-02 converged?  yes component   126
  RMS step  3.7905E-03 Target: 1.2000E-02 converged?  yes
  Max grad  8.7593E-03 Target: 4.5000E-03 converged?   no component    14
  RMS grad  2.0838E-03 Target: 3.0000E-03 converged?  yes
 Predicted step length 5.8076E-01
 Trust radius          5.0000E-02
 Energy calculation finished, energy: -1.134489489E+03
 QM energy (a.u.):   -1215.63317892954     
 XREF energy (a.u.):    81.1427306867073     
 R(factor) =   0.228145000000000         R(free) =   0.214166000000000     
Testing convergence  in cycle   41
    Energy  1.0352E-03 Target: 1.0000E-05 converged?   no
  Max step  1.7475E-02 Target: 1.8000E-02 converged?  yes component   126
  RMS step  3.7905E-03 Target: 1.2000E-02 converged?  yes
  Max grad  7.9495E-03 Target: 4.5000E-03 converged?   no component    14
  RMS grad  1.9824E-03 Target: 3.0000E-03 converged?  yes
 Predicted step length 4.3114E-01
 Trust radius          5.0000E-02
 Energy calculation finished, energy: -1.134490448E+03
 QM energy (a.u.):   -1215.63373793545     
 XREF energy (a.u.):    81.1424436110064     
 R(factor) =   0.228152000000000         R(free) =   0.214165000000000     
Testing convergence  in cycle   42
    Energy  9.5895E-04 Target: 1.0000E-05 converged?   no
  Max step  1.7407E-02 Target: 1.8000E-02 converged?  yes component   126
  RMS step  3.7905E-03 Target: 1.2000E-02 converged?  yes
  Max grad  7.0885E-03 Target: 4.5000E-03 converged?   no component    14
  RMS grad  1.9137E-03 Target: 3.0000E-03 converged?  yes
 Predicted step length 5.9301E-01
 Trust radius          5.0000E-02
 Energy calculation finished, energy: -1.134491294E+03
 QM energy (a.u.):   -1215.63422259565     
 XREF energy (a.u.):    81.1420812522274     
 R(factor) =   0.228158000000000         R(free) =   0.214163000000000     
Testing convergence  in cycle   43
    Energy  8.4608E-04 Target: 1.0000E-05 converged?   no
  Max step  1.7336E-02 Target: 1.8000E-02 converged?  yes component   126
  RMS step  3.7905E-03 Target: 1.2000E-02 converged?  yes
  Max grad  6.1324E-03 Target: 4.5000E-03 converged?   no component    14
  RMS grad  1.7208E-03 Target: 3.0000E-03 converged?  yes
 Predicted step length 3.8165E-01
 Trust radius          5.0000E-02
 Energy calculation finished, energy: -1.134492141E+03
 QM energy (a.u.):   -1215.63459801805     
 XREF energy (a.u.):    81.1439473400156     
 R(factor) =   0.228213000000000         R(free) =   0.214153000000000     
Testing convergence  in cycle   44
    Energy  8.4702E-04 Target: 1.0000E-05 converged?   no
  Max step  1.7171E-02 Target: 1.8000E-02 converged?  yes component   126
  RMS step  3.7905E-03 Target: 1.2000E-02 converged?  yes
  Max grad  5.0800E-03 Target: 4.5000E-03 converged?   no component    14
  RMS grad  1.5527E-03 Target: 3.0000E-03 converged?  yes
 Predicted step length 4.8083E-01
 Trust radius          5.0000E-02
 Energy calculation finished, energy: -1.134490651E+03
 QM energy (a.u.):   -1215.63484078981     
 XREF energy (a.u.):    81.1434296102836     
 R(factor) =   0.228214000000000         R(free) =   0.214150000000000     
 Rejecting step, energy  1.491E-03 higher
 Energy calculation finished, energy: -1.134491411E+03
 QM energy (a.u.):   -1215.63474113169     
 XREF energy (a.u.):    81.1436904177290     
 R(factor) =   0.228213000000000         R(free) =   0.214152000000000     
 Rejecting step, energy  7.302E-04 higher
 Energy calculation finished, energy: -1.134491051E+03
 QM energy (a.u.):   -1215.63467500178     
 XREF energy (a.u.):    81.1438205205254     
 R(factor) =   0.228213000000000         R(free) =   0.214153000000000     
 Rejecting step, energy  1.091E-03 higher
 Energy calculation finished, energy: -1.134490854E+03
 QM energy (a.u.):   -1215.63463786540     
 XREF energy (a.u.):    81.1438884802070     
 R(factor) =   0.228213000000000         R(free) =   0.214153000000000     
 Rejecting step, energy  1.287E-03 higher
 Energy calculation finished, energy: -1.134490749E+03
 QM energy (a.u.):   -1215.63461828055     
 XREF energy (a.u.):    81.1439124895163     
 R(factor) =   0.228213000000000         R(free) =   0.214153000000000     
 Rejecting step, energy  1.392E-03 higher
 Energy calculation finished, energy: -1.134490706E+03
 QM energy (a.u.):   -1215.63460823333     
 XREF energy (a.u.):    81.1439298902731     
 R(factor) =   0.228213000000000         R(free) =   0.214153000000000     
 Rejecting step, energy  1.436E-03 higher
 Energy calculation finished, energy: -1.134490678E+03
 QM energy (a.u.):   -1215.63460314674     
 XREF energy (a.u.):    81.1439386030155     
 R(factor) =   0.228213000000000         R(free) =   0.214153000000000     
 Rejecting step, energy  1.463E-03 higher
 Energy calculation finished, energy: -1.134490665E+03
 QM energy (a.u.):   -1215.63460058744     
 XREF energy (a.u.):    81.1439429703267     
 R(factor) =   0.228213000000000         R(free) =   0.214153000000000     
 Rejecting step, energy  1.477E-03 higher
 Energy calculation finished, energy: -1.134490658E+03
 QM energy (a.u.):   -1215.63459930321     
 XREF energy (a.u.):    81.1439451500979     
 R(factor) =   0.228213000000000         R(free) =   0.214153000000000     
 Rejecting step, energy  1.484E-03 higher
 Energy calculation finished, energy: -1.134490654E+03
 QM energy (a.u.):   -1215.63459866068     
 XREF energy (a.u.):    81.1439462498480     
 R(factor) =   0.228213000000000         R(free) =   0.214153000000000     
 Rejecting step, energy  1.487E-03 higher
 Energy calculation finished, energy: -1.134490652E+03
 QM energy (a.u.):   -1215.63459833907     
 XREF energy (a.u.):    81.1439467954242     
 R(factor) =   0.228213000000000         R(free) =   0.214153000000000     
 Rejecting step, energy  1.489E-03 higher
 Energy calculation finished, energy: -1.134490652E+03
 QM energy (a.u.):   -1215.63459817773     
 XREF energy (a.u.):    81.1439470683112     
 R(factor) =   0.228213000000000         R(free) =   0.214153000000000     
 Rejecting step, energy  1.490E-03 higher
 Energy calculation finished, energy: -1.134490651E+03
 QM energy (a.u.):   -1215.63459809832     
 XREF energy (a.u.):    81.1439472045196     
 R(factor) =   0.228213000000000         R(free) =   0.214153000000000     
 Rejecting step, energy  1.490E-03 higher
 Energy calculation finished, energy: -1.134490651E+03
 QM energy (a.u.):   -1215.63459805794     
 XREF energy (a.u.):    81.1439472726126     
 R(factor) =   0.228213000000000         R(free) =   0.214153000000000     
 Rejecting step, energy  1.490E-03 higher
 Energy calculation finished, energy: -1.134490651E+03
 QM energy (a.u.):   -1215.63459803825     
 XREF energy (a.u.):    81.1439473065133     
 R(factor) =   0.228213000000000         R(free) =   0.214153000000000     
 Rejecting step, energy  1.491E-03 higher
 Energy calculation finished, energy: -1.134490651E+03
 QM energy (a.u.):   -1215.63459802794     
 XREF energy (a.u.):    81.1439473238199     
 R(factor) =   0.228213000000000         R(free) =   0.214153000000000     
 Rejecting step, energy  1.491E-03 higher
 Energy calculation finished, energy: -1.134490651E+03
 QM energy (a.u.):   -1215.63459802269     
 XREF energy (a.u.):    81.1439473315377     
 R(factor) =   0.228213000000000         R(free) =   0.214153000000000     
 Rejecting step, energy  1.491E-03 higher
 Energy calculation finished, energy: -1.134490651E+03
 QM energy (a.u.):   -1215.63459802032     
 XREF energy (a.u.):    81.1439473359950     
 R(factor) =   0.228213000000000         R(free) =   0.214153000000000     
 Rejecting step, energy  1.491E-03 higher
 Energy calculation finished, energy: -1.134490651E+03
 QM energy (a.u.):   -1215.63459801824     
 XREF energy (a.u.):    81.1439473388316     
 R(factor) =   0.228213000000000         R(free) =   0.214153000000000     
 Rejecting step, energy  1.491E-03 higher
 Step too small, restarting optimiser.
Testing convergence  in cycle   63
    Energy  1.4907E-03 Target: 1.0000E-05 converged?   no
  Max step  3.2469E-08 Target: 1.8000E-02 converged?  yes component   126
  RMS step  7.2298E-09 Target: 1.2000E-02 converged?  yes
  Max grad  4.2734E-03 Target: 4.5000E-03 converged?  yes component    63
  RMS grad  1.4277E-03 Target: 3.0000E-03 converged?  yes
 Predicted step length 2.0000E-02
 Trust radius          5.0000E-02
 Energy calculation finished, energy: -1.134490651E+03
 QM energy (a.u.):   -1215.63449792162     
 XREF energy (a.u.):    81.1433279239973     
 R(factor) =   0.228212000000000         R(free) =   0.214150000000000     
 Rejecting step, energy  0.000E+00 higher
 Energy calculation finished, energy: -1.134491170E+03
 QM energy (a.u.):   -1215.63462012486     
 XREF energy (a.u.):    81.1436354223034     
 R(factor) =   0.228212000000000         R(free) =   0.214152000000000     
Testing convergence  in cycle   65
    Energy  5.1932E-04 Target: 1.0000E-05 converged?   no
  Max step  2.2692E-03 Target: 1.8000E-02 converged?  yes component    63
  RMS step  7.5810E-04 Target: 1.2000E-02 converged?  yes
  Max grad  7.2110E-03 Target: 4.5000E-03 converged?   no component    11
  RMS grad  1.5029E-03 Target: 3.0000E-03 converged?  yes
 Predicted step length 1.1005E-02
 Trust radius          2.0000E-02
 Energy calculation finished, energy: -1.134490985E+03
 QM energy (a.u.):   -1215.63466330935     
 XREF energy (a.u.):    81.1433467038706     
 R(factor) =   0.228208000000000         R(free) =   0.214149000000000     
 Rejecting step, energy  1.853E-04 higher
 Energy calculation finished, energy: -1.134491317E+03
 QM energy (a.u.):   -1215.63464657771     
 XREF energy (a.u.):    81.1435017553477     
 R(factor) =   0.228210000000000         R(free) =   0.214150000000000     
Testing convergence  in cycle   67
    Energy  1.4661E-04 Target: 1.0000E-05 converged?   no
  Max step  1.2642E-03 Target: 1.8000E-02 converged?  yes component    13
  RMS step  4.1715E-04 Target: 1.2000E-02 converged?  yes
  Max grad  3.0503E-03 Target: 4.5000E-03 converged?  yes component    39
  RMS grad  1.0076E-03 Target: 3.0000E-03 converged?  yes
 Predicted step length 1.0751E+00
 Trust radius          1.1005E-02
 Energy calculation finished, energy: -1.134491145E+03
 QM energy (a.u.):   -1215.63466188340     
 XREF energy (a.u.):    81.1432685328896     
 R(factor) =   0.228206000000000         R(free) =   0.214148000000000     
 Rejecting step, energy  1.718E-04 higher
 Energy calculation finished, energy: -1.134491393E+03
 QM energy (a.u.):   -1215.63465910205     
 XREF energy (a.u.):    81.1433429879477     
 R(factor) =   0.228208000000000         R(free) =   0.214149000000000     
Testing convergence  in cycle   69
    Energy  7.6740E-05 Target: 1.0000E-05 converged?   no
  Max step  1.2314E-03 Target: 1.8000E-02 converged?  yes component    13
  RMS step  4.1715E-04 Target: 1.2000E-02 converged?  yes
  Max grad  2.9505E-03 Target: 4.5000E-03 converged?  yes component    39
  RMS grad  1.0029E-03 Target: 3.0000E-03 converged?  yes
 Predicted step length 1.2669E-01
 Trust radius          1.1005E-02
 Energy calculation finished, energy: -1.134491316E+03
 QM energy (a.u.):   -1215.63472440094     
 XREF energy (a.u.):    81.1431774349475     
 R(factor) =   0.228203000000000         R(free) =   0.214147000000000     
 Rejecting step, energy  7.724E-05 higher
 Energy calculation finished, energy: -1.134491547E+03
 QM energy (a.u.):   -1215.63469442773     
 XREF energy (a.u.):    81.1433051938713     
 R(factor) =   0.228206000000000         R(free) =   0.214148000000000     
Testing convergence  in cycle   71
    Energy  1.5362E-04 Target: 1.0000E-05 converged?   no
  Max step  1.2713E-03 Target: 1.8000E-02 converged?  yes component    39
  RMS step  4.1715E-04 Target: 1.2000E-02 converged?  yes
  Max grad  3.2978E-03 Target: 4.5000E-03 converged?  yes component    13
  RMS grad  9.4565E-04 Target: 3.0000E-03 converged?  yes
 Predicted step length 2.1064E-01
 Trust radius          1.1005E-02
 Energy calculation finished, energy: -1.134491389E+03
 QM energy (a.u.):   -1215.63472721106     
 XREF energy (a.u.):    81.1430109134288     
 R(factor) =   0.228201000000000         R(free) =   0.214146000000000     
 Rejecting step, energy  1.577E-04 higher
 Energy calculation finished, energy: -1.134491716E+03
 QM energy (a.u.):   -1215.63471326086     
 XREF energy (a.u.):    81.1431567302969     
 R(factor) =   0.228203000000000         R(free) =   0.214147000000000     
Testing convergence  in cycle   73
    Energy  1.6933E-04 Target: 1.0000E-05 converged?   no
  Max step  1.2666E-03 Target: 1.8000E-02 converged?  yes component    13
  RMS step  4.1715E-04 Target: 1.2000E-02 converged?  yes
  Max grad  3.0304E-03 Target: 4.5000E-03 converged?  yes component    13
  RMS grad  9.2523E-04 Target: 3.0000E-03 converged?  yes
 Predicted step length 1.4008E-01
 Trust radius          1.1005E-02
 Energy calculation finished, energy: -1.134491557E+03
 QM energy (a.u.):   -1215.63475796798     
 XREF energy (a.u.):    81.1428872175943     
 R(factor) =   0.228199000000000         R(free) =   0.214145000000000     
 Rejecting step, energy  1.598E-04 higher
 Energy calculation finished, energy: -1.134491871E+03
 QM energy (a.u.):   -1215.63473747573     
 XREF energy (a.u.):    81.1430242149773     
 R(factor) =   0.228201000000000         R(free) =   0.214146000000000     
Testing convergence  in cycle   75
    Energy  1.5445E-04 Target: 1.0000E-05 converged?   no
  Max step  1.2718E-03 Target: 1.8000E-02 converged?  yes component    13
  RMS step  4.1715E-04 Target: 1.2000E-02 converged?  yes
  Max grad  3.1252E-03 Target: 4.5000E-03 converged?  yes component    13
  RMS grad  9.0175E-04 Target: 3.0000E-03 converged?  yes
 Predicted step length 2.1445E-01
 Trust radius          1.1005E-02
 Energy calculation finished, energy: -1.134491713E+03
 QM energy (a.u.):   -1215.63478476643     
 XREF energy (a.u.):    81.1427379117865     
 R(factor) =   0.228197000000000         R(free) =   0.214144000000000     
 Rejecting step, energy  1.575E-04 higher
 Energy calculation finished, energy: -1.134492047E+03
 QM energy (a.u.):   -1215.63476298014     
 XREF energy (a.u.):    81.1428821096482     
 R(factor) =   0.228199000000000         R(free) =   0.214145000000000     
Testing convergence  in cycle   77
    Energy  1.7610E-04 Target: 1.0000E-05 converged?   no
  Max step  1.3310E-03 Target: 1.8000E-02 converged?  yes component    13
  RMS step  4.1715E-04 Target: 1.2000E-02 converged?  yes
  Max grad  2.8272E-03 Target: 4.5000E-03 converged?  yes component    13
  RMS grad  8.9413E-04 Target: 3.0000E-03 converged?  yes
 Predicted step length 2.3073E-01
 Trust radius          1.1005E-02
 Energy calculation finished, energy: -1.134491881E+03
 QM energy (a.u.):   -1215.63480336045     
 XREF energy (a.u.):    81.1425122878683     
 R(factor) =   0.228194000000000         R(free) =   0.214143000000000     
 Rejecting step, energy  1.660E-04 higher
 Energy calculation finished, energy: -1.134492291E+03
 QM energy (a.u.):   -1215.63478459290     
 XREF energy (a.u.):    81.1427528917444     
 R(factor) =   0.228196000000000         R(free) =   0.214144000000000     
Testing convergence  in cycle   79
    Energy  2.4422E-04 Target: 1.0000E-05 converged?   no
  Max step  1.2963E-03 Target: 1.8000E-02 converged?  yes component    13
  RMS step  4.1715E-04 Target: 1.2000E-02 converged?  yes
  Max grad  2.9168E-03 Target: 4.5000E-03 converged?  yes component    13
  RMS grad  8.6677E-04 Target: 3.0000E-03 converged?  yes
 Predicted step length 2.3154E-01
 Trust radius          1.1005E-02
 Energy calculation finished, energy: -1.134492032E+03
 QM energy (a.u.):   -1215.63482968369     
 XREF energy (a.u.):    81.1424364367680     
 R(factor) =   0.228192000000000         R(free) =   0.214142000000000     
 Rejecting step, energy  2.594E-04 higher
 Energy calculation finished, energy: -1.134492393E+03
 QM energy (a.u.):   -1215.63480846838     
 XREF energy (a.u.):    81.1425118006944     
 R(factor) =   0.228194000000000         R(free) =   0.214143000000000     
Testing convergence  in cycle   81
    Energy  1.0218E-04 Target: 1.0000E-05 converged?   no
  Max step  1.3218E-03 Target: 1.8000E-02 converged?  yes component    13
  RMS step  4.1715E-04 Target: 1.2000E-02 converged?  yes
  Max grad  2.7477E-03 Target: 4.5000E-03 converged?  yes component    13
  RMS grad  8.5897E-04 Target: 3.0000E-03 converged?  yes
 Predicted step length 2.2750E-01
 Trust radius          1.1005E-02
 Energy calculation finished, energy: -1.134492297E+03
 QM energy (a.u.):   -1215.63485128932     
 XREF energy (a.u.):    81.1423318725133     
 R(factor) =   0.228189000000000         R(free) =   0.214141000000000     
 Rejecting step, energy  9.658E-05 higher
 Energy calculation finished, energy: -1.134492519E+03
 QM energy (a.u.):   -1215.63483107185     
 XREF energy (a.u.):    81.1424380920813     
 R(factor) =   0.228192000000000         R(free) =   0.214142000000000     
Testing convergence  in cycle   83
    Energy  1.2617E-04 Target: 1.0000E-05 converged?   no
  Max step  1.2952E-03 Target: 1.8000E-02 converged?  yes component    13
  RMS step  4.1715E-04 Target: 1.2000E-02 converged?  yes
  Max grad  2.7833E-03 Target: 4.5000E-03 converged?  yes component    13
  RMS grad  8.4204E-04 Target: 3.0000E-03 converged?  yes
 Predicted step length 2.9476E-01
 Trust radius          1.1005E-02
 Energy calculation finished, energy: -1.134492393E+03
 QM energy (a.u.):   -1215.63487688005     
 XREF energy (a.u.):    81.1422292032992     
 R(factor) =   0.228187000000000         R(free) =   0.214140000000000     
 Rejecting step, energy  1.264E-04 higher
 Energy calculation finished, energy: -1.134492648E+03
 QM energy (a.u.):   -1215.63485514194     
 XREF energy (a.u.):    81.1423329158258     
 R(factor) =   0.228189000000000         R(free) =   0.214141000000000     
Testing convergence  in cycle   85
    Energy  1.2826E-04 Target: 1.0000E-05 converged?   no
  Max step  1.3151E-03 Target: 1.8000E-02 converged?  yes component    13
  RMS step  4.1715E-04 Target: 1.2000E-02 converged?  yes
  Max grad  2.6180E-03 Target: 4.5000E-03 converged?  yes component    13
  RMS grad  8.3339E-04 Target: 3.0000E-03 converged?  yes
 Predicted step length 2.6778E-01
 Trust radius          1.1005E-02
 Energy calculation finished, energy: -1.134492522E+03
 QM energy (a.u.):   -1215.63489994166     
 XREF energy (a.u.):    81.1421122191041     
 R(factor) =   0.228185000000000         R(free) =   0.214139000000000     
 Rejecting step, energy  1.254E-04 higher
 Energy calculation finished, energy: -1.134492788E+03
 QM energy (a.u.):   -1215.63487851583     
 XREF energy (a.u.):    81.1422310857376     
 R(factor) =   0.228187000000000         R(free) =   0.214140000000000     
Testing convergence  in cycle   87
    Energy  1.4004E-04 Target: 1.0000E-05 converged?   no
  Max step  1.2903E-03 Target: 1.8000E-02 converged?  yes component    13
  RMS step  4.1715E-04 Target: 1.2000E-02 converged?  yes
  Max grad  2.6279E-03 Target: 4.5000E-03 converged?  yes component    13
  RMS grad  8.1832E-04 Target: 3.0000E-03 converged?  yes
 Predicted step length 2.7841E-01
 Trust radius          1.1005E-02
 Energy calculation finished, energy: -1.134492647E+03
 QM energy (a.u.):   -1215.63492523470     
 XREF energy (a.u.):    81.1419998198762     
 R(factor) =   0.228183000000000         R(free) =   0.214138000000000     
 Rejecting step, energy  1.403E-04 higher
 Energy calculation finished, energy: -1.134492925E+03
 QM energy (a.u.):   -1215.63490282946     
 XREF energy (a.u.):    81.1421154089629     
 R(factor) =   0.228185000000000         R(free) =   0.214139000000000     
Testing convergence  in cycle   89
    Energy  1.3769E-04 Target: 1.0000E-05 converged?   no
  Max step  1.2957E-03 Target: 1.8000E-02 converged?  yes component    13
  RMS step  4.1715E-04 Target: 1.2000E-02 converged?  yes
  Max grad  2.5049E-03 Target: 4.5000E-03 converged?  yes component    13
  RMS grad  8.0986E-04 Target: 3.0000E-03 converged?  yes
 Predicted step length 3.0108E-01
 Trust radius          1.1005E-02
 Energy calculation finished, energy: -1.134492787E+03
 QM energy (a.u.):   -1215.63494969972     
 XREF energy (a.u.):    81.1418928696970     
 R(factor) =   0.228180000000000         R(free) =   0.214137000000000     
 Rejecting step, energy  1.380E-04 higher
 Energy calculation finished, energy: -1.134493057E+03
 QM energy (a.u.):   -1215.63492718893     
 XREF energy (a.u.):    81.1420025206360     
 R(factor) =   0.228183000000000         R(free) =   0.214138000000000     
Testing convergence  in cycle   91
    Energy  1.3142E-04 Target: 1.0000E-05 converged?   no
  Max step  1.2727E-03 Target: 1.8000E-02 converged?  yes component    13
  RMS step  4.1715E-04 Target: 1.2000E-02 converged?  yes
  Max grad  2.4994E-03 Target: 4.5000E-03 converged?  yes component    13
  RMS grad  8.0028E-04 Target: 3.0000E-03 converged?  yes
 Predicted step length 3.1282E-01
 Trust radius          1.1005E-02
 Energy calculation finished, energy: -1.134492925E+03
 QM energy (a.u.):   -1215.63497421848     
 XREF energy (a.u.):    81.1417888651028     
 R(factor) =   0.228178000000000         R(free) =   0.214136000000000     
 Rejecting step, energy  1.322E-04 higher
 Energy calculation finished, energy: -1.134493185E+03
 QM energy (a.u.):   -1215.63495151606     
 XREF energy (a.u.):    81.1418923865740     
 R(factor) =   0.228180000000000         R(free) =   0.214137000000000     
Testing convergence  in cycle   93
    Energy  1.2852E-04 Target: 1.0000E-05 converged?   no
  Max step  1.2715E-03 Target: 1.8000E-02 converged?  yes component    13
  RMS step  4.1715E-04 Target: 1.2000E-02 converged?  yes
  Max grad  2.4163E-03 Target: 4.5000E-03 converged?  yes component    13
  RMS grad  7.8881E-04 Target: 3.0000E-03 converged?  yes
 Predicted step length 3.0623E-01
 Trust radius          1.1005E-02
 Energy calculation finished, energy: -1.134493059E+03
 QM energy (a.u.):   -1215.63500038057     
 XREF energy (a.u.):    81.1416958577506     
 R(factor) =   0.228176000000000         R(free) =   0.214136000000000     
 Rejecting step, energy  1.262E-04 higher
 Energy calculation finished, energy: -1.134493305E+03
 QM energy (a.u.):   -1215.63497671872     
 XREF energy (a.u.):    81.1417937569134     
 R(factor) =   0.228178000000000         R(free) =   0.214136000000000     
Testing convergence  in cycle   95
    Energy  1.1917E-04 Target: 1.0000E-05 converged?   no
  Max step  1.2595E-03 Target: 1.8000E-02 converged?  yes component    13
  RMS step  4.1715E-04 Target: 1.2000E-02 converged?  yes
  Max grad  2.3684E-03 Target: 4.5000E-03 converged?  yes component    13
  RMS grad  7.8064E-04 Target: 3.0000E-03 converged?  yes
 Predicted step length 3.1920E-01
 Trust radius          1.1005E-02
 Energy calculation finished, energy: -1.134493183E+03
 QM energy (a.u.):   -1215.63502479141     
 XREF energy (a.u.):    81.1416147137395     
 R(factor) =   0.228173000000000         R(free) =   0.214135000000000     
 Rejecting step, energy  1.216E-04 higher
 Energy calculation finished, energy: -1.134493410E+03
 QM energy (a.u.):   -1215.63500151580     
 XREF energy (a.u.):    81.1416937431944     
 R(factor) =   0.228176000000000         R(free) =   0.214136000000000     
Testing convergence  in cycle   97
    Energy  1.0556E-04 Target: 1.0000E-05 converged?   no
  Max step  1.2461E-03 Target: 1.8000E-02 converged?  yes component   117
  RMS step  4.1715E-04 Target: 1.2000E-02 converged?  yes
  Max grad  2.3320E-03 Target: 4.5000E-03 converged?  yes component    13
  RMS grad  7.7296E-04 Target: 3.0000E-03 converged?  yes
 Predicted step length 3.4771E-01
 Trust radius          1.1005E-02
 Energy calculation finished, energy: -1.134493308E+03
 QM energy (a.u.):   -1215.63505085067     
 XREF energy (a.u.):    81.1417703020599     
 R(factor) =   0.228206000000000         R(free) =   0.214141000000000     
 Rejecting step, energy  1.023E-04 higher
 Energy calculation finished, energy: -1.134493281E+03
 QM energy (a.u.):   -1215.63502689394     
 XREF energy (a.u.):    81.1416231569463     
 R(factor) =   0.228174000000000         R(free) =   0.214135000000000     
 Rejecting step, energy  1.295E-04 higher
 Energy calculation finished, energy: -1.134493404E+03
 QM energy (a.u.):   -1215.63501438326     
 XREF energy (a.u.):    81.1416544742722     
 R(factor) =   0.228174000000000         R(free) =   0.214135000000000     
 Rejecting step, energy  6.340E-06 higher
 Energy calculation finished, energy: -1.134493360E+03
 QM energy (a.u.):   -1215.63500799388     
 XREF energy (a.u.):    81.1416746524888     
 R(factor) =   0.228175000000000         R(free) =   0.214135000000000     
 Rejecting step, energy  5.017E-05 higher
 Energy calculation finished, energy: -1.134493333E+03
 QM energy (a.u.):   -1215.63500476589     
 XREF energy (a.u.):    81.1416828746215     
 R(factor) =   0.228175000000000         R(free) =   0.214135000000000     
 Rejecting step, energy  7.674E-05 higher
 Energy calculation finished, energy: -1.134493322E+03
 QM energy (a.u.):   -1215.63500314370     
 XREF energy (a.u.):    81.1416893650689     
 R(factor) =   0.228175000000000         R(free) =   0.214136000000000     
 Rejecting step, energy  8.819E-05 higher
 Energy calculation finished, energy: -1.134493314E+03
 QM energy (a.u.):   -1215.63500232998     
 XREF energy (a.u.):    81.1416915354203     
 R(factor) =   0.228175000000000         R(free) =   0.214136000000000     
 Rejecting step, energy  9.630E-05 higher
 Energy calculation finished, energy: -1.134493311E+03
 QM energy (a.u.):   -1215.63500192380     
 XREF energy (a.u.):    81.1416926337521     
 R(factor) =   0.228176000000000         R(free) =   0.214136000000000     
 Rejecting step, energy  9.929E-05 higher
 Energy calculation finished, energy: -1.134493309E+03
 QM energy (a.u.):   -1215.63500171960     
 XREF energy (a.u.):    81.1416931870414     
 R(factor) =   0.228176000000000         R(free) =   0.214136000000000     
 Rejecting step, energy  1.008E-04 higher
 Energy calculation finished, energy: -1.134493309E+03
 QM energy (a.u.):   -1215.63500161743     
 XREF energy (a.u.):    81.1416934649338     
 R(factor) =   0.228176000000000         R(free) =   0.214136000000000     
 Rejecting step, energy  1.016E-04 higher
 Energy calculation finished, energy: -1.134493308E+03
 QM energy (a.u.):   -1215.63500156692     
 XREF energy (a.u.):    81.1416936042402     
 R(factor) =   0.228176000000000         R(free) =   0.214136000000000     
 Rejecting step, energy  1.019E-04 higher
 Energy calculation finished, energy: -1.134493308E+03
 QM energy (a.u.):   -1215.63500154069     
 XREF energy (a.u.):    81.1416936740575     
 R(factor) =   0.228176000000000         R(free) =   0.214136000000000     
 Rejecting step, energy  1.021E-04 higher
 Energy calculation finished, energy: -1.134493308E+03
 QM energy (a.u.):   -1215.63500152842     
 XREF energy (a.u.):    81.1416937085255     
 R(factor) =   0.228176000000000         R(free) =   0.214136000000000     
 Rejecting step, energy  1.022E-04 higher
 Energy calculation finished, energy: -1.134493308E+03
 QM energy (a.u.):   -1215.63500152162     
 XREF energy (a.u.):    81.1416937254847     
 R(factor) =   0.228176000000000         R(free) =   0.214136000000000     
 Rejecting step, energy  1.023E-04 higher
 Energy calculation finished, energy: -1.134493308E+03
 QM energy (a.u.):   -1215.63500151864     
 XREF energy (a.u.):    81.1416937339674     
 R(factor) =   0.228176000000000         R(free) =   0.214136000000000     
 Rejecting step, energy  1.023E-04 higher
 Energy calculation finished, energy: -1.134493308E+03
 QM energy (a.u.):   -1215.63500151766     
 XREF energy (a.u.):    81.1416937388869     
 R(factor) =   0.228176000000000         R(free) =   0.214136000000000     
 Rejecting step, energy  1.023E-04 higher
 Energy calculation finished, energy: -1.134493308E+03
 QM energy (a.u.):   -1215.63500151584     
 XREF energy (a.u.):    81.1416937406127     
 R(factor) =   0.228176000000000         R(free) =   0.214136000000000     
 Rejecting step, energy  1.023E-04 higher
 Step too small, restarting optimiser.
Testing convergence  in cycle  114
    Energy  1.0230E-04 Target: 1.0000E-05 converged?   no
  Max step  1.8989E-08 Target: 1.8000E-02 converged?  yes component   117
  RMS step  6.3653E-09 Target: 1.2000E-02 converged?  yes
  Max grad  2.3783E-03 Target: 4.5000E-03 converged?  yes component    13
  RMS grad  7.7929E-04 Target: 3.0000E-03 converged?  yes
 Predicted step length 2.0000E-02
 Trust radius          5.0000E-02
 Energy calculation finished, energy: -1.134493308E+03
 QM energy (a.u.):   -1215.63514577306     
 XREF energy (a.u.):    81.1418999847921     
 R(factor) =   0.228198000000000         R(free) =   0.214140000000000     
 Rejecting step, energy  0.000E+00 higher
 Energy calculation finished, energy: -1.134493246E+03
 QM energy (a.u.):   -1215.63511551121     
 XREF energy (a.u.):    81.1416798630407     
 R(factor) =   0.228170000000000         R(free) =   0.214134000000000     
 Rejecting step, energy  6.199E-05 higher
 Energy calculation finished, energy: -1.134493436E+03
 QM energy (a.u.):   -1215.63506898969     
 XREF energy (a.u.):    81.1416884197964     
 R(factor) =   0.228173000000000         R(free) =   0.214135000000000     
Testing convergence  in cycle  117
    Energy  1.2787E-04 Target: 1.0000E-05 converged?   no
  Max step  1.1568E-03 Target: 1.8000E-02 converged?  yes component    13
  RMS step  3.7905E-04 Target: 1.2000E-02 converged?  yes
  Max grad  2.4561E-03 Target: 4.5000E-03 converged?  yes component    10
  RMS grad  8.1050E-04 Target: 3.0000E-03 converged?  yes
 Predicted step length 1.5965E-02
 Trust radius          1.0000E-02
 Energy calculation finished, energy: -1.134493381E+03
 QM energy (a.u.):   -1215.63515394211     
 XREF energy (a.u.):    81.1418905720151     
 R(factor) =   0.228202000000000         R(free) =   0.214141000000000     
 Rejecting step, energy  5.508E-05 higher
 Energy calculation finished, energy: -1.134493263E+03
 QM energy (a.u.):   -1215.63511342318     
 XREF energy (a.u.):    81.1416479872032     
 R(factor) =   0.228170000000000         R(free) =   0.214134000000000     
 Rejecting step, energy  1.723E-04 higher
 Energy calculation finished, energy: -1.134493465E+03
 QM energy (a.u.):   -1215.63509169567     
 XREF energy (a.u.):    81.1416729956934     
 R(factor) =   0.228172000000000         R(free) =   0.214135000000000     
Testing convergence  in cycle  120
    Energy  2.9790E-05 Target: 1.0000E-05 converged?   no
  Max step  5.6556E-04 Target: 1.8000E-02 converged?  yes component    15
  RMS step  1.8952E-04 Target: 1.2000E-02 converged?  yes
  Max grad  2.0302E-03 Target: 4.5000E-03 converged?  yes component    15
  RMS grad  7.0226E-04 Target: 3.0000E-03 converged?  yes
 Predicted step length 1.1018E-02
 Trust radius          2.5000E-03
 Energy calculation finished, energy: -1.134493419E+03
 QM energy (a.u.):   -1215.63511810708     
 XREF energy (a.u.):    81.1416813461079     
 R(factor) =   0.228170000000000         R(free) =   0.214134000000000     
 Rejecting step, energy  4.674E-05 higher
 Energy calculation finished, energy: -1.134493437E+03
 QM energy (a.u.):   -1215.63510619682     
 XREF energy (a.u.):    81.1416779762421     
 R(factor) =   0.228171000000000         R(free) =   0.214135000000000     
 Rejecting step, energy  2.868E-05 higher
 Energy calculation finished, energy: -1.134493428E+03
 QM energy (a.u.):   -1215.63509926951     
 XREF energy (a.u.):    81.1416754785392     
 R(factor) =   0.228171000000000         R(free) =   0.214135000000000     
 Rejecting step, energy  3.722E-05 higher
 Energy calculation finished, energy: -1.134493424E+03
 QM energy (a.u.):   -1215.63509556353     
 XREF energy (a.u.):    81.1416742374876     
 R(factor) =   0.228171000000000         R(free) =   0.214135000000000     
 Rejecting step, energy  4.165E-05 higher
 Energy calculation finished, energy: -1.134493421E+03
 QM energy (a.u.):   -1215.63509364983     
 XREF energy (a.u.):    81.1416736160240     
 R(factor) =   0.228171000000000         R(free) =   0.214135000000000     
 Rejecting step, energy  4.411E-05 higher
 Energy calculation finished, energy: -1.134493420E+03
 QM energy (a.u.):   -1215.63509267734     
 XREF energy (a.u.):    81.1416733063631     
 R(factor) =   0.228171000000000         R(free) =   0.214135000000000     
 Rejecting step, energy  4.541E-05 higher
 Energy calculation finished, energy: -1.134493419E+03
 QM energy (a.u.):   -1215.63509218763     
 XREF energy (a.u.):    81.1416731511557     
 R(factor) =   0.228172000000000         R(free) =   0.214135000000000     
 Rejecting step, energy  4.607E-05 higher
 Energy calculation finished, energy: -1.134493419E+03
 QM energy (a.u.):   -1215.63509194176     
 XREF energy (a.u.):    81.1416730730485     
 R(factor) =   0.228172000000000         R(free) =   0.214135000000000     
 Rejecting step, energy  4.640E-05 higher
 Energy calculation finished, energy: -1.134493419E+03
 QM energy (a.u.):   -1215.63509181953     
 XREF energy (a.u.):    81.1416730345709     
 R(factor) =   0.228172000000000         R(free) =   0.214135000000000     
 Rejecting step, energy  4.657E-05 higher
 Energy calculation finished, energy: -1.134493419E+03
 QM energy (a.u.):   -1215.63509175750     
 XREF energy (a.u.):    81.1416730151704     
 R(factor) =   0.228172000000000         R(free) =   0.214135000000000     
 Rejecting step, energy  4.666E-05 higher
 Energy calculation finished, energy: -1.134493419E+03
 QM energy (a.u.):   -1215.63509172594     
 XREF energy (a.u.):    81.1416730056009     
 R(factor) =   0.228172000000000         R(free) =   0.214135000000000     
 Rejecting step, energy  4.670E-05 higher
 Energy calculation finished, energy: -1.134493419E+03
 QM energy (a.u.):   -1215.63509171125     
 XREF energy (a.u.):    81.1416730007563     
 R(factor) =   0.228172000000000         R(free) =   0.214135000000000     
 Rejecting step, energy  4.672E-05 higher
 Energy calculation finished, energy: -1.134493419E+03
 QM energy (a.u.):   -1215.63509170270     
 XREF energy (a.u.):    81.1416729980790     
 R(factor) =   0.228172000000000         R(free) =   0.214135000000000     
 Rejecting step, energy  4.673E-05 higher
 Energy calculation finished, energy: -1.134493419E+03
 QM energy (a.u.):   -1215.63509169961     
 XREF energy (a.u.):    81.1416729972265     
 R(factor) =   0.228172000000000         R(free) =   0.214135000000000     
 Rejecting step, energy  4.674E-05 higher
 Energy calculation finished, energy: -1.134493419E+03
 QM energy (a.u.):   -1215.63509169772     
 XREF energy (a.u.):    81.1416729968089     
 R(factor) =   0.228172000000000         R(free) =   0.214135000000000     
 Rejecting step, energy  4.674E-05 higher
 Step too small, restarting optimiser.
Testing convergence  in cycle  135
    Energy  4.6740E-05 Target: 1.0000E-05 converged?   no
  Max step  1.7811E-08 Target: 1.8000E-02 converged?  yes component     7
  RMS step  5.7838E-09 Target: 1.2000E-02 converged?  yes
  Max grad  2.0570E-03 Target: 4.5000E-03 converged?  yes component    15
  RMS grad  6.9620E-04 Target: 3.0000E-03 converged?  yes
 Predicted step length 2.0000E-02
 Trust radius          5.0000E-02
 Energy calculation finished, energy: -1.134493419E+03
 QM energy (a.u.):   -1215.63516608909     
 XREF energy (a.u.):    81.1419129695116     
 R(factor) =   0.228202000000000         R(free) =   0.214141000000000     
 Rejecting step, energy  0.000E+00 higher
 Energy calculation finished, energy: -1.134493253E+03
 QM energy (a.u.):   -1215.63513868493     
 XREF energy (a.u.):    81.1418015531270     
 R(factor) =   0.228203000000000         R(free) =   0.214141000000000     
 Rejecting step, energy  1.656E-04 higher
 Energy calculation finished, energy: -1.134493337E+03
 QM energy (a.u.):   -1215.63511763772     
 XREF energy (a.u.):    81.1418783460481     
 R(factor) =   0.228204000000000         R(free) =   0.214141000000000     
 Rejecting step, energy  8.157E-05 higher
 Energy calculation finished, energy: -1.134493239E+03
 QM energy (a.u.):   -1215.63510527911     
 XREF energy (a.u.):    81.1416336159059     
 R(factor) =   0.228171000000000         R(free) =   0.214134000000000     
 Rejecting step, energy  1.794E-04 higher
 Energy calculation finished, energy: -1.134493472E+03
 QM energy (a.u.):   -1215.63509864039     
 XREF energy (a.u.):    81.1416537884525     
 R(factor) =   0.228171000000000         R(free) =   0.214135000000000     
Testing convergence  in cycle  140
    Energy  5.2960E-05 Target: 1.0000E-05 converged?   no
  Max step  2.7999E-04 Target: 1.8000E-02 converged?  yes component    15
  RMS step  9.4762E-05 Target: 1.2000E-02 converged?  yes
  Max grad  2.0331E-03 Target: 4.5000E-03 converged?  yes component    15
  RMS grad  6.8041E-04 Target: 3.0000E-03 converged?  yes
 Predicted step length 7.7932E-02
 Trust radius          2.5000E-03
 Energy calculation finished, energy: -1.134493445E+03
 QM energy (a.u.):   -1215.63511322040     
 XREF energy (a.u.):    81.1418669275946     
 R(factor) =   0.228205000000000         R(free) =   0.214141000000000     
 Rejecting step, energy  2.681E-05 higher
 Energy calculation finished, energy: -1.134493246E+03
 QM energy (a.u.):   -1215.63510597315     
 XREF energy (a.u.):    81.1416319419712     
 R(factor) =   0.228171000000000         R(free) =   0.214134000000000     
 Rejecting step, energy  2.254E-04 higher
 Energy calculation finished, energy: -1.134493474E+03
 QM energy (a.u.):   -1215.63510231842     
 XREF energy (a.u.):    81.1416417496031     
 R(factor) =   0.228171000000000         R(free) =   0.214134000000000     
Testing convergence  in cycle  143
    Energy  2.3700E-06 Target: 1.0000E-05 converged?  yes
  Max step  1.4154E-04 Target: 1.8000E-02 converged?  yes component    15
  RMS step  4.7381E-05 Target: 1.2000E-02 converged?  yes
  Max grad  2.0268E-03 Target: 4.5000E-03 converged?  yes component    15
  RMS grad  6.8255E-04 Target: 3.0000E-03 converged?  yes
Convergence reached

 Optimisation converged
 ----------------------
 Final converged energy:   -1134.493474030000


DL-FIND Report:
===============
Optimisation algorithm: L-BFGS
Number of steps in L-BFGS memory ...............        100
 
Trust radius based on energy
Maximum step length ............................  5.000E-02
 
Coordinate system: Cartesian coordinates
 
Number of atoms ................................       3680
Number of input geometries .....................          1
Variables to be optimised ......................        174
No restart information is written
This run has not been restarted.
Number of energy evaluations on this processor .        143
Number of steps ................................        143
Number of accepted steps / line searches .......         68
 

Timing report
=============
Module                                      CPU time            Wall clock time
Total .................................    28.057 (100.00%)  3877.058 (100.00%) seconds
Energy and Gradient ...................     0.983 (  3.50%)     3.654 (  0.09%) seconds
Step direction ........................     6.664 ( 23.75%)     6.990 (  0.18%) seconds
Coordinate transformation .............     0.058 (  0.21%)     0.058 (  0.00%) seconds
Checkpoint file I/O ...................     0.000 (  0.00%)     0.000 (  0.00%) seconds
XYZ-file I/O ..........................     0.000 (  0.00%)     0.000 (  0.00%) seconds
Maximum memory usage ........................... 7.2839E+03 kB
Tue Dec 19 20:11:24 CST 2023
