This job is running on host node35
Current directory: /share/home/chem-zhonglh/yanzy/QR/NC_more/1xoz/SEHMMM_R1
Sun Dec 24 02:49:50 CST 2023
 using Gaussian + CNS
 QM energy (a.u.):   -472.245194092331     
 XREF energy (a.u.):    125.526464950711     
 R(factor) =   0.229234000000000         R(free) =   0.217764000000000     
 External sizes:       19170           1       12780

***********************************************************************
**                                                                   **
**                       ---------------------                       **
**                              DL-FIND                              **
**                       Geometry Optimisation                       **
**                       ---------------------                       **
**                                                                   **
**                 J. Kaestner, J.M. Carr, T.W. Keal,                **
**                W. Thiel, A. Wander and P. Sherwood                **
**                                                                   **
**              J. Phys. Chem. A, 2009, 113 (43), 11856.             **
**                                                                   **
**   Please include this reference in published work using DL-FIND.  **
**                                                                   **
**               Copyright:  STFC Daresbury Laboratory               **
**                           Revision: Unversioned directory         **
**                                                                   **
***********************************************************************


DL-FIND Report:
===============
Optimisation algorithm: L-BFGS
Number of steps in L-BFGS memory ...............        100
 
Trust radius based on energy
Maximum step length ............................  5.000E-02
 
Coordinate system: Cartesian coordinates
 
Number of atoms ................................       6390
Number of input geometries .....................          1
Variables to be optimised ......................        144
No restart information is written
This run has not been restarted.
Maximum number of steps ........................       2000
Maximum number of energy evaluations ...........      10000
 
 Energy calculation finished, energy: -3.467187291E+02
 QM energy (a.u.):   -472.245194092331     
 XREF energy (a.u.):    125.526464949629     
 R(factor) =   0.229234000000000         R(free) =   0.217764000000000     
Testing convergence  in cycle    1
  Max grad  1.1659E-02 Target: 4.5000E-03 converged?   no component    52
  RMS grad  4.0998E-03 Target: 3.0000E-03 converged?   no
 Predicted step length 2.0000E-02
 Trust radius          5.0000E-02
 Energy calculation finished, energy: -3.467187291E+02
 QM energy (a.u.):   -472.246441823968     
 XREF energy (a.u.):    125.526105629429     
 R(factor) =   0.229217000000000         R(free) =   0.217766000000000     
 Rejecting step, energy  0.000E+00 higher
 Energy calculation finished, energy: -3.467203362E+02
 QM energy (a.u.):   -472.245933251627     
 XREF energy (a.u.):    125.526284658592     
 R(factor) =   0.229215000000000         R(free) =   0.217766000000000     
Testing convergence  in cycle    3
    Energy  1.6071E-03 Target: 1.0000E-05 converged?   no
  Max step  2.3699E-03 Target: 1.8000E-02 converged?  yes component    52
  RMS step  8.3333E-04 Target: 1.2000E-02 converged?  yes
  Max grad  6.4990E-03 Target: 4.5000E-03 converged?   no component    52
  RMS grad  2.2069E-03 Target: 3.0000E-03 converged?  yes
 Predicted step length 1.4508E-02
 Trust radius          2.0000E-02
 Energy calculation finished, energy: -3.467196486E+02
 QM energy (a.u.):   -472.246740125279     
 XREF energy (a.u.):    125.526236833485     
 R(factor) =   0.229216000000000         R(free) =   0.217766000000000     
 Rejecting step, energy  6.876E-04 higher
 Energy calculation finished, energy: -3.467205033E+02
 QM energy (a.u.):   -472.246369885883     
 XREF energy (a.u.):    125.526253823924     
 R(factor) =   0.229216000000000         R(free) =   0.217766000000000     
Testing convergence  in cycle    5
    Energy  1.6710E-04 Target: 1.0000E-05 converged?   no
  Max step  1.7836E-03 Target: 1.8000E-02 converged?  yes component    52
  RMS step  6.0450E-04 Target: 1.2000E-02 converged?  yes
  Max grad  5.2413E-03 Target: 4.5000E-03 converged?   no component    52
  RMS grad  2.1718E-03 Target: 3.0000E-03 converged?  yes
 Predicted step length 1.1967E-01
 Trust radius          1.4508E-02
 Energy calculation finished, energy: -3.467201161E+02
 QM energy (a.u.):   -472.247046773692     
 XREF energy (a.u.):    125.526176001443     
 R(factor) =   0.229216000000000         R(free) =   0.217767000000000     
 Rejecting step, energy  3.872E-04 higher
 Energy calculation finished, energy: -3.467208708E+02
 QM energy (a.u.):   -472.246741955215     
 XREF energy (a.u.):    125.526207256124     
 R(factor) =   0.229216000000000         R(free) =   0.217766000000000     
Testing convergence  in cycle    7
    Energy  3.6748E-04 Target: 1.0000E-05 converged?   no
  Max step  1.7230E-03 Target: 1.8000E-02 converged?  yes component    52
  RMS step  6.0450E-04 Target: 1.2000E-02 converged?  yes
  Max grad  3.6825E-03 Target: 4.5000E-03 converged?  yes component   120
  RMS grad  1.6701E-03 Target: 3.0000E-03 converged?  yes
 Predicted step length 3.1999E-02
 Trust radius          1.4508E-02
 Energy calculation finished, energy: -3.467205347E+02
 QM energy (a.u.):   -472.247298208659     
 XREF energy (a.u.):    125.526154286176     
 R(factor) =   0.229214000000000         R(free) =   0.217767000000000     
 Rejecting step, energy  3.361E-04 higher
 Energy calculation finished, energy: -3.467211439E+02
 QM energy (a.u.):   -472.247040587245     
 XREF energy (a.u.):    125.526177430860     
 R(factor) =   0.229215000000000         R(free) =   0.217767000000000     
Testing convergence  in cycle    9
    Energy  2.7315E-04 Target: 1.0000E-05 converged?   no
  Max step  1.3761E-03 Target: 1.8000E-02 converged?  yes component   144
  RMS step  6.0450E-04 Target: 1.2000E-02 converged?  yes
  Max grad  3.1747E-03 Target: 4.5000E-03 converged?  yes component   120
  RMS grad  1.4352E-03 Target: 3.0000E-03 converged?  yes
 Predicted step length 5.8449E-02
 Trust radius          1.4508E-02
 Energy calculation finished, energy: -3.467208632E+02
 QM energy (a.u.):   -472.247522260784     
 XREF energy (a.u.):    125.526158641588     
 R(factor) =   0.229214000000000         R(free) =   0.217768000000000     
 Rejecting step, energy  2.808E-04 higher
 Energy calculation finished, energy: -3.467213636E+02
 QM energy (a.u.):   -472.247296844839     
 XREF energy (a.u.):    125.526164611372     
 R(factor) =   0.229215000000000         R(free) =   0.217767000000000     
Testing convergence  in cycle   11
    Energy  2.1970E-04 Target: 1.0000E-05 converged?   no
  Max step  1.6188E-03 Target: 1.8000E-02 converged?  yes component   121
  RMS step  6.0450E-04 Target: 1.2000E-02 converged?  yes
  Max grad  2.9228E-03 Target: 4.5000E-03 converged?  yes component   121
  RMS grad  1.2899E-03 Target: 3.0000E-03 converged?  yes
 Predicted step length 7.7444E-02
 Trust radius          1.4508E-02
 Energy calculation finished, energy: -3.467211322E+02
 QM energy (a.u.):   -472.247683824153     
 XREF energy (a.u.):    125.526151419643     
 R(factor) =   0.229211000000000         R(free) =   0.217769000000000     
 Rejecting step, energy  2.314E-04 higher
 Energy calculation finished, energy: -3.467215324E+02
 QM energy (a.u.):   -472.247503012350     
 XREF energy (a.u.):    125.526155287881     
 R(factor) =   0.229213000000000         R(free) =   0.217768000000000     
Testing convergence  in cycle   13
    Energy  1.6878E-04 Target: 1.0000E-05 converged?   no
  Max step  1.6544E-03 Target: 1.8000E-02 converged?  yes component   121
  RMS step  6.0450E-04 Target: 1.2000E-02 converged?  yes
  Max grad  2.8792E-03 Target: 4.5000E-03 converged?  yes component   121
  RMS grad  1.1011E-03 Target: 3.0000E-03 converged?  yes
 Predicted step length 6.9343E-02
 Trust radius          1.4508E-02
 Energy calculation finished, energy: -3.467213477E+02
 QM energy (a.u.):   -472.247868784141     
 XREF energy (a.u.):    125.526161289483     
 R(factor) =   0.229211000000000         R(free) =   0.217769000000000     
 Rejecting step, energy  1.847E-04 higher
 Energy calculation finished, energy: -3.467217075E+02
 QM energy (a.u.):   -472.247695869354     
 XREF energy (a.u.):    125.526154476524     
 R(factor) =   0.229212000000000         R(free) =   0.217769000000000     
Testing convergence  in cycle   15
    Energy  1.7509E-04 Target: 1.0000E-05 converged?   no
  Max step  1.7730E-03 Target: 1.8000E-02 converged?  yes component   121
  RMS step  6.0450E-04 Target: 1.2000E-02 converged?  yes
  Max grad  2.7774E-03 Target: 4.5000E-03 converged?  yes component   121
  RMS grad  9.6479E-04 Target: 3.0000E-03 converged?  yes
 Predicted step length 6.8712E-02
 Trust radius          1.4508E-02
 Energy calculation finished, energy: -3.467215414E+02
 QM energy (a.u.):   -472.248013502389     
 XREF energy (a.u.):    125.527247284517     
 R(factor) =   0.229209000000000         R(free) =   0.217770000000000     
 Rejecting step, energy  1.661E-04 higher
 Energy calculation finished, energy: -3.467207662E+02
 QM energy (a.u.):   -472.247862948091     
 XREF energy (a.u.):    125.526165697546     
 R(factor) =   0.229211000000000         R(free) =   0.217769000000000     
 Rejecting step, energy  9.413E-04 higher
 Energy calculation finished, energy: -3.467216972E+02
 QM energy (a.u.):   -472.247781473481     
 XREF energy (a.u.):    125.526159267086     
 R(factor) =   0.229211000000000         R(free) =   0.217769000000000     
 Rejecting step, energy  1.024E-05 higher
 Energy calculation finished, energy: -3.467216222E+02
 QM energy (a.u.):   -472.247739187471     
 XREF energy (a.u.):    125.526156561432     
 R(factor) =   0.229212000000000         R(free) =   0.217769000000000     
 Rejecting step, energy  8.528E-05 higher
 Energy calculation finished, energy: -3.467215826E+02
 QM energy (a.u.):   -472.247717656074     
 XREF energy (a.u.):    125.526155440303     
 R(factor) =   0.229212000000000         R(free) =   0.217769000000000     
 Rejecting step, energy  1.249E-04 higher
 Energy calculation finished, energy: -3.467215622E+02
 QM energy (a.u.):   -472.247706794197     
 XREF energy (a.u.):    125.526154950517     
 R(factor) =   0.229212000000000         R(free) =   0.217769000000000     
 Rejecting step, energy  1.453E-04 higher
 Energy calculation finished, energy: -3.467215518E+02
 QM energy (a.u.):   -472.247701339907     
 XREF energy (a.u.):    125.526154687915     
 R(factor) =   0.229212000000000         R(free) =   0.217769000000000     
 Rejecting step, energy  1.556E-04 higher
 Energy calculation finished, energy: -3.467215466E+02
 QM energy (a.u.):   -472.247698606058     
 XREF energy (a.u.):    125.526154582434     
 R(factor) =   0.229212000000000         R(free) =   0.217769000000000     
 Rejecting step, energy  1.608E-04 higher
 Energy calculation finished, energy: -3.467215440E+02
 QM energy (a.u.):   -472.247697237535     
 XREF energy (a.u.):    125.526154535812     
 R(factor) =   0.229212000000000         R(free) =   0.217769000000000     
 Rejecting step, energy  1.635E-04 higher
 Energy calculation finished, energy: -3.467215427E+02
 QM energy (a.u.):   -472.247696553507     
 XREF energy (a.u.):    125.526154506466     
 R(factor) =   0.229212000000000         R(free) =   0.217769000000000     
 Rejecting step, energy  1.648E-04 higher
 Energy calculation finished, energy: -3.467215420E+02
 QM energy (a.u.):   -472.247696211576     
 XREF energy (a.u.):    125.526154490911     
 R(factor) =   0.229212000000000         R(free) =   0.217769000000000     
 Rejecting step, energy  1.654E-04 higher
 Energy calculation finished, energy: -3.467215417E+02
 QM energy (a.u.):   -472.247696039084     
 XREF energy (a.u.):    125.526154483143     
 R(factor) =   0.229212000000000         R(free) =   0.217769000000000     
 Rejecting step, energy  1.658E-04 higher
 Energy calculation finished, energy: -3.467215416E+02
 QM energy (a.u.):   -472.247695953722     
 XREF energy (a.u.):    125.526154479787     
 R(factor) =   0.229212000000000         R(free) =   0.217769000000000     
 Rejecting step, energy  1.659E-04 higher
 Energy calculation finished, energy: -3.467215415E+02
 QM energy (a.u.):   -472.247695910677     
 XREF energy (a.u.):    125.526154477864     
 R(factor) =   0.229212000000000         R(free) =   0.217769000000000     
 Rejecting step, energy  1.660E-04 higher
 Energy calculation finished, energy: -3.467215414E+02
 QM energy (a.u.):   -472.247695889203     
 XREF energy (a.u.):    125.526154477360     
 R(factor) =   0.229212000000000         R(free) =   0.217769000000000     
 Rejecting step, energy  1.661E-04 higher
 Energy calculation finished, energy: -3.467215414E+02
 QM energy (a.u.):   -472.247695879520     
 XREF energy (a.u.):    125.526154475838     
 R(factor) =   0.229212000000000         R(free) =   0.217769000000000     
 Rejecting step, energy  1.661E-04 higher
 Energy calculation finished, energy: -3.467215414E+02
 QM energy (a.u.):   -472.247695872972     
 XREF energy (a.u.):    125.526154475767     
 R(factor) =   0.229212000000000         R(free) =   0.217769000000000     
 Rejecting step, energy  1.661E-04 higher
 Energy calculation finished, energy: -3.467215414E+02
 QM energy (a.u.):   -472.247695871035     
 XREF energy (a.u.):    125.526154476339     
 R(factor) =   0.229212000000000         R(free) =   0.217769000000000     
 Rejecting step, energy  1.661E-04 higher
 Step too small, restarting optimiser.
Testing convergence  in cycle   33
    Energy  1.6609E-04 Target: 1.0000E-05 converged?   no
  Max step  1.4229E-08 Target: 1.8000E-02 converged?  yes component   121
  RMS step  4.6120E-09 Target: 1.2000E-02 converged?  yes
  Max grad  2.8602E-03 Target: 4.5000E-03 converged?  yes component   121
  RMS grad  1.0987E-03 Target: 3.0000E-03 converged?  yes
 Predicted step length 2.0000E-02
 Trust radius          5.0000E-02
 Energy calculation finished, energy: -3.467215414E+02
 QM energy (a.u.):   -472.248070016493     
 XREF energy (a.u.):    125.527207334843     
 R(factor) =   0.229207000000000         R(free) =   0.217770000000000     
 Rejecting step, energy  1.000E-08 higher
 Energy calculation finished, energy: -3.467208627E+02
 QM energy (a.u.):   -472.247910708200     
 XREF energy (a.u.):    125.526134864849     
 R(factor) =   0.229209000000000         R(free) =   0.217770000000000     
 Rejecting step, energy  6.787E-04 higher
 Energy calculation finished, energy: -3.467217758E+02
 QM energy (a.u.):   -472.247810284533     
 XREF energy (a.u.):    125.526143136604     
 R(factor) =   0.229211000000000         R(free) =   0.217769000000000     
Testing convergence  in cycle   36
    Energy  2.3444E-04 Target: 1.0000E-05 converged?   no
  Max step  1.0846E-03 Target: 1.8000E-02 converged?  yes component   121
  RMS step  4.1667E-04 Target: 1.2000E-02 converged?  yes
  Max grad  2.7808E-03 Target: 4.5000E-03 converged?  yes component   121
  RMS grad  9.1133E-04 Target: 3.0000E-03 converged?  yes
 Predicted step length 2.8831E-02
 Trust radius          1.0000E-02
 Energy calculation finished, energy: -3.467216671E+02
 QM energy (a.u.):   -472.248034120246     
 XREF energy (a.u.):    125.527269556242     
 R(factor) =   0.229209000000000         R(free) =   0.217770000000000     
 Rejecting step, energy  1.087E-04 higher
 Energy calculation finished, energy: -3.467207646E+02
 QM energy (a.u.):   -472.247926324801     
 XREF energy (a.u.):    125.526174448472     
 R(factor) =   0.229210000000000         R(free) =   0.217770000000000     
 Rejecting step, energy  1.011E-03 higher
 Energy calculation finished, energy: -3.467217519E+02
 QM energy (a.u.):   -472.247869335782     
 XREF energy (a.u.):    125.526158202896     
 R(factor) =   0.229210000000000         R(free) =   0.217769000000000     
 Rejecting step, energy  2.396E-05 higher
 Energy calculation finished, energy: -3.467217111E+02
 QM energy (a.u.):   -472.247840066945     
 XREF energy (a.u.):    125.526150512905     
 R(factor) =   0.229210000000000         R(free) =   0.217769000000000     
 Rejecting step, energy  6.471E-05 higher
 Energy calculation finished, energy: -3.467216896E+02
 QM energy (a.u.):   -472.247825240737     
 XREF energy (a.u.):    125.526146803311     
 R(factor) =   0.229211000000000         R(free) =   0.217769000000000     
 Rejecting step, energy  8.629E-05 higher
 Energy calculation finished, energy: -3.467216784E+02
 QM energy (a.u.):   -472.247817779752     
 XREF energy (a.u.):    125.526144959681     
 R(factor) =   0.229211000000000         R(free) =   0.217769000000000     
 Rejecting step, energy  9.740E-05 higher
 Energy calculation finished, energy: -3.467216728E+02
 QM energy (a.u.):   -472.247814035273     
 XREF energy (a.u.):    125.526144046177     
 R(factor) =   0.229211000000000         R(free) =   0.217769000000000     
 Rejecting step, energy  1.030E-04 higher
 Energy calculation finished, energy: -3.467216700E+02
 QM energy (a.u.):   -472.247812160299     
 XREF energy (a.u.):    125.526143591202     
 R(factor) =   0.229211000000000         R(free) =   0.217769000000000     
 Rejecting step, energy  1.059E-04 higher
 Energy calculation finished, energy: -3.467216686E+02
 QM energy (a.u.):   -472.247811222325     
 XREF energy (a.u.):    125.526143363328     
 R(factor) =   0.229211000000000         R(free) =   0.217769000000000     
 Rejecting step, energy  1.073E-04 higher
 Energy calculation finished, energy: -3.467216679E+02
 QM energy (a.u.):   -472.247810753718     
 XREF energy (a.u.):    125.526143250208     
 R(factor) =   0.229211000000000         R(free) =   0.217769000000000     
 Rejecting step, energy  1.080E-04 higher
 Energy calculation finished, energy: -3.467216675E+02
 QM energy (a.u.):   -472.247810518829     
 XREF energy (a.u.):    125.526143193670     
 R(factor) =   0.229211000000000         R(free) =   0.217769000000000     
 Rejecting step, energy  1.083E-04 higher
 Energy calculation finished, energy: -3.467216673E+02
 QM energy (a.u.):   -472.247810401812     
 XREF energy (a.u.):    125.526143165670     
 R(factor) =   0.229211000000000         R(free) =   0.217769000000000     
 Rejecting step, energy  1.085E-04 higher
 Energy calculation finished, energy: -3.467216672E+02
 QM energy (a.u.):   -472.247810342999     
 XREF energy (a.u.):    125.526143151039     
 R(factor) =   0.229211000000000         R(free) =   0.217769000000000     
 Rejecting step, energy  1.086E-04 higher
 Energy calculation finished, energy: -3.467216672E+02
 QM energy (a.u.):   -472.247810314167     
 XREF energy (a.u.):    125.526143143699     
 R(factor) =   0.229211000000000         R(free) =   0.217769000000000     
 Rejecting step, energy  1.087E-04 higher
 Energy calculation finished, energy: -3.467216672E+02
 QM energy (a.u.):   -472.247810298616     
 XREF energy (a.u.):    125.526143141293     
 R(factor) =   0.229211000000000         R(free) =   0.217769000000000     
 Rejecting step, energy  1.087E-04 higher
 Energy calculation finished, energy: -3.467216672E+02
 QM energy (a.u.):   -472.247810291820     
 XREF energy (a.u.):    125.526143138834     
 R(factor) =   0.229211000000000         R(free) =   0.217769000000000     
 Rejecting step, energy  1.087E-04 higher
 Energy calculation finished, energy: -3.467216671E+02
 QM energy (a.u.):   -472.247810288730     
 XREF energy (a.u.):    125.526143138043     
 R(factor) =   0.229211000000000         R(free) =   0.217769000000000     
 Rejecting step, energy  1.087E-04 higher
 Step too small, restarting optimiser.
Testing convergence  in cycle   53
    Energy  1.0869E-04 Target: 1.0000E-05 converged?   no
  Max step  1.8941E-08 Target: 1.8000E-02 converged?  yes component   121
  RMS step  6.3578E-09 Target: 1.2000E-02 converged?  yes
  Max grad  2.8204E-03 Target: 4.5000E-03 converged?  yes component   121
  RMS grad  9.7824E-04 Target: 3.0000E-03 converged?  yes
 Predicted step length 2.0000E-02
 Trust radius          5.0000E-02
 Energy calculation finished, energy: -3.467216671E+02
 QM energy (a.u.):   -472.248212586389     
 XREF energy (a.u.):    125.527247980315     
 R(factor) =   0.229207000000000         R(free) =   0.217771000000000     
 Rejecting step, energy  0.000E+00 higher
 Energy calculation finished, energy: -3.467209646E+02
 QM energy (a.u.):   -472.248027933154     
 XREF energy (a.u.):    125.527253456103     
 R(factor) =   0.229208000000000         R(free) =   0.217770000000000     
 Rejecting step, energy  7.025E-04 higher
 Energy calculation finished, energy: -3.467207745E+02
 QM energy (a.u.):   -472.247923189090     
 XREF energy (a.u.):    125.526160878450     
 R(factor) =   0.229210000000000         R(free) =   0.217770000000000     
 Rejecting step, energy  8.927E-04 higher
 Energy calculation finished, energy: -3.467217623E+02
 QM energy (a.u.):   -472.247867714820     
 XREF energy (a.u.):    125.526151485588     
 R(factor) =   0.229210000000000         R(free) =   0.217769000000000     
Testing convergence  in cycle   57
    Energy  9.5160E-05 Target: 1.0000E-05 converged?   no
  Max step  6.0065E-04 Target: 1.8000E-02 converged?  yes component   121
  RMS step  2.0833E-04 Target: 1.2000E-02 converged?  yes
  Max grad  2.7587E-03 Target: 4.5000E-03 converged?  yes component   121
  RMS grad  8.9465E-04 Target: 3.0000E-03 converged?  yes
 Predicted step length 4.2155E-02
 Trust radius          5.0000E-03
 Energy calculation finished, energy: -3.467217162E+02
 QM energy (a.u.):   -472.247966963339     
 XREF energy (a.u.):    125.527233727387     
 R(factor) =   0.229209000000000         R(free) =   0.217770000000000     
 Rejecting step, energy  4.608E-05 higher
 Energy calculation finished, energy: -3.467207332E+02
 QM energy (a.u.):   -472.247918009602     
 XREF energy (a.u.):    125.526165941928     
 R(factor) =   0.229209000000000         R(free) =   0.217770000000000     
 Rejecting step, energy  1.029E-03 higher
 Energy calculation finished, energy: -3.467217521E+02
 QM energy (a.u.):   -472.247893030303     
 XREF energy (a.u.):    125.526158420233     
 R(factor) =   0.229210000000000         R(free) =   0.217769000000000     
 Rejecting step, energy  1.024E-05 higher
 Energy calculation finished, energy: -3.467217346E+02
 QM energy (a.u.):   -472.247880413888     
 XREF energy (a.u.):    125.526154867074     
 R(factor) =   0.229210000000000         R(free) =   0.217769000000000     
 Rejecting step, energy  2.770E-05 higher
 Energy calculation finished, energy: -3.467217255E+02
 QM energy (a.u.):   -472.247874074011     
 XREF energy (a.u.):    125.526153144339     
 R(factor) =   0.229210000000000         R(free) =   0.217769000000000     
 Rejecting step, energy  3.676E-05 higher
 Energy calculation finished, energy: -3.467217209E+02
 QM energy (a.u.):   -472.247870896481     
 XREF energy (a.u.):    125.526152306571     
 R(factor) =   0.229210000000000         R(free) =   0.217769000000000     
 Rejecting step, energy  4.138E-05 higher
 Energy calculation finished, energy: -3.467217186E+02
 QM energy (a.u.):   -472.247869306721     
 XREF energy (a.u.):    125.526151898543     
 R(factor) =   0.229210000000000         R(free) =   0.217769000000000     
 Rejecting step, energy  4.372E-05 higher
 Energy calculation finished, energy: -3.467217174E+02
 QM energy (a.u.):   -472.247868509416     
 XREF energy (a.u.):    125.526151691754     
 R(factor) =   0.229210000000000         R(free) =   0.217769000000000     
 Rejecting step, energy  4.490E-05 higher
 Energy calculation finished, energy: -3.467217168E+02
 QM energy (a.u.):   -472.247868112450     
 XREF energy (a.u.):    125.526151588605     
 R(factor) =   0.229210000000000         R(free) =   0.217769000000000     
 Rejecting step, energy  4.549E-05 higher
 Energy calculation finished, energy: -3.467217165E+02
 QM energy (a.u.):   -472.247867913265     
 XREF energy (a.u.):    125.526151537278     
 R(factor) =   0.229210000000000         R(free) =   0.217769000000000     
 Rejecting step, energy  4.579E-05 higher
 Energy calculation finished, energy: -3.467217164E+02
 QM energy (a.u.):   -472.247867813945     
 XREF energy (a.u.):    125.526151510721     
 R(factor) =   0.229210000000000         R(free) =   0.217769000000000     
 Rejecting step, energy  4.593E-05 higher
 Energy calculation finished, energy: -3.467217163E+02
 QM energy (a.u.):   -472.247867763955     
 XREF energy (a.u.):    125.526151497790     
 R(factor) =   0.229210000000000         R(free) =   0.217769000000000     
 Rejecting step, energy  4.601E-05 higher
 Energy calculation finished, energy: -3.467217163E+02
 QM energy (a.u.):   -472.247867738581     
 XREF energy (a.u.):    125.526151491868     
 R(factor) =   0.229210000000000         R(free) =   0.217769000000000     
 Rejecting step, energy  4.604E-05 higher
 Energy calculation finished, energy: -3.467217162E+02
 QM energy (a.u.):   -472.247867727168     
 XREF energy (a.u.):    125.526151489095     
 R(factor) =   0.229210000000000         R(free) =   0.217769000000000     
 Rejecting step, energy  4.606E-05 higher
 Energy calculation finished, energy: -3.467217162E+02
 QM energy (a.u.):   -472.247867720949     
 XREF energy (a.u.):    125.526151487550     
 R(factor) =   0.229210000000000         R(free) =   0.217769000000000     
 Rejecting step, energy  4.607E-05 higher
 Energy calculation finished, energy: -3.467217162E+02
 QM energy (a.u.):   -472.247867717123     
 XREF energy (a.u.):    125.526151486375     
 R(factor) =   0.229210000000000         R(free) =   0.217769000000000     
 Rejecting step, energy  4.608E-05 higher
 Step too small, restarting optimiser.
Testing convergence  in cycle   73
    Energy  4.6080E-05 Target: 1.0000E-05 converged?   no
  Max step  2.1555E-08 Target: 1.8000E-02 converged?  yes component   121
  RMS step  6.3578E-09 Target: 1.2000E-02 converged?  yes
  Max grad  2.7895E-03 Target: 4.5000E-03 converged?  yes component   121
  RMS grad  9.3512E-04 Target: 3.0000E-03 converged?  yes
 Predicted step length 2.0000E-02
 Trust radius          5.0000E-02
 Energy calculation finished, energy: -3.467217162E+02
 QM energy (a.u.):   -472.248257399161     
 XREF energy (a.u.):    125.527232705049     
 R(factor) =   0.229206000000000         R(free) =   0.217771000000000     
 Rejecting step, energy  0.000E+00 higher
 Energy calculation finished, energy: -3.467210247E+02
 QM energy (a.u.):   -472.248077253657     
 XREF energy (a.u.):    125.527244203236     
 R(factor) =   0.229208000000000         R(free) =   0.217770000000000     
 Rejecting step, energy  6.915E-04 higher
 Energy calculation finished, energy: -3.467208331E+02
 QM energy (a.u.):   -472.247976157450     
 XREF energy (a.u.):    125.526172764388     
 R(factor) =   0.229209000000000         R(free) =   0.217770000000000     
 Rejecting step, energy  8.832E-04 higher
 Energy calculation finished, energy: -3.467218034E+02
 QM energy (a.u.):   -472.247922854741     
 XREF energy (a.u.):    125.526161697153     
 R(factor) =   0.229209000000000         R(free) =   0.217770000000000     
Testing convergence  in cycle   77
    Energy  8.7160E-05 Target: 1.0000E-05 converged?   no
  Max step  6.2146E-04 Target: 1.8000E-02 converged?  yes component   121
  RMS step  2.0833E-04 Target: 1.2000E-02 converged?  yes
  Max grad  2.7182E-03 Target: 4.5000E-03 converged?  yes component   121
  RMS grad  8.5928E-04 Target: 3.0000E-03 converged?  yes
 Predicted step length 4.4342E-02
 Trust radius          5.0000E-03
 Energy calculation finished, energy: -3.467217612E+02
 QM energy (a.u.):   -472.248016764735     
 XREF energy (a.u.):    125.527229216181     
 R(factor) =   0.229208000000000         R(free) =   0.217770000000000     
 Rejecting step, energy  4.223E-05 higher
 Energy calculation finished, energy: -3.467207876E+02
 QM energy (a.u.):   -472.247970365943     
 XREF energy (a.u.):    125.527243340905     
 R(factor) =   0.229209000000000         R(free) =   0.217770000000000     
 Rejecting step, energy  1.016E-03 higher
 Energy calculation finished, energy: -3.467207270E+02
 QM energy (a.u.):   -472.247946748266     
 XREF energy (a.u.):    125.526169072481     
 R(factor) =   0.229209000000000         R(free) =   0.217770000000000     
 Rejecting step, energy  1.076E-03 higher
 Energy calculation finished, energy: -3.467217777E+02
 QM energy (a.u.):   -472.247934836679     
 XREF energy (a.u.):    125.526165311722     
 R(factor) =   0.229209000000000         R(free) =   0.217770000000000     
 Rejecting step, energy  2.571E-05 higher
 Energy calculation finished, energy: -3.467217695E+02
 QM energy (a.u.):   -472.247928854029     
 XREF energy (a.u.):    125.526163479740     
 R(factor) =   0.229209000000000         R(free) =   0.217770000000000     
 Rejecting step, energy  3.387E-05 higher
 Energy calculation finished, energy: -3.467217654E+02
 QM energy (a.u.):   -472.247925855953     
 XREF energy (a.u.):    125.526162589926     
 R(factor) =   0.229209000000000         R(free) =   0.217770000000000     
 Rejecting step, energy  3.802E-05 higher
 Energy calculation finished, energy: -3.467217633E+02
 QM energy (a.u.):   -472.247924356104     
 XREF energy (a.u.):    125.526162142202     
 R(factor) =   0.229209000000000         R(free) =   0.217770000000000     
 Rejecting step, energy  4.012E-05 higher
 Energy calculation finished, energy: -3.467217622E+02
 QM energy (a.u.):   -472.247923605639     
 XREF energy (a.u.):    125.526161920396     
 R(factor) =   0.229209000000000         R(free) =   0.217770000000000     
 Rejecting step, energy  4.118E-05 higher
 Energy calculation finished, energy: -3.467217617E+02
 QM energy (a.u.):   -472.247923230517     
 XREF energy (a.u.):    125.526161808846     
 R(factor) =   0.229209000000000         R(free) =   0.217770000000000     
 Rejecting step, energy  4.170E-05 higher
 Energy calculation finished, energy: -3.467217614E+02
 QM energy (a.u.):   -472.247923043248     
 XREF energy (a.u.):    125.526161753573     
 R(factor) =   0.229209000000000         R(free) =   0.217770000000000     
 Rejecting step, energy  4.197E-05 higher
 Energy calculation finished, energy: -3.467217613E+02
 QM energy (a.u.):   -472.247922948194     
 XREF energy (a.u.):    125.526161724815     
 R(factor) =   0.229209000000000         R(free) =   0.217770000000000     
 Rejecting step, energy  4.210E-05 higher
 Energy calculation finished, energy: -3.467217612E+02
 QM energy (a.u.):   -472.247922901870     
 XREF energy (a.u.):    125.526161710815     
 R(factor) =   0.229209000000000         R(free) =   0.217770000000000     
 Rejecting step, energy  4.217E-05 higher
 Energy calculation finished, energy: -3.467217612E+02
 QM energy (a.u.):   -472.247922878066     
 XREF energy (a.u.):    125.526161703674     
 R(factor) =   0.229209000000000         R(free) =   0.217770000000000     
 Rejecting step, energy  4.220E-05 higher
 Energy calculation finished, energy: -3.467217612E+02
 QM energy (a.u.):   -472.247922866145     
 XREF energy (a.u.):    125.526161701102     
 R(factor) =   0.229209000000000         R(free) =   0.217770000000000     
 Rejecting step, energy  4.222E-05 higher
 Energy calculation finished, energy: -3.467217612E+02
 QM energy (a.u.):   -472.247922859864     
 XREF energy (a.u.):    125.526161698417     
 R(factor) =   0.229209000000000         R(free) =   0.217770000000000     
 Rejecting step, energy  4.222E-05 higher
 Energy calculation finished, energy: -3.467217612E+02
 QM energy (a.u.):   -472.247922857806     
 XREF energy (a.u.):    125.526161697818     
 R(factor) =   0.229209000000000         R(free) =   0.217770000000000     
 Rejecting step, energy  4.223E-05 higher
 Step too small, restarting optimiser.
Testing convergence  in cycle   93
    Energy  4.2230E-05 Target: 1.0000E-05 converged?   no
  Max step  2.2180E-08 Target: 1.8000E-02 converged?  yes component   121
  RMS step  6.3578E-09 Target: 1.2000E-02 converged?  yes
  Max grad  2.7538E-03 Target: 4.5000E-03 converged?  yes component   121
  RMS grad  8.9619E-04 Target: 3.0000E-03 converged?  yes
 Predicted step length 2.0000E-02
 Trust radius          5.0000E-02
 Energy calculation finished, energy: -3.467217612E+02
 QM energy (a.u.):   -472.248299778798     
 XREF energy (a.u.):    125.527220336705     
 R(factor) =   0.229206000000000         R(free) =   0.217771000000000     
 Rejecting step, energy  0.000E+00 higher
 Energy calculation finished, energy: -3.467210794E+02
 QM energy (a.u.):   -472.248124559786     
 XREF energy (a.u.):    125.527235252549     
 R(factor) =   0.229207000000000         R(free) =   0.217771000000000     
 Rejecting step, energy  6.817E-04 higher
 Energy calculation finished, energy: -3.467208893E+02
 QM energy (a.u.):   -472.248027017498     
 XREF energy (a.u.):    125.527245457128     
 R(factor) =   0.229208000000000         R(free) =   0.217770000000000     
 Rejecting step, energy  8.719E-04 higher
 Energy calculation finished, energy: -3.467207816E+02
 QM energy (a.u.):   -472.247975765138     
 XREF energy (a.u.):    125.526173377401     
 R(factor) =   0.229209000000000         R(free) =   0.217770000000000     
 Rejecting step, energy  9.796E-04 higher
 Energy calculation finished, energy: -3.467218024E+02
 QM energy (a.u.):   -472.247949517073     
 XREF energy (a.u.):    125.526167431245     
 R(factor) =   0.229209000000000         R(free) =   0.217770000000000     
Testing convergence  in cycle   98
    Energy  4.1230E-05 Target: 1.0000E-05 converged?   no
  Max step  3.2008E-04 Target: 1.8000E-02 converged?  yes component   121
  RMS step  1.0417E-04 Target: 1.2000E-02 converged?  yes
  Max grad  2.7141E-03 Target: 4.5000E-03 converged?  yes component   121
  RMS grad  8.6060E-04 Target: 3.0000E-03 converged?  yes
 Predicted step length 4.7557E-02
 Trust radius          2.5000E-03
 Energy calculation finished, energy: -3.467217821E+02
 QM energy (a.u.):   -472.247995345124     
 XREF energy (a.u.):    125.527241007729     
 R(factor) =   0.229209000000000         R(free) =   0.217770000000000     
 Rejecting step, energy  2.030E-05 higher
 Energy calculation finished, energy: -3.467207543E+02
 QM energy (a.u.):   -472.247972552462     
 XREF energy (a.u.):    125.527247711495     
 R(factor) =   0.229209000000000         R(free) =   0.217770000000000     
 Rejecting step, energy  1.048E-03 higher
 Energy calculation finished, energy: -3.467207248E+02
 QM energy (a.u.):   -472.247961064578     
 XREF energy (a.u.):    125.526171064337     
 R(factor) =   0.229209000000000         R(free) =   0.217770000000000     
 Rejecting step, energy  1.078E-03 higher
 Energy calculation finished, energy: -3.467217900E+02
 QM energy (a.u.):   -472.247955298316     
 XREF energy (a.u.):    125.526169228643     
 R(factor) =   0.229209000000000         R(free) =   0.217770000000000     
 Rejecting step, energy  1.239E-05 higher
 Energy calculation finished, energy: -3.467217861E+02
 QM energy (a.u.):   -472.247952408928     
 XREF energy (a.u.):    125.526168317873     
 R(factor) =   0.229209000000000         R(free) =   0.217770000000000     
 Rejecting step, energy  1.632E-05 higher
 Energy calculation finished, energy: -3.467217841E+02
 QM energy (a.u.):   -472.247950963182     
 XREF energy (a.u.):    125.526167862750     
 R(factor) =   0.229209000000000         R(free) =   0.217770000000000     
 Rejecting step, energy  1.830E-05 higher
 Energy calculation finished, energy: -3.467217831E+02
 QM energy (a.u.):   -472.247950240651     
 XREF energy (a.u.):    125.526167654259     
 R(factor) =   0.229209000000000         R(free) =   0.217770000000000     
 Rejecting step, energy  1.929E-05 higher
 Energy calculation finished, energy: -3.467217826E+02
 QM energy (a.u.):   -472.247949879026     
 XREF energy (a.u.):    125.526167543121     
 R(factor) =   0.229209000000000         R(free) =   0.217770000000000     
 Rejecting step, energy  1.980E-05 higher
 Energy calculation finished, energy: -3.467217823E+02
 QM energy (a.u.):   -472.247949697830     
 XREF energy (a.u.):    125.526167486354     
 R(factor) =   0.229209000000000         R(free) =   0.217770000000000     
 Rejecting step, energy  2.005E-05 higher
 Energy calculation finished, energy: -3.467217822E+02
 QM energy (a.u.):   -472.247949607384     
 XREF energy (a.u.):    125.526167458685     
 R(factor) =   0.229209000000000         R(free) =   0.217770000000000     
 Rejecting step, energy  2.018E-05 higher
 Energy calculation finished, energy: -3.467217822E+02
 QM energy (a.u.):   -472.247949561836     
 XREF energy (a.u.):    125.526167445294     
 R(factor) =   0.229209000000000         R(free) =   0.217770000000000     
 Rejecting step, energy  2.024E-05 higher
 Energy calculation finished, energy: -3.467217821E+02
 QM energy (a.u.):   -472.247949539626     
 XREF energy (a.u.):    125.526167437400     
 R(factor) =   0.229209000000000         R(free) =   0.217770000000000     
 Rejecting step, energy  2.027E-05 higher
 Energy calculation finished, energy: -3.467217821E+02
 QM energy (a.u.):   -472.247949528414     
 XREF energy (a.u.):    125.526167434161     
 R(factor) =   0.229209000000000         R(free) =   0.217770000000000     
 Rejecting step, energy  2.029E-05 higher
 Energy calculation finished, energy: -3.467217821E+02
 QM energy (a.u.):   -472.247949522008     
 XREF energy (a.u.):    125.526167432931     
 R(factor) =   0.229209000000000         R(free) =   0.217770000000000     
 Rejecting step, energy  2.030E-05 higher
 Energy calculation finished, energy: -3.467217821E+02
 QM energy (a.u.):   -472.247949519269     
 XREF energy (a.u.):    125.526167431618     
 R(factor) =   0.229209000000000         R(free) =   0.217770000000000     
 Rejecting step, energy  2.030E-05 higher
 Step too small, restarting optimiser.
Testing convergence  in cycle  113
    Energy  2.0300E-05 Target: 1.0000E-05 converged?   no
  Max step  2.2560E-08 Target: 1.8000E-02 converged?  yes component   121
  RMS step  6.3578E-09 Target: 1.2000E-02 converged?  yes
  Max grad  2.7340E-03 Target: 4.5000E-03 converged?  yes component   121
  RMS grad  8.7820E-04 Target: 3.0000E-03 converged?  yes
 Predicted step length 2.0000E-02
 Trust radius          5.0000E-02
 Energy calculation finished, energy: -3.467217821E+02
 QM energy (a.u.):   -472.248320227816     
 XREF energy (a.u.):    125.527215108813     
 R(factor) =   0.229205000000000         R(free) =   0.217772000000000     
 Rejecting step, energy  0.000E+00 higher
 Energy calculation finished, energy: -3.467211051E+02
 QM energy (a.u.):   -472.248147508137     
 XREF energy (a.u.):    125.527230914535     
 R(factor) =   0.229207000000000         R(free) =   0.217771000000000     
 Rejecting step, energy  6.770E-04 higher
 Energy calculation finished, energy: -3.467209166E+02
 QM energy (a.u.):   -472.248051672269     
 XREF energy (a.u.):    125.527241759610     
 R(factor) =   0.229208000000000         R(free) =   0.217770000000000     
 Rejecting step, energy  8.655E-04 higher
 Energy calculation finished, energy: -3.467208099E+02
 QM energy (a.u.):   -472.248001385112     
 XREF energy (a.u.):    125.527247840999     
 R(factor) =   0.229209000000000         R(free) =   0.217770000000000     
 Rejecting step, energy  9.722E-04 higher
 Energy calculation finished, energy: -3.467207535E+02
 QM energy (a.u.):   -472.247975649604     
 XREF energy (a.u.):    125.526173484712     
 R(factor) =   0.229209000000000         R(free) =   0.217770000000000     
 Rejecting step, energy  1.029E-03 higher
 Energy calculation finished, energy: -3.467218022E+02
 QM energy (a.u.):   -472.247962632722     
 XREF energy (a.u.):    125.526170396940     
 R(factor) =   0.229209000000000         R(free) =   0.217770000000000     
Testing convergence  in cycle  119
    Energy  2.0070E-05 Target: 1.0000E-05 converged?   no
  Max step  1.6214E-04 Target: 1.8000E-02 converged?  yes component   121
  RMS step  5.2083E-05 Target: 1.2000E-02 converged?  yes
  Max grad  2.7134E-03 Target: 4.5000E-03 converged?  yes component   121
  RMS grad  8.6093E-04 Target: 3.0000E-03 converged?  yes
 Predicted step length 4.9095E-02
 Trust radius          1.2500E-03
 Energy calculation finished, energy: -3.467217922E+02
 QM energy (a.u.):   -472.247985298306     
 XREF energy (a.u.):    125.527246247533     
 R(factor) =   0.229209000000000         R(free) =   0.217770000000000     
 Rejecting step, energy  9.920E-06 higher
 Energy calculation finished, energy: -3.467207391E+02
 QM energy (a.u.):   -472.247973994420     
 XREF energy (a.u.):    125.527249517223     
 R(factor) =   0.229209000000000         R(free) =   0.217770000000000     
 Rejecting step, energy  1.063E-03 higher
 Energy calculation finished, energy: -3.467207245E+02
 QM energy (a.u.):   -472.247968320624     
 XREF energy (a.u.):    125.526172183992     
 R(factor) =   0.229209000000000         R(free) =   0.217770000000000     
 Rejecting step, energy  1.078E-03 higher
 Energy calculation finished, energy: -3.467217961E+02
 QM energy (a.u.):   -472.247965478324     
 XREF energy (a.u.):    125.526171301271     
 R(factor) =   0.229209000000000         R(free) =   0.217770000000000     
 Rejecting step, energy  6.020E-06 higher
 Energy calculation finished, energy: -3.467217942E+02
 QM energy (a.u.):   -472.247964056661     
 XREF energy (a.u.):    125.526170846371     
 R(factor) =   0.229209000000000         R(free) =   0.217770000000000     
 Rejecting step, energy  7.980E-06 higher
 Energy calculation finished, energy: -3.467217932E+02
 QM energy (a.u.):   -472.247963345138     
 XREF energy (a.u.):    125.526170621172     
 R(factor) =   0.229209000000000         R(free) =   0.217770000000000     
 Rejecting step, energy  8.950E-06 higher
 Energy calculation finished, energy: -3.467217927E+02
 QM energy (a.u.):   -472.247962988721     
 XREF energy (a.u.):    125.526170509007     
 R(factor) =   0.229209000000000         R(free) =   0.217770000000000     
 Rejecting step, energy  9.440E-06 higher
 Energy calculation finished, energy: -3.467217925E+02
 QM energy (a.u.):   -472.247962810788     
 XREF energy (a.u.):    125.526170453688     
 R(factor) =   0.229209000000000         R(free) =   0.217770000000000     
 Rejecting step, energy  9.680E-06 higher
 Energy calculation finished, energy: -3.467217924E+02
 QM energy (a.u.):   -472.247962722082     
 XREF energy (a.u.):    125.526170425846     
 R(factor) =   0.229209000000000         R(free) =   0.217770000000000     
 Rejecting step, energy  9.800E-06 higher
 Energy calculation finished, energy: -3.467217923E+02
 QM energy (a.u.):   -472.247962677452     
 XREF energy (a.u.):    125.526170411966     
 R(factor) =   0.229209000000000         R(free) =   0.217770000000000     
 Rejecting step, energy  9.860E-06 higher
 Energy calculation finished, energy: -3.467217923E+02
 QM energy (a.u.):   -472.247962654895     
 XREF energy (a.u.):    125.526170404458     
 R(factor) =   0.229209000000000         R(free) =   0.217770000000000     
 Rejecting step, energy  9.890E-06 higher
 Energy calculation finished, energy: -3.467217923E+02
 QM energy (a.u.):   -472.247962644016     
 XREF energy (a.u.):    125.526170401337     
 R(factor) =   0.229209000000000         R(free) =   0.217770000000000     
 Rejecting step, energy  9.910E-06 higher
 Energy calculation finished, energy: -3.467217922E+02
 QM energy (a.u.):   -472.247962638886     
 XREF energy (a.u.):    125.526170399450     
 R(factor) =   0.229209000000000         R(free) =   0.217770000000000     
 Rejecting step, energy  9.920E-06 higher
 Energy calculation finished, energy: -3.467217922E+02
 QM energy (a.u.):   -472.247962634736     
 XREF energy (a.u.):    125.526170398857     
 R(factor) =   0.229209000000000         R(free) =   0.217770000000000     
 Rejecting step, energy  9.920E-06 higher
 Step too small, restarting optimiser.
Testing convergence  in cycle  133
    Energy  9.9200E-06 Target: 1.0000E-05 converged?  yes
  Max step  2.2706E-08 Target: 1.8000E-02 converged?  yes component   121
  RMS step  6.3578E-09 Target: 1.2000E-02 converged?  yes
  Max grad  2.7237E-03 Target: 4.5000E-03 converged?  yes component   121
  RMS grad  8.6952E-04 Target: 3.0000E-03 converged?  yes
Convergence reached

 Optimisation converged
 ----------------------
 Final converged energy:    -346.721792240000


DL-FIND Report:
===============
Optimisation algorithm: L-BFGS
Number of steps in L-BFGS memory ...............        100
 
Trust radius based on energy
Maximum step length ............................  5.000E-02
 
Coordinate system: Cartesian coordinates
 
Number of atoms ................................       6390
Number of input geometries .....................          1
Variables to be optimised ......................        144
No restart information is written
This run has not been restarted.
Number of energy evaluations on this processor .        133
Number of steps ................................        133
Number of accepted steps / line searches .......         19
 

Timing report
=============
Module                                      CPU time            Wall clock time
Total .................................    20.845 (100.00%)  9563.982 (100.00%) seconds
Energy and Gradient ...................     1.706 (  8.19%)     2.085 (  0.02%) seconds
Step direction ........................     0.338 (  1.62%)     0.468 (  0.00%) seconds
Coordinate transformation .............     0.104 (  0.50%)     0.104 (  0.00%) seconds
Checkpoint file I/O ...................     0.000 (  0.00%)     0.000 (  0.00%) seconds
XYZ-file I/O ..........................     0.000 (  0.00%)     0.000 (  0.00%) seconds
Maximum memory usage ........................... 1.2391E+04 kB
Sun Dec 24 05:30:12 CST 2023
