This job is running on host node28
Current directory: /share/home/chem-zhonglh/yanzy/QR/NC_more/1pf7/QRs/ANISEMM_R1
Tue Jan  9 23:01:30 CST 2024
 using Gaussian + CNS
 External sizes:       14175           1        9450

***********************************************************************
**                                                                   **
**                       ---------------------                       **
**                              DL-FIND                              **
**                       Geometry Optimisation                       **
**                       ---------------------                       **
**                                                                   **
**                 J. Kaestner, J.M. Carr, T.W. Keal,                **
**                W. Thiel, A. Wander and P. Sherwood                **
**                                                                   **
**              J. Phys. Chem. A, 2009, 113 (43), 11856.             **
**                                                                   **
**   Please include this reference in published work using DL-FIND.  **
**                                                                   **
**               Copyright:  STFC Daresbury Laboratory               **
**                           Revision: Unversioned directory         **
**                                                                   **
***********************************************************************


DL-FIND Report:
===============
Optimisation algorithm: L-BFGS
Number of steps in L-BFGS memory ...............        100
 
Trust radius based on energy
Maximum step length ............................  5.000E-02
 
Coordinate system: Cartesian coordinates
 
Number of atoms ................................       4725
Number of input geometries .....................          1
Variables to be optimised ......................        102
No restart information is written
This run has not been restarted.
Maximum number of steps ........................       2000
Maximum number of energy evaluations ...........      10000
 
 Energy calculation finished, energy: -1.231132228E+03
 QM energy (a.u.):   -1299.46782440549     
 XREF energy (a.u.):    91.2561060132266     
 R(factor) =   0.192860000000000         R(free) =   0.198247000000000     
Testing convergence  in cycle    1
  Max grad  3.0668E-03 Target: 4.5000E-03 converged?  yes component    78
  RMS grad  9.8236E-04 Target: 3.0000E-03 converged?  yes
Convergence reached

 Optimisation converged
 ----------------------
 Final converged energy:   -1231.132228470000


DL-FIND Report:
===============
Optimisation algorithm: L-BFGS
Number of steps in L-BFGS memory ...............        100
 
Trust radius based on energy
Maximum step length ............................  5.000E-02
 
Coordinate system: Cartesian coordinates
 
Number of atoms ................................       4725
Number of input geometries .....................          1
Variables to be optimised ......................        102
No restart information is written
This run has not been restarted.
Number of energy evaluations on this processor .          1
Number of steps ................................          1
Number of accepted steps / line searches .......          1
 

Timing report
=============
Module                                      CPU time            Wall clock time
Total .................................     0.169 (100.00%)    51.461 (100.00%) seconds
Energy and Gradient ...................     0.004 (  2.63%)     0.010 (  0.02%) seconds
Step direction ........................     0.000 (  0.00%)     0.000 (  0.00%) seconds
Coordinate transformation .............     0.000 (  0.22%)     0.000 (  0.00%) seconds
Checkpoint file I/O ...................     0.000 (  0.00%)     0.000 (  0.00%) seconds
XYZ-file I/O ..........................     0.000 (  0.00%)     0.000 (  0.00%) seconds
Maximum memory usage ........................... 9.1554E+03 kB
Tue Jan  9 23:02:22 CST 2024
