This job is running on host node28
Current directory: /share/home/chem-zhonglh/yanzy/QR/NC_more/2p7z/QRs/SEMM_R1
Tue Jan  9 12:56:25 CST 2024
 using Gaussian + CNS
 QM energy (a.u.):   -84.5640844128860     
 XREF energy (a.u.):    81.3524459892987     
 R(factor) =   0.228040000000000         R(free) =   0.214115000000000     
 External sizes:       11043           1        7362

***********************************************************************
**                                                                   **
**                       ---------------------                       **
**                              DL-FIND                              **
**                       Geometry Optimisation                       **
**                       ---------------------                       **
**                                                                   **
**                 J. Kaestner, J.M. Carr, T.W. Keal,                **
**                W. Thiel, A. Wander and P. Sherwood                **
**                                                                   **
**              J. Phys. Chem. A, 2009, 113 (43), 11856.             **
**                                                                   **
**   Please include this reference in published work using DL-FIND.  **
**                                                                   **
**               Copyright:  STFC Daresbury Laboratory               **
**                           Revision: Unversioned directory         **
**                                                                   **
***********************************************************************


DL-FIND Report:
===============
Optimisation algorithm: L-BFGS
Number of steps in L-BFGS memory ...............        100
 
Trust radius based on energy
Maximum step length ............................  5.000E-02
 
Coordinate system: Cartesian coordinates
 
Number of atoms ................................       3681
Number of input geometries .....................          1
Variables to be optimised ......................        177
No restart information is written
This run has not been restarted.
Maximum number of steps ........................       2000
Maximum number of energy evaluations ...........      10000
 
 Energy calculation finished, energy: -3.211638420E+00
 QM energy (a.u.):   -84.5640844128860     
 XREF energy (a.u.):    81.3524459893784     
 R(factor) =   0.228040000000000         R(free) =   0.214115000000000     
Testing convergence  in cycle    1
  Max grad  2.1931E-02 Target: 4.5000E-03 converged?   no component    66
  RMS grad  3.8595E-03 Target: 3.0000E-03 converged?   no
 Predicted step length 2.0000E-02
 Trust radius          5.0000E-02
 Energy calculation finished, energy: -3.211638420E+00
 QM energy (a.u.):   -84.5654282249950     
 XREF energy (a.u.):    81.3522506166914     
 R(factor) =   0.228043000000000         R(free) =   0.214112000000000     
 Rejecting step, energy  0.000E+00 higher
 Energy calculation finished, energy: -3.213177610E+00
 QM energy (a.u.):   -84.5648504040550     
 XREF energy (a.u.):    81.3523444365435     
 R(factor) =   0.228041000000000         R(free) =   0.214114000000000     
Testing convergence  in cycle    3
    Energy  1.5392E-03 Target: 1.0000E-05 converged?   no
  Max step  4.2711E-03 Target: 1.8000E-02 converged?  yes component    66
  RMS step  7.5165E-04 Target: 1.2000E-02 converged?  yes
  Max grad  1.1192E-02 Target: 4.5000E-03 converged?   no component    66
  RMS grad  2.5540E-03 Target: 3.0000E-03 converged?  yes
 Predicted step length 2.6128E-02
 Trust radius          2.0000E-02
 Energy calculation finished, energy: -3.212505970E+00
 QM energy (a.u.):   -84.5660062500080     
 XREF energy (a.u.):    81.3523557466910     
 R(factor) =   0.228043000000000         R(free) =   0.214113000000000     
 Rejecting step, energy  6.716E-04 higher
 Energy calculation finished, energy: -3.213650500E+00
 QM energy (a.u.):   -84.5654741142170     
 XREF energy (a.u.):    81.3523154940060     
 R(factor) =   0.228042000000000         R(free) =   0.214113000000000     
Testing convergence  in cycle    5
    Energy  4.7289E-04 Target: 1.0000E-05 converged?   no
  Max step  3.1167E-03 Target: 1.8000E-02 converged?  yes component    66
  RMS step  7.5165E-04 Target: 1.2000E-02 converged?  yes
  Max grad  9.4411E-03 Target: 4.5000E-03 converged?   no component    66
  RMS grad  2.3321E-03 Target: 3.0000E-03 converged?  yes
 Predicted step length 1.3261E-01
 Trust radius          2.0000E-02
 Energy calculation finished, energy: -3.213158620E+00
 QM energy (a.u.):   -84.5663940198690     
 XREF energy (a.u.):    81.3521467021341     
 R(factor) =   0.228045000000000         R(free) =   0.214111000000000     
 Rejecting step, energy  4.919E-04 higher
 Energy calculation finished, energy: -3.214247320E+00
 QM energy (a.u.):   -84.5659801862690     
 XREF energy (a.u.):    81.3522328277441     
 R(factor) =   0.228044000000000         R(free) =   0.214112000000000     
Testing convergence  in cycle    7
    Energy  5.9682E-04 Target: 1.0000E-05 converged?   no
  Max step  2.5922E-03 Target: 1.8000E-02 converged?  yes component    66
  RMS step  7.5165E-04 Target: 1.2000E-02 converged?  yes
  Max grad  7.1069E-03 Target: 4.5000E-03 converged?   no component    66
  RMS grad  1.9766E-03 Target: 3.0000E-03 converged?  yes
 Predicted step length 6.6843E-02
 Trust radius          2.0000E-02
 Energy calculation finished, energy: -3.213747360E+00
 QM energy (a.u.):   -84.5667727904820     
 XREF energy (a.u.):    81.3521569266334     
 R(factor) =   0.228045000000000         R(free) =   0.214111000000000     
 Rejecting step, energy  5.000E-04 higher
 Energy calculation finished, energy: -3.214615860E+00
 QM energy (a.u.):   -84.5664109775090     
 XREF energy (a.u.):    81.3522302662094     
 R(factor) =   0.228044000000000         R(free) =   0.214111000000000     
Testing convergence  in cycle    9
    Energy  3.6854E-04 Target: 1.0000E-05 converged?   no
  Max step  2.5036E-03 Target: 1.8000E-02 converged?  yes component    66
  RMS step  7.5165E-04 Target: 1.2000E-02 converged?  yes
  Max grad  4.4966E-03 Target: 4.5000E-03 converged?  yes component    66
  RMS grad  1.7170E-03 Target: 3.0000E-03 converged?  yes
 Predicted step length 9.7966E-02
 Trust radius          2.0000E-02
 Energy calculation finished, energy: -3.214180710E+00
 QM energy (a.u.):   -84.5670369356470     
 XREF energy (a.u.):    81.3520087254329     
 R(factor) =   0.228047000000000         R(free) =   0.214110000000000     
 Rejecting step, energy  4.351E-04 higher
 Energy calculation finished, energy: -3.215028210E+00
 QM energy (a.u.):   -84.5667523539320     
 XREF energy (a.u.):    81.3521098410755     
 R(factor) =   0.228046000000000         R(free) =   0.214110000000000     
Testing convergence  in cycle   11
    Energy  4.1235E-04 Target: 1.0000E-05 converged?   no
  Max step  1.9445E-03 Target: 1.8000E-02 converged?  yes component    15
  RMS step  7.5165E-04 Target: 1.2000E-02 converged?  yes
  Max grad  4.4877E-03 Target: 4.5000E-03 converged?  yes component    54
  RMS grad  1.6010E-03 Target: 3.0000E-03 converged?  yes
 Predicted step length 1.0033E-01
 Trust radius          2.0000E-02
 Energy calculation finished, energy: -3.214642510E+00
 QM energy (a.u.):   -84.5673046808430     
 XREF energy (a.u.):    81.3519381243945     
 R(factor) =   0.228049000000000         R(free) =   0.214109000000000     
 Rejecting step, energy  3.857E-04 higher
 Energy calculation finished, energy: -3.215366560E+00
 QM energy (a.u.):   -84.5670524243590     
 XREF energy (a.u.):    81.3520566261998     
 R(factor) =   0.228047000000000         R(free) =   0.214110000000000     
Testing convergence  in cycle   13
    Energy  3.3835E-04 Target: 1.0000E-05 converged?   no
  Max step  2.1159E-03 Target: 1.8000E-02 converged?  yes component    15
  RMS step  7.5165E-04 Target: 1.2000E-02 converged?  yes
  Max grad  3.9689E-03 Target: 4.5000E-03 converged?  yes component    15
  RMS grad  1.3970E-03 Target: 3.0000E-03 converged?  yes
 Predicted step length 9.8900E-02
 Trust radius          2.0000E-02
 Energy calculation finished, energy: -3.214995800E+00
 QM energy (a.u.):   -84.5674931171830     
 XREF energy (a.u.):    81.3517257174443     
 R(factor) =   0.228050000000000         R(free) =   0.214108000000000     
 Rejecting step, energy  3.708E-04 higher
 Energy calculation finished, energy: -3.215767400E+00
 QM energy (a.u.):   -84.5672928050550     
 XREF energy (a.u.):    81.3519276004223     
 R(factor) =   0.228049000000000         R(free) =   0.214109000000000     
Testing convergence  in cycle   15
    Energy  4.0084E-04 Target: 1.0000E-05 converged?   no
  Max step  2.2227E-03 Target: 1.8000E-02 converged?  yes component    15
  RMS step  7.5165E-04 Target: 1.2000E-02 converged?  yes
  Max grad  3.9213E-03 Target: 4.5000E-03 converged?  yes component    15
  RMS grad  1.3048E-03 Target: 3.0000E-03 converged?  yes
 Predicted step length 1.0621E-01
 Trust radius          2.0000E-02
 Energy calculation finished, energy: -3.215365200E+00
 QM energy (a.u.):   -84.5676911192010     
 XREF energy (a.u.):    81.3531605558338     
 R(factor) =   0.228049000000000         R(free) =   0.214122000000000     
 Rejecting step, energy  4.022E-04 higher
 Energy calculation finished, energy: -3.214530560E+00
 QM energy (a.u.):   -84.5675088847570     
 XREF energy (a.u.):    81.3517337966149     
 R(factor) =   0.228051000000000         R(free) =   0.214108000000000     
 Rejecting step, energy  1.237E-03 higher
 Energy calculation finished, energy: -3.215775090E+00
 QM energy (a.u.):   -84.5674050750550     
 XREF energy (a.u.):    81.3518524305234     
 R(factor) =   0.228050000000000         R(free) =   0.214108000000000     
Testing convergence  in cycle   18
    Energy  7.6900E-06 Target: 1.0000E-05 converged?  yes
  Max step  1.1798E-03 Target: 1.8000E-02 converged?  yes component    15
  RMS step  3.7582E-04 Target: 1.2000E-02 converged?  yes
  Max grad  3.8733E-03 Target: 4.5000E-03 converged?  yes component    15
  RMS grad  1.2889E-03 Target: 3.0000E-03 converged?  yes
Convergence reached

 Optimisation converged
 ----------------------
 Final converged energy:      -3.215775090000


DL-FIND Report:
===============
Optimisation algorithm: L-BFGS
Number of steps in L-BFGS memory ...............        100
 
Trust radius based on energy
Maximum step length ............................  5.000E-02
 
Coordinate system: Cartesian coordinates
 
Number of atoms ................................       3681
Number of input geometries .....................          1
Variables to be optimised ......................        177
No restart information is written
This run has not been restarted.
Number of energy evaluations on this processor .         18
Number of steps ................................         18
Number of accepted steps / line searches .......          9
 

Timing report
=============
Module                                      CPU time            Wall clock time
Total .................................     2.272 (100.00%)   304.401 (100.00%) seconds
Energy and Gradient ...................     0.135 (  5.95%)     0.193 (  0.06%) seconds
Step direction ........................     0.247 ( 10.87%)     0.401 (  0.13%) seconds
Coordinate transformation .............     0.009 (  0.38%)     0.008 (  0.00%) seconds
Checkpoint file I/O ...................     0.000 (  0.00%)     0.000 (  0.00%) seconds
XYZ-file I/O ..........................     0.000 (  0.00%)     0.000 (  0.00%) seconds
Maximum memory usage ........................... 7.2907E+03 kB
Tue Jan  9 13:01:43 CST 2024
