This job is running on host node28
Current directory: /share/home/chem-zhonglh/yanzy/QR/NC_more/2p7z/QRs/ANISEMM_R1
Tue Jan  9 13:01:47 CST 2024
 using Gaussian + CNS
 QM energy (a.u.):   -1823.51157375671     
 XREF energy (a.u.):    81.3524459892987     
 R(factor) =   0.228040000000000         R(free) =   0.214115000000000     
 External sizes:       11043           1        7362

***********************************************************************
**                                                                   **
**                       ---------------------                       **
**                              DL-FIND                              **
**                       Geometry Optimisation                       **
**                       ---------------------                       **
**                                                                   **
**                 J. Kaestner, J.M. Carr, T.W. Keal,                **
**                W. Thiel, A. Wander and P. Sherwood                **
**                                                                   **
**              J. Phys. Chem. A, 2009, 113 (43), 11856.             **
**                                                                   **
**   Please include this reference in published work using DL-FIND.  **
**                                                                   **
**               Copyright:  STFC Daresbury Laboratory               **
**                           Revision: Unversioned directory         **
**                                                                   **
***********************************************************************


DL-FIND Report:
===============
Optimisation algorithm: L-BFGS
Number of steps in L-BFGS memory ...............        100
 
Trust radius based on energy
Maximum step length ............................  5.000E-02
 
Coordinate system: Cartesian coordinates
 
Number of atoms ................................       3681
Number of input geometries .....................          1
Variables to be optimised ......................        177
No restart information is written
This run has not been restarted.
Maximum number of steps ........................       2000
Maximum number of energy evaluations ...........      10000
 
 Energy calculation finished, energy: -1.742159128E+03
 QM energy (a.u.):   -1823.51157375671     
 XREF energy (a.u.):    81.3524459893784     
 R(factor) =   0.228040000000000         R(free) =   0.214115000000000     
Testing convergence  in cycle    1
  Max grad  1.0944E-02 Target: 4.5000E-03 converged?   no component    66
  RMS grad  2.5922E-03 Target: 3.0000E-03 converged?  yes
 Predicted step length 2.0000E-02
 Trust radius          5.0000E-02
 Energy calculation finished, energy: -1.742159128E+03
 QM energy (a.u.):   -1823.51238300322     
 XREF energy (a.u.):    81.3524116389627     
 R(factor) =   0.228034000000000         R(free) =   0.214115000000000     
 Rejecting step, energy  0.000E+00 higher
 Energy calculation finished, energy: -1.742159971E+03
 QM energy (a.u.):   -1823.51208841012     
 XREF energy (a.u.):    81.3524723746027     
 R(factor) =   0.228037000000000         R(free) =   0.214115000000000     
Testing convergence  in cycle    3
    Energy  8.4359E-04 Target: 1.0000E-05 converged?   no
  Max step  3.1733E-03 Target: 1.8000E-02 converged?  yes component    66
  RMS step  7.5165E-04 Target: 1.2000E-02 converged?  yes
  Max grad  6.7154E-03 Target: 4.5000E-03 converged?   no component    15
  RMS grad  1.4946E-03 Target: 3.0000E-03 converged?  yes
 Predicted step length 1.1603E-02
 Trust radius          2.0000E-02
 Energy calculation finished, energy: -1.742159616E+03
 QM energy (a.u.):   -1823.51250197539     
 XREF energy (a.u.):    81.3523858641504     
 R(factor) =   0.228036000000000         R(free) =   0.214114000000000     
 Rejecting step, energy  3.553E-04 higher
 Energy calculation finished, energy: -1.742160116E+03
 QM energy (a.u.):   -1823.51230588567     
 XREF energy (a.u.):    81.3524224653896     
 R(factor) =   0.228036000000000         R(free) =   0.214115000000000     
Testing convergence  in cycle    5
    Energy  1.4475E-04 Target: 1.0000E-05 converged?   no
  Max step  1.7846E-03 Target: 1.8000E-02 converged?  yes component    15
  RMS step  4.3606E-04 Target: 1.2000E-02 converged?  yes
  Max grad  6.0070E-03 Target: 4.5000E-03 converged?   no component    15
  RMS grad  1.4996E-03 Target: 3.0000E-03 converged?  yes
 Predicted step length 2.9771E-01
 Trust radius          5.8014E-03
 Energy calculation finished, energy: -1.742159883E+03
 QM energy (a.u.):   -1823.51249396281     
 XREF energy (a.u.):    81.3523842361482     
 R(factor) =   0.228036000000000         R(free) =   0.214114000000000     
 Rejecting step, energy  2.327E-04 higher
 Energy calculation finished, energy: -1.742160110E+03
 QM energy (a.u.):   -1823.51240116595     
 XREF energy (a.u.):    81.3524048356975     
 R(factor) =   0.228036000000000         R(free) =   0.214115000000000     
 Rejecting step, energy  6.380E-06 higher
 Energy calculation finished, energy: -1.742159996E+03
 QM energy (a.u.):   -1823.51235448147     
 XREF energy (a.u.):    81.3524116726642     
 R(factor) =   0.228036000000000         R(free) =   0.214115000000000     
 Rejecting step, energy  1.198E-04 higher
 Energy calculation finished, energy: -1.742159943E+03
 QM energy (a.u.):   -1823.51233031521     
 XREF energy (a.u.):    81.3524169991777     
 R(factor) =   0.228036000000000         R(free) =   0.214115000000000     
 Rejecting step, energy  1.733E-04 higher
 Energy calculation finished, energy: -1.742159913E+03
 QM energy (a.u.):   -1823.51231786163     
 XREF energy (a.u.):    81.3524196989176     
 R(factor) =   0.228036000000000         R(free) =   0.214115000000000     
 Rejecting step, energy  2.028E-04 higher
 Energy calculation finished, energy: -1.742159898E+03
 QM energy (a.u.):   -1823.51231172696     
 XREF energy (a.u.):    81.3524210744836     
 R(factor) =   0.228036000000000         R(free) =   0.214115000000000     
 Rejecting step, energy  2.179E-04 higher
 Energy calculation finished, energy: -1.742159891E+03
 QM energy (a.u.):   -1823.51230821762     
 XREF energy (a.u.):    81.3524217677422     
 R(factor) =   0.228036000000000         R(free) =   0.214115000000000     
 Rejecting step, energy  2.255E-04 higher
 Energy calculation finished, energy: -1.742159886E+03
 QM energy (a.u.):   -1823.51230746714     
 XREF energy (a.u.):    81.3524221164559     
 R(factor) =   0.228036000000000         R(free) =   0.214115000000000     
 Rejecting step, energy  2.297E-04 higher
 Energy calculation finished, energy: -1.742159885E+03
 QM energy (a.u.):   -1823.51230669316     
 XREF energy (a.u.):    81.3524222905331     
 R(factor) =   0.228036000000000         R(free) =   0.214115000000000     
 Rejecting step, energy  2.308E-04 higher
 Energy calculation finished, energy: -1.742159884E+03
 QM energy (a.u.):   -1823.51230625915     
 XREF energy (a.u.):    81.3524223779279     
 R(factor) =   0.228036000000000         R(free) =   0.214115000000000     
 Rejecting step, energy  2.317E-04 higher
 Energy calculation finished, energy: -1.742159884E+03
 QM energy (a.u.):   -1823.51230611345     
 XREF energy (a.u.):    81.3524224211496     
 R(factor) =   0.228036000000000         R(free) =   0.214115000000000     
 Rejecting step, energy  2.322E-04 higher
 Energy calculation finished, energy: -1.742159884E+03
 QM energy (a.u.):   -1823.51230602337     
 XREF energy (a.u.):    81.3524224434521     
 R(factor) =   0.228036000000000         R(free) =   0.214115000000000     
 Rejecting step, energy  2.324E-04 higher
 Energy calculation finished, energy: -1.742159884E+03
 QM energy (a.u.):   -1823.51230597778     
 XREF energy (a.u.):    81.3524224547348     
 R(factor) =   0.228036000000000         R(free) =   0.214115000000000     
 Rejecting step, energy  2.325E-04 higher
 Energy calculation finished, energy: -1.742159884E+03
 QM energy (a.u.):   -1823.51230595256     
 XREF energy (a.u.):    81.3524224604478     
 R(factor) =   0.228036000000000         R(free) =   0.214115000000000     
 Rejecting step, energy  2.326E-04 higher
 Energy calculation finished, energy: -1.742159883E+03
 QM energy (a.u.):   -1823.51230591071     
 XREF energy (a.u.):    81.3524224624988     
 R(factor) =   0.228036000000000         R(free) =   0.214115000000000     
 Rejecting step, energy  2.326E-04 higher
 Energy calculation finished, energy: -1.742159883E+03
 QM energy (a.u.):   -1823.51230589168     
 XREF energy (a.u.):    81.3524224636494     
 R(factor) =   0.228036000000000         R(free) =   0.214115000000000     
 Rejecting step, energy  2.327E-04 higher
 Step too small, restarting optimiser.
Testing convergence  in cycle   21
    Energy  2.3266E-04 Target: 1.0000E-05 converged?   no
  Max step  2.8643E-08 Target: 1.8000E-02 converged?  yes component    15
  RMS step  6.6537E-09 Target: 1.2000E-02 converged?  yes
  Max grad  6.1077E-03 Target: 4.5000E-03 converged?   no component    15
  RMS grad  1.6475E-03 Target: 3.0000E-03 converged?  yes
 Predicted step length 2.0000E-02
 Trust radius          5.0000E-02
 Energy calculation finished, energy: -1.742159883E+03
 QM energy (a.u.):   -1823.51283636647     
 XREF energy (a.u.):    81.3521722433785     
 R(factor) =   0.228034000000000         R(free) =   0.214114000000000     
 Rejecting step, energy  2.000E-08 higher
 Energy calculation finished, energy: -1.742160664E+03
 QM energy (a.u.):   -1823.51261993222     
 XREF energy (a.u.):    81.3523440421444     
 R(factor) =   0.228035000000000         R(free) =   0.214114000000000     
Testing convergence  in cycle   23
    Energy  7.8067E-04 Target: 1.0000E-05 converged?   no
  Max step  2.7866E-03 Target: 1.8000E-02 converged?  yes component    15
  RMS step  7.5165E-04 Target: 1.2000E-02 converged?  yes
  Max grad  6.3640E-03 Target: 4.5000E-03 converged?   no component    15
  RMS grad  1.3607E-03 Target: 3.0000E-03 converged?  yes
 Predicted step length 2.6172E-02
 Trust radius          2.0000E-02
 Energy calculation finished, energy: -1.742160276E+03
 QM energy (a.u.):   -1823.51310662995     
 XREF energy (a.u.):    81.3520080063850     
 R(factor) =   0.228035000000000         R(free) =   0.214112000000000     
 Rejecting step, energy  3.882E-04 higher
 Energy calculation finished, energy: -1.742161099E+03
 QM energy (a.u.):   -1823.51287821047     
 XREF energy (a.u.):    81.3521507936964     
 R(factor) =   0.228035000000000         R(free) =   0.214113000000000     
Testing convergence  in cycle   25
    Energy  4.3450E-04 Target: 1.0000E-05 converged?   no
  Max step  3.4409E-03 Target: 1.8000E-02 converged?  yes component    15
  RMS step  7.5165E-04 Target: 1.2000E-02 converged?  yes
  Max grad  5.7495E-03 Target: 4.5000E-03 converged?   no component    15
  RMS grad  1.1796E-03 Target: 3.0000E-03 converged?  yes
 Predicted step length 2.3384E-01
 Trust radius          2.0000E-02
 Energy calculation finished, energy: -1.742160727E+03
 QM energy (a.u.):   -1823.51329340715     
 XREF energy (a.u.):    81.3519293568482     
 R(factor) =   0.228034000000000         R(free) =   0.214111000000000     
 Rejecting step, energy  3.712E-04 higher
 Energy calculation finished, energy: -1.742161364E+03
 QM energy (a.u.):   -1823.51310107469     
 XREF energy (a.u.):    81.3519959443901     
 R(factor) =   0.228034000000000         R(free) =   0.214112000000000     
Testing convergence  in cycle   27
    Energy  2.6543E-04 Target: 1.0000E-05 converged?   no
  Max step  3.4267E-03 Target: 1.8000E-02 converged?  yes component    15
  RMS step  7.5165E-04 Target: 1.2000E-02 converged?  yes
  Max grad  5.6851E-03 Target: 4.5000E-03 converged?   no component    15
  RMS grad  1.1825E-03 Target: 3.0000E-03 converged?  yes
 Predicted step length 9.7069E-02
 Trust radius          2.0000E-02
 Energy calculation finished, energy: -1.742161105E+03
 QM energy (a.u.):   -1823.51348130862     
 XREF energy (a.u.):    81.3518018765785     
 R(factor) =   0.228033000000000         R(free) =   0.214110000000000     
 Rejecting step, energy  2.589E-04 higher
 Energy calculation finished, energy: -1.742161679E+03
 QM energy (a.u.):   -1823.51330032953     
 XREF energy (a.u.):    81.3518594941037     
 R(factor) =   0.228033000000000         R(free) =   0.214111000000000     
Testing convergence  in cycle   29
    Energy  3.1538E-04 Target: 1.0000E-05 converged?   no
  Max step  3.5939E-03 Target: 1.8000E-02 converged?  yes component    15
  RMS step  7.5165E-04 Target: 1.2000E-02 converged?  yes
  Max grad  5.4171E-03 Target: 4.5000E-03 converged?   no component    15
  RMS grad  1.1496E-03 Target: 3.0000E-03 converged?  yes
 Predicted step length 2.6350E-01
 Trust radius          2.0000E-02
 Energy calculation finished, energy: -1.742161441E+03
 QM energy (a.u.):   -1823.51356242647     
 XREF energy (a.u.):    81.3515787163749     
 R(factor) =   0.228033000000000         R(free) =   0.214108000000000     
 Rejecting step, energy  2.386E-04 higher
 Energy calculation finished, energy: -1.742161984E+03
 QM energy (a.u.):   -1823.51344549255     
 XREF energy (a.u.):    81.3517577763596     
 R(factor) =   0.228033000000000         R(free) =   0.214110000000000     
Testing convergence  in cycle   31
    Energy  3.0428E-04 Target: 1.0000E-05 converged?   no
  Max step  3.5134E-03 Target: 1.8000E-02 converged?  yes component    15
  RMS step  7.5165E-04 Target: 1.2000E-02 converged?  yes
  Max grad  5.3968E-03 Target: 4.5000E-03 converged?   no component    15
  RMS grad  1.3121E-03 Target: 3.0000E-03 converged?  yes
 Predicted step length 1.8814E-01
 Trust radius          2.0000E-02
 Energy calculation finished, energy: -1.742161688E+03
 QM energy (a.u.):   -1823.51376291576     
 XREF energy (a.u.):    81.3514219076831     
 R(factor) =   0.228032000000000         R(free) =   0.214108000000000     
 Rejecting step, energy  2.960E-04 higher
 Energy calculation finished, energy: -1.742162341E+03
 QM energy (a.u.):   -1823.51361153712     
 XREF energy (a.u.):    81.3516160191626     
 R(factor) =   0.228033000000000         R(free) =   0.214109000000000     
Testing convergence  in cycle   33
    Energy  3.5730E-04 Target: 1.0000E-05 converged?   no
  Max step  3.6157E-03 Target: 1.8000E-02 converged?  yes component    15
  RMS step  7.5165E-04 Target: 1.2000E-02 converged?  yes
  Max grad  5.1418E-03 Target: 4.5000E-03 converged?   no component    15
  RMS grad  1.1991E-03 Target: 3.0000E-03 converged?  yes
 Predicted step length 2.1546E-01
 Trust radius          2.0000E-02
 Energy calculation finished, energy: -1.742161996E+03
 QM energy (a.u.):   -1823.51388338760     
 XREF energy (a.u.):    81.3512354310171     
 R(factor) =   0.228032000000000         R(free) =   0.214106000000000     
 Rejecting step, energy  3.455E-04 higher
 Energy calculation finished, energy: -1.742162648E+03
 QM energy (a.u.):   -1823.51375353695     
 XREF energy (a.u.):    81.3514034416459     
 R(factor) =   0.228032000000000         R(free) =   0.214107000000000     
Testing convergence  in cycle   35
    Energy  3.0695E-04 Target: 1.0000E-05 converged?   no
  Max step  3.6222E-03 Target: 1.8000E-02 converged?  yes component    15
  RMS step  7.5165E-04 Target: 1.2000E-02 converged?  yes
  Max grad  4.9572E-03 Target: 4.5000E-03 converged?   no component    15
  RMS grad  1.2675E-03 Target: 3.0000E-03 converged?  yes
 Predicted step length 1.8493E-01
 Trust radius          2.0000E-02
 Energy calculation finished, energy: -1.742162350E+03
 QM energy (a.u.):   -1823.51402719945     
 XREF energy (a.u.):    81.3511149155993     
 R(factor) =   0.228031000000000         R(free) =   0.214105000000000     
 Rejecting step, energy  2.979E-04 higher
 Energy calculation finished, energy: -1.742162912E+03
 QM energy (a.u.):   -1823.51389509609     
 XREF energy (a.u.):    81.3512355845703     
 R(factor) =   0.228031000000000         R(free) =   0.214106000000000     
Testing convergence  in cycle   37
    Energy  2.6432E-04 Target: 1.0000E-05 converged?   no
  Max step  3.6091E-03 Target: 1.8000E-02 converged?  yes component    15
  RMS step  7.5165E-04 Target: 1.2000E-02 converged?  yes
  Max grad  4.7951E-03 Target: 4.5000E-03 converged?   no component    15
  RMS grad  1.2531E-03 Target: 3.0000E-03 converged?  yes
 Predicted step length 3.1625E-01
 Trust radius          2.0000E-02
 Energy calculation finished, energy: -1.742162660E+03
 QM energy (a.u.):   -1823.51415129690     
 XREF energy (a.u.):    81.3510024457349     
 R(factor) =   0.228029000000000         R(free) =   0.214104000000000     
 Rejecting step, energy  2.528E-04 higher
 Energy calculation finished, energy: -1.742163149E+03
 QM energy (a.u.):   -1823.51403024308     
 XREF energy (a.u.):    81.3511141254241     
 R(factor) =   0.228030000000000         R(free) =   0.214105000000000     
Testing convergence  in cycle   39
    Energy  2.3657E-04 Target: 1.0000E-05 converged?   no
  Max step  3.5706E-03 Target: 1.8000E-02 converged?  yes component    15
  RMS step  7.5165E-04 Target: 1.2000E-02 converged?  yes
  Max grad  4.1860E-03 Target: 4.5000E-03 converged?  yes component    15
  RMS grad  1.3415E-03 Target: 3.0000E-03 converged?  yes
 Predicted step length 2.8919E-01
 Trust radius          2.0000E-02
 Energy calculation finished, energy: -1.742162916E+03
 QM energy (a.u.):   -1823.51428054007     
 XREF energy (a.u.):    81.3507383402474     
 R(factor) =   0.228029000000000         R(free) =   0.214103000000000     
 Rejecting step, energy  2.327E-04 higher
 Energy calculation finished, energy: -1.742163542E+03
 QM energy (a.u.):   -1823.51415843327     
 XREF energy (a.u.):    81.3510087142747     
 R(factor) =   0.228029000000000         R(free) =   0.214104000000000     
Testing convergence  in cycle   41
    Energy  3.9335E-04 Target: 1.0000E-05 converged?   no
  Max step  3.5568E-03 Target: 1.8000E-02 converged?  yes component    15
  RMS step  7.5165E-04 Target: 1.2000E-02 converged?  yes
  Max grad  4.1934E-03 Target: 4.5000E-03 converged?  yes component    15
  RMS grad  1.2999E-03 Target: 3.0000E-03 converged?  yes
 Predicted step length 3.4457E-01
 Trust radius          2.0000E-02
 Energy calculation finished, energy: -1.742163150E+03
 QM energy (a.u.):   -1823.51440111514     
 XREF energy (a.u.):    81.3505782739321     
 R(factor) =   0.228028000000000         R(free) =   0.214101000000000     
 Rejecting step, energy  3.925E-04 higher
 Energy calculation finished, energy: -1.742163823E+03
 QM energy (a.u.):   -1823.51428333984     
 XREF energy (a.u.):    81.3507334623809     
 R(factor) =   0.228028000000000         R(free) =   0.214103000000000     
Testing convergence  in cycle   43
    Energy  2.8064E-04 Target: 1.0000E-05 converged?   no
  Max step  3.5389E-03 Target: 1.8000E-02 converged?  yes component    15
  RMS step  7.5165E-04 Target: 1.2000E-02 converged?  yes
  Max grad  4.0719E-03 Target: 4.5000E-03 converged?  yes component    27
  RMS grad  1.3303E-03 Target: 3.0000E-03 converged?  yes
 Predicted step length 2.8591E-01
 Trust radius          2.0000E-02
 Energy calculation finished, energy: -1.742163550E+03
 QM energy (a.u.):   -1823.51452209023     
 XREF energy (a.u.):    81.3504290827075     
 R(factor) =   0.228027000000000         R(free) =   0.214100000000000     
 Rejecting step, energy  2.730E-04 higher
 Energy calculation finished, energy: -1.742164093E+03
 QM energy (a.u.):   -1823.51440538942     
 XREF energy (a.u.):    81.3505827424498     
 R(factor) =   0.228028000000000         R(free) =   0.214101000000000     
Testing convergence  in cycle   45
    Energy  2.7017E-04 Target: 1.0000E-05 converged?   no
  Max step  3.4586E-03 Target: 1.8000E-02 converged?  yes component    15
  RMS step  7.5165E-04 Target: 1.2000E-02 converged?  yes
  Max grad  4.0121E-03 Target: 4.5000E-03 converged?  yes component    27
  RMS grad  1.3122E-03 Target: 3.0000E-03 converged?  yes
 Predicted step length 5.1321E-01
 Trust radius          2.0000E-02
 Energy calculation finished, energy: -1.742163823E+03
 QM energy (a.u.):   -1823.51463450451     
 XREF energy (a.u.):    81.3502879500147     
 R(factor) =   0.228027000000000         R(free) =   0.214099000000000     
 Rejecting step, energy  2.704E-04 higher
 Energy calculation finished, energy: -1.742164347E+03
 QM energy (a.u.):   -1823.51452437955     
 XREF energy (a.u.):    81.3504294245241     
 R(factor) =   0.228027000000000         R(free) =   0.214100000000000     
Testing convergence  in cycle   47
    Energy  2.5354E-04 Target: 1.0000E-05 converged?   no
  Max step  3.3325E-03 Target: 1.8000E-02 converged?  yes component    15
  RMS step  7.5165E-04 Target: 1.2000E-02 converged?  yes
  Max grad  4.4197E-03 Target: 4.5000E-03 converged?  yes component    27
  RMS grad  1.3521E-03 Target: 3.0000E-03 converged?  yes
 Predicted step length 3.5330E-01
 Trust radius          2.0000E-02
 Energy calculation finished, energy: -1.742164095E+03
 QM energy (a.u.):   -1823.51475088608     
 XREF energy (a.u.):    81.3501760406299     
 R(factor) =   0.228026000000000         R(free) =   0.214098000000000     
 Rejecting step, energy  2.516E-04 higher
 Energy calculation finished, energy: -1.742164575E+03
 QM energy (a.u.):   -1823.51463993726     
 XREF energy (a.u.):    81.3502729375632     
 R(factor) =   0.228026000000000         R(free) =   0.214099000000000     
Testing convergence  in cycle   49
    Energy  2.2830E-04 Target: 1.0000E-05 converged?   no
  Max step  3.3825E-03 Target: 1.8000E-02 converged?  yes component    15
  RMS step  7.5165E-04 Target: 1.2000E-02 converged?  yes
  Max grad  4.2590E-03 Target: 4.5000E-03 converged?  yes component    27
  RMS grad  1.3162E-03 Target: 3.0000E-03 converged?  yes
 Predicted step length 4.5483E-01
 Trust radius          2.0000E-02
 Energy calculation finished, energy: -1.742164367E+03
 QM energy (a.u.):   -1823.51485872673     
 XREF energy (a.u.):    81.3519803283329     
 R(factor) =   0.228023000000000         R(free) =   0.214114000000000     
 Rejecting step, energy  2.078E-04 higher
 Energy calculation finished, energy: -1.742162878E+03
 QM energy (a.u.):   -1823.51475170778     
 XREF energy (a.u.):    81.3501744339628     
 R(factor) =   0.228026000000000         R(free) =   0.214098000000000     
 Rejecting step, energy  1.696E-03 higher
 Energy calculation finished, energy: -1.742164577E+03
 QM energy (a.u.):   -1823.51469643125     
 XREF energy (a.u.):    81.3501877472052     
 R(factor) =   0.228026000000000         R(free) =   0.214099000000000     
Testing convergence  in cycle   52
    Energy  2.4200E-06 Target: 1.0000E-05 converged?  yes
  Max step  1.6605E-03 Target: 1.8000E-02 converged?  yes component    15
  RMS step  3.7582E-04 Target: 1.2000E-02 converged?  yes
  Max grad  4.2917E-03 Target: 4.5000E-03 converged?  yes component    27
  RMS grad  1.3166E-03 Target: 3.0000E-03 converged?  yes
Convergence reached

 Optimisation converged
 ----------------------
 Final converged energy:   -1742.164577270000


DL-FIND Report:
===============
Optimisation algorithm: L-BFGS
Number of steps in L-BFGS memory ...............        100
 
Trust radius based on energy
Maximum step length ............................  5.000E-02
 
Coordinate system: Cartesian coordinates
 
Number of atoms ................................       3681
Number of input geometries .....................          1
Variables to be optimised ......................        177
No restart information is written
This run has not been restarted.
Number of energy evaluations on this processor .         52
Number of steps ................................         52
Number of accepted steps / line searches .......         19
 

Timing report
=============
Module                                      CPU time            Wall clock time
Total .................................     6.369 (100.00%)  3849.025 (100.00%) seconds
Energy and Gradient ...................     0.389 (  6.11%)     0.592 (  0.02%) seconds
Step direction ........................     0.658 ( 10.32%)     1.804 (  0.05%) seconds
Coordinate transformation .............     0.025 (  0.39%)     0.024 (  0.00%) seconds
Checkpoint file I/O ...................     0.000 (  0.00%)     0.000 (  0.00%) seconds
XYZ-file I/O ..........................     0.000 (  0.00%)     0.000 (  0.00%) seconds
Maximum memory usage ........................... 7.2907E+03 kB
Tue Jan  9 14:07:12 CST 2024
